[0.015s] Invoking command in '/home/louisdinhh/camera_stereo_ws/build/depth_image_proc': AMENT_PREFIX_PATH=/home/louisdinhh/camera_stereo_ws/install/image_transport:${AMENT_PREFIX_PATH} CMAKE_PREFIX_PATH=/home/louisdinhh/camera_stereo_ws/install/image_transport:/home/louisdinhh/camera_stereo_ws/install/stereo_camera:/opt/ros/humble LD_LIBRARY_PATH=/home/louisdinhh/camera_stereo_ws/install/image_transport/lib:${LD_LIBRARY_PATH} /usr/bin/cmake /home/louisdinhh/camera_stereo_ws/src/image_pipeline/depth_image_proc -DCMAKE_INSTALL_PREFIX=/home/louisdinhh/camera_stereo_ws/install/depth_image_proc
[0.048s] -- The C compiler identification is GNU 11.4.0
[0.085s] -- The CXX compiler identification is GNU 11.4.0
[0.089s] -- Detecting C compiler ABI info
[0.134s] -- Detecting C compiler ABI info - done
[0.142s] -- Check for working C compiler: /usr/bin/cc - skipped
[0.142s] -- Detecting C compile features
[0.142s] -- Detecting C compile features - done
[0.145s] -- Detecting CXX compiler ABI info
[0.196s] -- Detecting CXX compiler ABI info - done
[0.202s] -- Check for working CXX compiler: /usr/bin/c++ - skipped
[0.202s] -- Detecting CXX compile features
[0.202s] -- Detecting CXX compile features - done
[0.204s] -- Found ament_cmake_auto: 1.3.10 (/opt/ros/humble/share/ament_cmake_auto/cmake)
[0.302s] -- Found Python3: /usr/bin/python3 (found version "3.10.12") found components: Interpreter 
[0.453s] -- Found rosidl_generator_c: 3.1.5 (/opt/ros/humble/share/rosidl_generator_c/cmake)
[0.456s] -- Found rosidl_adapter: 3.1.5 (/opt/ros/humble/share/rosidl_adapter/cmake)
[0.462s] -- Found rosidl_generator_cpp: 3.1.5 (/opt/ros/humble/share/rosidl_generator_cpp/cmake)
[0.470s] -- Using all available rosidl_typesupport_c: rosidl_typesupport_fastrtps_c;rosidl_typesupport_introspection_c
[0.477s] -- Using all available rosidl_typesupport_cpp: rosidl_typesupport_fastrtps_cpp;rosidl_typesupport_introspection_cpp
[0.544s] -- Found rmw_implementation_cmake: 6.1.2 (/opt/ros/humble/share/rmw_implementation_cmake/cmake)
[0.546s] -- Found rmw_fastrtps_cpp: 6.2.7 (/opt/ros/humble/share/rmw_fastrtps_cpp/cmake)
[0.602s] -- Found OpenSSL: /usr/lib/x86_64-linux-gnu/libcrypto.so (found version "3.0.2")  
[0.625s] -- Found FastRTPS: /opt/ros/humble/include  
[0.659s] -- Using RMW implementation 'rmw_fastrtps_cpp' as default
[0.666s] -- Looking for pthread.h
[0.709s] -- Looking for pthread.h - found
[0.709s] -- Performing Test CMAKE_HAVE_LIBC_PTHREAD
[0.754s] -- Performing Test CMAKE_HAVE_LIBC_PTHREAD - Success
[0.755s] -- Found Threads: TRUE  
[0.878s] -- Found OpenCV: /usr (found version "4.5.4") 
[0.887s] -- Found ament_lint_auto: 0.12.11 (/opt/ros/humble/share/ament_lint_auto/cmake)
[0.900s] -- Added test 'copyright' to check source files copyright and LICENSE
[0.901s] -- Added test 'cppcheck' to perform static code analysis on C / C++ code
[0.902s] -- Configured cppcheck include dirs: /home/louisdinhh/camera_stereo_ws/src/image_pipeline/depth_image_proc/include
[0.902s] -- Configured cppcheck exclude dirs and/or files: 
[0.903s] -- Added test 'cpplint' to check C / C++ code against the Google style
[0.903s] -- Configured cpplint exclude dirs and/or files: 
[0.903s] -- Added test 'flake8' to check Python code syntax and style conventions
[0.904s] -- Added test 'lint_cmake' to check CMake code style
[0.904s] -- Added test 'pep257' to check Python code against some of the docstring style conventions in PEP 257
[0.905s] -- Added test 'uncrustify' to check C / C++ code style
[0.905s] -- Configured uncrustify additional arguments: 
[0.906s] -- Added test 'xmllint' to check XML markup files
[0.908s] -- Configuring done
[0.940s] -- Generating done
[0.942s] -- Build files have been written to: /home/louisdinhh/camera_stereo_ws/build/depth_image_proc
[0.956s] Invoked command in '/home/louisdinhh/camera_stereo_ws/build/depth_image_proc' returned '0': AMENT_PREFIX_PATH=/home/louisdinhh/camera_stereo_ws/install/image_transport:${AMENT_PREFIX_PATH} CMAKE_PREFIX_PATH=/home/louisdinhh/camera_stereo_ws/install/image_transport:/home/louisdinhh/camera_stereo_ws/install/stereo_camera:/opt/ros/humble LD_LIBRARY_PATH=/home/louisdinhh/camera_stereo_ws/install/image_transport/lib:${LD_LIBRARY_PATH} /usr/bin/cmake /home/louisdinhh/camera_stereo_ws/src/image_pipeline/depth_image_proc -DCMAKE_INSTALL_PREFIX=/home/louisdinhh/camera_stereo_ws/install/depth_image_proc
[0.957s] Invoking command in '/home/louisdinhh/camera_stereo_ws/build/depth_image_proc': AMENT_PREFIX_PATH=/home/louisdinhh/camera_stereo_ws/install/image_transport:${AMENT_PREFIX_PATH} CMAKE_PREFIX_PATH=/home/louisdinhh/camera_stereo_ws/install/image_transport:/home/louisdinhh/camera_stereo_ws/install/stereo_camera:/opt/ros/humble LD_LIBRARY_PATH=/home/louisdinhh/camera_stereo_ws/install/image_transport/lib:${LD_LIBRARY_PATH} /usr/bin/cmake --build /home/louisdinhh/camera_stereo_ws/build/depth_image_proc -- -j12 -l12
[1.013s] [  3%] [32mBuilding CXX object CMakeFiles/depth_image_proc.dir/src/convert_metric.cpp.o[0m
[1.014s] [  6%] [32mBuilding CXX object CMakeFiles/disparity_node.dir/rclcpp_components/node_main_disparity_node.cpp.o[0m
[1.014s] [  9%] [32mBuilding CXX object CMakeFiles/depth_image_proc.dir/src/conversions.cpp.o[0m
[1.014s] [ 12%] [32mBuilding CXX object CMakeFiles/crop_foremost_node.dir/rclcpp_components/node_main_crop_foremost_node.cpp.o[0m
[1.015s] [ 15%] [32mBuilding CXX object CMakeFiles/convert_metric_node.dir/rclcpp_components/node_main_convert_metric_node.cpp.o[0m
[1.020s] [ 18%] [32mBuilding CXX object CMakeFiles/depth_image_proc.dir/src/crop_foremost.cpp.o[0m
[1.022s] [ 25%] [32mBuilding CXX object CMakeFiles/depth_image_proc.dir/src/disparity.cpp.o[0m
[1.022s] [ 25%] [32mBuilding CXX object CMakeFiles/point_cloud_xyzi_radial_node.dir/rclcpp_components/node_main_point_cloud_xyzi_radial_node.cpp.o[0m
[1.027s] [ 28%] [32mBuilding CXX object CMakeFiles/point_cloud_xyz_radial_node.dir/rclcpp_components/node_main_point_cloud_xyz_radial_node.cpp.o[0m
[1.030s] [ 31%] [32mBuilding CXX object CMakeFiles/point_cloud_xyz_node.dir/rclcpp_components/node_main_point_cloud_xyz_node.cpp.o[0m
[1.030s] [ 34%] [32mBuilding CXX object CMakeFiles/point_cloud_xyzrgb_node.dir/rclcpp_components/node_main_point_cloud_xyzrgb_node.cpp.o[0m
[1.044s] [ 37%] [32mBuilding CXX object CMakeFiles/point_cloud_xyzi_node.dir/rclcpp_components/node_main_point_cloud_xyzi_node.cpp.o[0m
[4.190s] [ 40%] [32mBuilding CXX object CMakeFiles/depth_image_proc.dir/src/point_cloud_xyz.cpp.o[0m
[9.635s] [ 43%] [32m[1mLinking CXX executable point_cloud_xyzi_node[0m
[9.778s] [ 46%] [32m[1mLinking CXX executable point_cloud_xyz_node[0m
[9.817s] [ 50%] [32m[1mLinking CXX executable convert_metric_node[0m
[9.929s] [ 53%] [32m[1mLinking CXX executable point_cloud_xyzrgb_node[0m
[10.202s] [ 53%] Built target point_cloud_xyzi_node
[10.213s] [ 56%] [32m[1mLinking CXX executable disparity_node[0m
[10.230s] [ 56%] Built target point_cloud_xyz_node
[10.244s] [ 59%] [32mBuilding CXX object CMakeFiles/depth_image_proc.dir/src/point_cloud_xyzrgb.cpp.o[0m
[10.252s] [ 62%] [32mBuilding CXX object CMakeFiles/point_cloud_xyzrgb_radial_node.dir/rclcpp_components/node_main_point_cloud_xyzrgb_radial_node.cpp.o[0m
[10.323s] [ 65%] [32m[1mLinking CXX executable point_cloud_xyz_radial_node[0m
[10.383s] [ 65%] Built target convert_metric_node
[10.384s] [ 65%] Built target point_cloud_xyzrgb_node
[10.410s] [ 68%] [32mBuilding CXX object CMakeFiles/depth_image_proc.dir/src/point_cloud_xyzi.cpp.o[0m
[10.444s] [ 71%] [32mBuilding CXX object CMakeFiles/register_node.dir/rclcpp_components/node_main_register_node.cpp.o[0m
[10.459s] [ 75%] [32m[1mLinking CXX executable crop_foremost_node[0m
[10.631s] [ 78%] [32mBuilding CXX object CMakeFiles/depth_image_proc.dir/src/point_cloud_xyz_radial.cpp.o[0m
[10.636s] [ 78%] Built target disparity_node
[10.653s] [ 78%] Built target point_cloud_xyz_radial_node
[10.656s] [ 81%] [32mBuilding CXX object CMakeFiles/depth_image_proc.dir/src/point_cloud_xyzi_radial.cpp.o[0m
[10.667s] [ 84%] [32mBuilding CXX object CMakeFiles/depth_image_proc.dir/src/point_cloud_xyzrgb_radial.cpp.o[0m
[10.689s] [ 87%] [32m[1mLinking CXX executable point_cloud_xyzi_radial_node[0m
[10.852s] [ 87%] Built target crop_foremost_node
[10.873s] [ 90%] [32mBuilding CXX object CMakeFiles/depth_image_proc.dir/src/register.cpp.o[0m
[11.082s] [ 90%] Built target point_cloud_xyzi_radial_node
[15.968s] [ 93%] [32m[1mLinking CXX executable register_node[0m
[16.301s] [ 93%] Built target register_node
[16.424s] [ 96%] [32m[1mLinking CXX executable point_cloud_xyzrgb_radial_node[0m
[16.638s] [ 96%] Built target point_cloud_xyzrgb_radial_node
[26.168s] [100%] [32m[1mLinking CXX shared library libdepth_image_proc.so[0m
[29.069s] [100%] Built target depth_image_proc
[29.077s] Invoked command in '/home/louisdinhh/camera_stereo_ws/build/depth_image_proc' returned '0': AMENT_PREFIX_PATH=/home/louisdinhh/camera_stereo_ws/install/image_transport:${AMENT_PREFIX_PATH} CMAKE_PREFIX_PATH=/home/louisdinhh/camera_stereo_ws/install/image_transport:/home/louisdinhh/camera_stereo_ws/install/stereo_camera:/opt/ros/humble LD_LIBRARY_PATH=/home/louisdinhh/camera_stereo_ws/install/image_transport/lib:${LD_LIBRARY_PATH} /usr/bin/cmake --build /home/louisdinhh/camera_stereo_ws/build/depth_image_proc -- -j12 -l12
[29.115s] Invoking command in '/home/louisdinhh/camera_stereo_ws/build/depth_image_proc': AMENT_PREFIX_PATH=/home/louisdinhh/camera_stereo_ws/install/image_transport:${AMENT_PREFIX_PATH} CMAKE_PREFIX_PATH=/home/louisdinhh/camera_stereo_ws/install/image_transport:/home/louisdinhh/camera_stereo_ws/install/stereo_camera:/opt/ros/humble LD_LIBRARY_PATH=/home/louisdinhh/camera_stereo_ws/install/image_transport/lib:${LD_LIBRARY_PATH} /usr/bin/cmake --install /home/louisdinhh/camera_stereo_ws/build/depth_image_proc
[29.120s] -- Install configuration: ""
[29.120s] -- Installing: /home/louisdinhh/camera_stereo_ws/install/depth_image_proc/lib/depth_image_proc/convert_metric_node
[29.120s] -- Set runtime path of "/home/louisdinhh/camera_stereo_ws/install/depth_image_proc/lib/depth_image_proc/convert_metric_node" to ""
[29.120s] -- Installing: /home/louisdinhh/camera_stereo_ws/install/depth_image_proc/lib/depth_image_proc/crop_foremost_node
[29.121s] -- Set runtime path of "/home/louisdinhh/camera_stereo_ws/install/depth_image_proc/lib/depth_image_proc/crop_foremost_node" to ""
[29.121s] -- Installing: /home/louisdinhh/camera_stereo_ws/install/depth_image_proc/lib/depth_image_proc/disparity_node
[29.121s] -- Set runtime path of "/home/louisdinhh/camera_stereo_ws/install/depth_image_proc/lib/depth_image_proc/disparity_node" to ""
[29.121s] -- Installing: /home/louisdinhh/camera_stereo_ws/install/depth_image_proc/lib/depth_image_proc/point_cloud_xyz_node
[29.121s] -- Set runtime path of "/home/louisdinhh/camera_stereo_ws/install/depth_image_proc/lib/depth_image_proc/point_cloud_xyz_node" to ""
[29.121s] -- Installing: /home/louisdinhh/camera_stereo_ws/install/depth_image_proc/lib/depth_image_proc/point_cloud_xyzrgb_node
[29.121s] -- Set runtime path of "/home/louisdinhh/camera_stereo_ws/install/depth_image_proc/lib/depth_image_proc/point_cloud_xyzrgb_node" to ""
[29.122s] -- Installing: /home/louisdinhh/camera_stereo_ws/install/depth_image_proc/lib/depth_image_proc/point_cloud_xyzi_node
[29.122s] -- Set runtime path of "/home/louisdinhh/camera_stereo_ws/install/depth_image_proc/lib/depth_image_proc/point_cloud_xyzi_node" to ""
[29.122s] -- Installing: /home/louisdinhh/camera_stereo_ws/install/depth_image_proc/lib/depth_image_proc/point_cloud_xyz_radial_node
[29.122s] -- Set runtime path of "/home/louisdinhh/camera_stereo_ws/install/depth_image_proc/lib/depth_image_proc/point_cloud_xyz_radial_node" to ""
[29.122s] -- Installing: /home/louisdinhh/camera_stereo_ws/install/depth_image_proc/lib/depth_image_proc/point_cloud_xyzi_radial_node
[29.122s] -- Set runtime path of "/home/louisdinhh/camera_stereo_ws/install/depth_image_proc/lib/depth_image_proc/point_cloud_xyzi_radial_node" to ""
[29.122s] -- Installing: /home/louisdinhh/camera_stereo_ws/install/depth_image_proc/lib/depth_image_proc/point_cloud_xyzrgb_radial_node
[29.123s] -- Set runtime path of "/home/louisdinhh/camera_stereo_ws/install/depth_image_proc/lib/depth_image_proc/point_cloud_xyzrgb_radial_node" to ""
[29.123s] -- Installing: /home/louisdinhh/camera_stereo_ws/install/depth_image_proc/lib/depth_image_proc/register_node
[29.123s] -- Set runtime path of "/home/louisdinhh/camera_stereo_ws/install/depth_image_proc/lib/depth_image_proc/register_node" to ""
[29.123s] -- Installing: /home/louisdinhh/camera_stereo_ws/install/depth_image_proc/include
[29.123s] -- Installing: /home/louisdinhh/camera_stereo_ws/install/depth_image_proc/include/depth_image_proc
[29.123s] -- Installing: /home/louisdinhh/camera_stereo_ws/install/depth_image_proc/include/depth_image_proc/point_cloud_xyz.hpp
[29.123s] -- Installing: /home/louisdinhh/camera_stereo_ws/install/depth_image_proc/include/depth_image_proc/point_cloud_xyzrgb.hpp
[29.123s] -- Installing: /home/louisdinhh/camera_stereo_ws/install/depth_image_proc/include/depth_image_proc/point_cloud_xyzi_radial.hpp
[29.123s] -- Installing: /home/louisdinhh/camera_stereo_ws/install/depth_image_proc/include/depth_image_proc/point_cloud_xyzi.hpp
[29.123s] -- Installing: /home/louisdinhh/camera_stereo_ws/install/depth_image_proc/include/depth_image_proc/point_cloud_xyzrgb_radial.hpp
[29.123s] -- Installing: /home/louisdinhh/camera_stereo_ws/install/depth_image_proc/include/depth_image_proc/point_cloud_xyz_radial.hpp
[29.124s] -- Installing: /home/louisdinhh/camera_stereo_ws/install/depth_image_proc/include/depth_image_proc/depth_traits.hpp
[29.124s] -- Installing: /home/louisdinhh/camera_stereo_ws/install/depth_image_proc/include/depth_image_proc/conversions.hpp
[29.124s] -- Installing: /home/louisdinhh/camera_stereo_ws/install/depth_image_proc/include/depth_image_proc/visibility.h
[29.124s] -- Installing: /home/louisdinhh/camera_stereo_ws/install/depth_image_proc/share/depth_image_proc/environment/library_path.sh
[29.124s] -- Installing: /home/louisdinhh/camera_stereo_ws/install/depth_image_proc/share/depth_image_proc/environment/library_path.dsv
[29.124s] -- Installing: /home/louisdinhh/camera_stereo_ws/install/depth_image_proc/lib/libdepth_image_proc.so
[29.130s] -- Set runtime path of "/home/louisdinhh/camera_stereo_ws/install/depth_image_proc/lib/libdepth_image_proc.so" to ""
[29.130s] -- Installing: /home/louisdinhh/camera_stereo_ws/install/depth_image_proc/share/depth_image_proc/launch
[29.130s] -- Installing: /home/louisdinhh/camera_stereo_ws/install/depth_image_proc/share/depth_image_proc/launch/point_cloud_xyzrgb_radial.launch.py
[29.130s] -- Installing: /home/louisdinhh/camera_stereo_ws/install/depth_image_proc/share/depth_image_proc/launch/point_cloud_xyzrgb.launch.py
[29.130s] -- Installing: /home/louisdinhh/camera_stereo_ws/install/depth_image_proc/share/depth_image_proc/launch/point_cloud_xyz_radial.launch.py
[29.130s] -- Installing: /home/louisdinhh/camera_stereo_ws/install/depth_image_proc/share/depth_image_proc/launch/disparity.launch.py
[29.131s] -- Installing: /home/louisdinhh/camera_stereo_ws/install/depth_image_proc/share/depth_image_proc/launch/point_cloud_xyzi.launch.py
[29.131s] -- Installing: /home/louisdinhh/camera_stereo_ws/install/depth_image_proc/share/depth_image_proc/launch/rviz
[29.131s] -- Installing: /home/louisdinhh/camera_stereo_ws/install/depth_image_proc/share/depth_image_proc/launch/rviz/crop_formost.rviz
[29.131s] -- Installing: /home/louisdinhh/camera_stereo_ws/install/depth_image_proc/share/depth_image_proc/launch/rviz/point_cloud_xyzi.rviz
[29.131s] -- Installing: /home/louisdinhh/camera_stereo_ws/install/depth_image_proc/share/depth_image_proc/launch/rviz/point_cloud_xyzrgb.rviz
[29.131s] -- Installing: /home/louisdinhh/camera_stereo_ws/install/depth_image_proc/share/depth_image_proc/launch/rviz/register.rviz
[29.131s] -- Installing: /home/louisdinhh/camera_stereo_ws/install/depth_image_proc/share/depth_image_proc/launch/rviz/point_cloud_xyz_radial.rviz
[29.131s] -- Installing: /home/louisdinhh/camera_stereo_ws/install/depth_image_proc/share/depth_image_proc/launch/rviz/convert_metric.rviz
[29.131s] -- Installing: /home/louisdinhh/camera_stereo_ws/install/depth_image_proc/share/depth_image_proc/launch/rviz/disparity.rviz
[29.131s] -- Installing: /home/louisdinhh/camera_stereo_ws/install/depth_image_proc/share/depth_image_proc/launch/rviz/point_cloud_xyz.rviz
[29.132s] -- Installing: /home/louisdinhh/camera_stereo_ws/install/depth_image_proc/share/depth_image_proc/launch/register.launch.py
[29.132s] -- Installing: /home/louisdinhh/camera_stereo_ws/install/depth_image_proc/share/depth_image_proc/launch/convert_metric.launch.py
[29.132s] -- Installing: /home/louisdinhh/camera_stereo_ws/install/depth_image_proc/share/depth_image_proc/launch/point_cloud_xyz.launch.py
[29.132s] -- Installing: /home/louisdinhh/camera_stereo_ws/install/depth_image_proc/share/depth_image_proc/launch/point_cloud_xyzi_radial.launch.py
[29.132s] -- Installing: /home/louisdinhh/camera_stereo_ws/install/depth_image_proc/share/depth_image_proc/launch/crop_foremost.launch.py
[29.132s] -- Installing: /home/louisdinhh/camera_stereo_ws/install/depth_image_proc/share/ament_index/resource_index/package_run_dependencies/depth_image_proc
[29.132s] -- Installing: /home/louisdinhh/camera_stereo_ws/install/depth_image_proc/share/ament_index/resource_index/parent_prefix_path/depth_image_proc
[29.132s] -- Installing: /home/louisdinhh/camera_stereo_ws/install/depth_image_proc/share/depth_image_proc/environment/ament_prefix_path.sh
[29.132s] -- Installing: /home/louisdinhh/camera_stereo_ws/install/depth_image_proc/share/depth_image_proc/environment/ament_prefix_path.dsv
[29.132s] -- Installing: /home/louisdinhh/camera_stereo_ws/install/depth_image_proc/share/depth_image_proc/environment/path.sh
[29.132s] -- Installing: /home/louisdinhh/camera_stereo_ws/install/depth_image_proc/share/depth_image_proc/environment/path.dsv
[29.133s] -- Installing: /home/louisdinhh/camera_stereo_ws/install/depth_image_proc/share/depth_image_proc/local_setup.bash
[29.133s] -- Installing: /home/louisdinhh/camera_stereo_ws/install/depth_image_proc/share/depth_image_proc/local_setup.sh
[29.133s] -- Installing: /home/louisdinhh/camera_stereo_ws/install/depth_image_proc/share/depth_image_proc/local_setup.zsh
[29.133s] -- Installing: /home/louisdinhh/camera_stereo_ws/install/depth_image_proc/share/depth_image_proc/local_setup.dsv
[29.133s] -- Installing: /home/louisdinhh/camera_stereo_ws/install/depth_image_proc/share/depth_image_proc/package.dsv
[29.133s] -- Installing: /home/louisdinhh/camera_stereo_ws/install/depth_image_proc/share/ament_index/resource_index/packages/depth_image_proc
[29.133s] -- Installing: /home/louisdinhh/camera_stereo_ws/install/depth_image_proc/share/ament_index/resource_index/rclcpp_components/depth_image_proc
[29.133s] -- Installing: /home/louisdinhh/camera_stereo_ws/install/depth_image_proc/share/depth_image_proc/cmake/ament_cmake_export_dependencies-extras.cmake
[29.133s] -- Installing: /home/louisdinhh/camera_stereo_ws/install/depth_image_proc/share/depth_image_proc/cmake/ament_cmake_export_include_directories-extras.cmake
[29.133s] -- Installing: /home/louisdinhh/camera_stereo_ws/install/depth_image_proc/share/depth_image_proc/cmake/ament_cmake_export_libraries-extras.cmake
[29.133s] -- Installing: /home/louisdinhh/camera_stereo_ws/install/depth_image_proc/share/depth_image_proc/cmake/depth_image_procConfig.cmake
[29.133s] -- Installing: /home/louisdinhh/camera_stereo_ws/install/depth_image_proc/share/depth_image_proc/cmake/depth_image_procConfig-version.cmake
[29.133s] -- Installing: /home/louisdinhh/camera_stereo_ws/install/depth_image_proc/share/depth_image_proc/package.xml
[29.135s] Invoked command in '/home/louisdinhh/camera_stereo_ws/build/depth_image_proc' returned '0': AMENT_PREFIX_PATH=/home/louisdinhh/camera_stereo_ws/install/image_transport:${AMENT_PREFIX_PATH} CMAKE_PREFIX_PATH=/home/louisdinhh/camera_stereo_ws/install/image_transport:/home/louisdinhh/camera_stereo_ws/install/stereo_camera:/opt/ros/humble LD_LIBRARY_PATH=/home/louisdinhh/camera_stereo_ws/install/image_transport/lib:${LD_LIBRARY_PATH} /usr/bin/cmake --install /home/louisdinhh/camera_stereo_ws/build/depth_image_proc
