[0.021s] Invoking command in '/home/louisdinhh/camera_stereo_ws/build/camera_calibration_parsers': CMAKE_PREFIX_PATH=${CMAKE_PREFIX_PATH}:/opt/ros/humble /usr/bin/cmake /home/louisdinhh/camera_stereo_ws/src/image_common/camera_calibration_parsers -DCMAKE_INSTALL_PREFIX=/home/louisdinhh/camera_stereo_ws/install/camera_calibration_parsers
[0.191s] -- The C compiler identification is GNU 11.4.0
[0.191s] -- The CXX compiler identification is GNU 11.4.0
[0.191s] -- Detecting C compiler ABI info
[0.191s] -- Detecting C compiler ABI info - done
[0.191s] -- Check for working C compiler: /usr/bin/cc - skipped
[0.191s] -- Detecting C compile features
[0.191s] -- Detecting C compile features - done
[0.191s] -- Detecting CXX compiler ABI info
[0.192s] -- Detecting CXX compiler ABI info - done
[0.196s] -- Check for working CXX compiler: /usr/bin/c++ - skipped
[0.196s] -- Detecting CXX compile features
[0.196s] -- Detecting CXX compile features - done
[0.198s] -- Found ament_cmake_ros: 0.10.0 (/opt/ros/humble/share/ament_cmake_ros/cmake)
[0.302s] -- Found Python3: /usr/bin/python3 (found version "3.10.12") found components: Interpreter 
[0.361s] -- Found rclcpp: 16.0.10 (/opt/ros/humble/share/rclcpp/cmake)
[0.388s] -- Found rosidl_generator_c: 3.1.5 (/opt/ros/humble/share/rosidl_generator_c/cmake)
[0.391s] -- Found rosidl_adapter: 3.1.5 (/opt/ros/humble/share/rosidl_adapter/cmake)
[0.396s] -- Found rosidl_generator_cpp: 3.1.5 (/opt/ros/humble/share/rosidl_generator_cpp/cmake)
[0.405s] -- Using all available rosidl_typesupport_c: rosidl_typesupport_fastrtps_c;rosidl_typesupport_introspection_c
[0.415s] -- Using all available rosidl_typesupport_cpp: rosidl_typesupport_fastrtps_cpp;rosidl_typesupport_introspection_cpp
[0.443s] -- Found rmw_implementation_cmake: 6.1.2 (/opt/ros/humble/share/rmw_implementation_cmake/cmake)
[0.445s] -- Found rmw_fastrtps_cpp: 6.2.7 (/opt/ros/humble/share/rmw_fastrtps_cpp/cmake)
[0.496s] -- Found OpenSSL: /usr/lib/x86_64-linux-gnu/libcrypto.so (found version "3.0.2")  
[0.523s] -- Found FastRTPS: /opt/ros/humble/include  
[0.562s] -- Using RMW implementation 'rmw_fastrtps_cpp' as default
[0.569s] -- Looking for pthread.h
[0.614s] -- Looking for pthread.h - found
[0.615s] -- Performing Test CMAKE_HAVE_LIBC_PTHREAD
[0.664s] -- Performing Test CMAKE_HAVE_LIBC_PTHREAD - Success
[0.665s] -- Found Threads: TRUE  
[0.699s] -- Found sensor_msgs: 4.2.4 (/opt/ros/humble/share/sensor_msgs/cmake)
[0.718s] -- Found yaml_cpp_vendor: 8.0.2 (/opt/ros/humble/share/yaml_cpp_vendor/cmake)
[0.721s] -- Found ament_lint_auto: 0.12.11 (/opt/ros/humble/share/ament_lint_auto/cmake)
[0.781s] -- Found gtest sources under '/opt/ros/humble/src/gtest_vendor': C++ tests using 'Google Test' will be built
[0.789s] -- Added test 'copyright' to check source files copyright and LICENSE
[0.791s] -- Added test 'cppcheck' to perform static code analysis on C / C++ code
[0.791s] -- Configured cppcheck include dirs: $<BUILD_INTERFACE:/home/louisdinhh/camera_stereo_ws/src/image_common/camera_calibration_parsers/include>
[0.791s] -- Configured cppcheck exclude dirs and/or files: 
[0.792s] -- Added test 'cpplint' to check C / C++ code against the Google style
[0.792s] -- Configured cpplint exclude dirs and/or files: 
[0.793s] -- Added test 'flake8' to check Python code syntax and style conventions
[0.793s] -- Added test 'lint_cmake' to check CMake code style
[0.794s] -- Added test 'pep257' to check Python code against some of the docstring style conventions in PEP 257
[0.795s] -- Added test 'uncrustify' to check C / C++ code style
[0.795s] -- Configured uncrustify additional arguments: 
[0.795s] -- Added test 'xmllint' to check XML markup files
[0.797s] -- Configuring done
[0.801s] [31mCMake Error at CMakeLists.txt:23 (add_library):
[0.801s]   Target "camera_calibration_parsers" links to target "yaml-cpp::yaml-cpp"
[0.801s]   but the target was not found.  Perhaps a find_package() call is missing for
[0.801s]   an IMPORTED target, or an ALIAS target is missing?
[0.801s] 
[0.801s] [0m
[0.812s] -- Generating done
[0.813s] [0mCMake Generate step failed.  Build files cannot be regenerated correctly.[0m
[0.822s] Invoked command in '/home/louisdinhh/camera_stereo_ws/build/camera_calibration_parsers' returned '1': CMAKE_PREFIX_PATH=${CMAKE_PREFIX_PATH}:/opt/ros/humble /usr/bin/cmake /home/louisdinhh/camera_stereo_ws/src/image_common/camera_calibration_parsers -DCMAKE_INSTALL_PREFIX=/home/louisdinhh/camera_stereo_ws/install/camera_calibration_parsers
