[0.015s] Invoking command in '/home/louisdinhh/camera_stereo_ws/build/image_proc': AMENT_PREFIX_PATH=/home/louisdinhh/camera_stereo_ws/install/tracetools_image_pipeline:/home/louisdinhh/camera_stereo_ws/install/image_transport:${AMENT_PREFIX_PATH} CMAKE_PREFIX_PATH=/home/louisdinhh/camera_stereo_ws/install/tracetools_image_pipeline:/home/louisdinhh/camera_stereo_ws/install/image_transport:/opt/ros/humble LD_LIBRARY_PATH=/home/louisdinhh/camera_stereo_ws/install/tracetools_image_pipeline/lib:/home/louisdinhh/camera_stereo_ws/install/image_transport/lib:${LD_LIBRARY_PATH} /usr/bin/cmake --build /home/louisdinhh/camera_stereo_ws/build/image_proc -- -j12 -l12
[0.058s] [  8%] Built target image_proc
[0.077s] [ 16%] Built target rectify_node
[0.077s] [ 24%] Built target crop_decimate_node
[0.077s] [ 32%] Built target resize_node
[0.077s] [ 40%] Built target crop_non_zero_node
[0.082s] [ 48%] Built target debayer_node
[0.105s] [ 56%] Built target rectify
[0.124s] [ 68%] Built target debayer
[0.141s] [ 76%] Built target resize
[0.164s] [ 84%] Built target crop_decimate
[0.187s] [ 92%] Built target crop_non_zero
[0.216s] [100%] Built target image_proc_exe
[0.240s] Invoked command in '/home/louisdinhh/camera_stereo_ws/build/image_proc' returned '0': AMENT_PREFIX_PATH=/home/louisdinhh/camera_stereo_ws/install/tracetools_image_pipeline:/home/louisdinhh/camera_stereo_ws/install/image_transport:${AMENT_PREFIX_PATH} CMAKE_PREFIX_PATH=/home/louisdinhh/camera_stereo_ws/install/tracetools_image_pipeline:/home/louisdinhh/camera_stereo_ws/install/image_transport:/opt/ros/humble LD_LIBRARY_PATH=/home/louisdinhh/camera_stereo_ws/install/tracetools_image_pipeline/lib:/home/louisdinhh/camera_stereo_ws/install/image_transport/lib:${LD_LIBRARY_PATH} /usr/bin/cmake --build /home/louisdinhh/camera_stereo_ws/build/image_proc -- -j12 -l12
[0.284s] Invoking command in '/home/louisdinhh/camera_stereo_ws/build/image_proc': AMENT_PREFIX_PATH=/home/louisdinhh/camera_stereo_ws/install/tracetools_image_pipeline:/home/louisdinhh/camera_stereo_ws/install/image_transport:${AMENT_PREFIX_PATH} CMAKE_PREFIX_PATH=/home/louisdinhh/camera_stereo_ws/install/tracetools_image_pipeline:/home/louisdinhh/camera_stereo_ws/install/image_transport:/opt/ros/humble LD_LIBRARY_PATH=/home/louisdinhh/camera_stereo_ws/install/tracetools_image_pipeline/lib:/home/louisdinhh/camera_stereo_ws/install/image_transport/lib:${LD_LIBRARY_PATH} /usr/bin/cmake --install /home/louisdinhh/camera_stereo_ws/build/image_proc
[0.294s] -- Install configuration: ""
[0.294s] -- Up-to-date: /home/louisdinhh/camera_stereo_ws/install/image_proc/lib/image_proc/rectify_node
[0.294s] -- Up-to-date: /home/louisdinhh/camera_stereo_ws/install/image_proc/lib/image_proc/debayer_node
[0.294s] -- Up-to-date: /home/louisdinhh/camera_stereo_ws/install/image_proc/lib/image_proc/resize_node
[0.294s] -- Up-to-date: /home/louisdinhh/camera_stereo_ws/install/image_proc/lib/image_proc/crop_decimate_node
[0.294s] -- Up-to-date: /home/louisdinhh/camera_stereo_ws/install/image_proc/lib/image_proc/crop_non_zero_node
[0.294s] -- Up-to-date: /home/louisdinhh/camera_stereo_ws/install/image_proc/bin/image_proc
[0.294s] -- Up-to-date: /home/louisdinhh/camera_stereo_ws/install/image_proc/include
[0.294s] -- Up-to-date: /home/louisdinhh/camera_stereo_ws/install/image_proc/include/image_proc
[0.294s] -- Up-to-date: /home/louisdinhh/camera_stereo_ws/install/image_proc/include/image_proc/crop_decimate.hpp
[0.294s] -- Up-to-date: /home/louisdinhh/camera_stereo_ws/install/image_proc/include/image_proc/utils.hpp
[0.294s] -- Up-to-date: /home/louisdinhh/camera_stereo_ws/install/image_proc/include/image_proc/resize.hpp
[0.294s] -- Up-to-date: /home/louisdinhh/camera_stereo_ws/install/image_proc/include/image_proc/edge_aware.hpp
[0.294s] -- Up-to-date: /home/louisdinhh/camera_stereo_ws/install/image_proc/include/image_proc/debayer.hpp
[0.294s] -- Up-to-date: /home/louisdinhh/camera_stereo_ws/install/image_proc/include/image_proc/processor.hpp
[0.294s] -- Up-to-date: /home/louisdinhh/camera_stereo_ws/install/image_proc/include/image_proc/rectify.hpp
[0.294s] -- Up-to-date: /home/louisdinhh/camera_stereo_ws/install/image_proc/include/image_proc/crop_non_zero.hpp
[0.295s] -- Up-to-date: /home/louisdinhh/camera_stereo_ws/install/image_proc/share/image_proc/environment/library_path.sh
[0.295s] -- Up-to-date: /home/louisdinhh/camera_stereo_ws/install/image_proc/share/image_proc/environment/library_path.dsv
[0.295s] -- Up-to-date: /home/louisdinhh/camera_stereo_ws/install/image_proc/lib/libimage_proc.so
[0.295s] -- Up-to-date: /home/louisdinhh/camera_stereo_ws/install/image_proc/lib/librectify.so
[0.295s] -- Up-to-date: /home/louisdinhh/camera_stereo_ws/install/image_proc/lib/libdebayer.so
[0.295s] -- Up-to-date: /home/louisdinhh/camera_stereo_ws/install/image_proc/lib/libresize.so
[0.295s] -- Up-to-date: /home/louisdinhh/camera_stereo_ws/install/image_proc/lib/libcrop_decimate.so
[0.295s] -- Up-to-date: /home/louisdinhh/camera_stereo_ws/install/image_proc/lib/libcrop_non_zero.so
[0.295s] -- Up-to-date: /home/louisdinhh/camera_stereo_ws/install/image_proc/lib/image_proc/image_proc
[0.295s] -- Up-to-date: /home/louisdinhh/camera_stereo_ws/install/image_proc/share/image_proc/launch
[0.295s] -- Up-to-date: /home/louisdinhh/camera_stereo_ws/install/image_proc/share/image_proc/launch/image_proc.launch.py
[0.295s] -- Up-to-date: /home/louisdinhh/camera_stereo_ws/install/image_proc/share/ament_index/resource_index/package_run_dependencies/image_proc
[0.295s] -- Up-to-date: /home/louisdinhh/camera_stereo_ws/install/image_proc/share/ament_index/resource_index/parent_prefix_path/image_proc
[0.295s] -- Up-to-date: /home/louisdinhh/camera_stereo_ws/install/image_proc/share/image_proc/environment/ament_prefix_path.sh
[0.295s] -- Up-to-date: /home/louisdinhh/camera_stereo_ws/install/image_proc/share/image_proc/environment/ament_prefix_path.dsv
[0.296s] -- Up-to-date: /home/louisdinhh/camera_stereo_ws/install/image_proc/share/image_proc/environment/path.sh
[0.296s] -- Up-to-date: /home/louisdinhh/camera_stereo_ws/install/image_proc/share/image_proc/environment/path.dsv
[0.296s] -- Up-to-date: /home/louisdinhh/camera_stereo_ws/install/image_proc/share/image_proc/local_setup.bash
[0.296s] -- Up-to-date: /home/louisdinhh/camera_stereo_ws/install/image_proc/share/image_proc/local_setup.sh
[0.296s] -- Up-to-date: /home/louisdinhh/camera_stereo_ws/install/image_proc/share/image_proc/local_setup.zsh
[0.296s] -- Up-to-date: /home/louisdinhh/camera_stereo_ws/install/image_proc/share/image_proc/local_setup.dsv
[0.296s] -- Installing: /home/louisdinhh/camera_stereo_ws/install/image_proc/share/image_proc/package.dsv
[0.296s] -- Up-to-date: /home/louisdinhh/camera_stereo_ws/install/image_proc/share/ament_index/resource_index/packages/image_proc
[0.297s] -- Up-to-date: /home/louisdinhh/camera_stereo_ws/install/image_proc/share/ament_index/resource_index/rclcpp_components/image_proc
[0.297s] -- Up-to-date: /home/louisdinhh/camera_stereo_ws/install/image_proc/share/image_proc/cmake/ament_cmake_export_dependencies-extras.cmake
[0.297s] -- Up-to-date: /home/louisdinhh/camera_stereo_ws/install/image_proc/share/image_proc/cmake/ament_cmake_export_include_directories-extras.cmake
[0.297s] -- Up-to-date: /home/louisdinhh/camera_stereo_ws/install/image_proc/share/image_proc/cmake/ament_cmake_export_libraries-extras.cmake
[0.297s] -- Up-to-date: /home/louisdinhh/camera_stereo_ws/install/image_proc/share/image_proc/cmake/image_procConfig.cmake
[0.297s] -- Up-to-date: /home/louisdinhh/camera_stereo_ws/install/image_proc/share/image_proc/cmake/image_procConfig-version.cmake
[0.297s] -- Up-to-date: /home/louisdinhh/camera_stereo_ws/install/image_proc/share/image_proc/package.xml
[0.304s] Invoked command in '/home/louisdinhh/camera_stereo_ws/build/image_proc' returned '0': AMENT_PREFIX_PATH=/home/louisdinhh/camera_stereo_ws/install/tracetools_image_pipeline:/home/louisdinhh/camera_stereo_ws/install/image_transport:${AMENT_PREFIX_PATH} CMAKE_PREFIX_PATH=/home/louisdinhh/camera_stereo_ws/install/tracetools_image_pipeline:/home/louisdinhh/camera_stereo_ws/install/image_transport:/opt/ros/humble LD_LIBRARY_PATH=/home/louisdinhh/camera_stereo_ws/install/tracetools_image_pipeline/lib:/home/louisdinhh/camera_stereo_ws/install/image_transport/lib:${LD_LIBRARY_PATH} /usr/bin/cmake --install /home/louisdinhh/camera_stereo_ws/build/image_proc
