[0.008s] Invoking command in '/home/louisdinhh/camera_stereo_ws/build/stereo_camera': AMENT_PREFIX_PATH=/home/louisdinhh/camera_stereo_ws/install/image_proc:/home/louisdinhh/camera_stereo_ws/install/tracetools_image_pipeline:/home/louisdinhh/camera_stereo_ws/install/image_transport:${AMENT_PREFIX_PATH} CMAKE_PREFIX_PATH=/home/louisdinhh/camera_stereo_ws/install/image_proc:/home/louisdinhh/camera_stereo_ws/install/tracetools_image_pipeline:/home/louisdinhh/camera_stereo_ws/install/image_transport:/home/louisdinhh/camera_stereo_ws/install/stereo_camera:/opt/ros/humble LD_LIBRARY_PATH=/home/louisdinhh/camera_stereo_ws/install/image_proc/lib:/home/louisdinhh/camera_stereo_ws/install/tracetools_image_pipeline/lib:/home/louisdinhh/camera_stereo_ws/install/image_transport/lib:${LD_LIBRARY_PATH} PATH=/home/louisdinhh/camera_stereo_ws/install/image_proc/bin:${PATH} /usr/bin/cmake --build /home/louisdinhh/camera_stereo_ws/build/stereo_camera -- -j12 -l12
[0.032s] Invoked command in '/home/louisdinhh/camera_stereo_ws/build/stereo_camera' returned '0': AMENT_PREFIX_PATH=/home/louisdinhh/camera_stereo_ws/install/image_proc:/home/louisdinhh/camera_stereo_ws/install/tracetools_image_pipeline:/home/louisdinhh/camera_stereo_ws/install/image_transport:${AMENT_PREFIX_PATH} CMAKE_PREFIX_PATH=/home/louisdinhh/camera_stereo_ws/install/image_proc:/home/louisdinhh/camera_stereo_ws/install/tracetools_image_pipeline:/home/louisdinhh/camera_stereo_ws/install/image_transport:/home/louisdinhh/camera_stereo_ws/install/stereo_camera:/opt/ros/humble LD_LIBRARY_PATH=/home/louisdinhh/camera_stereo_ws/install/image_proc/lib:/home/louisdinhh/camera_stereo_ws/install/tracetools_image_pipeline/lib:/home/louisdinhh/camera_stereo_ws/install/image_transport/lib:${LD_LIBRARY_PATH} PATH=/home/louisdinhh/camera_stereo_ws/install/image_proc/bin:${PATH} /usr/bin/cmake --build /home/louisdinhh/camera_stereo_ws/build/stereo_camera -- -j12 -l12
[0.044s] Invoking command in '/home/louisdinhh/camera_stereo_ws/build/stereo_camera': AMENT_PREFIX_PATH=/home/louisdinhh/camera_stereo_ws/install/image_proc:/home/louisdinhh/camera_stereo_ws/install/tracetools_image_pipeline:/home/louisdinhh/camera_stereo_ws/install/image_transport:${AMENT_PREFIX_PATH} CMAKE_PREFIX_PATH=/home/louisdinhh/camera_stereo_ws/install/image_proc:/home/louisdinhh/camera_stereo_ws/install/tracetools_image_pipeline:/home/louisdinhh/camera_stereo_ws/install/image_transport:/home/louisdinhh/camera_stereo_ws/install/stereo_camera:/opt/ros/humble LD_LIBRARY_PATH=/home/louisdinhh/camera_stereo_ws/install/image_proc/lib:/home/louisdinhh/camera_stereo_ws/install/tracetools_image_pipeline/lib:/home/louisdinhh/camera_stereo_ws/install/image_transport/lib:${LD_LIBRARY_PATH} PATH=/home/louisdinhh/camera_stereo_ws/install/image_proc/bin:${PATH} /usr/bin/cmake --install /home/louisdinhh/camera_stereo_ws/build/stereo_camera
[0.049s] -- Install configuration: ""
[0.049s] -- Up-to-date: /home/louisdinhh/camera_stereo_ws/install/stereo_camera/share/stereo_camera/launch
[0.049s] -- Installing: /home/louisdinhh/camera_stereo_ws/install/stereo_camera/share/stereo_camera/launch/stereo_camera.launch.py
[0.049s] -- Up-to-date: /home/louisdinhh/camera_stereo_ws/install/stereo_camera/share/ament_index/resource_index/package_run_dependencies/stereo_camera
[0.049s] -- Up-to-date: /home/louisdinhh/camera_stereo_ws/install/stereo_camera/share/ament_index/resource_index/parent_prefix_path/stereo_camera
[0.049s] -- Up-to-date: /home/louisdinhh/camera_stereo_ws/install/stereo_camera/share/stereo_camera/environment/ament_prefix_path.sh
[0.049s] -- Up-to-date: /home/louisdinhh/camera_stereo_ws/install/stereo_camera/share/stereo_camera/environment/ament_prefix_path.dsv
[0.049s] -- Up-to-date: /home/louisdinhh/camera_stereo_ws/install/stereo_camera/share/stereo_camera/environment/path.sh
[0.049s] -- Up-to-date: /home/louisdinhh/camera_stereo_ws/install/stereo_camera/share/stereo_camera/environment/path.dsv
[0.049s] -- Up-to-date: /home/louisdinhh/camera_stereo_ws/install/stereo_camera/share/stereo_camera/local_setup.bash
[0.049s] -- Up-to-date: /home/louisdinhh/camera_stereo_ws/install/stereo_camera/share/stereo_camera/local_setup.sh
[0.049s] -- Up-to-date: /home/louisdinhh/camera_stereo_ws/install/stereo_camera/share/stereo_camera/local_setup.zsh
[0.049s] -- Up-to-date: /home/louisdinhh/camera_stereo_ws/install/stereo_camera/share/stereo_camera/local_setup.dsv
[0.049s] -- Installing: /home/louisdinhh/camera_stereo_ws/install/stereo_camera/share/stereo_camera/package.dsv
[0.049s] -- Up-to-date: /home/louisdinhh/camera_stereo_ws/install/stereo_camera/share/ament_index/resource_index/packages/stereo_camera
[0.049s] -- Up-to-date: /home/louisdinhh/camera_stereo_ws/install/stereo_camera/share/stereo_camera/cmake/stereo_cameraConfig.cmake
[0.049s] -- Up-to-date: /home/louisdinhh/camera_stereo_ws/install/stereo_camera/share/stereo_camera/cmake/stereo_cameraConfig-version.cmake
[0.049s] -- Up-to-date: /home/louisdinhh/camera_stereo_ws/install/stereo_camera/share/stereo_camera/package.xml
[0.051s] Invoked command in '/home/louisdinhh/camera_stereo_ws/build/stereo_camera' returned '0': AMENT_PREFIX_PATH=/home/louisdinhh/camera_stereo_ws/install/image_proc:/home/louisdinhh/camera_stereo_ws/install/tracetools_image_pipeline:/home/louisdinhh/camera_stereo_ws/install/image_transport:${AMENT_PREFIX_PATH} CMAKE_PREFIX_PATH=/home/louisdinhh/camera_stereo_ws/install/image_proc:/home/louisdinhh/camera_stereo_ws/install/tracetools_image_pipeline:/home/louisdinhh/camera_stereo_ws/install/image_transport:/home/louisdinhh/camera_stereo_ws/install/stereo_camera:/opt/ros/humble LD_LIBRARY_PATH=/home/louisdinhh/camera_stereo_ws/install/image_proc/lib:/home/louisdinhh/camera_stereo_ws/install/tracetools_image_pipeline/lib:/home/louisdinhh/camera_stereo_ws/install/image_transport/lib:${LD_LIBRARY_PATH} PATH=/home/louisdinhh/camera_stereo_ws/install/image_proc/bin:${PATH} /usr/bin/cmake --install /home/louisdinhh/camera_stereo_ws/build/stereo_camera
