[0.013s] Invoking command in '/home/louisdinhh/camera_stereo_ws/build/image_publisher': AMENT_PREFIX_PATH=/home/louisdinhh/camera_stereo_ws/install/camera_info_manager:/home/louisdinhh/camera_stereo_ws/install/image_transport:/home/louisdinhh/camera_stereo_ws/install/camera_calibration_parsers:${AMENT_PREFIX_PATH} CMAKE_PREFIX_PATH=/home/louisdinhh/camera_stereo_ws/install/camera_info_manager:/home/louisdinhh/camera_stereo_ws/install/image_transport:/home/louisdinhh/camera_stereo_ws/install/camera_calibration_parsers:/home/louisdinhh/camera_stereo_ws/install/stereo_camera:/opt/ros/humble LD_LIBRARY_PATH=/home/louisdinhh/camera_stereo_ws/install/camera_info_manager/lib:/home/louisdinhh/camera_stereo_ws/install/image_transport/lib:/home/louisdinhh/camera_stereo_ws/install/camera_calibration_parsers/lib:${LD_LIBRARY_PATH} /usr/bin/cmake /home/louisdinhh/camera_stereo_ws/src/image_pipeline/image_publisher -DCMAKE_INSTALL_PREFIX=/home/louisdinhh/camera_stereo_ws/install/image_publisher
[0.044s] -- The C compiler identification is GNU 11.4.0
[0.082s] -- The CXX compiler identification is GNU 11.4.0
[0.088s] -- Detecting C compiler ABI info
[0.132s] -- Detecting C compiler ABI info - done
[0.137s] -- Check for working C compiler: /usr/bin/cc - skipped
[0.137s] -- Detecting C compile features
[0.137s] -- Detecting C compile features - done
[0.139s] -- Detecting CXX compiler ABI info
[0.190s] -- Detecting CXX compiler ABI info - done
[0.194s] -- Check for working CXX compiler: /usr/bin/c++ - skipped
[0.194s] -- Detecting CXX compile features
[0.195s] -- Detecting CXX compile features - done
[0.196s] -- Found ament_cmake_auto: 1.3.10 (/opt/ros/humble/share/ament_cmake_auto/cmake)
[0.296s] -- Found Python3: /usr/bin/python3 (found version "3.10.12") found components: Interpreter 
[0.360s] -- Found camera_info_manager: 3.1.10 (/home/louisdinhh/camera_stereo_ws/install/camera_info_manager/share/camera_info_manager/cmake)
[0.391s] -- Found rosidl_generator_c: 3.1.5 (/opt/ros/humble/share/rosidl_generator_c/cmake)
[0.394s] -- Found rosidl_adapter: 3.1.5 (/opt/ros/humble/share/rosidl_adapter/cmake)
[0.400s] -- Found rosidl_generator_cpp: 3.1.5 (/opt/ros/humble/share/rosidl_generator_cpp/cmake)
[0.408s] -- Using all available rosidl_typesupport_c: rosidl_typesupport_fastrtps_c;rosidl_typesupport_introspection_c
[0.420s] -- Using all available rosidl_typesupport_cpp: rosidl_typesupport_fastrtps_cpp;rosidl_typesupport_introspection_cpp
[0.449s] -- Found rmw_implementation_cmake: 6.1.2 (/opt/ros/humble/share/rmw_implementation_cmake/cmake)
[0.451s] -- Found rmw_fastrtps_cpp: 6.2.7 (/opt/ros/humble/share/rmw_fastrtps_cpp/cmake)
[0.501s] -- Found OpenSSL: /usr/lib/x86_64-linux-gnu/libcrypto.so (found version "3.0.2")  
[0.518s] -- Found FastRTPS: /opt/ros/humble/include  
[0.543s] -- Using RMW implementation 'rmw_fastrtps_cpp' as default
[0.549s] -- Looking for pthread.h
[0.593s] -- Looking for pthread.h - found
[0.593s] -- Performing Test CMAKE_HAVE_LIBC_PTHREAD
[0.637s] -- Performing Test CMAKE_HAVE_LIBC_PTHREAD - Success
[0.638s] -- Found Threads: TRUE  
[0.780s] -- Found OpenCV: /usr (found version "4.5.4") found components: core imgcodecs videoio 
[0.781s] -- opencv version 4.5.4
[0.784s] -- Found ament_lint_auto: 0.12.11 (/opt/ros/humble/share/ament_lint_auto/cmake)
[0.797s] -- Added test 'copyright' to check source files copyright and LICENSE
[0.798s] -- Added test 'cppcheck' to perform static code analysis on C / C++ code
[0.798s] -- Configured cppcheck include dirs: /home/louisdinhh/camera_stereo_ws/src/image_pipeline/image_publisher/include
[0.798s] -- Configured cppcheck exclude dirs and/or files: 
[0.798s] -- Added test 'cpplint' to check C / C++ code against the Google style
[0.798s] -- Configured cpplint exclude dirs and/or files: 
[0.799s] -- Added test 'flake8' to check Python code syntax and style conventions
[0.799s] -- Added test 'lint_cmake' to check CMake code style
[0.799s] -- Added test 'pep257' to check Python code against some of the docstring style conventions in PEP 257
[0.800s] -- Added test 'uncrustify' to check C / C++ code style
[0.800s] -- Configured uncrustify additional arguments: 
[0.800s] -- Added test 'xmllint' to check XML markup files
[0.802s] -- Configuring done
[0.814s] -- Generating done
[0.815s] -- Build files have been written to: /home/louisdinhh/camera_stereo_ws/build/image_publisher
[0.822s] Invoked command in '/home/louisdinhh/camera_stereo_ws/build/image_publisher' returned '0': AMENT_PREFIX_PATH=/home/louisdinhh/camera_stereo_ws/install/camera_info_manager:/home/louisdinhh/camera_stereo_ws/install/image_transport:/home/louisdinhh/camera_stereo_ws/install/camera_calibration_parsers:${AMENT_PREFIX_PATH} CMAKE_PREFIX_PATH=/home/louisdinhh/camera_stereo_ws/install/camera_info_manager:/home/louisdinhh/camera_stereo_ws/install/image_transport:/home/louisdinhh/camera_stereo_ws/install/camera_calibration_parsers:/home/louisdinhh/camera_stereo_ws/install/stereo_camera:/opt/ros/humble LD_LIBRARY_PATH=/home/louisdinhh/camera_stereo_ws/install/camera_info_manager/lib:/home/louisdinhh/camera_stereo_ws/install/image_transport/lib:/home/louisdinhh/camera_stereo_ws/install/camera_calibration_parsers/lib:${LD_LIBRARY_PATH} /usr/bin/cmake /home/louisdinhh/camera_stereo_ws/src/image_pipeline/image_publisher -DCMAKE_INSTALL_PREFIX=/home/louisdinhh/camera_stereo_ws/install/image_publisher
[0.823s] Invoking command in '/home/louisdinhh/camera_stereo_ws/build/image_publisher': AMENT_PREFIX_PATH=/home/louisdinhh/camera_stereo_ws/install/camera_info_manager:/home/louisdinhh/camera_stereo_ws/install/image_transport:/home/louisdinhh/camera_stereo_ws/install/camera_calibration_parsers:${AMENT_PREFIX_PATH} CMAKE_PREFIX_PATH=/home/louisdinhh/camera_stereo_ws/install/camera_info_manager:/home/louisdinhh/camera_stereo_ws/install/image_transport:/home/louisdinhh/camera_stereo_ws/install/camera_calibration_parsers:/home/louisdinhh/camera_stereo_ws/install/stereo_camera:/opt/ros/humble LD_LIBRARY_PATH=/home/louisdinhh/camera_stereo_ws/install/camera_info_manager/lib:/home/louisdinhh/camera_stereo_ws/install/image_transport/lib:/home/louisdinhh/camera_stereo_ws/install/camera_calibration_parsers/lib:${LD_LIBRARY_PATH} /usr/bin/cmake --build /home/louisdinhh/camera_stereo_ws/build/image_publisher -- -j12 -l12
[0.853s] [ 25%] [32mBuilding CXX object CMakeFiles/image_publisher.dir/src/image_publisher.cpp.o[0m
[9.928s] [ 50%] [32m[1mLinking CXX shared library libimage_publisher.so[0m
[11.584s] [ 50%] Built target image_publisher
[11.641s] [ 75%] [32mBuilding CXX object CMakeFiles/image_publisher_node.dir/src/image_publisher_node.cpp.o[0m
[17.057s] [100%] [32m[1mLinking CXX executable image_publisher_node[0m
[17.764s] [100%] Built target image_publisher_node
[17.777s] Invoked command in '/home/louisdinhh/camera_stereo_ws/build/image_publisher' returned '0': AMENT_PREFIX_PATH=/home/louisdinhh/camera_stereo_ws/install/camera_info_manager:/home/louisdinhh/camera_stereo_ws/install/image_transport:/home/louisdinhh/camera_stereo_ws/install/camera_calibration_parsers:${AMENT_PREFIX_PATH} CMAKE_PREFIX_PATH=/home/louisdinhh/camera_stereo_ws/install/camera_info_manager:/home/louisdinhh/camera_stereo_ws/install/image_transport:/home/louisdinhh/camera_stereo_ws/install/camera_calibration_parsers:/home/louisdinhh/camera_stereo_ws/install/stereo_camera:/opt/ros/humble LD_LIBRARY_PATH=/home/louisdinhh/camera_stereo_ws/install/camera_info_manager/lib:/home/louisdinhh/camera_stereo_ws/install/image_transport/lib:/home/louisdinhh/camera_stereo_ws/install/camera_calibration_parsers/lib:${LD_LIBRARY_PATH} /usr/bin/cmake --build /home/louisdinhh/camera_stereo_ws/build/image_publisher -- -j12 -l12
[17.806s] Invoking command in '/home/louisdinhh/camera_stereo_ws/build/image_publisher': AMENT_PREFIX_PATH=/home/louisdinhh/camera_stereo_ws/install/camera_info_manager:/home/louisdinhh/camera_stereo_ws/install/image_transport:/home/louisdinhh/camera_stereo_ws/install/camera_calibration_parsers:${AMENT_PREFIX_PATH} CMAKE_PREFIX_PATH=/home/louisdinhh/camera_stereo_ws/install/camera_info_manager:/home/louisdinhh/camera_stereo_ws/install/image_transport:/home/louisdinhh/camera_stereo_ws/install/camera_calibration_parsers:/home/louisdinhh/camera_stereo_ws/install/stereo_camera:/opt/ros/humble LD_LIBRARY_PATH=/home/louisdinhh/camera_stereo_ws/install/camera_info_manager/lib:/home/louisdinhh/camera_stereo_ws/install/image_transport/lib:/home/louisdinhh/camera_stereo_ws/install/camera_calibration_parsers/lib:${LD_LIBRARY_PATH} /usr/bin/cmake --install /home/louisdinhh/camera_stereo_ws/build/image_publisher
[17.816s] -- Install configuration: ""
[17.816s] -- Installing: /home/louisdinhh/camera_stereo_ws/install/image_publisher/include
[17.816s] -- Installing: /home/louisdinhh/camera_stereo_ws/install/image_publisher/include/image_publisher
[17.816s] -- Installing: /home/louisdinhh/camera_stereo_ws/install/image_publisher/include/image_publisher/image_publisher.hpp
[17.816s] -- Installing: /home/louisdinhh/camera_stereo_ws/install/image_publisher/include/image_publisher/visibility.h
[17.816s] -- Installing: /home/louisdinhh/camera_stereo_ws/install/image_publisher/share/image_publisher/environment/library_path.sh
[17.817s] -- Installing: /home/louisdinhh/camera_stereo_ws/install/image_publisher/share/image_publisher/environment/library_path.dsv
[17.817s] -- Installing: /home/louisdinhh/camera_stereo_ws/install/image_publisher/lib/libimage_publisher.so
[17.818s] -- Set runtime path of "/home/louisdinhh/camera_stereo_ws/install/image_publisher/lib/libimage_publisher.so" to ""
[17.818s] -- Installing: /home/louisdinhh/camera_stereo_ws/install/image_publisher/lib/image_publisher/image_publisher_node
[17.818s] -- Set runtime path of "/home/louisdinhh/camera_stereo_ws/install/image_publisher/lib/image_publisher/image_publisher_node" to ""
[17.819s] -- Installing: /home/louisdinhh/camera_stereo_ws/install/image_publisher/share/image_publisher/launch
[17.819s] -- Installing: /home/louisdinhh/camera_stereo_ws/install/image_publisher/share/image_publisher/launch/image_publisher_stereo.launch.py
[17.819s] -- Installing: /home/louisdinhh/camera_stereo_ws/install/image_publisher/share/image_publisher/launch/splash.png
[17.819s] -- Installing: /home/louisdinhh/camera_stereo_ws/install/image_publisher/share/image_publisher/launch/image_publisher_mono.launch.py
[17.819s] -- Installing: /home/louisdinhh/camera_stereo_ws/install/image_publisher/share/image_publisher/launch/image_publisher_file.launch.py
[17.819s] -- Installing: /home/louisdinhh/camera_stereo_ws/install/image_publisher/share/ament_index/resource_index/package_run_dependencies/image_publisher
[17.819s] -- Installing: /home/louisdinhh/camera_stereo_ws/install/image_publisher/share/ament_index/resource_index/parent_prefix_path/image_publisher
[17.819s] -- Installing: /home/louisdinhh/camera_stereo_ws/install/image_publisher/share/image_publisher/environment/ament_prefix_path.sh
[17.820s] -- Installing: /home/louisdinhh/camera_stereo_ws/install/image_publisher/share/image_publisher/environment/ament_prefix_path.dsv
[17.821s] -- Installing: /home/louisdinhh/camera_stereo_ws/install/image_publisher/share/image_publisher/environment/path.sh
[17.821s] -- Installing: /home/louisdinhh/camera_stereo_ws/install/image_publisher/share/image_publisher/environment/path.dsv
[17.821s] -- Installing: /home/louisdinhh/camera_stereo_ws/install/image_publisher/share/image_publisher/local_setup.bash
[17.821s] -- Installing: /home/louisdinhh/camera_stereo_ws/install/image_publisher/share/image_publisher/local_setup.sh
[17.821s] -- Installing: /home/louisdinhh/camera_stereo_ws/install/image_publisher/share/image_publisher/local_setup.zsh
[17.821s] -- Installing: /home/louisdinhh/camera_stereo_ws/install/image_publisher/share/image_publisher/local_setup.dsv
[17.821s] -- Installing: /home/louisdinhh/camera_stereo_ws/install/image_publisher/share/image_publisher/package.dsv
[17.822s] -- Installing: /home/louisdinhh/camera_stereo_ws/install/image_publisher/share/ament_index/resource_index/packages/image_publisher
[17.822s] -- Installing: /home/louisdinhh/camera_stereo_ws/install/image_publisher/share/ament_index/resource_index/rclcpp_components/image_publisher
[17.822s] -- Installing: /home/louisdinhh/camera_stereo_ws/install/image_publisher/share/image_publisher/cmake/ament_cmake_export_dependencies-extras.cmake
[17.822s] -- Installing: /home/louisdinhh/camera_stereo_ws/install/image_publisher/share/image_publisher/cmake/ament_cmake_export_include_directories-extras.cmake
[17.822s] -- Installing: /home/louisdinhh/camera_stereo_ws/install/image_publisher/share/image_publisher/cmake/ament_cmake_export_libraries-extras.cmake
[17.824s] -- Installing: /home/louisdinhh/camera_stereo_ws/install/image_publisher/share/image_publisher/cmake/image_publisherConfig.cmake
[17.824s] -- Installing: /home/louisdinhh/camera_stereo_ws/install/image_publisher/share/image_publisher/cmake/image_publisherConfig-version.cmake
[17.824s] -- Installing: /home/louisdinhh/camera_stereo_ws/install/image_publisher/share/image_publisher/package.xml
[17.828s] Invoked command in '/home/louisdinhh/camera_stereo_ws/build/image_publisher' returned '0': AMENT_PREFIX_PATH=/home/louisdinhh/camera_stereo_ws/install/camera_info_manager:/home/louisdinhh/camera_stereo_ws/install/image_transport:/home/louisdinhh/camera_stereo_ws/install/camera_calibration_parsers:${AMENT_PREFIX_PATH} CMAKE_PREFIX_PATH=/home/louisdinhh/camera_stereo_ws/install/camera_info_manager:/home/louisdinhh/camera_stereo_ws/install/image_transport:/home/louisdinhh/camera_stereo_ws/install/camera_calibration_parsers:/home/louisdinhh/camera_stereo_ws/install/stereo_camera:/opt/ros/humble LD_LIBRARY_PATH=/home/louisdinhh/camera_stereo_ws/install/camera_info_manager/lib:/home/louisdinhh/camera_stereo_ws/install/image_transport/lib:/home/louisdinhh/camera_stereo_ws/install/camera_calibration_parsers/lib:${LD_LIBRARY_PATH} /usr/bin/cmake --install /home/louisdinhh/camera_stereo_ws/build/image_publisher
