[0.058s] DEBUG:colcon:Command line arguments: ['/usr/bin/colcon', 'build']
[0.058s] DEBUG:colcon:Parsed command line arguments: Namespace(log_base=None, log_level=None, verb_name='build', build_base='build', install_base='install', merge_install=False, symlink_install=False, test_result_base=None, continue_on_error=False, executor='parallel', parallel_workers=12, event_handlers=None, ignore_user_meta=False, metas=['./colcon.meta'], base_paths=['.'], packages_ignore=None, packages_ignore_regex=None, paths=None, packages_up_to=None, packages_up_to_regex=None, packages_above=None, packages_above_and_dependencies=None, packages_above_depth=None, packages_select_by_dep=None, packages_skip_by_dep=None, packages_skip_up_to=None, packages_select_build_failed=False, packages_skip_build_finished=False, packages_select_test_failures=False, packages_skip_test_passed=False, packages_select=None, packages_skip=None, packages_select_regex=None, packages_skip_regex=None, packages_start=None, packages_end=None, allow_overriding=[], cmake_args=None, cmake_target=None, cmake_target_skip_unavailable=False, cmake_clean_cache=False, cmake_clean_first=False, cmake_force_configure=False, ament_cmake_args=None, catkin_cmake_args=None, catkin_skip_building_tests=False, mixin_files=None, mixin=None, verb_parser=<colcon_mixin.mixin.mixin_argument.MixinArgumentDecorator object at 0x7747022b7430>, verb_extension=<colcon_core.verb.build.BuildVerb object at 0x774702457a60>, main=<bound method BuildVerb.main of <colcon_core.verb.build.BuildVerb object at 0x774702457a60>>, mixin_verb=('build',))
[0.150s] Level 1:colcon.colcon_core.package_discovery:discover_packages(colcon_meta) check parameters
[0.150s] Level 1:colcon.colcon_core.package_discovery:discover_packages(recursive) check parameters
[0.150s] Level 1:colcon.colcon_core.package_discovery:discover_packages(ignore) check parameters
[0.150s] Level 1:colcon.colcon_core.package_discovery:discover_packages(path) check parameters
[0.150s] Level 1:colcon.colcon_core.package_discovery:discover_packages(colcon_meta) discover
[0.150s] Level 1:colcon.colcon_core.package_discovery:discover_packages(recursive) discover
[0.150s] INFO:colcon.colcon_core.package_discovery:Crawling recursively for packages in '/home/louisdinhh/camera_stereo_ws'
[0.150s] Level 1:colcon.colcon_core.package_identification:_identify(.) by extensions ['ignore', 'ignore_ament_install']
[0.150s] Level 1:colcon.colcon_core.package_identification:_identify(.) by extension 'ignore'
[0.150s] Level 1:colcon.colcon_core.package_identification:_identify(.) by extension 'ignore_ament_install'
[0.150s] Level 1:colcon.colcon_core.package_identification:_identify(.) by extensions ['colcon_pkg']
[0.150s] Level 1:colcon.colcon_core.package_identification:_identify(.) by extension 'colcon_pkg'
[0.150s] Level 1:colcon.colcon_core.package_identification:_identify(.) by extensions ['colcon_meta']
[0.150s] Level 1:colcon.colcon_core.package_identification:_identify(.) by extension 'colcon_meta'
[0.150s] Level 1:colcon.colcon_core.package_identification:_identify(.) by extensions ['ros']
[0.150s] Level 1:colcon.colcon_core.package_identification:_identify(.) by extension 'ros'
[0.157s] Level 1:colcon.colcon_core.package_identification:_identify(.) by extensions ['cmake', 'python']
[0.157s] Level 1:colcon.colcon_core.package_identification:_identify(.) by extension 'cmake'
[0.157s] Level 1:colcon.colcon_core.package_identification:_identify(.) by extension 'python'
[0.157s] Level 1:colcon.colcon_core.package_identification:_identify(.) by extensions ['python_setup_py']
[0.157s] Level 1:colcon.colcon_core.package_identification:_identify(.) by extension 'python_setup_py'
[0.157s] Level 1:colcon.colcon_core.package_identification:_identify(build) by extensions ['ignore', 'ignore_ament_install']
[0.157s] Level 1:colcon.colcon_core.package_identification:_identify(build) by extension 'ignore'
[0.157s] Level 1:colcon.colcon_core.package_identification:_identify(build) ignored
[0.157s] Level 1:colcon.colcon_core.package_identification:_identify(install) by extensions ['ignore', 'ignore_ament_install']
[0.157s] Level 1:colcon.colcon_core.package_identification:_identify(install) by extension 'ignore'
[0.157s] Level 1:colcon.colcon_core.package_identification:_identify(install) ignored
[0.157s] Level 1:colcon.colcon_core.package_identification:_identify(log) by extensions ['ignore', 'ignore_ament_install']
[0.157s] Level 1:colcon.colcon_core.package_identification:_identify(log) by extension 'ignore'
[0.157s] Level 1:colcon.colcon_core.package_identification:_identify(log) ignored
[0.157s] Level 1:colcon.colcon_core.package_identification:_identify(src) by extensions ['ignore', 'ignore_ament_install']
[0.157s] Level 1:colcon.colcon_core.package_identification:_identify(src) by extension 'ignore'
[0.157s] Level 1:colcon.colcon_core.package_identification:_identify(src) by extension 'ignore_ament_install'
[0.157s] Level 1:colcon.colcon_core.package_identification:_identify(src) by extensions ['colcon_pkg']
[0.157s] Level 1:colcon.colcon_core.package_identification:_identify(src) by extension 'colcon_pkg'
[0.157s] Level 1:colcon.colcon_core.package_identification:_identify(src) by extensions ['colcon_meta']
[0.157s] Level 1:colcon.colcon_core.package_identification:_identify(src) by extension 'colcon_meta'
[0.157s] Level 1:colcon.colcon_core.package_identification:_identify(src) by extensions ['ros']
[0.157s] Level 1:colcon.colcon_core.package_identification:_identify(src) by extension 'ros'
[0.157s] Level 1:colcon.colcon_core.package_identification:_identify(src) by extensions ['cmake', 'python']
[0.157s] Level 1:colcon.colcon_core.package_identification:_identify(src) by extension 'cmake'
[0.158s] Level 1:colcon.colcon_core.package_identification:_identify(src) by extension 'python'
[0.158s] Level 1:colcon.colcon_core.package_identification:_identify(src) by extensions ['python_setup_py']
[0.158s] Level 1:colcon.colcon_core.package_identification:_identify(src) by extension 'python_setup_py'
[0.158s] Level 1:colcon.colcon_core.package_identification:_identify(src/stereo_camera) by extensions ['ignore', 'ignore_ament_install']
[0.158s] Level 1:colcon.colcon_core.package_identification:_identify(src/stereo_camera) by extension 'ignore'
[0.158s] Level 1:colcon.colcon_core.package_identification:_identify(src/stereo_camera) by extension 'ignore_ament_install'
[0.158s] Level 1:colcon.colcon_core.package_identification:_identify(src/stereo_camera) by extensions ['colcon_pkg']
[0.158s] Level 1:colcon.colcon_core.package_identification:_identify(src/stereo_camera) by extension 'colcon_pkg'
[0.158s] Level 1:colcon.colcon_core.package_identification:_identify(src/stereo_camera) by extensions ['colcon_meta']
[0.158s] Level 1:colcon.colcon_core.package_identification:_identify(src/stereo_camera) by extension 'colcon_meta'
[0.158s] Level 1:colcon.colcon_core.package_identification:_identify(src/stereo_camera) by extensions ['ros']
[0.158s] Level 1:colcon.colcon_core.package_identification:_identify(src/stereo_camera) by extension 'ros'
[0.159s] DEBUG:colcon.colcon_core.package_identification:Package 'src/stereo_camera' with type 'ros.ament_cmake' and name 'stereo_camera'
[0.159s] Level 1:colcon.colcon_core.package_discovery:discover_packages(recursive) using defaults
[0.159s] Level 1:colcon.colcon_core.package_discovery:discover_packages(ignore) discover
[0.159s] Level 1:colcon.colcon_core.package_discovery:discover_packages(ignore) using defaults
[0.159s] Level 1:colcon.colcon_core.package_discovery:discover_packages(path) discover
[0.159s] Level 1:colcon.colcon_core.package_discovery:discover_packages(path) using defaults
[0.176s] Level 1:colcon.colcon_core.package_discovery:discover_packages(prefix_path) check parameters
[0.176s] Level 1:colcon.colcon_core.package_discovery:discover_packages(prefix_path) discover
[0.177s] DEBUG:colcon.colcon_installed_package_information.package_discovery:Found 2 installed packages in /home/louisdinhh/camera_stereo_ws/install
[0.178s] DEBUG:colcon.colcon_installed_package_information.package_discovery:Found 428 installed packages in /opt/ros/humble
[0.179s] Level 1:colcon.colcon_core.package_discovery:discover_packages(prefix_path) using defaults
[0.205s] Level 5:colcon.colcon_core.verb:set package 'stereo_camera' build argument 'cmake_args' from command line to 'None'
[0.205s] Level 5:colcon.colcon_core.verb:set package 'stereo_camera' build argument 'cmake_target' from command line to 'None'
[0.205s] Level 5:colcon.colcon_core.verb:set package 'stereo_camera' build argument 'cmake_target_skip_unavailable' from command line to 'False'
[0.205s] Level 5:colcon.colcon_core.verb:set package 'stereo_camera' build argument 'cmake_clean_cache' from command line to 'False'
[0.205s] Level 5:colcon.colcon_core.verb:set package 'stereo_camera' build argument 'cmake_clean_first' from command line to 'False'
[0.205s] Level 5:colcon.colcon_core.verb:set package 'stereo_camera' build argument 'cmake_force_configure' from command line to 'False'
[0.205s] Level 5:colcon.colcon_core.verb:set package 'stereo_camera' build argument 'ament_cmake_args' from command line to 'None'
[0.205s] Level 5:colcon.colcon_core.verb:set package 'stereo_camera' build argument 'catkin_cmake_args' from command line to 'None'
[0.205s] Level 5:colcon.colcon_core.verb:set package 'stereo_camera' build argument 'catkin_skip_building_tests' from command line to 'False'
[0.206s] DEBUG:colcon.colcon_core.verb:Building package 'stereo_camera' with the following arguments: {'ament_cmake_args': None, 'build_base': '/home/louisdinhh/camera_stereo_ws/build/stereo_camera', 'catkin_cmake_args': None, 'catkin_skip_building_tests': False, 'cmake_args': None, 'cmake_clean_cache': False, 'cmake_clean_first': False, 'cmake_force_configure': False, 'cmake_target': None, 'cmake_target_skip_unavailable': False, 'install_base': '/home/louisdinhh/camera_stereo_ws/install/stereo_camera', 'merge_install': False, 'path': '/home/louisdinhh/camera_stereo_ws/src/stereo_camera', 'symlink_install': False, 'test_result_base': None}
[0.206s] INFO:colcon.colcon_core.executor:Executing jobs using 'parallel' executor
[0.206s] DEBUG:colcon.colcon_parallel_executor.executor.parallel:run_until_complete
[0.206s] INFO:colcon.colcon_ros.task.ament_cmake.build:Building ROS package in '/home/louisdinhh/camera_stereo_ws/src/stereo_camera' with build type 'ament_cmake'
[0.207s] INFO:colcon.colcon_cmake.task.cmake.build:Building CMake package in '/home/louisdinhh/camera_stereo_ws/src/stereo_camera'
[0.207s] INFO:colcon.colcon_core.plugin_system:Skipping extension 'colcon_core.shell.bat': Not used on non-Windows systems
[0.208s] INFO:colcon.colcon_core.shell:Skip shell extension 'powershell' for command environment: Not usable outside of PowerShell
[0.208s] DEBUG:colcon.colcon_core.shell:Skip shell extension 'dsv' for command environment
[0.213s] DEBUG:colcon.colcon_core.event_handler.log_command:Invoking command in '/home/louisdinhh/camera_stereo_ws/build/stereo_camera': CMAKE_PREFIX_PATH=${CMAKE_PREFIX_PATH}:/opt/ros/humble /usr/bin/cmake --build /home/louisdinhh/camera_stereo_ws/build/stereo_camera -- -j12 -l12
[0.237s] DEBUG:colcon.colcon_core.event_handler.log_command:Invoked command in '/home/louisdinhh/camera_stereo_ws/build/stereo_camera' returned '0': CMAKE_PREFIX_PATH=${CMAKE_PREFIX_PATH}:/opt/ros/humble /usr/bin/cmake --build /home/louisdinhh/camera_stereo_ws/build/stereo_camera -- -j12 -l12
[0.275s] DEBUG:colcon.colcon_core.event_handler.log_command:Invoking command in '/home/louisdinhh/camera_stereo_ws/build/stereo_camera': CMAKE_PREFIX_PATH=${CMAKE_PREFIX_PATH}:/opt/ros/humble /usr/bin/cmake --install /home/louisdinhh/camera_stereo_ws/build/stereo_camera
[0.284s] Level 1:colcon.colcon_core.environment:create_environment_scripts_only(stereo_camera)
[0.284s] DEBUG:colcon.colcon_core.event_handler.log_command:Invoked command in '/home/louisdinhh/camera_stereo_ws/build/stereo_camera' returned '0': CMAKE_PREFIX_PATH=${CMAKE_PREFIX_PATH}:/opt/ros/humble /usr/bin/cmake --install /home/louisdinhh/camera_stereo_ws/build/stereo_camera
[0.286s] Level 1:colcon.colcon_core.environment:checking '/home/louisdinhh/camera_stereo_ws/install/stereo_camera' for CMake module files
[0.286s] Level 1:colcon.colcon_core.environment:checking '/home/louisdinhh/camera_stereo_ws/install/stereo_camera' for CMake config files
[0.286s] Level 1:colcon.colcon_core.shell:create_environment_hook('stereo_camera', 'cmake_prefix_path')
[0.286s] INFO:colcon.colcon_core.shell:Creating environment hook '/home/louisdinhh/camera_stereo_ws/install/stereo_camera/share/stereo_camera/hook/cmake_prefix_path.ps1'
[0.287s] INFO:colcon.colcon_core.shell:Creating environment descriptor '/home/louisdinhh/camera_stereo_ws/install/stereo_camera/share/stereo_camera/hook/cmake_prefix_path.dsv'
[0.287s] INFO:colcon.colcon_core.shell:Creating environment hook '/home/louisdinhh/camera_stereo_ws/install/stereo_camera/share/stereo_camera/hook/cmake_prefix_path.sh'
[0.288s] Level 1:colcon.colcon_core.environment:checking '/home/louisdinhh/camera_stereo_ws/install/stereo_camera/bin'
[0.288s] Level 1:colcon.colcon_core.environment:checking '/home/louisdinhh/camera_stereo_ws/install/stereo_camera/lib/pkgconfig/stereo_camera.pc'
[0.288s] Level 1:colcon.colcon_core.environment:checking '/home/louisdinhh/camera_stereo_ws/install/stereo_camera/lib/python3.10/site-packages'
[0.288s] Level 1:colcon.colcon_core.environment:checking '/home/louisdinhh/camera_stereo_ws/install/stereo_camera/bin'
[0.289s] INFO:colcon.colcon_core.shell:Creating package script '/home/louisdinhh/camera_stereo_ws/install/stereo_camera/share/stereo_camera/package.ps1'
[0.289s] INFO:colcon.colcon_core.shell:Creating package descriptor '/home/louisdinhh/camera_stereo_ws/install/stereo_camera/share/stereo_camera/package.dsv'
[0.290s] INFO:colcon.colcon_core.shell:Creating package script '/home/louisdinhh/camera_stereo_ws/install/stereo_camera/share/stereo_camera/package.sh'
[0.291s] INFO:colcon.colcon_core.shell:Creating package script '/home/louisdinhh/camera_stereo_ws/install/stereo_camera/share/stereo_camera/package.bash'
[0.291s] INFO:colcon.colcon_core.shell:Creating package script '/home/louisdinhh/camera_stereo_ws/install/stereo_camera/share/stereo_camera/package.zsh'
[0.292s] Level 1:colcon.colcon_core.environment:create_file_with_runtime_dependencies(/home/louisdinhh/camera_stereo_ws/install/stereo_camera/share/colcon-core/packages/stereo_camera)
[0.311s] Level 1:colcon.colcon_core.environment:create_environment_scripts_only(stereo_camera)
[0.312s] Level 1:colcon.colcon_core.environment:checking '/home/louisdinhh/camera_stereo_ws/install/stereo_camera' for CMake module files
[0.312s] Level 1:colcon.colcon_core.environment:checking '/home/louisdinhh/camera_stereo_ws/install/stereo_camera' for CMake config files
[0.312s] Level 1:colcon.colcon_core.shell:create_environment_hook('stereo_camera', 'cmake_prefix_path')
[0.313s] INFO:colcon.colcon_core.shell:Creating environment hook '/home/louisdinhh/camera_stereo_ws/install/stereo_camera/share/stereo_camera/hook/cmake_prefix_path.ps1'
[0.313s] INFO:colcon.colcon_core.shell:Creating environment descriptor '/home/louisdinhh/camera_stereo_ws/install/stereo_camera/share/stereo_camera/hook/cmake_prefix_path.dsv'
[0.314s] INFO:colcon.colcon_core.shell:Creating environment hook '/home/louisdinhh/camera_stereo_ws/install/stereo_camera/share/stereo_camera/hook/cmake_prefix_path.sh'
[0.315s] Level 1:colcon.colcon_core.environment:checking '/home/louisdinhh/camera_stereo_ws/install/stereo_camera/bin'
[0.315s] Level 1:colcon.colcon_core.environment:checking '/home/louisdinhh/camera_stereo_ws/install/stereo_camera/lib/pkgconfig/stereo_camera.pc'
[0.315s] Level 1:colcon.colcon_core.environment:checking '/home/louisdinhh/camera_stereo_ws/install/stereo_camera/lib/python3.10/site-packages'
[0.316s] Level 1:colcon.colcon_core.environment:checking '/home/louisdinhh/camera_stereo_ws/install/stereo_camera/bin'
[0.316s] INFO:colcon.colcon_core.shell:Creating package script '/home/louisdinhh/camera_stereo_ws/install/stereo_camera/share/stereo_camera/package.ps1'
[0.317s] INFO:colcon.colcon_core.shell:Creating package descriptor '/home/louisdinhh/camera_stereo_ws/install/stereo_camera/share/stereo_camera/package.dsv'
[0.318s] INFO:colcon.colcon_core.shell:Creating package script '/home/louisdinhh/camera_stereo_ws/install/stereo_camera/share/stereo_camera/package.sh'
[0.319s] INFO:colcon.colcon_core.shell:Creating package script '/home/louisdinhh/camera_stereo_ws/install/stereo_camera/share/stereo_camera/package.bash'
[0.320s] INFO:colcon.colcon_core.shell:Creating package script '/home/louisdinhh/camera_stereo_ws/install/stereo_camera/share/stereo_camera/package.zsh'
[0.321s] Level 1:colcon.colcon_core.environment:create_file_with_runtime_dependencies(/home/louisdinhh/camera_stereo_ws/install/stereo_camera/share/colcon-core/packages/stereo_camera)
[0.321s] DEBUG:colcon.colcon_parallel_executor.executor.parallel:closing loop
[0.322s] DEBUG:colcon.colcon_parallel_executor.executor.parallel:loop closed
[0.322s] DEBUG:colcon.colcon_parallel_executor.executor.parallel:run_until_complete finished with '0'
[0.322s] DEBUG:colcon.colcon_core.event_reactor:joining thread
[0.333s] INFO:colcon.colcon_core.plugin_system:Skipping extension 'colcon_notification.desktop_notification.terminal_notifier': Not used on non-Darwin systems
[0.333s] INFO:colcon.colcon_core.plugin_system:Skipping extension 'colcon_notification.desktop_notification.win32': Not used on non-Windows systems
[0.333s] INFO:colcon.colcon_notification.desktop_notification:Sending desktop notification using 'notify2'
[0.347s] DEBUG:colcon.colcon_core.event_reactor:joined thread
[0.347s] INFO:colcon.colcon_core.shell:Creating prefix script '/home/louisdinhh/camera_stereo_ws/install/local_setup.ps1'
[0.348s] INFO:colcon.colcon_core.shell:Creating prefix util module '/home/louisdinhh/camera_stereo_ws/install/_local_setup_util_ps1.py'
[0.350s] INFO:colcon.colcon_core.shell:Creating prefix chain script '/home/louisdinhh/camera_stereo_ws/install/setup.ps1'
[0.351s] INFO:colcon.colcon_core.shell:Creating prefix script '/home/louisdinhh/camera_stereo_ws/install/local_setup.sh'
[0.351s] INFO:colcon.colcon_core.shell:Creating prefix util module '/home/louisdinhh/camera_stereo_ws/install/_local_setup_util_sh.py'
[0.352s] INFO:colcon.colcon_core.shell:Creating prefix chain script '/home/louisdinhh/camera_stereo_ws/install/setup.sh'
[0.353s] INFO:colcon.colcon_core.shell:Creating prefix script '/home/louisdinhh/camera_stereo_ws/install/local_setup.bash'
[0.354s] INFO:colcon.colcon_core.shell:Creating prefix chain script '/home/louisdinhh/camera_stereo_ws/install/setup.bash'
[0.355s] INFO:colcon.colcon_core.shell:Creating prefix script '/home/louisdinhh/camera_stereo_ws/install/local_setup.zsh'
[0.356s] INFO:colcon.colcon_core.shell:Creating prefix chain script '/home/louisdinhh/camera_stereo_ws/install/setup.zsh'
