[0.030s] Invoking command in '/home/louisdinhh/camera_stereo_ws/build/usb_cam': AMENT_PREFIX_PATH=/home/louisdinhh/camera_stereo_ws/install/camera_info_manager:/home/louisdinhh/camera_stereo_ws/install/image_transport:/home/louisdinhh/camera_stereo_ws/install/camera_calibration_parsers:${AMENT_PREFIX_PATH} CMAKE_PREFIX_PATH=/home/louisdinhh/camera_stereo_ws/install/camera_info_manager:/home/louisdinhh/camera_stereo_ws/install/image_transport:/home/louisdinhh/camera_stereo_ws/install/camera_calibration_parsers:/opt/ros/humble LD_LIBRARY_PATH=/home/louisdinhh/camera_stereo_ws/install/camera_info_manager/lib:/home/louisdinhh/camera_stereo_ws/install/image_transport/lib:/home/louisdinhh/camera_stereo_ws/install/camera_calibration_parsers/lib:${LD_LIBRARY_PATH} /usr/bin/cmake --build /home/louisdinhh/camera_stereo_ws/build/usb_cam -- -j12 -l12
[0.084s] [ 35%] Built target gtest
[0.085s] [ 35%] Built target usb_cam
[0.085s] [ 42%] Built target gtest_main
[0.085s] [ 57%] Built target usb_cam_node_exe
[0.093s] [ 71%] Built target test_pixel_formats
[0.094s] [ 85%] Built target test_usb_cam_utils
[0.098s] [100%] Built target usb_cam_node
[0.112s] Invoked command in '/home/louisdinhh/camera_stereo_ws/build/usb_cam' returned '0': AMENT_PREFIX_PATH=/home/louisdinhh/camera_stereo_ws/install/camera_info_manager:/home/louisdinhh/camera_stereo_ws/install/image_transport:/home/louisdinhh/camera_stereo_ws/install/camera_calibration_parsers:${AMENT_PREFIX_PATH} CMAKE_PREFIX_PATH=/home/louisdinhh/camera_stereo_ws/install/camera_info_manager:/home/louisdinhh/camera_stereo_ws/install/image_transport:/home/louisdinhh/camera_stereo_ws/install/camera_calibration_parsers:/opt/ros/humble LD_LIBRARY_PATH=/home/louisdinhh/camera_stereo_ws/install/camera_info_manager/lib:/home/louisdinhh/camera_stereo_ws/install/image_transport/lib:/home/louisdinhh/camera_stereo_ws/install/camera_calibration_parsers/lib:${LD_LIBRARY_PATH} /usr/bin/cmake --build /home/louisdinhh/camera_stereo_ws/build/usb_cam -- -j12 -l12
[0.152s] Invoking command in '/home/louisdinhh/camera_stereo_ws/build/usb_cam': AMENT_PREFIX_PATH=/home/louisdinhh/camera_stereo_ws/install/camera_info_manager:/home/louisdinhh/camera_stereo_ws/install/image_transport:/home/louisdinhh/camera_stereo_ws/install/camera_calibration_parsers:${AMENT_PREFIX_PATH} CMAKE_PREFIX_PATH=/home/louisdinhh/camera_stereo_ws/install/camera_info_manager:/home/louisdinhh/camera_stereo_ws/install/image_transport:/home/louisdinhh/camera_stereo_ws/install/camera_calibration_parsers:/opt/ros/humble LD_LIBRARY_PATH=/home/louisdinhh/camera_stereo_ws/install/camera_info_manager/lib:/home/louisdinhh/camera_stereo_ws/install/image_transport/lib:/home/louisdinhh/camera_stereo_ws/install/camera_calibration_parsers/lib:${LD_LIBRARY_PATH} /usr/bin/cmake --install /home/louisdinhh/camera_stereo_ws/build/usb_cam
[0.157s] -- Install configuration: ""
[0.157s] -- Up-to-date: /home/louisdinhh/camera_stereo_ws/install/usb_cam/share/usb_cam/environment/library_path.sh
[0.157s] -- Up-to-date: /home/louisdinhh/camera_stereo_ws/install/usb_cam/share/usb_cam/environment/library_path.dsv
[0.157s] -- Up-to-date: /home/louisdinhh/camera_stereo_ws/install/usb_cam/lib/usb_cam/usb_cam_node_exe
[0.157s] -- Up-to-date: /home/louisdinhh/camera_stereo_ws/install/usb_cam/lib/usb_cam/show_image.py
[0.157s] -- Up-to-date: /home/louisdinhh/camera_stereo_ws/install/usb_cam/lib/libusb_cam.so
[0.157s] -- Up-to-date: /home/louisdinhh/camera_stereo_ws/install/usb_cam/lib/libusb_cam_node.so
[0.157s] -- Up-to-date: /home/louisdinhh/camera_stereo_ws/install/usb_cam/include
[0.158s] -- Up-to-date: /home/louisdinhh/camera_stereo_ws/install/usb_cam/include/usb_cam
[0.158s] -- Up-to-date: /home/louisdinhh/camera_stereo_ws/install/usb_cam/include/usb_cam/usb_cam.hpp
[0.158s] -- Up-to-date: /home/louisdinhh/camera_stereo_ws/install/usb_cam/include/usb_cam/formats
[0.158s] -- Up-to-date: /home/louisdinhh/camera_stereo_ws/install/usb_cam/include/usb_cam/formats/yuyv.hpp
[0.158s] -- Up-to-date: /home/louisdinhh/camera_stereo_ws/install/usb_cam/include/usb_cam/formats/uyvy.hpp
[0.158s] -- Up-to-date: /home/louisdinhh/camera_stereo_ws/install/usb_cam/include/usb_cam/formats/rgb.hpp
[0.158s] -- Up-to-date: /home/louisdinhh/camera_stereo_ws/install/usb_cam/include/usb_cam/formats/av_pixel_format_helper.hpp
[0.158s] -- Up-to-date: /home/louisdinhh/camera_stereo_ws/install/usb_cam/include/usb_cam/formats/mjpeg.hpp
[0.158s] -- Up-to-date: /home/louisdinhh/camera_stereo_ws/install/usb_cam/include/usb_cam/formats/mono.hpp
[0.158s] -- Up-to-date: /home/louisdinhh/camera_stereo_ws/install/usb_cam/include/usb_cam/formats/utils.hpp
[0.158s] -- Up-to-date: /home/louisdinhh/camera_stereo_ws/install/usb_cam/include/usb_cam/formats/m420.hpp
[0.158s] -- Up-to-date: /home/louisdinhh/camera_stereo_ws/install/usb_cam/include/usb_cam/formats/pixel_format_base.hpp
[0.159s] -- Up-to-date: /home/louisdinhh/camera_stereo_ws/install/usb_cam/include/usb_cam/utils.hpp
[0.159s] -- Up-to-date: /home/louisdinhh/camera_stereo_ws/install/usb_cam/include/usb_cam/constants.hpp
[0.159s] -- Up-to-date: /home/louisdinhh/camera_stereo_ws/install/usb_cam/include/usb_cam/conversions.hpp
[0.159s] -- Up-to-date: /home/louisdinhh/camera_stereo_ws/install/usb_cam/include/usb_cam/usb_cam_node.hpp
[0.159s] -- Up-to-date: /home/louisdinhh/camera_stereo_ws/install/usb_cam/lib/libusb_cam_node.so
[0.159s] -- Up-to-date: /home/louisdinhh/camera_stereo_ws/install/usb_cam/share/usb_cam/launch
[0.159s] -- Up-to-date: /home/louisdinhh/camera_stereo_ws/install/usb_cam/share/usb_cam/launch/camera_config.py
[0.159s] -- Up-to-date: /home/louisdinhh/camera_stereo_ws/install/usb_cam/share/usb_cam/launch/__init__.py
[0.159s] -- Up-to-date: /home/louisdinhh/camera_stereo_ws/install/usb_cam/share/usb_cam/launch/camera.launch.py
[0.159s] -- Up-to-date: /home/louisdinhh/camera_stereo_ws/install/usb_cam/share/usb_cam/config
[0.159s] -- Up-to-date: /home/louisdinhh/camera_stereo_ws/install/usb_cam/share/usb_cam/config/camera_info.yaml
[0.159s] -- Up-to-date: /home/louisdinhh/camera_stereo_ws/install/usb_cam/share/usb_cam/config/params_1.yaml
[0.159s] -- Up-to-date: /home/louisdinhh/camera_stereo_ws/install/usb_cam/share/usb_cam/config/params_2.yaml
[0.159s] -- Up-to-date: /home/louisdinhh/camera_stereo_ws/install/usb_cam/share/ament_index/resource_index/package_run_dependencies/usb_cam
[0.159s] -- Up-to-date: /home/louisdinhh/camera_stereo_ws/install/usb_cam/share/ament_index/resource_index/parent_prefix_path/usb_cam
[0.159s] -- Up-to-date: /home/louisdinhh/camera_stereo_ws/install/usb_cam/share/usb_cam/environment/ament_prefix_path.sh
[0.159s] -- Up-to-date: /home/louisdinhh/camera_stereo_ws/install/usb_cam/share/usb_cam/environment/ament_prefix_path.dsv
[0.160s] -- Up-to-date: /home/louisdinhh/camera_stereo_ws/install/usb_cam/share/usb_cam/environment/path.sh
[0.160s] -- Up-to-date: /home/louisdinhh/camera_stereo_ws/install/usb_cam/share/usb_cam/environment/path.dsv
[0.160s] -- Up-to-date: /home/louisdinhh/camera_stereo_ws/install/usb_cam/share/usb_cam/local_setup.bash
[0.160s] -- Up-to-date: /home/louisdinhh/camera_stereo_ws/install/usb_cam/share/usb_cam/local_setup.sh
[0.160s] -- Up-to-date: /home/louisdinhh/camera_stereo_ws/install/usb_cam/share/usb_cam/local_setup.zsh
[0.160s] -- Up-to-date: /home/louisdinhh/camera_stereo_ws/install/usb_cam/share/usb_cam/local_setup.dsv
[0.160s] -- Installing: /home/louisdinhh/camera_stereo_ws/install/usb_cam/share/usb_cam/package.dsv
[0.160s] -- Up-to-date: /home/louisdinhh/camera_stereo_ws/install/usb_cam/share/ament_index/resource_index/packages/usb_cam
[0.160s] -- Up-to-date: /home/louisdinhh/camera_stereo_ws/install/usb_cam/share/ament_index/resource_index/rclcpp_components/usb_cam
[0.160s] -- Up-to-date: /home/louisdinhh/camera_stereo_ws/install/usb_cam/share/usb_cam/cmake/ament_cmake_export_libraries-extras.cmake
[0.160s] -- Up-to-date: /home/louisdinhh/camera_stereo_ws/install/usb_cam/share/usb_cam/cmake/ament_cmake_export_dependencies-extras.cmake
[0.160s] -- Up-to-date: /home/louisdinhh/camera_stereo_ws/install/usb_cam/share/usb_cam/cmake/ament_cmake_export_include_directories-extras.cmake
[0.160s] -- Up-to-date: /home/louisdinhh/camera_stereo_ws/install/usb_cam/share/usb_cam/cmake/usb_camConfig.cmake
[0.160s] -- Up-to-date: /home/louisdinhh/camera_stereo_ws/install/usb_cam/share/usb_cam/cmake/usb_camConfig-version.cmake
[0.161s] -- Up-to-date: /home/louisdinhh/camera_stereo_ws/install/usb_cam/share/usb_cam/package.xml
[0.166s] Invoked command in '/home/louisdinhh/camera_stereo_ws/build/usb_cam' returned '0': AMENT_PREFIX_PATH=/home/louisdinhh/camera_stereo_ws/install/camera_info_manager:/home/louisdinhh/camera_stereo_ws/install/image_transport:/home/louisdinhh/camera_stereo_ws/install/camera_calibration_parsers:${AMENT_PREFIX_PATH} CMAKE_PREFIX_PATH=/home/louisdinhh/camera_stereo_ws/install/camera_info_manager:/home/louisdinhh/camera_stereo_ws/install/image_transport:/home/louisdinhh/camera_stereo_ws/install/camera_calibration_parsers:/opt/ros/humble LD_LIBRARY_PATH=/home/louisdinhh/camera_stereo_ws/install/camera_info_manager/lib:/home/louisdinhh/camera_stereo_ws/install/image_transport/lib:/home/louisdinhh/camera_stereo_ws/install/camera_calibration_parsers/lib:${LD_LIBRARY_PATH} /usr/bin/cmake --install /home/louisdinhh/camera_stereo_ws/build/usb_cam
