[0.070s] DEBUG:colcon:Command line arguments: ['/usr/bin/colcon', 'list', '-p', '--base-paths', '/home/louisdinhh/camera_360_ws']
[0.071s] DEBUG:colcon:Parsed command line arguments: Namespace(log_base=None, log_level=None, verb_name='list', build_base='build', ignore_user_meta=False, metas=['./colcon.meta'], base_paths=['/home/louisdinhh/camera_360_ws'], packages_ignore=None, packages_ignore_regex=None, paths=None, packages_up_to=None, packages_up_to_regex=None, packages_above=None, packages_above_and_dependencies=None, packages_above_depth=None, packages_select_by_dep=None, packages_skip_by_dep=None, packages_skip_up_to=None, packages_select_build_failed=False, packages_skip_build_finished=False, packages_select_test_failures=False, packages_skip_test_passed=False, packages_select=None, packages_skip=None, packages_select_regex=None, packages_skip_regex=None, packages_start=None, packages_end=None, allow_overriding=[], topological_order=False, names_only=False, paths_only=True, topological_graph=False, topological_graph_dot=False, topological_graph_density=False, topological_graph_legend=False, topological_graph_dot_cluster=False, topological_graph_dot_include_skipped=False, mixin_files=None, mixin=None, verb_parser=<colcon_mixin.mixin.mixin_argument.MixinArgumentDecorator object at 0x7e8707b30820>, verb_extension=<colcon_package_information.verb.list.ListVerb object at 0x7e8707afb9d0>, main=<bound method ListVerb.main of <colcon_package_information.verb.list.ListVerb object at 0x7e8707afb9d0>>, mixin_verb=('list',))
[0.192s] Level 1:colcon.colcon_core.package_discovery:discover_packages(colcon_meta) check parameters
[0.192s] Level 1:colcon.colcon_core.package_discovery:discover_packages(recursive) check parameters
[0.192s] Level 1:colcon.colcon_core.package_discovery:discover_packages(ignore) check parameters
[0.192s] Level 1:colcon.colcon_core.package_discovery:discover_packages(path) check parameters
[0.192s] Level 1:colcon.colcon_core.package_discovery:discover_packages(recursive) discover
[0.192s] INFO:colcon.colcon_core.package_discovery:Crawling recursively for packages in '/home/louisdinhh/camera_360_ws'
[0.192s] Level 1:colcon.colcon_core.package_identification:_identify(/home/louisdinhh/camera_360_ws) by extensions ['ignore', 'ignore_ament_install']
[0.193s] Level 1:colcon.colcon_core.package_identification:_identify(/home/louisdinhh/camera_360_ws) by extension 'ignore'
[0.193s] Level 1:colcon.colcon_core.package_identification:_identify(/home/louisdinhh/camera_360_ws) by extension 'ignore_ament_install'
[0.193s] Level 1:colcon.colcon_core.package_identification:_identify(/home/louisdinhh/camera_360_ws) by extensions ['colcon_pkg']
[0.193s] Level 1:colcon.colcon_core.package_identification:_identify(/home/louisdinhh/camera_360_ws) by extension 'colcon_pkg'
[0.193s] Level 1:colcon.colcon_core.package_identification:_identify(/home/louisdinhh/camera_360_ws) by extensions ['colcon_meta']
[0.193s] Level 1:colcon.colcon_core.package_identification:_identify(/home/louisdinhh/camera_360_ws) by extension 'colcon_meta'
[0.193s] Level 1:colcon.colcon_core.package_identification:_identify(/home/louisdinhh/camera_360_ws) by extensions ['ros']
[0.193s] Level 1:colcon.colcon_core.package_identification:_identify(/home/louisdinhh/camera_360_ws) by extension 'ros'
[0.200s] Level 1:colcon.colcon_core.package_identification:_identify(/home/louisdinhh/camera_360_ws) by extensions ['cmake', 'python']
[0.200s] Level 1:colcon.colcon_core.package_identification:_identify(/home/louisdinhh/camera_360_ws) by extension 'cmake'
[0.200s] Level 1:colcon.colcon_core.package_identification:_identify(/home/louisdinhh/camera_360_ws) by extension 'python'
[0.200s] Level 1:colcon.colcon_core.package_identification:_identify(/home/louisdinhh/camera_360_ws) by extensions ['python_setup_py']
[0.200s] Level 1:colcon.colcon_core.package_identification:_identify(/home/louisdinhh/camera_360_ws) by extension 'python_setup_py'
[0.200s] Level 1:colcon.colcon_core.package_identification:_identify(/home/louisdinhh/camera_360_ws/build) by extensions ['ignore', 'ignore_ament_install']
[0.200s] Level 1:colcon.colcon_core.package_identification:_identify(/home/louisdinhh/camera_360_ws/build) by extension 'ignore'
[0.200s] Level 1:colcon.colcon_core.package_identification:_identify(/home/louisdinhh/camera_360_ws/build) ignored
[0.200s] Level 1:colcon.colcon_core.package_identification:_identify(/home/louisdinhh/camera_360_ws/install) by extensions ['ignore', 'ignore_ament_install']
[0.200s] Level 1:colcon.colcon_core.package_identification:_identify(/home/louisdinhh/camera_360_ws/install) by extension 'ignore'
[0.200s] Level 1:colcon.colcon_core.package_identification:_identify(/home/louisdinhh/camera_360_ws/install) ignored
[0.201s] Level 1:colcon.colcon_core.package_identification:_identify(/home/louisdinhh/camera_360_ws/log) by extensions ['ignore', 'ignore_ament_install']
[0.201s] Level 1:colcon.colcon_core.package_identification:_identify(/home/louisdinhh/camera_360_ws/log) by extension 'ignore'
[0.201s] Level 1:colcon.colcon_core.package_identification:_identify(/home/louisdinhh/camera_360_ws/log) ignored
[0.201s] Level 1:colcon.colcon_core.package_identification:_identify(/home/louisdinhh/camera_360_ws/src) by extensions ['ignore', 'ignore_ament_install']
[0.201s] Level 1:colcon.colcon_core.package_identification:_identify(/home/louisdinhh/camera_360_ws/src) by extension 'ignore'
[0.201s] Level 1:colcon.colcon_core.package_identification:_identify(/home/louisdinhh/camera_360_ws/src) by extension 'ignore_ament_install'
[0.201s] Level 1:colcon.colcon_core.package_identification:_identify(/home/louisdinhh/camera_360_ws/src) by extensions ['colcon_pkg']
[0.201s] Level 1:colcon.colcon_core.package_identification:_identify(/home/louisdinhh/camera_360_ws/src) by extension 'colcon_pkg'
[0.201s] Level 1:colcon.colcon_core.package_identification:_identify(/home/louisdinhh/camera_360_ws/src) by extensions ['colcon_meta']
[0.201s] Level 1:colcon.colcon_core.package_identification:_identify(/home/louisdinhh/camera_360_ws/src) by extension 'colcon_meta'
[0.201s] Level 1:colcon.colcon_core.package_identification:_identify(/home/louisdinhh/camera_360_ws/src) by extensions ['ros']
[0.201s] Level 1:colcon.colcon_core.package_identification:_identify(/home/louisdinhh/camera_360_ws/src) by extension 'ros'
[0.201s] Level 1:colcon.colcon_core.package_identification:_identify(/home/louisdinhh/camera_360_ws/src) by extensions ['cmake', 'python']
[0.201s] Level 1:colcon.colcon_core.package_identification:_identify(/home/louisdinhh/camera_360_ws/src) by extension 'cmake'
[0.201s] Level 1:colcon.colcon_core.package_identification:_identify(/home/louisdinhh/camera_360_ws/src) by extension 'python'
[0.201s] Level 1:colcon.colcon_core.package_identification:_identify(/home/louisdinhh/camera_360_ws/src) by extensions ['python_setup_py']
[0.201s] Level 1:colcon.colcon_core.package_identification:_identify(/home/louisdinhh/camera_360_ws/src) by extension 'python_setup_py'
[0.201s] Level 1:colcon.colcon_core.package_identification:_identify(/home/louisdinhh/camera_360_ws/src/hackathon-2024-main) by extensions ['ignore', 'ignore_ament_install']
[0.201s] Level 1:colcon.colcon_core.package_identification:_identify(/home/louisdinhh/camera_360_ws/src/hackathon-2024-main) by extension 'ignore'
[0.201s] Level 1:colcon.colcon_core.package_identification:_identify(/home/louisdinhh/camera_360_ws/src/hackathon-2024-main) by extension 'ignore_ament_install'
[0.201s] Level 1:colcon.colcon_core.package_identification:_identify(/home/louisdinhh/camera_360_ws/src/hackathon-2024-main) by extensions ['colcon_pkg']
[0.201s] Level 1:colcon.colcon_core.package_identification:_identify(/home/louisdinhh/camera_360_ws/src/hackathon-2024-main) by extension 'colcon_pkg'
[0.201s] Level 1:colcon.colcon_core.package_identification:_identify(/home/louisdinhh/camera_360_ws/src/hackathon-2024-main) by extensions ['colcon_meta']
[0.201s] Level 1:colcon.colcon_core.package_identification:_identify(/home/louisdinhh/camera_360_ws/src/hackathon-2024-main) by extension 'colcon_meta'
[0.201s] Level 1:colcon.colcon_core.package_identification:_identify(/home/louisdinhh/camera_360_ws/src/hackathon-2024-main) by extensions ['ros']
[0.201s] Level 1:colcon.colcon_core.package_identification:_identify(/home/louisdinhh/camera_360_ws/src/hackathon-2024-main) by extension 'ros'
[0.201s] Level 1:colcon.colcon_core.package_identification:_identify(/home/louisdinhh/camera_360_ws/src/hackathon-2024-main) by extensions ['cmake', 'python']
[0.201s] Level 1:colcon.colcon_core.package_identification:_identify(/home/louisdinhh/camera_360_ws/src/hackathon-2024-main) by extension 'cmake'
[0.201s] Level 1:colcon.colcon_core.package_identification:_identify(/home/louisdinhh/camera_360_ws/src/hackathon-2024-main) by extension 'python'
[0.201s] Level 1:colcon.colcon_core.package_identification:_identify(/home/louisdinhh/camera_360_ws/src/hackathon-2024-main) by extensions ['python_setup_py']
[0.201s] Level 1:colcon.colcon_core.package_identification:_identify(/home/louisdinhh/camera_360_ws/src/hackathon-2024-main) by extension 'python_setup_py'
[0.202s] Level 1:colcon.colcon_core.package_identification:_identify(/home/louisdinhh/camera_360_ws/src/hackathon-2024-main/workspace) by extensions ['ignore', 'ignore_ament_install']
[0.202s] Level 1:colcon.colcon_core.package_identification:_identify(/home/louisdinhh/camera_360_ws/src/hackathon-2024-main/workspace) by extension 'ignore'
[0.202s] Level 1:colcon.colcon_core.package_identification:_identify(/home/louisdinhh/camera_360_ws/src/hackathon-2024-main/workspace) by extension 'ignore_ament_install'
[0.202s] Level 1:colcon.colcon_core.package_identification:_identify(/home/louisdinhh/camera_360_ws/src/hackathon-2024-main/workspace) by extensions ['colcon_pkg']
[0.202s] Level 1:colcon.colcon_core.package_identification:_identify(/home/louisdinhh/camera_360_ws/src/hackathon-2024-main/workspace) by extension 'colcon_pkg'
[0.202s] Level 1:colcon.colcon_core.package_identification:_identify(/home/louisdinhh/camera_360_ws/src/hackathon-2024-main/workspace) by extensions ['colcon_meta']
[0.202s] Level 1:colcon.colcon_core.package_identification:_identify(/home/louisdinhh/camera_360_ws/src/hackathon-2024-main/workspace) by extension 'colcon_meta'
[0.202s] Level 1:colcon.colcon_core.package_identification:_identify(/home/louisdinhh/camera_360_ws/src/hackathon-2024-main/workspace) by extensions ['ros']
[0.202s] Level 1:colcon.colcon_core.package_identification:_identify(/home/louisdinhh/camera_360_ws/src/hackathon-2024-main/workspace) by extension 'ros'
[0.202s] Level 1:colcon.colcon_core.package_identification:_identify(/home/louisdinhh/camera_360_ws/src/hackathon-2024-main/workspace) by extensions ['cmake', 'python']
[0.202s] Level 1:colcon.colcon_core.package_identification:_identify(/home/louisdinhh/camera_360_ws/src/hackathon-2024-main/workspace) by extension 'cmake'
[0.202s] Level 1:colcon.colcon_core.package_identification:_identify(/home/louisdinhh/camera_360_ws/src/hackathon-2024-main/workspace) by extension 'python'
[0.202s] Level 1:colcon.colcon_core.package_identification:_identify(/home/louisdinhh/camera_360_ws/src/hackathon-2024-main/workspace) by extensions ['python_setup_py']
[0.202s] Level 1:colcon.colcon_core.package_identification:_identify(/home/louisdinhh/camera_360_ws/src/hackathon-2024-main/workspace) by extension 'python_setup_py'
[0.202s] Level 1:colcon.colcon_core.package_identification:_identify(/home/louisdinhh/camera_360_ws/src/hackathon-2024-main/workspace/bags) by extensions ['ignore', 'ignore_ament_install']
[0.202s] Level 1:colcon.colcon_core.package_identification:_identify(/home/louisdinhh/camera_360_ws/src/hackathon-2024-main/workspace/bags) by extension 'ignore'
[0.202s] Level 1:colcon.colcon_core.package_identification:_identify(/home/louisdinhh/camera_360_ws/src/hackathon-2024-main/workspace/bags) by extension 'ignore_ament_install'
[0.202s] Level 1:colcon.colcon_core.package_identification:_identify(/home/louisdinhh/camera_360_ws/src/hackathon-2024-main/workspace/bags) by extensions ['colcon_pkg']
[0.202s] Level 1:colcon.colcon_core.package_identification:_identify(/home/louisdinhh/camera_360_ws/src/hackathon-2024-main/workspace/bags) by extension 'colcon_pkg'
[0.202s] Level 1:colcon.colcon_core.package_identification:_identify(/home/louisdinhh/camera_360_ws/src/hackathon-2024-main/workspace/bags) by extensions ['colcon_meta']
[0.202s] Level 1:colcon.colcon_core.package_identification:_identify(/home/louisdinhh/camera_360_ws/src/hackathon-2024-main/workspace/bags) by extension 'colcon_meta'
[0.202s] Level 1:colcon.colcon_core.package_identification:_identify(/home/louisdinhh/camera_360_ws/src/hackathon-2024-main/workspace/bags) by extensions ['ros']
[0.202s] Level 1:colcon.colcon_core.package_identification:_identify(/home/louisdinhh/camera_360_ws/src/hackathon-2024-main/workspace/bags) by extension 'ros'
[0.202s] Level 1:colcon.colcon_core.package_identification:_identify(/home/louisdinhh/camera_360_ws/src/hackathon-2024-main/workspace/bags) by extensions ['cmake', 'python']
[0.202s] Level 1:colcon.colcon_core.package_identification:_identify(/home/louisdinhh/camera_360_ws/src/hackathon-2024-main/workspace/bags) by extension 'cmake'
[0.202s] Level 1:colcon.colcon_core.package_identification:_identify(/home/louisdinhh/camera_360_ws/src/hackathon-2024-main/workspace/bags) by extension 'python'
[0.202s] Level 1:colcon.colcon_core.package_identification:_identify(/home/louisdinhh/camera_360_ws/src/hackathon-2024-main/workspace/bags) by extensions ['python_setup_py']
[0.202s] Level 1:colcon.colcon_core.package_identification:_identify(/home/louisdinhh/camera_360_ws/src/hackathon-2024-main/workspace/bags) by extension 'python_setup_py'
[0.202s] Level 1:colcon.colcon_core.package_identification:_identify(/home/louisdinhh/camera_360_ws/src/hackathon-2024-main/workspace/bags/camera_bag) by extensions ['ignore', 'ignore_ament_install']
[0.202s] Level 1:colcon.colcon_core.package_identification:_identify(/home/louisdinhh/camera_360_ws/src/hackathon-2024-main/workspace/bags/camera_bag) by extension 'ignore'
[0.202s] Level 1:colcon.colcon_core.package_identification:_identify(/home/louisdinhh/camera_360_ws/src/hackathon-2024-main/workspace/bags/camera_bag) by extension 'ignore_ament_install'
[0.202s] Level 1:colcon.colcon_core.package_identification:_identify(/home/louisdinhh/camera_360_ws/src/hackathon-2024-main/workspace/bags/camera_bag) by extensions ['colcon_pkg']
[0.202s] Level 1:colcon.colcon_core.package_identification:_identify(/home/louisdinhh/camera_360_ws/src/hackathon-2024-main/workspace/bags/camera_bag) by extension 'colcon_pkg'
[0.202s] Level 1:colcon.colcon_core.package_identification:_identify(/home/louisdinhh/camera_360_ws/src/hackathon-2024-main/workspace/bags/camera_bag) by extensions ['colcon_meta']
[0.202s] Level 1:colcon.colcon_core.package_identification:_identify(/home/louisdinhh/camera_360_ws/src/hackathon-2024-main/workspace/bags/camera_bag) by extension 'colcon_meta'
[0.202s] Level 1:colcon.colcon_core.package_identification:_identify(/home/louisdinhh/camera_360_ws/src/hackathon-2024-main/workspace/bags/camera_bag) by extensions ['ros']
[0.202s] Level 1:colcon.colcon_core.package_identification:_identify(/home/louisdinhh/camera_360_ws/src/hackathon-2024-main/workspace/bags/camera_bag) by extension 'ros'
[0.203s] Level 1:colcon.colcon_core.package_identification:_identify(/home/louisdinhh/camera_360_ws/src/hackathon-2024-main/workspace/bags/camera_bag) by extensions ['cmake', 'python']
[0.203s] Level 1:colcon.colcon_core.package_identification:_identify(/home/louisdinhh/camera_360_ws/src/hackathon-2024-main/workspace/bags/camera_bag) by extension 'cmake'
[0.203s] Level 1:colcon.colcon_core.package_identification:_identify(/home/louisdinhh/camera_360_ws/src/hackathon-2024-main/workspace/bags/camera_bag) by extension 'python'
[0.203s] Level 1:colcon.colcon_core.package_identification:_identify(/home/louisdinhh/camera_360_ws/src/hackathon-2024-main/workspace/bags/camera_bag) by extensions ['python_setup_py']
[0.203s] Level 1:colcon.colcon_core.package_identification:_identify(/home/louisdinhh/camera_360_ws/src/hackathon-2024-main/workspace/bags/camera_bag) by extension 'python_setup_py'
[0.203s] Level 1:colcon.colcon_core.package_identification:_identify(/home/louisdinhh/camera_360_ws/src/hackathon-2024-main/workspace/src) by extensions ['ignore', 'ignore_ament_install']
[0.203s] Level 1:colcon.colcon_core.package_identification:_identify(/home/louisdinhh/camera_360_ws/src/hackathon-2024-main/workspace/src) by extension 'ignore'
[0.203s] Level 1:colcon.colcon_core.package_identification:_identify(/home/louisdinhh/camera_360_ws/src/hackathon-2024-main/workspace/src) by extension 'ignore_ament_install'
[0.203s] Level 1:colcon.colcon_core.package_identification:_identify(/home/louisdinhh/camera_360_ws/src/hackathon-2024-main/workspace/src) by extensions ['colcon_pkg']
[0.203s] Level 1:colcon.colcon_core.package_identification:_identify(/home/louisdinhh/camera_360_ws/src/hackathon-2024-main/workspace/src) by extension 'colcon_pkg'
[0.203s] Level 1:colcon.colcon_core.package_identification:_identify(/home/louisdinhh/camera_360_ws/src/hackathon-2024-main/workspace/src) by extensions ['colcon_meta']
[0.203s] Level 1:colcon.colcon_core.package_identification:_identify(/home/louisdinhh/camera_360_ws/src/hackathon-2024-main/workspace/src) by extension 'colcon_meta'
[0.203s] Level 1:colcon.colcon_core.package_identification:_identify(/home/louisdinhh/camera_360_ws/src/hackathon-2024-main/workspace/src) by extensions ['ros']
[0.203s] Level 1:colcon.colcon_core.package_identification:_identify(/home/louisdinhh/camera_360_ws/src/hackathon-2024-main/workspace/src) by extension 'ros'
[0.203s] Level 1:colcon.colcon_core.package_identification:_identify(/home/louisdinhh/camera_360_ws/src/hackathon-2024-main/workspace/src) by extensions ['cmake', 'python']
[0.203s] Level 1:colcon.colcon_core.package_identification:_identify(/home/louisdinhh/camera_360_ws/src/hackathon-2024-main/workspace/src) by extension 'cmake'
[0.203s] Level 1:colcon.colcon_core.package_identification:_identify(/home/louisdinhh/camera_360_ws/src/hackathon-2024-main/workspace/src) by extension 'python'
[0.203s] Level 1:colcon.colcon_core.package_identification:_identify(/home/louisdinhh/camera_360_ws/src/hackathon-2024-main/workspace/src) by extensions ['python_setup_py']
[0.203s] Level 1:colcon.colcon_core.package_identification:_identify(/home/louisdinhh/camera_360_ws/src/hackathon-2024-main/workspace/src) by extension 'python_setup_py'
[0.203s] Level 1:colcon.colcon_core.package_identification:_identify(/home/louisdinhh/camera_360_ws/src/hackathon-2024-main/workspace/src/chironix_camera) by extensions ['ignore', 'ignore_ament_install']
[0.203s] Level 1:colcon.colcon_core.package_identification:_identify(/home/louisdinhh/camera_360_ws/src/hackathon-2024-main/workspace/src/chironix_camera) by extension 'ignore'
[0.203s] Level 1:colcon.colcon_core.package_identification:_identify(/home/louisdinhh/camera_360_ws/src/hackathon-2024-main/workspace/src/chironix_camera) by extension 'ignore_ament_install'
[0.203s] Level 1:colcon.colcon_core.package_identification:_identify(/home/louisdinhh/camera_360_ws/src/hackathon-2024-main/workspace/src/chironix_camera) by extensions ['colcon_pkg']
[0.203s] Level 1:colcon.colcon_core.package_identification:_identify(/home/louisdinhh/camera_360_ws/src/hackathon-2024-main/workspace/src/chironix_camera) by extension 'colcon_pkg'
[0.203s] Level 1:colcon.colcon_core.package_identification:_identify(/home/louisdinhh/camera_360_ws/src/hackathon-2024-main/workspace/src/chironix_camera) by extensions ['colcon_meta']
[0.203s] Level 1:colcon.colcon_core.package_identification:_identify(/home/louisdinhh/camera_360_ws/src/hackathon-2024-main/workspace/src/chironix_camera) by extension 'colcon_meta'
[0.203s] Level 1:colcon.colcon_core.package_identification:_identify(/home/louisdinhh/camera_360_ws/src/hackathon-2024-main/workspace/src/chironix_camera) by extensions ['ros']
[0.203s] Level 1:colcon.colcon_core.package_identification:_identify(/home/louisdinhh/camera_360_ws/src/hackathon-2024-main/workspace/src/chironix_camera) by extension 'ros'
[0.205s] DEBUG:colcon.colcon_core.package_identification:Package '/home/louisdinhh/camera_360_ws/src/hackathon-2024-main/workspace/src/chironix_camera' with type 'ros.ament_python' and name 'chironix_camera'
[0.206s] Level 1:colcon.colcon_core.package_identification:_identify(/home/louisdinhh/camera_360_ws/src/hackathon-2024-main/workspace/src/chironix_image_pipeline) by extensions ['ignore', 'ignore_ament_install']
[0.206s] Level 1:colcon.colcon_core.package_identification:_identify(/home/louisdinhh/camera_360_ws/src/hackathon-2024-main/workspace/src/chironix_image_pipeline) by extension 'ignore'
[0.206s] Level 1:colcon.colcon_core.package_identification:_identify(/home/louisdinhh/camera_360_ws/src/hackathon-2024-main/workspace/src/chironix_image_pipeline) by extension 'ignore_ament_install'
[0.206s] Level 1:colcon.colcon_core.package_identification:_identify(/home/louisdinhh/camera_360_ws/src/hackathon-2024-main/workspace/src/chironix_image_pipeline) by extensions ['colcon_pkg']
[0.206s] Level 1:colcon.colcon_core.package_identification:_identify(/home/louisdinhh/camera_360_ws/src/hackathon-2024-main/workspace/src/chironix_image_pipeline) by extension 'colcon_pkg'
[0.206s] Level 1:colcon.colcon_core.package_identification:_identify(/home/louisdinhh/camera_360_ws/src/hackathon-2024-main/workspace/src/chironix_image_pipeline) by extensions ['colcon_meta']
[0.206s] Level 1:colcon.colcon_core.package_identification:_identify(/home/louisdinhh/camera_360_ws/src/hackathon-2024-main/workspace/src/chironix_image_pipeline) by extension 'colcon_meta'
[0.206s] Level 1:colcon.colcon_core.package_identification:_identify(/home/louisdinhh/camera_360_ws/src/hackathon-2024-main/workspace/src/chironix_image_pipeline) by extensions ['ros']
[0.206s] Level 1:colcon.colcon_core.package_identification:_identify(/home/louisdinhh/camera_360_ws/src/hackathon-2024-main/workspace/src/chironix_image_pipeline) by extension 'ros'
[0.206s] DEBUG:colcon.colcon_core.package_identification:Package '/home/louisdinhh/camera_360_ws/src/hackathon-2024-main/workspace/src/chironix_image_pipeline' with type 'ros.ament_cmake' and name 'chironix_image_pipeline'
[0.207s] Level 1:colcon.colcon_core.package_identification:_identify(/home/louisdinhh/camera_360_ws/src/panorama_cam) by extensions ['ignore', 'ignore_ament_install']
[0.207s] Level 1:colcon.colcon_core.package_identification:_identify(/home/louisdinhh/camera_360_ws/src/panorama_cam) by extension 'ignore'
[0.207s] Level 1:colcon.colcon_core.package_identification:_identify(/home/louisdinhh/camera_360_ws/src/panorama_cam) by extension 'ignore_ament_install'
[0.207s] Level 1:colcon.colcon_core.package_identification:_identify(/home/louisdinhh/camera_360_ws/src/panorama_cam) by extensions ['colcon_pkg']
[0.207s] Level 1:colcon.colcon_core.package_identification:_identify(/home/louisdinhh/camera_360_ws/src/panorama_cam) by extension 'colcon_pkg'
[0.207s] Level 1:colcon.colcon_core.package_identification:_identify(/home/louisdinhh/camera_360_ws/src/panorama_cam) by extensions ['colcon_meta']
[0.207s] Level 1:colcon.colcon_core.package_identification:_identify(/home/louisdinhh/camera_360_ws/src/panorama_cam) by extension 'colcon_meta'
[0.207s] Level 1:colcon.colcon_core.package_identification:_identify(/home/louisdinhh/camera_360_ws/src/panorama_cam) by extensions ['ros']
[0.207s] Level 1:colcon.colcon_core.package_identification:_identify(/home/louisdinhh/camera_360_ws/src/panorama_cam) by extension 'ros'
[0.207s] DEBUG:colcon.colcon_core.package_identification:Package '/home/louisdinhh/camera_360_ws/src/panorama_cam' with type 'ros.ament_python' and name 'panorama_cam'
[0.208s] Level 1:colcon.colcon_core.package_identification:_identify(/home/louisdinhh/camera_360_ws/src/surround_cam) by extensions ['ignore', 'ignore_ament_install']
[0.208s] Level 1:colcon.colcon_core.package_identification:_identify(/home/louisdinhh/camera_360_ws/src/surround_cam) by extension 'ignore'
[0.208s] Level 1:colcon.colcon_core.package_identification:_identify(/home/louisdinhh/camera_360_ws/src/surround_cam) by extension 'ignore_ament_install'
[0.208s] Level 1:colcon.colcon_core.package_identification:_identify(/home/louisdinhh/camera_360_ws/src/surround_cam) by extensions ['colcon_pkg']
[0.208s] Level 1:colcon.colcon_core.package_identification:_identify(/home/louisdinhh/camera_360_ws/src/surround_cam) by extension 'colcon_pkg'
[0.208s] Level 1:colcon.colcon_core.package_identification:_identify(/home/louisdinhh/camera_360_ws/src/surround_cam) by extensions ['colcon_meta']
[0.208s] Level 1:colcon.colcon_core.package_identification:_identify(/home/louisdinhh/camera_360_ws/src/surround_cam) by extension 'colcon_meta'
[0.208s] Level 1:colcon.colcon_core.package_identification:_identify(/home/louisdinhh/camera_360_ws/src/surround_cam) by extensions ['ros']
[0.208s] Level 1:colcon.colcon_core.package_identification:_identify(/home/louisdinhh/camera_360_ws/src/surround_cam) by extension 'ros'
[0.208s] DEBUG:colcon.colcon_core.package_identification:Package '/home/louisdinhh/camera_360_ws/src/surround_cam' with type 'ros.ament_python' and name 'surround_cam'
[0.208s] Level 1:colcon.colcon_core.package_discovery:discover_packages(recursive) using defaults
