[0.011s] Invoking command in '/home/louisdinhh/camera_stereo_ws/build/stereo_image_proc': AMENT_PREFIX_PATH=/home/louisdinhh/camera_stereo_ws/install/image_proc:/home/louisdinhh/camera_stereo_ws/install/tracetools_image_pipeline:/home/louisdinhh/camera_stereo_ws/install/image_transport:${AMENT_PREFIX_PATH} CMAKE_PREFIX_PATH=/home/louisdinhh/camera_stereo_ws/install/image_proc:/home/louisdinhh/camera_stereo_ws/install/tracetools_image_pipeline:/home/louisdinhh/camera_stereo_ws/install/image_transport:/home/louisdinhh/camera_stereo_ws/install/stereo_camera:/opt/ros/humble LD_LIBRARY_PATH=/home/louisdinhh/camera_stereo_ws/install/image_proc/lib:/home/louisdinhh/camera_stereo_ws/install/tracetools_image_pipeline/lib:/home/louisdinhh/camera_stereo_ws/install/image_transport/lib:${LD_LIBRARY_PATH} PATH=/home/louisdinhh/camera_stereo_ws/install/image_proc/bin:${PATH} /usr/bin/cmake /home/louisdinhh/camera_stereo_ws/src/image_pipeline/stereo_image_proc -DCMAKE_INSTALL_PREFIX=/home/louisdinhh/camera_stereo_ws/install/stereo_image_proc
[0.043s] -- The C compiler identification is GNU 11.4.0
[0.079s] -- The CXX compiler identification is GNU 11.4.0
[0.083s] -- Detecting C compiler ABI info
[0.133s] -- Detecting C compiler ABI info - done
[0.139s] -- Check for working C compiler: /usr/bin/cc - skipped
[0.140s] -- Detecting C compile features
[0.140s] -- Detecting C compile features - done
[0.143s] -- Detecting CXX compiler ABI info
[0.223s] -- Detecting CXX compiler ABI info - done
[0.228s] -- Check for working CXX compiler: /usr/bin/c++ - skipped
[0.228s] -- Detecting CXX compile features
[0.228s] -- Detecting CXX compile features - done
[0.231s] -- Found ament_cmake_auto: 1.3.10 (/opt/ros/humble/share/ament_cmake_auto/cmake)
[0.331s] -- Found Python3: /usr/bin/python3 (found version "3.10.12") found components: Interpreter 
[0.458s] -- Found rosidl_generator_c: 3.1.5 (/opt/ros/humble/share/rosidl_generator_c/cmake)
[0.461s] -- Found rosidl_adapter: 3.1.5 (/opt/ros/humble/share/rosidl_adapter/cmake)
[0.466s] -- Found rosidl_generator_cpp: 3.1.5 (/opt/ros/humble/share/rosidl_generator_cpp/cmake)
[0.474s] -- Using all available rosidl_typesupport_c: rosidl_typesupport_fastrtps_c;rosidl_typesupport_introspection_c
[0.483s] -- Using all available rosidl_typesupport_cpp: rosidl_typesupport_fastrtps_cpp;rosidl_typesupport_introspection_cpp
[0.548s] -- Found rmw_implementation_cmake: 6.1.2 (/opt/ros/humble/share/rmw_implementation_cmake/cmake)
[0.550s] -- Found rmw_fastrtps_cpp: 6.2.7 (/opt/ros/humble/share/rmw_fastrtps_cpp/cmake)
[0.598s] -- Found OpenSSL: /usr/lib/x86_64-linux-gnu/libcrypto.so (found version "3.0.2")  
[0.615s] -- Found FastRTPS: /opt/ros/humble/include  
[0.639s] -- Using RMW implementation 'rmw_fastrtps_cpp' as default
[0.644s] -- Looking for pthread.h
[0.702s] -- Looking for pthread.h - found
[0.702s] -- Performing Test CMAKE_HAVE_LIBC_PTHREAD
[0.775s] -- Performing Test CMAKE_HAVE_LIBC_PTHREAD - Success
[0.775s] -- Found Threads: TRUE  
[0.848s] -- Found OpenCV: /usr (found version "4.5.4") 
[0.855s] -- Found ament_lint_auto: 0.12.11 (/opt/ros/humble/share/ament_lint_auto/cmake)
[0.887s] -- Found python_cmake_module: 0.10.0 (/opt/ros/humble/share/python_cmake_module/cmake)
[0.900s] -- Found PythonInterp: /usr/bin/python3 (found suitable version "3.10.12", minimum required is "3.6") 
[0.904s] -- Found PythonLibs: /usr/lib/x86_64-linux-gnu/libpython3.10.so (found suitable version "3.10.12", minimum required is "3.5") 
[0.904s] -- Using PYTHON_EXECUTABLE: /usr/bin/python3
[0.904s] -- Using PYTHON_INCLUDE_DIRS: /usr/include/python3.10
[0.904s] -- Using PYTHON_LIBRARIES: /usr/lib/x86_64-linux-gnu/libpython3.10.so
[0.916s] -- Found PythonExtra: .so  
[1.340s] -- Added test 'copyright' to check source files copyright and LICENSE
[1.341s] -- Added test 'cppcheck' to perform static code analysis on C / C++ code
[1.341s] -- Configured cppcheck include dirs: /home/louisdinhh/camera_stereo_ws/src/image_pipeline/stereo_image_proc/include
[1.341s] -- Configured cppcheck exclude dirs and/or files: 
[1.342s] -- Added test 'cpplint' to check C / C++ code against the Google style
[1.342s] -- Configured cpplint exclude dirs and/or files: 
[1.342s] -- Added test 'flake8' to check Python code syntax and style conventions
[1.343s] -- Added test 'lint_cmake' to check CMake code style
[1.343s] -- Added test 'pep257' to check Python code against some of the docstring style conventions in PEP 257
[1.344s] -- Added test 'uncrustify' to check C / C++ code style
[1.344s] -- Configured uncrustify additional arguments: 
[1.344s] -- Added test 'xmllint' to check XML markup files
[1.346s] -- Configuring done
[1.363s] -- Generating done
[1.364s] -- Build files have been written to: /home/louisdinhh/camera_stereo_ws/build/stereo_image_proc
[1.371s] Invoked command in '/home/louisdinhh/camera_stereo_ws/build/stereo_image_proc' returned '0': AMENT_PREFIX_PATH=/home/louisdinhh/camera_stereo_ws/install/image_proc:/home/louisdinhh/camera_stereo_ws/install/tracetools_image_pipeline:/home/louisdinhh/camera_stereo_ws/install/image_transport:${AMENT_PREFIX_PATH} CMAKE_PREFIX_PATH=/home/louisdinhh/camera_stereo_ws/install/image_proc:/home/louisdinhh/camera_stereo_ws/install/tracetools_image_pipeline:/home/louisdinhh/camera_stereo_ws/install/image_transport:/home/louisdinhh/camera_stereo_ws/install/stereo_camera:/opt/ros/humble LD_LIBRARY_PATH=/home/louisdinhh/camera_stereo_ws/install/image_proc/lib:/home/louisdinhh/camera_stereo_ws/install/tracetools_image_pipeline/lib:/home/louisdinhh/camera_stereo_ws/install/image_transport/lib:${LD_LIBRARY_PATH} PATH=/home/louisdinhh/camera_stereo_ws/install/image_proc/bin:${PATH} /usr/bin/cmake /home/louisdinhh/camera_stereo_ws/src/image_pipeline/stereo_image_proc -DCMAKE_INSTALL_PREFIX=/home/louisdinhh/camera_stereo_ws/install/stereo_image_proc
[1.372s] Invoking command in '/home/louisdinhh/camera_stereo_ws/build/stereo_image_proc': AMENT_PREFIX_PATH=/home/louisdinhh/camera_stereo_ws/install/image_proc:/home/louisdinhh/camera_stereo_ws/install/tracetools_image_pipeline:/home/louisdinhh/camera_stereo_ws/install/image_transport:${AMENT_PREFIX_PATH} CMAKE_PREFIX_PATH=/home/louisdinhh/camera_stereo_ws/install/image_proc:/home/louisdinhh/camera_stereo_ws/install/tracetools_image_pipeline:/home/louisdinhh/camera_stereo_ws/install/image_transport:/home/louisdinhh/camera_stereo_ws/install/stereo_camera:/opt/ros/humble LD_LIBRARY_PATH=/home/louisdinhh/camera_stereo_ws/install/image_proc/lib:/home/louisdinhh/camera_stereo_ws/install/tracetools_image_pipeline/lib:/home/louisdinhh/camera_stereo_ws/install/image_transport/lib:${LD_LIBRARY_PATH} PATH=/home/louisdinhh/camera_stereo_ws/install/image_proc/bin:${PATH} /usr/bin/cmake --build /home/louisdinhh/camera_stereo_ws/build/stereo_image_proc -- -j12 -l12
[1.416s] [ 12%] [32mBuilding CXX object CMakeFiles/disparity_node.dir/rclcpp_components/node_main_disparity_node.cpp.o[0m
[1.416s] [ 25%] [32mBuilding CXX object CMakeFiles/point_cloud_node.dir/rclcpp_components/node_main_point_cloud_node.cpp.o[0m
[1.417s] [ 37%] [32mBuilding CXX object CMakeFiles/stereo_image_proc.dir/src/stereo_image_proc/stereo_processor.cpp.o[0m
[1.417s] [ 50%] [32mBuilding CXX object CMakeFiles/stereo_image_proc.dir/src/stereo_image_proc/disparity_node.cpp.o[0m
[1.418s] [ 62%] [32mBuilding CXX object CMakeFiles/stereo_image_proc.dir/src/stereo_image_proc/point_cloud_node.cpp.o[0m
[3.415s] [ 87%] [32m[1mLinking CXX executable disparity_node[0m
[3.415s] [ 87%] [32m[1mLinking CXX executable point_cloud_node[0m
[3.504s] [ 87%] Built target disparity_node
[3.504s] [ 87%] Built target point_cloud_node
[10.446s] [100%] [32m[1mLinking CXX shared library libstereo_image_proc.so[0m
[11.265s] [100%] Built target stereo_image_proc
[11.272s] Invoked command in '/home/louisdinhh/camera_stereo_ws/build/stereo_image_proc' returned '0': AMENT_PREFIX_PATH=/home/louisdinhh/camera_stereo_ws/install/image_proc:/home/louisdinhh/camera_stereo_ws/install/tracetools_image_pipeline:/home/louisdinhh/camera_stereo_ws/install/image_transport:${AMENT_PREFIX_PATH} CMAKE_PREFIX_PATH=/home/louisdinhh/camera_stereo_ws/install/image_proc:/home/louisdinhh/camera_stereo_ws/install/tracetools_image_pipeline:/home/louisdinhh/camera_stereo_ws/install/image_transport:/home/louisdinhh/camera_stereo_ws/install/stereo_camera:/opt/ros/humble LD_LIBRARY_PATH=/home/louisdinhh/camera_stereo_ws/install/image_proc/lib:/home/louisdinhh/camera_stereo_ws/install/tracetools_image_pipeline/lib:/home/louisdinhh/camera_stereo_ws/install/image_transport/lib:${LD_LIBRARY_PATH} PATH=/home/louisdinhh/camera_stereo_ws/install/image_proc/bin:${PATH} /usr/bin/cmake --build /home/louisdinhh/camera_stereo_ws/build/stereo_image_proc -- -j12 -l12
[11.293s] Invoking command in '/home/louisdinhh/camera_stereo_ws/build/stereo_image_proc': AMENT_PREFIX_PATH=/home/louisdinhh/camera_stereo_ws/install/image_proc:/home/louisdinhh/camera_stereo_ws/install/tracetools_image_pipeline:/home/louisdinhh/camera_stereo_ws/install/image_transport:${AMENT_PREFIX_PATH} CMAKE_PREFIX_PATH=/home/louisdinhh/camera_stereo_ws/install/image_proc:/home/louisdinhh/camera_stereo_ws/install/tracetools_image_pipeline:/home/louisdinhh/camera_stereo_ws/install/image_transport:/home/louisdinhh/camera_stereo_ws/install/stereo_camera:/opt/ros/humble LD_LIBRARY_PATH=/home/louisdinhh/camera_stereo_ws/install/image_proc/lib:/home/louisdinhh/camera_stereo_ws/install/tracetools_image_pipeline/lib:/home/louisdinhh/camera_stereo_ws/install/image_transport/lib:${LD_LIBRARY_PATH} PATH=/home/louisdinhh/camera_stereo_ws/install/image_proc/bin:${PATH} /usr/bin/cmake --install /home/louisdinhh/camera_stereo_ws/build/stereo_image_proc
[11.301s] -- Install configuration: ""
[11.301s] -- Installing: /home/louisdinhh/camera_stereo_ws/install/stereo_image_proc/lib/stereo_image_proc/disparity_node
[11.302s] -- Set runtime path of "/home/louisdinhh/camera_stereo_ws/install/stereo_image_proc/lib/stereo_image_proc/disparity_node" to ""
[11.302s] -- Installing: /home/louisdinhh/camera_stereo_ws/install/stereo_image_proc/lib/stereo_image_proc/point_cloud_node
[11.302s] -- Set runtime path of "/home/louisdinhh/camera_stereo_ws/install/stereo_image_proc/lib/stereo_image_proc/point_cloud_node" to ""
[11.302s] -- Installing: /home/louisdinhh/camera_stereo_ws/install/stereo_image_proc/include
[11.302s] -- Installing: /home/louisdinhh/camera_stereo_ws/install/stereo_image_proc/include/stereo_image_proc
[11.302s] -- Installing: /home/louisdinhh/camera_stereo_ws/install/stereo_image_proc/include/stereo_image_proc/stereo_processor.hpp
[11.303s] -- Installing: /home/louisdinhh/camera_stereo_ws/install/stereo_image_proc/share/stereo_image_proc/environment/library_path.sh
[11.303s] -- Installing: /home/louisdinhh/camera_stereo_ws/install/stereo_image_proc/share/stereo_image_proc/environment/library_path.dsv
[11.303s] -- Installing: /home/louisdinhh/camera_stereo_ws/install/stereo_image_proc/lib/libstereo_image_proc.so
[11.311s] -- Set runtime path of "/home/louisdinhh/camera_stereo_ws/install/stereo_image_proc/lib/libstereo_image_proc.so" to ""
[11.311s] -- Installing: /home/louisdinhh/camera_stereo_ws/install/stereo_image_proc/share/stereo_image_proc/launch
[11.311s] -- Installing: /home/louisdinhh/camera_stereo_ws/install/stereo_image_proc/share/stereo_image_proc/launch/stereo_image_proc.launch.py
[11.311s] -- Installing: /home/louisdinhh/camera_stereo_ws/install/stereo_image_proc/share/ament_index/resource_index/package_run_dependencies/stereo_image_proc
[11.311s] -- Installing: /home/louisdinhh/camera_stereo_ws/install/stereo_image_proc/share/ament_index/resource_index/parent_prefix_path/stereo_image_proc
[11.312s] -- Installing: /home/louisdinhh/camera_stereo_ws/install/stereo_image_proc/share/stereo_image_proc/environment/ament_prefix_path.sh
[11.312s] -- Installing: /home/louisdinhh/camera_stereo_ws/install/stereo_image_proc/share/stereo_image_proc/environment/ament_prefix_path.dsv
[11.312s] -- Installing: /home/louisdinhh/camera_stereo_ws/install/stereo_image_proc/share/stereo_image_proc/environment/path.sh
[11.312s] -- Installing: /home/louisdinhh/camera_stereo_ws/install/stereo_image_proc/share/stereo_image_proc/environment/path.dsv
[11.312s] -- Installing: /home/louisdinhh/camera_stereo_ws/install/stereo_image_proc/share/stereo_image_proc/local_setup.bash
[11.312s] -- Installing: /home/louisdinhh/camera_stereo_ws/install/stereo_image_proc/share/stereo_image_proc/local_setup.sh
[11.312s] -- Installing: /home/louisdinhh/camera_stereo_ws/install/stereo_image_proc/share/stereo_image_proc/local_setup.zsh
[11.312s] -- Installing: /home/louisdinhh/camera_stereo_ws/install/stereo_image_proc/share/stereo_image_proc/local_setup.dsv
[11.312s] -- Installing: /home/louisdinhh/camera_stereo_ws/install/stereo_image_proc/share/stereo_image_proc/package.dsv
[11.312s] -- Installing: /home/louisdinhh/camera_stereo_ws/install/stereo_image_proc/share/ament_index/resource_index/packages/stereo_image_proc
[11.312s] -- Installing: /home/louisdinhh/camera_stereo_ws/install/stereo_image_proc/share/ament_index/resource_index/rclcpp_components/stereo_image_proc
[11.312s] -- Installing: /home/louisdinhh/camera_stereo_ws/install/stereo_image_proc/share/stereo_image_proc/cmake/ament_cmake_export_dependencies-extras.cmake
[11.312s] -- Installing: /home/louisdinhh/camera_stereo_ws/install/stereo_image_proc/share/stereo_image_proc/cmake/ament_cmake_export_include_directories-extras.cmake
[11.312s] -- Installing: /home/louisdinhh/camera_stereo_ws/install/stereo_image_proc/share/stereo_image_proc/cmake/ament_cmake_export_libraries-extras.cmake
[11.312s] -- Installing: /home/louisdinhh/camera_stereo_ws/install/stereo_image_proc/share/stereo_image_proc/cmake/stereo_image_procConfig.cmake
[11.312s] -- Installing: /home/louisdinhh/camera_stereo_ws/install/stereo_image_proc/share/stereo_image_proc/cmake/stereo_image_procConfig-version.cmake
[11.312s] -- Installing: /home/louisdinhh/camera_stereo_ws/install/stereo_image_proc/share/stereo_image_proc/package.xml
[11.314s] Invoked command in '/home/louisdinhh/camera_stereo_ws/build/stereo_image_proc' returned '0': AMENT_PREFIX_PATH=/home/louisdinhh/camera_stereo_ws/install/image_proc:/home/louisdinhh/camera_stereo_ws/install/tracetools_image_pipeline:/home/louisdinhh/camera_stereo_ws/install/image_transport:${AMENT_PREFIX_PATH} CMAKE_PREFIX_PATH=/home/louisdinhh/camera_stereo_ws/install/image_proc:/home/louisdinhh/camera_stereo_ws/install/tracetools_image_pipeline:/home/louisdinhh/camera_stereo_ws/install/image_transport:/home/louisdinhh/camera_stereo_ws/install/stereo_camera:/opt/ros/humble LD_LIBRARY_PATH=/home/louisdinhh/camera_stereo_ws/install/image_proc/lib:/home/louisdinhh/camera_stereo_ws/install/tracetools_image_pipeline/lib:/home/louisdinhh/camera_stereo_ws/install/image_transport/lib:${LD_LIBRARY_PATH} PATH=/home/louisdinhh/camera_stereo_ws/install/image_proc/bin:${PATH} /usr/bin/cmake --install /home/louisdinhh/camera_stereo_ws/build/stereo_image_proc
