[0.014s] Invoking command in '/home/louisdinhh/camera_stereo_ws/build/image_view': AMENT_PREFIX_PATH=/home/louisdinhh/camera_stereo_ws/install/image_transport:/home/louisdinhh/camera_stereo_ws/install/camera_calibration_parsers:${AMENT_PREFIX_PATH} CMAKE_PREFIX_PATH=/home/louisdinhh/camera_stereo_ws/install/image_transport:/home/louisdinhh/camera_stereo_ws/install/camera_calibration_parsers:/home/louisdinhh/camera_stereo_ws/install/stereo_camera:/opt/ros/humble LD_LIBRARY_PATH=/home/louisdinhh/camera_stereo_ws/install/image_transport/lib:/home/louisdinhh/camera_stereo_ws/install/camera_calibration_parsers/lib:${LD_LIBRARY_PATH} /usr/bin/cmake /home/louisdinhh/camera_stereo_ws/src/image_pipeline/image_view -DCMAKE_INSTALL_PREFIX=/home/louisdinhh/camera_stereo_ws/install/image_view
[0.046s] -- The C compiler identification is GNU 11.4.0
[0.081s] -- The CXX compiler identification is GNU 11.4.0
[0.086s] -- Detecting C compiler ABI info
[0.129s] -- Detecting C compiler ABI info - done
[0.137s] -- Check for working C compiler: /usr/bin/cc - skipped
[0.137s] -- Detecting C compile features
[0.137s] -- Detecting C compile features - done
[0.140s] -- Detecting CXX compiler ABI info
[0.192s] -- Detecting CXX compiler ABI info - done
[0.197s] -- Check for working CXX compiler: /usr/bin/c++ - skipped
[0.197s] -- Detecting CXX compile features
[0.197s] -- Detecting CXX compile features - done
[0.199s] -- Found ament_cmake_auto: 1.3.10 (/opt/ros/humble/share/ament_cmake_auto/cmake)
[0.299s] -- Found Python3: /usr/bin/python3 (found version "3.10.12") found components: Interpreter 
[0.462s] -- Found rosidl_generator_c: 3.1.5 (/opt/ros/humble/share/rosidl_generator_c/cmake)
[0.465s] -- Found rosidl_adapter: 3.1.5 (/opt/ros/humble/share/rosidl_adapter/cmake)
[0.471s] -- Found rosidl_generator_cpp: 3.1.5 (/opt/ros/humble/share/rosidl_generator_cpp/cmake)
[0.479s] -- Using all available rosidl_typesupport_c: rosidl_typesupport_fastrtps_c;rosidl_typesupport_introspection_c
[0.490s] -- Using all available rosidl_typesupport_cpp: rosidl_typesupport_fastrtps_cpp;rosidl_typesupport_introspection_cpp
[0.518s] -- Found rmw_implementation_cmake: 6.1.2 (/opt/ros/humble/share/rmw_implementation_cmake/cmake)
[0.520s] -- Found rmw_fastrtps_cpp: 6.2.7 (/opt/ros/humble/share/rmw_fastrtps_cpp/cmake)
[0.570s] -- Found OpenSSL: /usr/lib/x86_64-linux-gnu/libcrypto.so (found version "3.0.2")  
[0.590s] -- Found FastRTPS: /opt/ros/humble/include  
[0.626s] -- Using RMW implementation 'rmw_fastrtps_cpp' as default
[0.634s] -- Looking for pthread.h
[0.683s] -- Looking for pthread.h - found
[0.684s] -- Performing Test CMAKE_HAVE_LIBC_PTHREAD
[0.728s] -- Performing Test CMAKE_HAVE_LIBC_PTHREAD - Success
[0.729s] -- Found Threads: TRUE  
[0.872s] -- Found Boost: /usr/lib/x86_64-linux-gnu/cmake/Boost-1.74.0/BoostConfig.cmake (found version "1.74.0")  
[0.875s] -- Found OpenCV: /usr (found version "4.5.4") 
[0.887s] -- Found ament_lint_auto: 0.12.11 (/opt/ros/humble/share/ament_lint_auto/cmake)
[0.900s] -- Added test 'copyright' to check source files copyright and LICENSE
[0.901s] -- Added test 'cppcheck' to perform static code analysis on C / C++ code
[0.902s] -- Configured cppcheck include dirs: /home/louisdinhh/camera_stereo_ws/src/image_pipeline/image_view/include
[0.902s] -- Configured cppcheck exclude dirs and/or files: 
[0.903s] -- Added test 'cpplint' to check C / C++ code against the Google style
[0.903s] -- Configured cpplint exclude dirs and/or files: 
[0.904s] -- Added test 'lint_cmake' to check CMake code style
[0.904s] -- Added test 'uncrustify' to check C / C++ code style
[0.904s] -- Configured uncrustify additional arguments: 
[0.904s] -- Added test 'xmllint' to check XML markup files
[0.905s] -- Configuring done
[0.953s] -- Generating done
[0.955s] -- Build files have been written to: /home/louisdinhh/camera_stereo_ws/build/image_view
[0.967s] Invoked command in '/home/louisdinhh/camera_stereo_ws/build/image_view' returned '0': AMENT_PREFIX_PATH=/home/louisdinhh/camera_stereo_ws/install/image_transport:/home/louisdinhh/camera_stereo_ws/install/camera_calibration_parsers:${AMENT_PREFIX_PATH} CMAKE_PREFIX_PATH=/home/louisdinhh/camera_stereo_ws/install/image_transport:/home/louisdinhh/camera_stereo_ws/install/camera_calibration_parsers:/home/louisdinhh/camera_stereo_ws/install/stereo_camera:/opt/ros/humble LD_LIBRARY_PATH=/home/louisdinhh/camera_stereo_ws/install/image_transport/lib:/home/louisdinhh/camera_stereo_ws/install/camera_calibration_parsers/lib:${LD_LIBRARY_PATH} /usr/bin/cmake /home/louisdinhh/camera_stereo_ws/src/image_pipeline/image_view -DCMAKE_INSTALL_PREFIX=/home/louisdinhh/camera_stereo_ws/install/image_view
[0.969s] Invoking command in '/home/louisdinhh/camera_stereo_ws/build/image_view': AMENT_PREFIX_PATH=/home/louisdinhh/camera_stereo_ws/install/image_transport:/home/louisdinhh/camera_stereo_ws/install/camera_calibration_parsers:${AMENT_PREFIX_PATH} CMAKE_PREFIX_PATH=/home/louisdinhh/camera_stereo_ws/install/image_transport:/home/louisdinhh/camera_stereo_ws/install/camera_calibration_parsers:/home/louisdinhh/camera_stereo_ws/install/stereo_camera:/opt/ros/humble LD_LIBRARY_PATH=/home/louisdinhh/camera_stereo_ws/install/image_transport/lib:/home/louisdinhh/camera_stereo_ws/install/camera_calibration_parsers/lib:${LD_LIBRARY_PATH} /usr/bin/cmake --build /home/louisdinhh/camera_stereo_ws/build/image_view -- -j12 -l12
[1.046s] [ 10%] [32mBuilding CXX object CMakeFiles/image_view_nodes.dir/src/extract_images_node.cpp.o[0m
[1.046s] [ 21%] [32mBuilding CXX object CMakeFiles/image_view_nodes.dir/src/stereo_view_node.cpp.o[0m
[1.047s] [ 10%] [32mBuilding CXX object CMakeFiles/image_view_nodes.dir/src/disparity_view_node.cpp.o[0m
[1.048s] [ 26%] [32mBuilding CXX object CMakeFiles/image_view_nodes.dir/src/image_view_node.cpp.o[0m
[1.049s] [ 15%] [32mBuilding CXX object CMakeFiles/image_view_nodes.dir/src/image_saver_node.cpp.o[0m
[1.063s] [ 31%] [32mBuilding CXX object CMakeFiles/image_view_nodes.dir/src/video_recorder_node.cpp.o[0m
[22.747s] [ 36%] [32m[1mLinking CXX shared library libimage_view_nodes.so[0m
[24.105s] [ 36%] Built target image_view_nodes
[24.123s] [ 42%] [32mBuilding CXX object CMakeFiles/video_recorder.dir/src/video_recorder.cpp.o[0m
[24.123s] [ 47%] [32mBuilding CXX object CMakeFiles/image_view.dir/src/image_view.cpp.o[0m
[24.123s] [ 57%] [32mBuilding CXX object CMakeFiles/stereo_view.dir/src/stereo_view.cpp.o[0m
[24.123s] [ 57%] [32mBuilding CXX object CMakeFiles/image_saver.dir/src/image_saver.cpp.o[0m
[24.123s] [ 63%] [32mBuilding CXX object CMakeFiles/disparity_view.dir/src/disparity_view.cpp.o[0m
[24.123s] [ 68%] [32mBuilding CXX object CMakeFiles/extract_images.dir/src/extract_images.cpp.o[0m
[26.418s] [ 73%] [32m[1mLinking CXX executable extract_images[0m
[26.750s] [ 78%] [32m[1mLinking CXX executable image_saver[0m
[26.897s] [ 84%] [32m[1mLinking CXX executable disparity_view[0m
[27.169s] [ 89%] [32m[1mLinking CXX executable stereo_view[0m
[27.291s] [ 89%] Built target extract_images
[27.739s] [ 89%] Built target image_saver
[27.822s] [ 94%] [32m[1mLinking CXX executable video_recorder[0m
[27.851s] [100%] [32m[1mLinking CXX executable image_view[0m
[27.893s] [100%] Built target disparity_view
[28.048s] [100%] Built target stereo_view
[28.445s] [100%] Built target video_recorder
[28.466s] [100%] Built target image_view
[28.473s] Invoked command in '/home/louisdinhh/camera_stereo_ws/build/image_view' returned '0': AMENT_PREFIX_PATH=/home/louisdinhh/camera_stereo_ws/install/image_transport:/home/louisdinhh/camera_stereo_ws/install/camera_calibration_parsers:${AMENT_PREFIX_PATH} CMAKE_PREFIX_PATH=/home/louisdinhh/camera_stereo_ws/install/image_transport:/home/louisdinhh/camera_stereo_ws/install/camera_calibration_parsers:/home/louisdinhh/camera_stereo_ws/install/stereo_camera:/opt/ros/humble LD_LIBRARY_PATH=/home/louisdinhh/camera_stereo_ws/install/image_transport/lib:/home/louisdinhh/camera_stereo_ws/install/camera_calibration_parsers/lib:${LD_LIBRARY_PATH} /usr/bin/cmake --build /home/louisdinhh/camera_stereo_ws/build/image_view -- -j12 -l12
[28.502s] Invoking command in '/home/louisdinhh/camera_stereo_ws/build/image_view': AMENT_PREFIX_PATH=/home/louisdinhh/camera_stereo_ws/install/image_transport:/home/louisdinhh/camera_stereo_ws/install/camera_calibration_parsers:${AMENT_PREFIX_PATH} CMAKE_PREFIX_PATH=/home/louisdinhh/camera_stereo_ws/install/image_transport:/home/louisdinhh/camera_stereo_ws/install/camera_calibration_parsers:/home/louisdinhh/camera_stereo_ws/install/stereo_camera:/opt/ros/humble LD_LIBRARY_PATH=/home/louisdinhh/camera_stereo_ws/install/image_transport/lib:/home/louisdinhh/camera_stereo_ws/install/camera_calibration_parsers/lib:${LD_LIBRARY_PATH} /usr/bin/cmake --install /home/louisdinhh/camera_stereo_ws/build/image_view
[28.507s] -- Install configuration: ""
[28.507s] -- Installing: /home/louisdinhh/camera_stereo_ws/install/image_view/include
[28.507s] -- Installing: /home/louisdinhh/camera_stereo_ws/install/image_view/include/image_view
[28.507s] -- Installing: /home/louisdinhh/camera_stereo_ws/install/image_view/include/image_view/video_recorder_node.hpp
[28.507s] -- Installing: /home/louisdinhh/camera_stereo_ws/install/image_view/include/image_view/image_view_node.hpp
[28.507s] -- Installing: /home/louisdinhh/camera_stereo_ws/install/image_view/include/image_view/extract_images_node.hpp
[28.507s] -- Installing: /home/louisdinhh/camera_stereo_ws/install/image_view/include/image_view/disparity_view_node.hpp
[28.508s] -- Installing: /home/louisdinhh/camera_stereo_ws/install/image_view/include/image_view/image_saver_node.hpp
[28.508s] -- Installing: /home/louisdinhh/camera_stereo_ws/install/image_view/include/image_view/stereo_view_node.hpp
[28.508s] -- Installing: /home/louisdinhh/camera_stereo_ws/install/image_view/share/image_view/environment/library_path.sh
[28.508s] -- Installing: /home/louisdinhh/camera_stereo_ws/install/image_view/share/image_view/environment/library_path.dsv
[28.508s] -- Installing: /home/louisdinhh/camera_stereo_ws/install/image_view/lib/libimage_view_nodes.so
[28.513s] -- Set runtime path of "/home/louisdinhh/camera_stereo_ws/install/image_view/lib/libimage_view_nodes.so" to ""
[28.513s] -- Installing: /home/louisdinhh/camera_stereo_ws/install/image_view/lib/image_view/disparity_view
[28.514s] -- Set runtime path of "/home/louisdinhh/camera_stereo_ws/install/image_view/lib/image_view/disparity_view" to ""
[28.514s] -- Installing: /home/louisdinhh/camera_stereo_ws/install/image_view/lib/image_view/image_view
[28.514s] -- Set runtime path of "/home/louisdinhh/camera_stereo_ws/install/image_view/lib/image_view/image_view" to ""
[28.514s] -- Installing: /home/louisdinhh/camera_stereo_ws/install/image_view/lib/image_view/stereo_view
[28.514s] -- Set runtime path of "/home/louisdinhh/camera_stereo_ws/install/image_view/lib/image_view/stereo_view" to ""
[28.514s] -- Installing: /home/louisdinhh/camera_stereo_ws/install/image_view/lib/image_view/extract_images
[28.514s] -- Set runtime path of "/home/louisdinhh/camera_stereo_ws/install/image_view/lib/image_view/extract_images" to ""
[28.514s] -- Installing: /home/louisdinhh/camera_stereo_ws/install/image_view/lib/image_view/image_saver
[28.515s] -- Set runtime path of "/home/louisdinhh/camera_stereo_ws/install/image_view/lib/image_view/image_saver" to ""
[28.515s] -- Installing: /home/louisdinhh/camera_stereo_ws/install/image_view/lib/image_view/video_recorder
[28.515s] -- Set runtime path of "/home/louisdinhh/camera_stereo_ws/install/image_view/lib/image_view/video_recorder" to ""
[28.515s] -- Installing: /home/louisdinhh/camera_stereo_ws/install/image_view/share/ament_index/resource_index/package_run_dependencies/image_view
[28.515s] -- Installing: /home/louisdinhh/camera_stereo_ws/install/image_view/share/ament_index/resource_index/parent_prefix_path/image_view
[28.515s] -- Installing: /home/louisdinhh/camera_stereo_ws/install/image_view/share/image_view/environment/ament_prefix_path.sh
[28.515s] -- Installing: /home/louisdinhh/camera_stereo_ws/install/image_view/share/image_view/environment/ament_prefix_path.dsv
[28.515s] -- Installing: /home/louisdinhh/camera_stereo_ws/install/image_view/share/image_view/environment/path.sh
[28.515s] -- Installing: /home/louisdinhh/camera_stereo_ws/install/image_view/share/image_view/environment/path.dsv
[28.515s] -- Installing: /home/louisdinhh/camera_stereo_ws/install/image_view/share/image_view/local_setup.bash
[28.516s] -- Installing: /home/louisdinhh/camera_stereo_ws/install/image_view/share/image_view/local_setup.sh
[28.516s] -- Installing: /home/louisdinhh/camera_stereo_ws/install/image_view/share/image_view/local_setup.zsh
[28.516s] -- Installing: /home/louisdinhh/camera_stereo_ws/install/image_view/share/image_view/local_setup.dsv
[28.516s] -- Installing: /home/louisdinhh/camera_stereo_ws/install/image_view/share/image_view/package.dsv
[28.516s] -- Installing: /home/louisdinhh/camera_stereo_ws/install/image_view/share/ament_index/resource_index/packages/image_view
[28.516s] -- Installing: /home/louisdinhh/camera_stereo_ws/install/image_view/share/ament_index/resource_index/rclcpp_components/image_view
[28.516s] -- Installing: /home/louisdinhh/camera_stereo_ws/install/image_view/share/image_view/cmake/ament_cmake_export_dependencies-extras.cmake
[28.516s] -- Installing: /home/louisdinhh/camera_stereo_ws/install/image_view/share/image_view/cmake/ament_cmake_export_include_directories-extras.cmake
[28.516s] -- Installing: /home/louisdinhh/camera_stereo_ws/install/image_view/share/image_view/cmake/ament_cmake_export_libraries-extras.cmake
[28.516s] -- Installing: /home/louisdinhh/camera_stereo_ws/install/image_view/share/image_view/cmake/image_viewConfig.cmake
[28.516s] -- Installing: /home/louisdinhh/camera_stereo_ws/install/image_view/share/image_view/cmake/image_viewConfig-version.cmake
[28.516s] -- Installing: /home/louisdinhh/camera_stereo_ws/install/image_view/share/image_view/package.xml
[28.518s] Invoked command in '/home/louisdinhh/camera_stereo_ws/build/image_view' returned '0': AMENT_PREFIX_PATH=/home/louisdinhh/camera_stereo_ws/install/image_transport:/home/louisdinhh/camera_stereo_ws/install/camera_calibration_parsers:${AMENT_PREFIX_PATH} CMAKE_PREFIX_PATH=/home/louisdinhh/camera_stereo_ws/install/image_transport:/home/louisdinhh/camera_stereo_ws/install/camera_calibration_parsers:/home/louisdinhh/camera_stereo_ws/install/stereo_camera:/opt/ros/humble LD_LIBRARY_PATH=/home/louisdinhh/camera_stereo_ws/install/image_transport/lib:/home/louisdinhh/camera_stereo_ws/install/camera_calibration_parsers/lib:${LD_LIBRARY_PATH} /usr/bin/cmake --install /home/louisdinhh/camera_stereo_ws/build/image_view
