[0.019s] Invoking command in '/home/louisdinhh/camera_stereo_ws/build/camera_calibration_parsers': CMAKE_PREFIX_PATH=${CMAKE_PREFIX_PATH}:/home/louisdinhh/camera_stereo_ws/install/camera_info_manager_py:/home/louisdinhh/camera_stereo_ws/install/camera_calibration:/opt/ros/humble /usr/bin/cmake --build /home/louisdinhh/camera_stereo_ws/build/camera_calibration_parsers -- -j12 -l12
[0.190s] [ 14%] Built target gtest
[0.190s] [ 28%] Built target gtest_main
[0.190s] [ 57%] Built target camera_calibration_parsers
[0.190s] [ 85%] Built target camera_calibration_parsers-parse_yml
[0.190s] [ 85%] Built target camera_calibration_parsers-parse_ini
[0.190s] [100%] Built target convert
[0.339s] Invoked command in '/home/louisdinhh/camera_stereo_ws/build/camera_calibration_parsers' returned '0': CMAKE_PREFIX_PATH=${CMAKE_PREFIX_PATH}:/home/louisdinhh/camera_stereo_ws/install/camera_info_manager_py:/home/louisdinhh/camera_stereo_ws/install/camera_calibration:/opt/ros/humble /usr/bin/cmake --build /home/louisdinhh/camera_stereo_ws/build/camera_calibration_parsers -- -j12 -l12
[0.366s] Invoking command in '/home/louisdinhh/camera_stereo_ws/build/camera_calibration_parsers': CMAKE_PREFIX_PATH=${CMAKE_PREFIX_PATH}:/home/louisdinhh/camera_stereo_ws/install/camera_info_manager_py:/home/louisdinhh/camera_stereo_ws/install/camera_calibration:/opt/ros/humble /usr/bin/cmake --install /home/louisdinhh/camera_stereo_ws/build/camera_calibration_parsers
[0.372s] -- Install configuration: ""
[0.372s] -- Up-to-date: /home/louisdinhh/camera_stereo_ws/install/camera_calibration_parsers/lib/libcamera_calibration_parsers.so
[0.372s] -- Up-to-date: /home/louisdinhh/camera_stereo_ws/install/camera_calibration_parsers/lib/camera_calibration_parsers/convert
[0.372s] -- Up-to-date: /home/louisdinhh/camera_stereo_ws/install/camera_calibration_parsers/include/camera_calibration_parsers
[0.372s] -- Up-to-date: /home/louisdinhh/camera_stereo_ws/install/camera_calibration_parsers/include/camera_calibration_parsers/camera_calibration_parsers
[0.372s] -- Up-to-date: /home/louisdinhh/camera_stereo_ws/install/camera_calibration_parsers/include/camera_calibration_parsers/camera_calibration_parsers/parse_ini.hpp
[0.372s] -- Up-to-date: /home/louisdinhh/camera_stereo_ws/install/camera_calibration_parsers/include/camera_calibration_parsers/camera_calibration_parsers/parse_yml.hpp
[0.372s] -- Up-to-date: /home/louisdinhh/camera_stereo_ws/install/camera_calibration_parsers/include/camera_calibration_parsers/camera_calibration_parsers/parse.hpp
[0.372s] -- Up-to-date: /home/louisdinhh/camera_stereo_ws/install/camera_calibration_parsers/include/camera_calibration_parsers/camera_calibration_parsers/visibility_control.hpp
[0.373s] -- Up-to-date: /home/louisdinhh/camera_stereo_ws/install/camera_calibration_parsers/include/camera_calibration_parsers/camera_calibration_parsers/parse_ini.h
[0.373s] -- Up-to-date: /home/louisdinhh/camera_stereo_ws/install/camera_calibration_parsers/include/camera_calibration_parsers/camera_calibration_parsers/parse.h
[0.373s] -- Up-to-date: /home/louisdinhh/camera_stereo_ws/install/camera_calibration_parsers/include/camera_calibration_parsers/camera_calibration_parsers/parse_yml.h
[0.373s] -- Up-to-date: /home/louisdinhh/camera_stereo_ws/install/camera_calibration_parsers/share/ament_index/resource_index/package_run_dependencies/camera_calibration_parsers
[0.373s] -- Up-to-date: /home/louisdinhh/camera_stereo_ws/install/camera_calibration_parsers/share/ament_index/resource_index/parent_prefix_path/camera_calibration_parsers
[0.373s] -- Up-to-date: /home/louisdinhh/camera_stereo_ws/install/camera_calibration_parsers/share/camera_calibration_parsers/environment/ament_prefix_path.sh
[0.373s] -- Up-to-date: /home/louisdinhh/camera_stereo_ws/install/camera_calibration_parsers/share/camera_calibration_parsers/environment/ament_prefix_path.dsv
[0.373s] -- Up-to-date: /home/louisdinhh/camera_stereo_ws/install/camera_calibration_parsers/share/camera_calibration_parsers/environment/path.sh
[0.373s] -- Up-to-date: /home/louisdinhh/camera_stereo_ws/install/camera_calibration_parsers/share/camera_calibration_parsers/environment/path.dsv
[0.373s] -- Up-to-date: /home/louisdinhh/camera_stereo_ws/install/camera_calibration_parsers/share/camera_calibration_parsers/local_setup.bash
[0.373s] -- Up-to-date: /home/louisdinhh/camera_stereo_ws/install/camera_calibration_parsers/share/camera_calibration_parsers/local_setup.sh
[0.373s] -- Up-to-date: /home/louisdinhh/camera_stereo_ws/install/camera_calibration_parsers/share/camera_calibration_parsers/local_setup.zsh
[0.373s] -- Up-to-date: /home/louisdinhh/camera_stereo_ws/install/camera_calibration_parsers/share/camera_calibration_parsers/local_setup.dsv
[0.373s] -- Installing: /home/louisdinhh/camera_stereo_ws/install/camera_calibration_parsers/share/camera_calibration_parsers/package.dsv
[0.373s] -- Up-to-date: /home/louisdinhh/camera_stereo_ws/install/camera_calibration_parsers/share/ament_index/resource_index/packages/camera_calibration_parsers
[0.373s] -- Up-to-date: /home/louisdinhh/camera_stereo_ws/install/camera_calibration_parsers/share/camera_calibration_parsers/cmake/export_camera_calibration_parsersExport.cmake
[0.373s] -- Up-to-date: /home/louisdinhh/camera_stereo_ws/install/camera_calibration_parsers/share/camera_calibration_parsers/cmake/export_camera_calibration_parsersExport-noconfig.cmake
[0.373s] -- Up-to-date: /home/louisdinhh/camera_stereo_ws/install/camera_calibration_parsers/share/camera_calibration_parsers/cmake/ament_cmake_export_targets-extras.cmake
[0.373s] -- Up-to-date: /home/louisdinhh/camera_stereo_ws/install/camera_calibration_parsers/share/camera_calibration_parsers/cmake/ament_cmake_export_dependencies-extras.cmake
[0.373s] -- Up-to-date: /home/louisdinhh/camera_stereo_ws/install/camera_calibration_parsers/share/camera_calibration_parsers/cmake/camera_calibration_parsersConfig.cmake
[0.373s] -- Up-to-date: /home/louisdinhh/camera_stereo_ws/install/camera_calibration_parsers/share/camera_calibration_parsers/cmake/camera_calibration_parsersConfig-version.cmake
[0.373s] -- Up-to-date: /home/louisdinhh/camera_stereo_ws/install/camera_calibration_parsers/share/camera_calibration_parsers/package.xml
[0.387s] Invoked command in '/home/louisdinhh/camera_stereo_ws/build/camera_calibration_parsers' returned '0': CMAKE_PREFIX_PATH=${CMAKE_PREFIX_PATH}:/home/louisdinhh/camera_stereo_ws/install/camera_info_manager_py:/home/louisdinhh/camera_stereo_ws/install/camera_calibration:/opt/ros/humble /usr/bin/cmake --install /home/louisdinhh/camera_stereo_ws/build/camera_calibration_parsers
