[0.012s] Invoking command in '/home/louisdinhh/camera_stereo_ws/build/image_common': AMENT_PREFIX_PATH=/home/louisdinhh/camera_stereo_ws/install/camera_info_manager:/home/louisdinhh/camera_stereo_ws/install/image_transport:/home/louisdinhh/camera_stereo_ws/install/camera_calibration_parsers:${AMENT_PREFIX_PATH} CMAKE_PREFIX_PATH=/home/louisdinhh/camera_stereo_ws/install/camera_info_manager:/home/louisdinhh/camera_stereo_ws/install/image_transport:/home/louisdinhh/camera_stereo_ws/install/camera_calibration_parsers:/home/louisdinhh/camera_stereo_ws/install/stereo_camera:/opt/ros/humble LD_LIBRARY_PATH=/home/louisdinhh/camera_stereo_ws/install/camera_info_manager/lib:/home/louisdinhh/camera_stereo_ws/install/image_transport/lib:/home/louisdinhh/camera_stereo_ws/install/camera_calibration_parsers/lib:${LD_LIBRARY_PATH} /usr/bin/cmake /home/louisdinhh/camera_stereo_ws/src/image_common/image_common -DCMAKE_INSTALL_PREFIX=/home/louisdinhh/camera_stereo_ws/install/image_common
[0.046s] -- The C compiler identification is GNU 11.4.0
[0.084s] -- The CXX compiler identification is GNU 11.4.0
[0.089s] -- Detecting C compiler ABI info
[0.132s] -- Detecting C compiler ABI info - done
[0.137s] -- Check for working C compiler: /usr/bin/cc - skipped
[0.137s] -- Detecting C compile features
[0.137s] -- Detecting C compile features - done
[0.139s] -- Detecting CXX compiler ABI info
[0.187s] -- Detecting CXX compiler ABI info - done
[0.192s] -- Check for working CXX compiler: /usr/bin/c++ - skipped
[0.192s] -- Detecting CXX compile features
[0.193s] -- Detecting CXX compile features - done
[0.194s] -- Found ament_cmake: 1.3.10 (/opt/ros/humble/share/ament_cmake/cmake)
[0.292s] -- Found Python3: /usr/bin/python3 (found version "3.10.12") found components: Interpreter 
[0.352s] -- Found ament_lint_auto: 0.12.11 (/opt/ros/humble/share/ament_lint_auto/cmake)
[0.407s] -- Added test 'copyright' to check source files copyright and LICENSE
[0.408s] -- Added test 'lint_cmake' to check CMake code style
[0.408s] -- Added test 'xmllint' to check XML markup files
[0.409s] -- Configuring done
[0.410s] -- Generating done
[0.410s] -- Build files have been written to: /home/louisdinhh/camera_stereo_ws/build/image_common
[0.414s] Invoked command in '/home/louisdinhh/camera_stereo_ws/build/image_common' returned '0': AMENT_PREFIX_PATH=/home/louisdinhh/camera_stereo_ws/install/camera_info_manager:/home/louisdinhh/camera_stereo_ws/install/image_transport:/home/louisdinhh/camera_stereo_ws/install/camera_calibration_parsers:${AMENT_PREFIX_PATH} CMAKE_PREFIX_PATH=/home/louisdinhh/camera_stereo_ws/install/camera_info_manager:/home/louisdinhh/camera_stereo_ws/install/image_transport:/home/louisdinhh/camera_stereo_ws/install/camera_calibration_parsers:/home/louisdinhh/camera_stereo_ws/install/stereo_camera:/opt/ros/humble LD_LIBRARY_PATH=/home/louisdinhh/camera_stereo_ws/install/camera_info_manager/lib:/home/louisdinhh/camera_stereo_ws/install/image_transport/lib:/home/louisdinhh/camera_stereo_ws/install/camera_calibration_parsers/lib:${LD_LIBRARY_PATH} /usr/bin/cmake /home/louisdinhh/camera_stereo_ws/src/image_common/image_common -DCMAKE_INSTALL_PREFIX=/home/louisdinhh/camera_stereo_ws/install/image_common
[0.415s] Invoking command in '/home/louisdinhh/camera_stereo_ws/build/image_common': AMENT_PREFIX_PATH=/home/louisdinhh/camera_stereo_ws/install/camera_info_manager:/home/louisdinhh/camera_stereo_ws/install/image_transport:/home/louisdinhh/camera_stereo_ws/install/camera_calibration_parsers:${AMENT_PREFIX_PATH} CMAKE_PREFIX_PATH=/home/louisdinhh/camera_stereo_ws/install/camera_info_manager:/home/louisdinhh/camera_stereo_ws/install/image_transport:/home/louisdinhh/camera_stereo_ws/install/camera_calibration_parsers:/home/louisdinhh/camera_stereo_ws/install/stereo_camera:/opt/ros/humble LD_LIBRARY_PATH=/home/louisdinhh/camera_stereo_ws/install/camera_info_manager/lib:/home/louisdinhh/camera_stereo_ws/install/image_transport/lib:/home/louisdinhh/camera_stereo_ws/install/camera_calibration_parsers/lib:${LD_LIBRARY_PATH} /usr/bin/cmake --build /home/louisdinhh/camera_stereo_ws/build/image_common -- -j12 -l12
[0.438s] Invoked command in '/home/louisdinhh/camera_stereo_ws/build/image_common' returned '0': AMENT_PREFIX_PATH=/home/louisdinhh/camera_stereo_ws/install/camera_info_manager:/home/louisdinhh/camera_stereo_ws/install/image_transport:/home/louisdinhh/camera_stereo_ws/install/camera_calibration_parsers:${AMENT_PREFIX_PATH} CMAKE_PREFIX_PATH=/home/louisdinhh/camera_stereo_ws/install/camera_info_manager:/home/louisdinhh/camera_stereo_ws/install/image_transport:/home/louisdinhh/camera_stereo_ws/install/camera_calibration_parsers:/home/louisdinhh/camera_stereo_ws/install/stereo_camera:/opt/ros/humble LD_LIBRARY_PATH=/home/louisdinhh/camera_stereo_ws/install/camera_info_manager/lib:/home/louisdinhh/camera_stereo_ws/install/image_transport/lib:/home/louisdinhh/camera_stereo_ws/install/camera_calibration_parsers/lib:${LD_LIBRARY_PATH} /usr/bin/cmake --build /home/louisdinhh/camera_stereo_ws/build/image_common -- -j12 -l12
[0.451s] Invoking command in '/home/louisdinhh/camera_stereo_ws/build/image_common': AMENT_PREFIX_PATH=/home/louisdinhh/camera_stereo_ws/install/camera_info_manager:/home/louisdinhh/camera_stereo_ws/install/image_transport:/home/louisdinhh/camera_stereo_ws/install/camera_calibration_parsers:${AMENT_PREFIX_PATH} CMAKE_PREFIX_PATH=/home/louisdinhh/camera_stereo_ws/install/camera_info_manager:/home/louisdinhh/camera_stereo_ws/install/image_transport:/home/louisdinhh/camera_stereo_ws/install/camera_calibration_parsers:/home/louisdinhh/camera_stereo_ws/install/stereo_camera:/opt/ros/humble LD_LIBRARY_PATH=/home/louisdinhh/camera_stereo_ws/install/camera_info_manager/lib:/home/louisdinhh/camera_stereo_ws/install/image_transport/lib:/home/louisdinhh/camera_stereo_ws/install/camera_calibration_parsers/lib:${LD_LIBRARY_PATH} /usr/bin/cmake --install /home/louisdinhh/camera_stereo_ws/build/image_common
[0.455s] -- Install configuration: ""
[0.455s] -- Installing: /home/louisdinhh/camera_stereo_ws/install/image_common/share/ament_index/resource_index/package_run_dependencies/image_common
[0.456s] -- Installing: /home/louisdinhh/camera_stereo_ws/install/image_common/share/ament_index/resource_index/parent_prefix_path/image_common
[0.456s] -- Installing: /home/louisdinhh/camera_stereo_ws/install/image_common/share/image_common/environment/ament_prefix_path.sh
[0.456s] -- Installing: /home/louisdinhh/camera_stereo_ws/install/image_common/share/image_common/environment/ament_prefix_path.dsv
[0.456s] -- Installing: /home/louisdinhh/camera_stereo_ws/install/image_common/share/image_common/environment/path.sh
[0.456s] -- Installing: /home/louisdinhh/camera_stereo_ws/install/image_common/share/image_common/environment/path.dsv
[0.456s] -- Installing: /home/louisdinhh/camera_stereo_ws/install/image_common/share/image_common/local_setup.bash
[0.456s] -- Installing: /home/louisdinhh/camera_stereo_ws/install/image_common/share/image_common/local_setup.sh
[0.456s] -- Installing: /home/louisdinhh/camera_stereo_ws/install/image_common/share/image_common/local_setup.zsh
[0.456s] -- Installing: /home/louisdinhh/camera_stereo_ws/install/image_common/share/image_common/local_setup.dsv
[0.456s] -- Installing: /home/louisdinhh/camera_stereo_ws/install/image_common/share/image_common/package.dsv
[0.456s] -- Installing: /home/louisdinhh/camera_stereo_ws/install/image_common/share/ament_index/resource_index/packages/image_common
[0.456s] -- Installing: /home/louisdinhh/camera_stereo_ws/install/image_common/share/image_common/cmake/image_commonConfig.cmake
[0.456s] -- Installing: /home/louisdinhh/camera_stereo_ws/install/image_common/share/image_common/cmake/image_commonConfig-version.cmake
[0.456s] -- Installing: /home/louisdinhh/camera_stereo_ws/install/image_common/share/image_common/package.xml
[0.458s] Invoked command in '/home/louisdinhh/camera_stereo_ws/build/image_common' returned '0': AMENT_PREFIX_PATH=/home/louisdinhh/camera_stereo_ws/install/camera_info_manager:/home/louisdinhh/camera_stereo_ws/install/image_transport:/home/louisdinhh/camera_stereo_ws/install/camera_calibration_parsers:${AMENT_PREFIX_PATH} CMAKE_PREFIX_PATH=/home/louisdinhh/camera_stereo_ws/install/camera_info_manager:/home/louisdinhh/camera_stereo_ws/install/image_transport:/home/louisdinhh/camera_stereo_ws/install/camera_calibration_parsers:/home/louisdinhh/camera_stereo_ws/install/stereo_camera:/opt/ros/humble LD_LIBRARY_PATH=/home/louisdinhh/camera_stereo_ws/install/camera_info_manager/lib:/home/louisdinhh/camera_stereo_ws/install/image_transport/lib:/home/louisdinhh/camera_stereo_ws/install/camera_calibration_parsers/lib:${LD_LIBRARY_PATH} /usr/bin/cmake --install /home/louisdinhh/camera_stereo_ws/build/image_common
