[0.626s] Invoking command in '/home/louisdinhh/camera_stereo_ws/src/image_common/camera_info_manager_py': PYTHONPATH=/home/louisdinhh/camera_stereo_ws/build/camera_info_manager_py/prefix_override:/usr/lib/python3/dist-packages/colcon_core/task/python/colcon_distutils_commands:/home/louisdinhh/camera_stereo_ws/install/camera_info_manager_py/lib/python3.10/site-packages:${PYTHONPATH} /usr/bin/python3 -W ignore:setup.py install is deprecated setup.py egg_info --egg-base ../../../build/camera_info_manager_py build --build-base /home/louisdinhh/camera_stereo_ws/build/camera_info_manager_py/build install --record /home/louisdinhh/camera_stereo_ws/build/camera_info_manager_py/install.log --single-version-externally-managed install_data
[0.775s] running egg_info
[0.775s] creating ../../../build/camera_info_manager_py/camera_info_manager_py.egg-info
[0.775s] writing ../../../build/camera_info_manager_py/camera_info_manager_py.egg-info/PKG-INFO
[0.775s] writing dependency_links to ../../../build/camera_info_manager_py/camera_info_manager_py.egg-info/dependency_links.txt
[0.775s] writing requirements to ../../../build/camera_info_manager_py/camera_info_manager_py.egg-info/requires.txt
[0.775s] writing top-level names to ../../../build/camera_info_manager_py/camera_info_manager_py.egg-info/top_level.txt
[0.775s] writing manifest file '../../../build/camera_info_manager_py/camera_info_manager_py.egg-info/SOURCES.txt'
[0.776s] reading manifest file '../../../build/camera_info_manager_py/camera_info_manager_py.egg-info/SOURCES.txt'
[0.776s] adding license file 'LICENSE'
[0.777s] writing manifest file '../../../build/camera_info_manager_py/camera_info_manager_py.egg-info/SOURCES.txt'
[0.777s] running build
[0.777s] running build_py
[0.777s] creating /home/louisdinhh/camera_stereo_ws/build/camera_info_manager_py/build
[0.777s] creating /home/louisdinhh/camera_stereo_ws/build/camera_info_manager_py/build/lib
[0.777s] creating /home/louisdinhh/camera_stereo_ws/build/camera_info_manager_py/build/lib/camera_info_manager
[0.777s] copying camera_info_manager/camera_info_manager.py -> /home/louisdinhh/camera_stereo_ws/build/camera_info_manager_py/build/lib/camera_info_manager
[0.777s] copying camera_info_manager/__init__.py -> /home/louisdinhh/camera_stereo_ws/build/camera_info_manager_py/build/lib/camera_info_manager
[0.777s] copying camera_info_manager/zoom_camera_info_manager.py -> /home/louisdinhh/camera_stereo_ws/build/camera_info_manager_py/build/lib/camera_info_manager
[0.777s] running install
[0.777s] running install_lib
[0.778s] creating /home/louisdinhh/camera_stereo_ws/install/camera_info_manager_py/lib/python3.10/site-packages/camera_info_manager
[0.778s] copying /home/louisdinhh/camera_stereo_ws/build/camera_info_manager_py/build/lib/camera_info_manager/camera_info_manager.py -> /home/louisdinhh/camera_stereo_ws/install/camera_info_manager_py/lib/python3.10/site-packages/camera_info_manager
[0.778s] copying /home/louisdinhh/camera_stereo_ws/build/camera_info_manager_py/build/lib/camera_info_manager/__init__.py -> /home/louisdinhh/camera_stereo_ws/install/camera_info_manager_py/lib/python3.10/site-packages/camera_info_manager
[0.778s] copying /home/louisdinhh/camera_stereo_ws/build/camera_info_manager_py/build/lib/camera_info_manager/zoom_camera_info_manager.py -> /home/louisdinhh/camera_stereo_ws/install/camera_info_manager_py/lib/python3.10/site-packages/camera_info_manager
[0.778s] byte-compiling /home/louisdinhh/camera_stereo_ws/install/camera_info_manager_py/lib/python3.10/site-packages/camera_info_manager/camera_info_manager.py to camera_info_manager.cpython-310.pyc
[0.780s] byte-compiling /home/louisdinhh/camera_stereo_ws/install/camera_info_manager_py/lib/python3.10/site-packages/camera_info_manager/__init__.py to __init__.cpython-310.pyc
[0.780s] byte-compiling /home/louisdinhh/camera_stereo_ws/install/camera_info_manager_py/lib/python3.10/site-packages/camera_info_manager/zoom_camera_info_manager.py to zoom_camera_info_manager.cpython-310.pyc
[0.781s] running install_data
[0.781s] creating /home/louisdinhh/camera_stereo_ws/install/camera_info_manager_py/share/ament_index
[0.781s] creating /home/louisdinhh/camera_stereo_ws/install/camera_info_manager_py/share/ament_index/resource_index
[0.781s] creating /home/louisdinhh/camera_stereo_ws/install/camera_info_manager_py/share/ament_index/resource_index/packages
[0.781s] copying resource/camera_info_manager_py -> /home/louisdinhh/camera_stereo_ws/install/camera_info_manager_py/share/ament_index/resource_index/packages
[0.781s] copying package.xml -> /home/louisdinhh/camera_stereo_ws/install/camera_info_manager_py/share/camera_info_manager_py
[0.781s] running install_egg_info
[0.782s] Copying ../../../build/camera_info_manager_py/camera_info_manager_py.egg-info to /home/louisdinhh/camera_stereo_ws/install/camera_info_manager_py/lib/python3.10/site-packages/camera_info_manager_py-6.0.3-py3.10.egg-info
[0.782s] running install_scripts
[0.796s] writing list of installed files to '/home/louisdinhh/camera_stereo_ws/build/camera_info_manager_py/install.log'
