[0.015s] Invoking command in '/home/louisdinhh/camera_stereo_ws/build/stereo_camera': AMENT_PREFIX_PATH=/home/louisdinhh/camera_stereo_ws/install/image_transport:${AMENT_PREFIX_PATH} CMAKE_PREFIX_PATH=/home/louisdinhh/camera_stereo_ws/install/image_transport:/opt/ros/humble LD_LIBRARY_PATH=/home/louisdinhh/camera_stereo_ws/install/image_transport/lib:${LD_LIBRARY_PATH} /usr/bin/cmake --build /home/louisdinhh/camera_stereo_ws/build/stereo_camera -- -j12 -l12
[0.089s] Invoked command in '/home/louisdinhh/camera_stereo_ws/build/stereo_camera' returned '0': AMENT_PREFIX_PATH=/home/louisdinhh/camera_stereo_ws/install/image_transport:${AMENT_PREFIX_PATH} CMAKE_PREFIX_PATH=/home/louisdinhh/camera_stereo_ws/install/image_transport:/opt/ros/humble LD_LIBRARY_PATH=/home/louisdinhh/camera_stereo_ws/install/image_transport/lib:${LD_LIBRARY_PATH} /usr/bin/cmake --build /home/louisdinhh/camera_stereo_ws/build/stereo_camera -- -j12 -l12
[0.137s] Invoking command in '/home/louisdinhh/camera_stereo_ws/build/stereo_camera': AMENT_PREFIX_PATH=/home/louisdinhh/camera_stereo_ws/install/image_transport:${AMENT_PREFIX_PATH} CMAKE_PREFIX_PATH=/home/louisdinhh/camera_stereo_ws/install/image_transport:/opt/ros/humble LD_LIBRARY_PATH=/home/louisdinhh/camera_stereo_ws/install/image_transport/lib:${LD_LIBRARY_PATH} /usr/bin/cmake --install /home/louisdinhh/camera_stereo_ws/build/stereo_camera
[0.143s] -- Install configuration: ""
[0.144s] -- Up-to-date: /home/louisdinhh/camera_stereo_ws/install/stereo_camera/share/stereo_camera/launch
[0.144s] -- Up-to-date: /home/louisdinhh/camera_stereo_ws/install/stereo_camera/share/stereo_camera/launch/stereo_camera.launch.xml
[0.144s] -- Up-to-date: /home/louisdinhh/camera_stereo_ws/install/stereo_camera/share/stereo_camera/config
[0.144s] -- Up-to-date: /home/louisdinhh/camera_stereo_ws/install/stereo_camera/share/stereo_camera/config/right.ini
[0.144s] -- Up-to-date: /home/louisdinhh/camera_stereo_ws/install/stereo_camera/share/stereo_camera/config/left.ini
[0.144s] -- Up-to-date: /home/louisdinhh/camera_stereo_ws/install/stereo_camera/share/ament_index/resource_index/package_run_dependencies/stereo_camera
[0.144s] -- Up-to-date: /home/louisdinhh/camera_stereo_ws/install/stereo_camera/share/ament_index/resource_index/parent_prefix_path/stereo_camera
[0.144s] -- Up-to-date: /home/louisdinhh/camera_stereo_ws/install/stereo_camera/share/stereo_camera/environment/ament_prefix_path.sh
[0.146s] -- Up-to-date: /home/louisdinhh/camera_stereo_ws/install/stereo_camera/share/stereo_camera/environment/ament_prefix_path.dsv
[0.148s] -- Up-to-date: /home/louisdinhh/camera_stereo_ws/install/stereo_camera/share/stereo_camera/environment/path.sh
[0.148s] -- Up-to-date: /home/louisdinhh/camera_stereo_ws/install/stereo_camera/share/stereo_camera/environment/path.dsv
[0.148s] -- Up-to-date: /home/louisdinhh/camera_stereo_ws/install/stereo_camera/share/stereo_camera/local_setup.bash
[0.148s] -- Up-to-date: /home/louisdinhh/camera_stereo_ws/install/stereo_camera/share/stereo_camera/local_setup.sh
[0.148s] -- Up-to-date: /home/louisdinhh/camera_stereo_ws/install/stereo_camera/share/stereo_camera/local_setup.zsh
[0.148s] -- Up-to-date: /home/louisdinhh/camera_stereo_ws/install/stereo_camera/share/stereo_camera/local_setup.dsv
[0.148s] -- Up-to-date: /home/louisdinhh/camera_stereo_ws/install/stereo_camera/share/stereo_camera/package.dsv
[0.148s] -- Up-to-date: /home/louisdinhh/camera_stereo_ws/install/stereo_camera/share/ament_index/resource_index/packages/stereo_camera
[0.148s] -- Up-to-date: /home/louisdinhh/camera_stereo_ws/install/stereo_camera/share/stereo_camera/cmake/stereo_cameraConfig.cmake
[0.148s] -- Up-to-date: /home/louisdinhh/camera_stereo_ws/install/stereo_camera/share/stereo_camera/cmake/stereo_cameraConfig-version.cmake
[0.149s] -- Up-to-date: /home/louisdinhh/camera_stereo_ws/install/stereo_camera/share/stereo_camera/package.xml
[0.156s] Invoked command in '/home/louisdinhh/camera_stereo_ws/build/stereo_camera' returned '0': AMENT_PREFIX_PATH=/home/louisdinhh/camera_stereo_ws/install/image_transport:${AMENT_PREFIX_PATH} CMAKE_PREFIX_PATH=/home/louisdinhh/camera_stereo_ws/install/image_transport:/opt/ros/humble LD_LIBRARY_PATH=/home/louisdinhh/camera_stereo_ws/install/image_transport/lib:${LD_LIBRARY_PATH} /usr/bin/cmake --install /home/louisdinhh/camera_stereo_ws/build/stereo_camera
