[0.070s] DEBUG:colcon:Command line arguments: ['/usr/bin/colcon', 'build']
[0.070s] DEBUG:colcon:Parsed command line arguments: Namespace(log_base=None, log_level=None, verb_name='build', build_base='build', install_base='install', merge_install=False, symlink_install=False, test_result_base=None, continue_on_error=False, executor='parallel', parallel_workers=12, event_handlers=None, ignore_user_meta=False, metas=['./colcon.meta'], base_paths=['.'], packages_ignore=None, packages_ignore_regex=None, paths=None, packages_up_to=None, packages_up_to_regex=None, packages_above=None, packages_above_and_dependencies=None, packages_above_depth=None, packages_select_by_dep=None, packages_skip_by_dep=None, packages_skip_up_to=None, packages_select_build_failed=False, packages_skip_build_finished=False, packages_select_test_failures=False, packages_skip_test_passed=False, packages_select=None, packages_skip=None, packages_select_regex=None, packages_skip_regex=None, packages_start=None, packages_end=None, allow_overriding=[], cmake_args=None, cmake_target=None, cmake_target_skip_unavailable=False, cmake_clean_cache=False, cmake_clean_first=False, cmake_force_configure=False, ament_cmake_args=None, catkin_cmake_args=None, catkin_skip_building_tests=False, mixin_files=None, mixin=None, verb_parser=<colcon_mixin.mixin.mixin_argument.MixinArgumentDecorator object at 0x7bd144c2f460>, verb_extension=<colcon_core.verb.build.BuildVerb object at 0x7bd144d4fa90>, main=<bound method BuildVerb.main of <colcon_core.verb.build.BuildVerb object at 0x7bd144d4fa90>>, mixin_verb=('build',))
[0.168s] Level 1:colcon.colcon_core.package_discovery:discover_packages(colcon_meta) check parameters
[0.168s] Level 1:colcon.colcon_core.package_discovery:discover_packages(recursive) check parameters
[0.168s] Level 1:colcon.colcon_core.package_discovery:discover_packages(ignore) check parameters
[0.168s] Level 1:colcon.colcon_core.package_discovery:discover_packages(path) check parameters
[0.168s] Level 1:colcon.colcon_core.package_discovery:discover_packages(colcon_meta) discover
[0.168s] Level 1:colcon.colcon_core.package_discovery:discover_packages(recursive) discover
[0.168s] INFO:colcon.colcon_core.package_discovery:Crawling recursively for packages in '/home/louisdinhh/camera_360_ws'
[0.168s] Level 1:colcon.colcon_core.package_identification:_identify(.) by extensions ['ignore', 'ignore_ament_install']
[0.168s] Level 1:colcon.colcon_core.package_identification:_identify(.) by extension 'ignore'
[0.169s] Level 1:colcon.colcon_core.package_identification:_identify(.) by extension 'ignore_ament_install'
[0.169s] Level 1:colcon.colcon_core.package_identification:_identify(.) by extensions ['colcon_pkg']
[0.169s] Level 1:colcon.colcon_core.package_identification:_identify(.) by extension 'colcon_pkg'
[0.169s] Level 1:colcon.colcon_core.package_identification:_identify(.) by extensions ['colcon_meta']
[0.169s] Level 1:colcon.colcon_core.package_identification:_identify(.) by extension 'colcon_meta'
[0.169s] Level 1:colcon.colcon_core.package_identification:_identify(.) by extensions ['ros']
[0.169s] Level 1:colcon.colcon_core.package_identification:_identify(.) by extension 'ros'
[0.175s] Level 1:colcon.colcon_core.package_identification:_identify(.) by extensions ['cmake', 'python']
[0.175s] Level 1:colcon.colcon_core.package_identification:_identify(.) by extension 'cmake'
[0.175s] Level 1:colcon.colcon_core.package_identification:_identify(.) by extension 'python'
[0.175s] Level 1:colcon.colcon_core.package_identification:_identify(.) by extensions ['python_setup_py']
[0.175s] Level 1:colcon.colcon_core.package_identification:_identify(.) by extension 'python_setup_py'
[0.176s] Level 1:colcon.colcon_core.package_identification:_identify(build) by extensions ['ignore', 'ignore_ament_install']
[0.176s] Level 1:colcon.colcon_core.package_identification:_identify(build) by extension 'ignore'
[0.176s] Level 1:colcon.colcon_core.package_identification:_identify(build) ignored
[0.176s] Level 1:colcon.colcon_core.package_identification:_identify(install) by extensions ['ignore', 'ignore_ament_install']
[0.176s] Level 1:colcon.colcon_core.package_identification:_identify(install) by extension 'ignore'
[0.176s] Level 1:colcon.colcon_core.package_identification:_identify(install) ignored
[0.176s] Level 1:colcon.colcon_core.package_identification:_identify(log) by extensions ['ignore', 'ignore_ament_install']
[0.176s] Level 1:colcon.colcon_core.package_identification:_identify(log) by extension 'ignore'
[0.176s] Level 1:colcon.colcon_core.package_identification:_identify(log) ignored
[0.176s] Level 1:colcon.colcon_core.package_identification:_identify(src) by extensions ['ignore', 'ignore_ament_install']
[0.176s] Level 1:colcon.colcon_core.package_identification:_identify(src) by extension 'ignore'
[0.176s] Level 1:colcon.colcon_core.package_identification:_identify(src) by extension 'ignore_ament_install'
[0.176s] Level 1:colcon.colcon_core.package_identification:_identify(src) by extensions ['colcon_pkg']
[0.176s] Level 1:colcon.colcon_core.package_identification:_identify(src) by extension 'colcon_pkg'
[0.176s] Level 1:colcon.colcon_core.package_identification:_identify(src) by extensions ['colcon_meta']
[0.176s] Level 1:colcon.colcon_core.package_identification:_identify(src) by extension 'colcon_meta'
[0.176s] Level 1:colcon.colcon_core.package_identification:_identify(src) by extensions ['ros']
[0.176s] Level 1:colcon.colcon_core.package_identification:_identify(src) by extension 'ros'
[0.176s] Level 1:colcon.colcon_core.package_identification:_identify(src) by extensions ['cmake', 'python']
[0.176s] Level 1:colcon.colcon_core.package_identification:_identify(src) by extension 'cmake'
[0.176s] Level 1:colcon.colcon_core.package_identification:_identify(src) by extension 'python'
[0.176s] Level 1:colcon.colcon_core.package_identification:_identify(src) by extensions ['python_setup_py']
[0.176s] Level 1:colcon.colcon_core.package_identification:_identify(src) by extension 'python_setup_py'
[0.176s] Level 1:colcon.colcon_core.package_identification:_identify(src/surround_cam) by extensions ['ignore', 'ignore_ament_install']
[0.176s] Level 1:colcon.colcon_core.package_identification:_identify(src/surround_cam) by extension 'ignore'
[0.176s] Level 1:colcon.colcon_core.package_identification:_identify(src/surround_cam) by extension 'ignore_ament_install'
[0.176s] Level 1:colcon.colcon_core.package_identification:_identify(src/surround_cam) by extensions ['colcon_pkg']
[0.176s] Level 1:colcon.colcon_core.package_identification:_identify(src/surround_cam) by extension 'colcon_pkg'
[0.176s] Level 1:colcon.colcon_core.package_identification:_identify(src/surround_cam) by extensions ['colcon_meta']
[0.176s] Level 1:colcon.colcon_core.package_identification:_identify(src/surround_cam) by extension 'colcon_meta'
[0.176s] Level 1:colcon.colcon_core.package_identification:_identify(src/surround_cam) by extensions ['ros']
[0.176s] Level 1:colcon.colcon_core.package_identification:_identify(src/surround_cam) by extension 'ros'
[0.178s] DEBUG:colcon.colcon_core.package_identification:Package 'src/surround_cam' with type 'ros.ament_python' and name 'surround_cam'
[0.178s] Level 1:colcon.colcon_core.package_discovery:discover_packages(recursive) using defaults
[0.178s] Level 1:colcon.colcon_core.package_discovery:discover_packages(ignore) discover
[0.178s] Level 1:colcon.colcon_core.package_discovery:discover_packages(ignore) using defaults
[0.178s] Level 1:colcon.colcon_core.package_discovery:discover_packages(path) discover
[0.178s] Level 1:colcon.colcon_core.package_discovery:discover_packages(path) using defaults
[0.197s] Level 1:colcon.colcon_core.package_discovery:discover_packages(prefix_path) check parameters
[0.197s] Level 1:colcon.colcon_core.package_discovery:discover_packages(prefix_path) discover
[0.198s] DEBUG:colcon.colcon_installed_package_information.package_discovery:Found 428 installed packages in /opt/ros/humble
[0.200s] Level 1:colcon.colcon_core.package_discovery:discover_packages(prefix_path) using defaults
[0.227s] Level 5:colcon.colcon_core.verb:set package 'surround_cam' build argument 'cmake_args' from command line to 'None'
[0.227s] Level 5:colcon.colcon_core.verb:set package 'surround_cam' build argument 'cmake_target' from command line to 'None'
[0.227s] Level 5:colcon.colcon_core.verb:set package 'surround_cam' build argument 'cmake_target_skip_unavailable' from command line to 'False'
[0.227s] Level 5:colcon.colcon_core.verb:set package 'surround_cam' build argument 'cmake_clean_cache' from command line to 'False'
[0.227s] Level 5:colcon.colcon_core.verb:set package 'surround_cam' build argument 'cmake_clean_first' from command line to 'False'
[0.227s] Level 5:colcon.colcon_core.verb:set package 'surround_cam' build argument 'cmake_force_configure' from command line to 'False'
[0.227s] Level 5:colcon.colcon_core.verb:set package 'surround_cam' build argument 'ament_cmake_args' from command line to 'None'
[0.227s] Level 5:colcon.colcon_core.verb:set package 'surround_cam' build argument 'catkin_cmake_args' from command line to 'None'
[0.227s] Level 5:colcon.colcon_core.verb:set package 'surround_cam' build argument 'catkin_skip_building_tests' from command line to 'False'
[0.227s] DEBUG:colcon.colcon_core.verb:Building package 'surround_cam' with the following arguments: {'ament_cmake_args': None, 'build_base': '/home/louisdinhh/camera_360_ws/build/surround_cam', 'catkin_cmake_args': None, 'catkin_skip_building_tests': False, 'cmake_args': None, 'cmake_clean_cache': False, 'cmake_clean_first': False, 'cmake_force_configure': False, 'cmake_target': None, 'cmake_target_skip_unavailable': False, 'install_base': '/home/louisdinhh/camera_360_ws/install/surround_cam', 'merge_install': False, 'path': '/home/louisdinhh/camera_360_ws/src/surround_cam', 'symlink_install': False, 'test_result_base': None}
[0.228s] INFO:colcon.colcon_core.executor:Executing jobs using 'parallel' executor
[0.228s] DEBUG:colcon.colcon_parallel_executor.executor.parallel:run_until_complete
[0.228s] INFO:colcon.colcon_ros.task.ament_python.build:Building ROS package in '/home/louisdinhh/camera_360_ws/src/surround_cam' with build type 'ament_python'
[0.228s] Level 1:colcon.colcon_core.shell:create_environment_hook('surround_cam', 'ament_prefix_path')
[0.230s] INFO:colcon.colcon_core.plugin_system:Skipping extension 'colcon_core.shell.bat': Not used on non-Windows systems
[0.230s] INFO:colcon.colcon_core.shell:Creating environment hook '/home/louisdinhh/camera_360_ws/install/surround_cam/share/surround_cam/hook/ament_prefix_path.ps1'
[0.230s] INFO:colcon.colcon_core.shell:Creating environment descriptor '/home/louisdinhh/camera_360_ws/install/surround_cam/share/surround_cam/hook/ament_prefix_path.dsv'
[0.230s] INFO:colcon.colcon_core.shell:Creating environment hook '/home/louisdinhh/camera_360_ws/install/surround_cam/share/surround_cam/hook/ament_prefix_path.sh'
[0.231s] INFO:colcon.colcon_core.shell:Skip shell extension 'powershell' for command environment: Not usable outside of PowerShell
[0.231s] DEBUG:colcon.colcon_core.shell:Skip shell extension 'dsv' for command environment
[0.383s] INFO:colcon.colcon_core.task.python.build:Building Python package in '/home/louisdinhh/camera_360_ws/src/surround_cam'
[0.383s] INFO:colcon.colcon_core.shell:Skip shell extension 'powershell' for command environment: Not usable outside of PowerShell
[0.383s] DEBUG:colcon.colcon_core.shell:Skip shell extension 'dsv' for command environment
[0.593s] DEBUG:colcon.colcon_core.event_handler.log_command:Invoking command in '/home/louisdinhh/camera_360_ws/src/surround_cam': PYTHONPATH=/home/louisdinhh/camera_360_ws/build/surround_cam/prefix_override:/usr/lib/python3/dist-packages/colcon_core/task/python/colcon_distutils_commands:/home/louisdinhh/camera_360_ws/install/surround_cam/lib/python3.10/site-packages:${PYTHONPATH} /usr/bin/python3 -W ignore:setup.py install is deprecated setup.py egg_info --egg-base ../../build/surround_cam build --build-base /home/louisdinhh/camera_360_ws/build/surround_cam/build install --record /home/louisdinhh/camera_360_ws/build/surround_cam/install.log --single-version-externally-managed install_data
[0.765s] DEBUG:colcon.colcon_core.event_handler.log_command:Invoked command in '/home/louisdinhh/camera_360_ws/src/surround_cam' returned '0': PYTHONPATH=/home/louisdinhh/camera_360_ws/build/surround_cam/prefix_override:/usr/lib/python3/dist-packages/colcon_core/task/python/colcon_distutils_commands:/home/louisdinhh/camera_360_ws/install/surround_cam/lib/python3.10/site-packages:${PYTHONPATH} /usr/bin/python3 -W ignore:setup.py install is deprecated setup.py egg_info --egg-base ../../build/surround_cam build --build-base /home/louisdinhh/camera_360_ws/build/surround_cam/build install --record /home/louisdinhh/camera_360_ws/build/surround_cam/install.log --single-version-externally-managed install_data
[0.767s] Level 1:colcon.colcon_core.environment:checking '/home/louisdinhh/camera_360_ws/install/surround_cam' for CMake module files
[0.767s] Level 1:colcon.colcon_core.environment:checking '/home/louisdinhh/camera_360_ws/install/surround_cam' for CMake config files
[0.767s] Level 1:colcon.colcon_core.environment:checking '/home/louisdinhh/camera_360_ws/install/surround_cam/lib'
[0.767s] Level 1:colcon.colcon_core.environment:checking '/home/louisdinhh/camera_360_ws/install/surround_cam/bin'
[0.767s] Level 1:colcon.colcon_core.environment:checking '/home/louisdinhh/camera_360_ws/install/surround_cam/lib/pkgconfig/surround_cam.pc'
[0.767s] Level 1:colcon.colcon_core.environment:checking '/home/louisdinhh/camera_360_ws/install/surround_cam/lib/python3.10/site-packages'
[0.767s] Level 1:colcon.colcon_core.shell:create_environment_hook('surround_cam', 'pythonpath')
[0.768s] INFO:colcon.colcon_core.shell:Creating environment hook '/home/louisdinhh/camera_360_ws/install/surround_cam/share/surround_cam/hook/pythonpath.ps1'
[0.768s] INFO:colcon.colcon_core.shell:Creating environment descriptor '/home/louisdinhh/camera_360_ws/install/surround_cam/share/surround_cam/hook/pythonpath.dsv'
[0.768s] INFO:colcon.colcon_core.shell:Creating environment hook '/home/louisdinhh/camera_360_ws/install/surround_cam/share/surround_cam/hook/pythonpath.sh'
[0.769s] Level 1:colcon.colcon_core.environment:checking '/home/louisdinhh/camera_360_ws/install/surround_cam/bin'
[0.769s] Level 1:colcon.colcon_core.environment:create_environment_scripts_only(surround_cam)
[0.769s] INFO:colcon.colcon_core.shell:Creating package script '/home/louisdinhh/camera_360_ws/install/surround_cam/share/surround_cam/package.ps1'
[0.769s] INFO:colcon.colcon_core.shell:Creating package descriptor '/home/louisdinhh/camera_360_ws/install/surround_cam/share/surround_cam/package.dsv'
[0.770s] INFO:colcon.colcon_core.shell:Creating package script '/home/louisdinhh/camera_360_ws/install/surround_cam/share/surround_cam/package.sh'
[0.770s] INFO:colcon.colcon_core.shell:Creating package script '/home/louisdinhh/camera_360_ws/install/surround_cam/share/surround_cam/package.bash'
[0.770s] INFO:colcon.colcon_core.shell:Creating package script '/home/louisdinhh/camera_360_ws/install/surround_cam/share/surround_cam/package.zsh'
[0.771s] Level 1:colcon.colcon_core.environment:create_file_with_runtime_dependencies(/home/louisdinhh/camera_360_ws/install/surround_cam/share/colcon-core/packages/surround_cam)
[0.771s] DEBUG:colcon.colcon_parallel_executor.executor.parallel:closing loop
[0.771s] DEBUG:colcon.colcon_parallel_executor.executor.parallel:loop closed
[0.771s] DEBUG:colcon.colcon_parallel_executor.executor.parallel:run_until_complete finished with '0'
[0.771s] DEBUG:colcon.colcon_core.event_reactor:joining thread
[0.775s] INFO:colcon.colcon_core.plugin_system:Skipping extension 'colcon_notification.desktop_notification.terminal_notifier': Not used on non-Darwin systems
[0.775s] INFO:colcon.colcon_core.plugin_system:Skipping extension 'colcon_notification.desktop_notification.win32': Not used on non-Windows systems
[0.775s] INFO:colcon.colcon_notification.desktop_notification:Sending desktop notification using 'notify2'
[0.779s] DEBUG:colcon.colcon_core.event_reactor:joined thread
[0.779s] INFO:colcon.colcon_core.shell:Creating prefix script '/home/louisdinhh/camera_360_ws/install/local_setup.ps1'
[0.780s] INFO:colcon.colcon_core.shell:Creating prefix util module '/home/louisdinhh/camera_360_ws/install/_local_setup_util_ps1.py'
[0.781s] INFO:colcon.colcon_core.shell:Creating prefix chain script '/home/louisdinhh/camera_360_ws/install/setup.ps1'
[0.781s] INFO:colcon.colcon_core.shell:Creating prefix script '/home/louisdinhh/camera_360_ws/install/local_setup.sh'
[0.781s] INFO:colcon.colcon_core.shell:Creating prefix util module '/home/louisdinhh/camera_360_ws/install/_local_setup_util_sh.py'
[0.782s] INFO:colcon.colcon_core.shell:Creating prefix chain script '/home/louisdinhh/camera_360_ws/install/setup.sh'
[0.782s] INFO:colcon.colcon_core.shell:Creating prefix script '/home/louisdinhh/camera_360_ws/install/local_setup.bash'
[0.783s] INFO:colcon.colcon_core.shell:Creating prefix chain script '/home/louisdinhh/camera_360_ws/install/setup.bash'
[0.783s] INFO:colcon.colcon_core.shell:Creating prefix script '/home/louisdinhh/camera_360_ws/install/local_setup.zsh'
[0.783s] INFO:colcon.colcon_core.shell:Creating prefix chain script '/home/louisdinhh/camera_360_ws/install/setup.zsh'
