[0.029s] Invoking command in '/home/louisdinhh/camera_stereo_ws/build/image_common': AMENT_PREFIX_PATH=/home/louisdinhh/camera_stereo_ws/install/camera_info_manager:/home/louisdinhh/camera_stereo_ws/install/image_transport:/home/louisdinhh/camera_stereo_ws/install/camera_calibration_parsers:${AMENT_PREFIX_PATH} CMAKE_PREFIX_PATH=/home/louisdinhh/camera_stereo_ws/install/camera_info_manager:/home/louisdinhh/camera_stereo_ws/install/image_transport:/home/louisdinhh/camera_stereo_ws/install/camera_calibration_parsers:/opt/ros/humble LD_LIBRARY_PATH=/home/louisdinhh/camera_stereo_ws/install/camera_info_manager/lib:/home/louisdinhh/camera_stereo_ws/install/image_transport/lib:/home/louisdinhh/camera_stereo_ws/install/camera_calibration_parsers/lib:${LD_LIBRARY_PATH} /usr/bin/cmake --build /home/louisdinhh/camera_stereo_ws/build/image_common -- -j12 -l12
[0.078s] Invoked command in '/home/louisdinhh/camera_stereo_ws/build/image_common' returned '0': AMENT_PREFIX_PATH=/home/louisdinhh/camera_stereo_ws/install/camera_info_manager:/home/louisdinhh/camera_stereo_ws/install/image_transport:/home/louisdinhh/camera_stereo_ws/install/camera_calibration_parsers:${AMENT_PREFIX_PATH} CMAKE_PREFIX_PATH=/home/louisdinhh/camera_stereo_ws/install/camera_info_manager:/home/louisdinhh/camera_stereo_ws/install/image_transport:/home/louisdinhh/camera_stereo_ws/install/camera_calibration_parsers:/opt/ros/humble LD_LIBRARY_PATH=/home/louisdinhh/camera_stereo_ws/install/camera_info_manager/lib:/home/louisdinhh/camera_stereo_ws/install/image_transport/lib:/home/louisdinhh/camera_stereo_ws/install/camera_calibration_parsers/lib:${LD_LIBRARY_PATH} /usr/bin/cmake --build /home/louisdinhh/camera_stereo_ws/build/image_common -- -j12 -l12
[0.112s] Invoking command in '/home/louisdinhh/camera_stereo_ws/build/image_common': AMENT_PREFIX_PATH=/home/louisdinhh/camera_stereo_ws/install/camera_info_manager:/home/louisdinhh/camera_stereo_ws/install/image_transport:/home/louisdinhh/camera_stereo_ws/install/camera_calibration_parsers:${AMENT_PREFIX_PATH} CMAKE_PREFIX_PATH=/home/louisdinhh/camera_stereo_ws/install/camera_info_manager:/home/louisdinhh/camera_stereo_ws/install/image_transport:/home/louisdinhh/camera_stereo_ws/install/camera_calibration_parsers:/opt/ros/humble LD_LIBRARY_PATH=/home/louisdinhh/camera_stereo_ws/install/camera_info_manager/lib:/home/louisdinhh/camera_stereo_ws/install/image_transport/lib:/home/louisdinhh/camera_stereo_ws/install/camera_calibration_parsers/lib:${LD_LIBRARY_PATH} /usr/bin/cmake --install /home/louisdinhh/camera_stereo_ws/build/image_common
[0.117s] -- Install configuration: ""
[0.117s] -- Up-to-date: /home/louisdinhh/camera_stereo_ws/install/image_common/share/ament_index/resource_index/package_run_dependencies/image_common
[0.117s] -- Up-to-date: /home/louisdinhh/camera_stereo_ws/install/image_common/share/ament_index/resource_index/parent_prefix_path/image_common
[0.117s] -- Up-to-date: /home/louisdinhh/camera_stereo_ws/install/image_common/share/image_common/environment/ament_prefix_path.sh
[0.117s] -- Up-to-date: /home/louisdinhh/camera_stereo_ws/install/image_common/share/image_common/environment/ament_prefix_path.dsv
[0.117s] -- Up-to-date: /home/louisdinhh/camera_stereo_ws/install/image_common/share/image_common/environment/path.sh
[0.117s] -- Up-to-date: /home/louisdinhh/camera_stereo_ws/install/image_common/share/image_common/environment/path.dsv
[0.117s] -- Up-to-date: /home/louisdinhh/camera_stereo_ws/install/image_common/share/image_common/local_setup.bash
[0.117s] -- Up-to-date: /home/louisdinhh/camera_stereo_ws/install/image_common/share/image_common/local_setup.sh
[0.117s] -- Up-to-date: /home/louisdinhh/camera_stereo_ws/install/image_common/share/image_common/local_setup.zsh
[0.117s] -- Up-to-date: /home/louisdinhh/camera_stereo_ws/install/image_common/share/image_common/local_setup.dsv
[0.117s] -- Installing: /home/louisdinhh/camera_stereo_ws/install/image_common/share/image_common/package.dsv
[0.118s] -- Up-to-date: /home/louisdinhh/camera_stereo_ws/install/image_common/share/ament_index/resource_index/packages/image_common
[0.118s] -- Up-to-date: /home/louisdinhh/camera_stereo_ws/install/image_common/share/image_common/cmake/image_commonConfig.cmake
[0.118s] -- Up-to-date: /home/louisdinhh/camera_stereo_ws/install/image_common/share/image_common/cmake/image_commonConfig-version.cmake
[0.118s] -- Up-to-date: /home/louisdinhh/camera_stereo_ws/install/image_common/share/image_common/package.xml
[0.119s] Invoked command in '/home/louisdinhh/camera_stereo_ws/build/image_common' returned '0': AMENT_PREFIX_PATH=/home/louisdinhh/camera_stereo_ws/install/camera_info_manager:/home/louisdinhh/camera_stereo_ws/install/image_transport:/home/louisdinhh/camera_stereo_ws/install/camera_calibration_parsers:${AMENT_PREFIX_PATH} CMAKE_PREFIX_PATH=/home/louisdinhh/camera_stereo_ws/install/camera_info_manager:/home/louisdinhh/camera_stereo_ws/install/image_transport:/home/louisdinhh/camera_stereo_ws/install/camera_calibration_parsers:/opt/ros/humble LD_LIBRARY_PATH=/home/louisdinhh/camera_stereo_ws/install/camera_info_manager/lib:/home/louisdinhh/camera_stereo_ws/install/image_transport/lib:/home/louisdinhh/camera_stereo_ws/install/camera_calibration_parsers/lib:${LD_LIBRARY_PATH} /usr/bin/cmake --install /home/louisdinhh/camera_stereo_ws/build/image_common
