[0.018s] Invoking command in '/home/louisdinhh/camera_stereo_ws/build/tracetools_image_pipeline': CMAKE_PREFIX_PATH=${CMAKE_PREFIX_PATH}:/opt/ros/humble /usr/bin/cmake /home/louisdinhh/camera_stereo_ws/src/image_pipeline/tracetools_image_pipeline -DCMAKE_INSTALL_PREFIX=/home/louisdinhh/camera_stereo_ws/install/tracetools_image_pipeline
[0.186s] -- The C compiler identification is GNU 11.4.0
[0.186s] -- The CXX compiler identification is GNU 11.4.0
[0.186s] -- Detecting C compiler ABI info
[0.186s] -- Detecting C compiler ABI info - done
[0.186s] -- Check for working C compiler: /usr/bin/cc - skipped
[0.186s] -- Detecting C compile features
[0.187s] -- Detecting C compile features - done
[0.187s] -- Detecting CXX compiler ABI info
[0.191s] -- Detecting CXX compiler ABI info - done
[0.197s] -- Check for working CXX compiler: /usr/bin/c++ - skipped
[0.197s] -- Detecting CXX compile features
[0.197s] -- Detecting CXX compile features - done
[0.199s] -- Found ament_cmake_ros: 0.10.0 (/opt/ros/humble/share/ament_cmake_ros/cmake)
[0.304s] -- Found Python3: /usr/bin/python3 (found version "3.10.12") found components: Interpreter 
[0.364s] -- Found PkgConfig: /usr/bin/pkg-config (found version "0.29.2") 
[0.365s] -- Checking for module 'lttng-ust'
[0.366s] --   No package 'lttng-ust' found
[0.369s] -- Found ament_lint_auto: 0.12.11 (/opt/ros/humble/share/ament_lint_auto/cmake)
[0.425s] -- Added test 'copyright' to check source files copyright and LICENSE
[0.426s] -- Added test 'cppcheck' to perform static code analysis on C / C++ code
[0.426s] -- Configured cppcheck include dirs: 
[0.426s] -- Configured cppcheck exclude dirs and/or files: 
[0.426s] -- Added test 'cpplint' to check C / C++ code against the Google style
[0.426s] -- Configured cpplint exclude dirs and/or files: 
[0.427s] -- Added test 'lint_cmake' to check CMake code style
[0.427s] -- Added test 'uncrustify' to check C / C++ code style
[0.427s] -- Configured uncrustify additional arguments: 
[0.428s] -- Added test 'xmllint' to check XML markup files
[0.428s] -- Configuring done
[0.432s] -- Generating done
[0.432s] -- Build files have been written to: /home/louisdinhh/camera_stereo_ws/build/tracetools_image_pipeline
[0.435s] Invoked command in '/home/louisdinhh/camera_stereo_ws/build/tracetools_image_pipeline' returned '0': CMAKE_PREFIX_PATH=${CMAKE_PREFIX_PATH}:/opt/ros/humble /usr/bin/cmake /home/louisdinhh/camera_stereo_ws/src/image_pipeline/tracetools_image_pipeline -DCMAKE_INSTALL_PREFIX=/home/louisdinhh/camera_stereo_ws/install/tracetools_image_pipeline
[0.437s] Invoking command in '/home/louisdinhh/camera_stereo_ws/build/tracetools_image_pipeline': CMAKE_PREFIX_PATH=${CMAKE_PREFIX_PATH}:/opt/ros/humble /usr/bin/cmake --build /home/louisdinhh/camera_stereo_ws/build/tracetools_image_pipeline -- -j12 -l12
[0.464s] [ 40%] [32mBuilding C object CMakeFiles/tracetools_image_pipeline.dir/src/tracetools.c.o[0m
[0.464s] [ 40%] [32mBuilding CXX object CMakeFiles/tracetools_image_pipeline.dir/src/utils.cpp.o[0m
[0.520s] [ 60%] [32m[1mLinking CXX shared library libtracetools_image_pipeline.so[0m
[0.545s] [ 60%] Built target tracetools_image_pipeline
[0.557s] [ 80%] [32mBuilding C object CMakeFiles/status.dir/src/status.c.o[0m
[0.573s] [100%] [32m[1mLinking C executable status[0m
[0.596s] [100%] Built target status
[0.605s] Invoked command in '/home/louisdinhh/camera_stereo_ws/build/tracetools_image_pipeline' returned '0': CMAKE_PREFIX_PATH=${CMAKE_PREFIX_PATH}:/opt/ros/humble /usr/bin/cmake --build /home/louisdinhh/camera_stereo_ws/build/tracetools_image_pipeline -- -j12 -l12
[0.632s] Invoking command in '/home/louisdinhh/camera_stereo_ws/build/tracetools_image_pipeline': CMAKE_PREFIX_PATH=${CMAKE_PREFIX_PATH}:/opt/ros/humble /usr/bin/cmake --install /home/louisdinhh/camera_stereo_ws/build/tracetools_image_pipeline
[0.638s] -- Install configuration: ""
[0.638s] -- Installing: /home/louisdinhh/camera_stereo_ws/install/tracetools_image_pipeline/share/tracetools_image_pipeline/environment/library_path.sh
[0.638s] -- Installing: /home/louisdinhh/camera_stereo_ws/install/tracetools_image_pipeline/share/tracetools_image_pipeline/environment/library_path.dsv
[0.638s] -- Installing: /home/louisdinhh/camera_stereo_ws/install/tracetools_image_pipeline/lib/tracetools_image_pipeline/status
[0.638s] -- Set runtime path of "/home/louisdinhh/camera_stereo_ws/install/tracetools_image_pipeline/lib/tracetools_image_pipeline/status" to ""
[0.638s] -- Installing: /home/louisdinhh/camera_stereo_ws/install/tracetools_image_pipeline/include
[0.638s] -- Installing: /home/louisdinhh/camera_stereo_ws/install/tracetools_image_pipeline/include/tracetools_image_pipeline
[0.638s] -- Installing: /home/louisdinhh/camera_stereo_ws/install/tracetools_image_pipeline/include/tracetools_image_pipeline/tracetools.h
[0.638s] -- Installing: /home/louisdinhh/camera_stereo_ws/install/tracetools_image_pipeline/include/tracetools_image_pipeline/utils.hpp
[0.638s] -- Installing: /home/louisdinhh/camera_stereo_ws/install/tracetools_image_pipeline/include/tracetools_image_pipeline/visibility_control.hpp
[0.638s] -- Installing: /home/louisdinhh/camera_stereo_ws/install/tracetools_image_pipeline/include/tracetools_image_pipeline/config.h
[0.638s] -- Installing: /home/louisdinhh/camera_stereo_ws/install/tracetools_image_pipeline/lib/libtracetools_image_pipeline.so
[0.638s] -- Installing: /home/louisdinhh/camera_stereo_ws/install/tracetools_image_pipeline/share/ament_index/resource_index/package_run_dependencies/tracetools_image_pipeline
[0.638s] -- Installing: /home/louisdinhh/camera_stereo_ws/install/tracetools_image_pipeline/share/ament_index/resource_index/parent_prefix_path/tracetools_image_pipeline
[0.639s] -- Installing: /home/louisdinhh/camera_stereo_ws/install/tracetools_image_pipeline/share/tracetools_image_pipeline/environment/ament_prefix_path.sh
[0.639s] -- Installing: /home/louisdinhh/camera_stereo_ws/install/tracetools_image_pipeline/share/tracetools_image_pipeline/environment/ament_prefix_path.dsv
[0.639s] -- Installing: /home/louisdinhh/camera_stereo_ws/install/tracetools_image_pipeline/share/tracetools_image_pipeline/environment/path.sh
[0.639s] -- Installing: /home/louisdinhh/camera_stereo_ws/install/tracetools_image_pipeline/share/tracetools_image_pipeline/environment/path.dsv
[0.639s] -- Installing: /home/louisdinhh/camera_stereo_ws/install/tracetools_image_pipeline/share/tracetools_image_pipeline/local_setup.bash
[0.639s] -- Installing: /home/louisdinhh/camera_stereo_ws/install/tracetools_image_pipeline/share/tracetools_image_pipeline/local_setup.sh
[0.639s] -- Installing: /home/louisdinhh/camera_stereo_ws/install/tracetools_image_pipeline/share/tracetools_image_pipeline/local_setup.zsh
[0.639s] -- Installing: /home/louisdinhh/camera_stereo_ws/install/tracetools_image_pipeline/share/tracetools_image_pipeline/local_setup.dsv
[0.639s] -- Installing: /home/louisdinhh/camera_stereo_ws/install/tracetools_image_pipeline/share/tracetools_image_pipeline/package.dsv
[0.639s] -- Installing: /home/louisdinhh/camera_stereo_ws/install/tracetools_image_pipeline/share/ament_index/resource_index/packages/tracetools_image_pipeline
[0.639s] -- Installing: /home/louisdinhh/camera_stereo_ws/install/tracetools_image_pipeline/share/tracetools_image_pipeline/cmake/tracetools_image_pipeline_exportExport.cmake
[0.639s] -- Installing: /home/louisdinhh/camera_stereo_ws/install/tracetools_image_pipeline/share/tracetools_image_pipeline/cmake/tracetools_image_pipeline_exportExport-noconfig.cmake
[0.639s] -- Installing: /home/louisdinhh/camera_stereo_ws/install/tracetools_image_pipeline/share/tracetools_image_pipeline/cmake/ament_cmake_export_targets-extras.cmake
[0.639s] -- Installing: /home/louisdinhh/camera_stereo_ws/install/tracetools_image_pipeline/share/tracetools_image_pipeline/cmake/ament_cmake_export_include_directories-extras.cmake
[0.639s] -- Installing: /home/louisdinhh/camera_stereo_ws/install/tracetools_image_pipeline/share/tracetools_image_pipeline/cmake/ament_cmake_export_libraries-extras.cmake
[0.639s] -- Installing: /home/louisdinhh/camera_stereo_ws/install/tracetools_image_pipeline/share/tracetools_image_pipeline/cmake/tracetools_image_pipelineConfig.cmake
[0.639s] -- Installing: /home/louisdinhh/camera_stereo_ws/install/tracetools_image_pipeline/share/tracetools_image_pipeline/cmake/tracetools_image_pipelineConfig-version.cmake
[0.640s] -- Installing: /home/louisdinhh/camera_stereo_ws/install/tracetools_image_pipeline/share/tracetools_image_pipeline/package.xml
[0.641s] Invoked command in '/home/louisdinhh/camera_stereo_ws/build/tracetools_image_pipeline' returned '0': CMAKE_PREFIX_PATH=${CMAKE_PREFIX_PATH}:/opt/ros/humble /usr/bin/cmake --install /home/louisdinhh/camera_stereo_ws/build/tracetools_image_pipeline
