[0.027s] Invoking command in '/home/louisdinhh/camera_stereo_ws/build/image_publisher': AMENT_PREFIX_PATH=/home/louisdinhh/camera_stereo_ws/install/camera_info_manager:/home/louisdinhh/camera_stereo_ws/install/image_transport:/home/louisdinhh/camera_stereo_ws/install/camera_calibration_parsers:${AMENT_PREFIX_PATH} CMAKE_PREFIX_PATH=/home/louisdinhh/camera_stereo_ws/install/camera_info_manager:/home/louisdinhh/camera_stereo_ws/install/image_transport:/home/louisdinhh/camera_stereo_ws/install/camera_calibration_parsers:/opt/ros/humble LD_LIBRARY_PATH=/home/louisdinhh/camera_stereo_ws/install/camera_info_manager/lib:/home/louisdinhh/camera_stereo_ws/install/image_transport/lib:/home/louisdinhh/camera_stereo_ws/install/camera_calibration_parsers/lib:${LD_LIBRARY_PATH} /usr/bin/cmake --build /home/louisdinhh/camera_stereo_ws/build/image_publisher -- -j12 -l12
[0.081s] [ 50%] Built target image_publisher
[0.098s] [100%] Built target image_publisher_node
[0.116s] Invoked command in '/home/louisdinhh/camera_stereo_ws/build/image_publisher' returned '0': AMENT_PREFIX_PATH=/home/louisdinhh/camera_stereo_ws/install/camera_info_manager:/home/louisdinhh/camera_stereo_ws/install/image_transport:/home/louisdinhh/camera_stereo_ws/install/camera_calibration_parsers:${AMENT_PREFIX_PATH} CMAKE_PREFIX_PATH=/home/louisdinhh/camera_stereo_ws/install/camera_info_manager:/home/louisdinhh/camera_stereo_ws/install/image_transport:/home/louisdinhh/camera_stereo_ws/install/camera_calibration_parsers:/opt/ros/humble LD_LIBRARY_PATH=/home/louisdinhh/camera_stereo_ws/install/camera_info_manager/lib:/home/louisdinhh/camera_stereo_ws/install/image_transport/lib:/home/louisdinhh/camera_stereo_ws/install/camera_calibration_parsers/lib:${LD_LIBRARY_PATH} /usr/bin/cmake --build /home/louisdinhh/camera_stereo_ws/build/image_publisher -- -j12 -l12
[0.142s] Invoking command in '/home/louisdinhh/camera_stereo_ws/build/image_publisher': AMENT_PREFIX_PATH=/home/louisdinhh/camera_stereo_ws/install/camera_info_manager:/home/louisdinhh/camera_stereo_ws/install/image_transport:/home/louisdinhh/camera_stereo_ws/install/camera_calibration_parsers:${AMENT_PREFIX_PATH} CMAKE_PREFIX_PATH=/home/louisdinhh/camera_stereo_ws/install/camera_info_manager:/home/louisdinhh/camera_stereo_ws/install/image_transport:/home/louisdinhh/camera_stereo_ws/install/camera_calibration_parsers:/opt/ros/humble LD_LIBRARY_PATH=/home/louisdinhh/camera_stereo_ws/install/camera_info_manager/lib:/home/louisdinhh/camera_stereo_ws/install/image_transport/lib:/home/louisdinhh/camera_stereo_ws/install/camera_calibration_parsers/lib:${LD_LIBRARY_PATH} /usr/bin/cmake --install /home/louisdinhh/camera_stereo_ws/build/image_publisher
[0.156s] -- Install configuration: ""
[0.156s] -- Up-to-date: /home/louisdinhh/camera_stereo_ws/install/image_publisher/include
[0.156s] -- Up-to-date: /home/louisdinhh/camera_stereo_ws/install/image_publisher/include/image_publisher
[0.156s] -- Up-to-date: /home/louisdinhh/camera_stereo_ws/install/image_publisher/include/image_publisher/image_publisher.hpp
[0.156s] -- Up-to-date: /home/louisdinhh/camera_stereo_ws/install/image_publisher/include/image_publisher/visibility.h
[0.156s] -- Up-to-date: /home/louisdinhh/camera_stereo_ws/install/image_publisher/share/image_publisher/environment/library_path.sh
[0.156s] -- Up-to-date: /home/louisdinhh/camera_stereo_ws/install/image_publisher/share/image_publisher/environment/library_path.dsv
[0.156s] -- Up-to-date: /home/louisdinhh/camera_stereo_ws/install/image_publisher/lib/libimage_publisher.so
[0.156s] -- Up-to-date: /home/louisdinhh/camera_stereo_ws/install/image_publisher/lib/image_publisher/image_publisher_node
[0.156s] -- Up-to-date: /home/louisdinhh/camera_stereo_ws/install/image_publisher/share/image_publisher/launch
[0.156s] -- Up-to-date: /home/louisdinhh/camera_stereo_ws/install/image_publisher/share/image_publisher/launch/image_publisher_stereo.launch.py
[0.156s] -- Up-to-date: /home/louisdinhh/camera_stereo_ws/install/image_publisher/share/image_publisher/launch/splash.png
[0.156s] -- Up-to-date: /home/louisdinhh/camera_stereo_ws/install/image_publisher/share/image_publisher/launch/image_publisher_mono.launch.py
[0.156s] -- Up-to-date: /home/louisdinhh/camera_stereo_ws/install/image_publisher/share/image_publisher/launch/image_publisher_file.launch.py
[0.156s] -- Up-to-date: /home/louisdinhh/camera_stereo_ws/install/image_publisher/share/ament_index/resource_index/package_run_dependencies/image_publisher
[0.156s] -- Up-to-date: /home/louisdinhh/camera_stereo_ws/install/image_publisher/share/ament_index/resource_index/parent_prefix_path/image_publisher
[0.156s] -- Up-to-date: /home/louisdinhh/camera_stereo_ws/install/image_publisher/share/image_publisher/environment/ament_prefix_path.sh
[0.156s] -- Up-to-date: /home/louisdinhh/camera_stereo_ws/install/image_publisher/share/image_publisher/environment/ament_prefix_path.dsv
[0.156s] -- Up-to-date: /home/louisdinhh/camera_stereo_ws/install/image_publisher/share/image_publisher/environment/path.sh
[0.156s] -- Up-to-date: /home/louisdinhh/camera_stereo_ws/install/image_publisher/share/image_publisher/environment/path.dsv
[0.156s] -- Up-to-date: /home/louisdinhh/camera_stereo_ws/install/image_publisher/share/image_publisher/local_setup.bash
[0.156s] -- Up-to-date: /home/louisdinhh/camera_stereo_ws/install/image_publisher/share/image_publisher/local_setup.sh
[0.156s] -- Up-to-date: /home/louisdinhh/camera_stereo_ws/install/image_publisher/share/image_publisher/local_setup.zsh
[0.156s] -- Up-to-date: /home/louisdinhh/camera_stereo_ws/install/image_publisher/share/image_publisher/local_setup.dsv
[0.156s] -- Installing: /home/louisdinhh/camera_stereo_ws/install/image_publisher/share/image_publisher/package.dsv
[0.156s] -- Up-to-date: /home/louisdinhh/camera_stereo_ws/install/image_publisher/share/ament_index/resource_index/packages/image_publisher
[0.156s] -- Up-to-date: /home/louisdinhh/camera_stereo_ws/install/image_publisher/share/ament_index/resource_index/rclcpp_components/image_publisher
[0.157s] -- Up-to-date: /home/louisdinhh/camera_stereo_ws/install/image_publisher/share/image_publisher/cmake/ament_cmake_export_dependencies-extras.cmake
[0.157s] -- Up-to-date: /home/louisdinhh/camera_stereo_ws/install/image_publisher/share/image_publisher/cmake/ament_cmake_export_include_directories-extras.cmake
[0.157s] -- Up-to-date: /home/louisdinhh/camera_stereo_ws/install/image_publisher/share/image_publisher/cmake/ament_cmake_export_libraries-extras.cmake
[0.157s] -- Up-to-date: /home/louisdinhh/camera_stereo_ws/install/image_publisher/share/image_publisher/cmake/image_publisherConfig.cmake
[0.157s] -- Up-to-date: /home/louisdinhh/camera_stereo_ws/install/image_publisher/share/image_publisher/cmake/image_publisherConfig-version.cmake
[0.157s] -- Up-to-date: /home/louisdinhh/camera_stereo_ws/install/image_publisher/share/image_publisher/package.xml
[0.159s] Invoked command in '/home/louisdinhh/camera_stereo_ws/build/image_publisher' returned '0': AMENT_PREFIX_PATH=/home/louisdinhh/camera_stereo_ws/install/camera_info_manager:/home/louisdinhh/camera_stereo_ws/install/image_transport:/home/louisdinhh/camera_stereo_ws/install/camera_calibration_parsers:${AMENT_PREFIX_PATH} CMAKE_PREFIX_PATH=/home/louisdinhh/camera_stereo_ws/install/camera_info_manager:/home/louisdinhh/camera_stereo_ws/install/image_transport:/home/louisdinhh/camera_stereo_ws/install/camera_calibration_parsers:/opt/ros/humble LD_LIBRARY_PATH=/home/louisdinhh/camera_stereo_ws/install/camera_info_manager/lib:/home/louisdinhh/camera_stereo_ws/install/image_transport/lib:/home/louisdinhh/camera_stereo_ws/install/camera_calibration_parsers/lib:${LD_LIBRARY_PATH} /usr/bin/cmake --install /home/louisdinhh/camera_stereo_ws/build/image_publisher
