[0.017s] Invoking command in '/home/louisdinhh/camera_stereo_ws/build/camera_calibration_parsers': CMAKE_PREFIX_PATH=${CMAKE_PREFIX_PATH}:/opt/ros/humble /usr/bin/cmake /home/louisdinhh/camera_stereo_ws/src/image_common/camera_calibration_parsers -DCMAKE_INSTALL_PREFIX=/home/louisdinhh/camera_stereo_ws/install/camera_calibration_parsers
[0.192s] -- Found ament_cmake_ros: 0.10.0 (/opt/ros/humble/share/ament_cmake_ros/cmake)
[0.192s] -- Found rclcpp: 16.0.10 (/opt/ros/humble/share/rclcpp/cmake)
[0.192s] -- Found rosidl_generator_c: 3.1.5 (/opt/ros/humble/share/rosidl_generator_c/cmake)
[0.192s] -- Found rosidl_adapter: 3.1.5 (/opt/ros/humble/share/rosidl_adapter/cmake)
[0.192s] -- Found rosidl_generator_cpp: 3.1.5 (/opt/ros/humble/share/rosidl_generator_cpp/cmake)
[0.192s] -- Using all available rosidl_typesupport_c: rosidl_typesupport_fastrtps_c;rosidl_typesupport_introspection_c
[0.192s] -- Using all available rosidl_typesupport_cpp: rosidl_typesupport_fastrtps_cpp;rosidl_typesupport_introspection_cpp
[0.192s] -- Found rmw_implementation_cmake: 6.1.2 (/opt/ros/humble/share/rmw_implementation_cmake/cmake)
[0.192s] -- Found rmw_fastrtps_cpp: 6.2.7 (/opt/ros/humble/share/rmw_fastrtps_cpp/cmake)
[0.243s] -- Using RMW implementation 'rmw_fastrtps_cpp' as default
[0.274s] -- Found sensor_msgs: 4.2.4 (/opt/ros/humble/share/sensor_msgs/cmake)
[0.292s] -- Found yaml_cpp_vendor: 8.0.2 (/opt/ros/humble/share/yaml_cpp_vendor/cmake)
[0.293s] -- Found ament_cmake_cppcheck: 0.12.11 (/opt/ros/humble/share/ament_cmake_cppcheck/cmake)
[0.293s] -- Found ament_cmake_cpplint: 0.12.11 (/opt/ros/humble/share/ament_cmake_cpplint/cmake)
[0.294s] -- Found ament_cmake_lint_cmake: 0.12.11 (/opt/ros/humble/share/ament_cmake_lint_cmake/cmake)
[0.294s] -- Found ament_cmake_uncrustify: 0.12.11 (/opt/ros/humble/share/ament_cmake_uncrustify/cmake)
[0.295s] -- Found gtest sources under '/opt/ros/humble/src/gtest_vendor': C++ tests using 'Google Test' will be built
[0.340s] -- Configuring done
[0.354s] -- Generating done
[0.355s] -- Build files have been written to: /home/louisdinhh/camera_stereo_ws/build/camera_calibration_parsers
[0.361s] Invoked command in '/home/louisdinhh/camera_stereo_ws/build/camera_calibration_parsers' returned '0': CMAKE_PREFIX_PATH=${CMAKE_PREFIX_PATH}:/opt/ros/humble /usr/bin/cmake /home/louisdinhh/camera_stereo_ws/src/image_common/camera_calibration_parsers -DCMAKE_INSTALL_PREFIX=/home/louisdinhh/camera_stereo_ws/install/camera_calibration_parsers
[0.362s] Invoking command in '/home/louisdinhh/camera_stereo_ws/build/camera_calibration_parsers': CMAKE_PREFIX_PATH=${CMAKE_PREFIX_PATH}:/opt/ros/humble /usr/bin/cmake --build /home/louisdinhh/camera_stereo_ws/build/camera_calibration_parsers -- -j12 -l12
[0.394s] [  7%] [32mBuilding CXX object CMakeFiles/camera_calibration_parsers.dir/src/parse.cpp.o[0m
[0.394s] [ 28%] [32mBuilding CXX object gtest/CMakeFiles/gtest.dir/src/gtest-all.cc.o[0m
[0.395s] [ 28%] [32mBuilding CXX object gtest/CMakeFiles/gtest_main.dir/src/gtest_main.cc.o[0m
[0.395s] [ 28%] [32mBuilding CXX object CMakeFiles/camera_calibration_parsers.dir/src/parse_ini.cpp.o[0m
[0.395s] [ 35%] [32mBuilding CXX object CMakeFiles/camera_calibration_parsers.dir/src/parse_yml.cpp.o[0m
[1.217s] [ 42%] [32m[1mLinking CXX static library libgtest_main.a[0m
[1.300s] [ 42%] Built target gtest_main
[2.961s] [ 50%] [32m[1mLinking CXX static library libgtest.a[0m
[3.001s] [ 50%] Built target gtest
[3.431s] [ 57%] [32m[1mLinking CXX shared library libcamera_calibration_parsers.so[0m
[3.519s] [ 57%] Built target camera_calibration_parsers
[3.532s] [ 78%] [32mBuilding CXX object CMakeFiles/camera_calibration_parsers-parse_ini.dir/test/test_parse_ini.cpp.o[0m
[3.532s] [ 78%] [32mBuilding CXX object CMakeFiles/convert.dir/src/convert.cpp.o[0m
[3.532s] [ 78%] [32mBuilding CXX object CMakeFiles/camera_calibration_parsers-parse_yml.dir/test/test_parse_yml.cpp.o[0m
[3.978s] [ 85%] [32m[1mLinking CXX executable convert[0m
[4.057s] [ 85%] Built target convert
[4.105s] [100%] [32m[1mLinking CXX executable camera_calibration_parsers-parse_ini[0m
[4.105s] [100%] [32m[1mLinking CXX executable camera_calibration_parsers-parse_yml[0m
[4.218s] [100%] Built target camera_calibration_parsers-parse_yml
[4.218s] [100%] Built target camera_calibration_parsers-parse_ini
[4.225s] Invoked command in '/home/louisdinhh/camera_stereo_ws/build/camera_calibration_parsers' returned '0': CMAKE_PREFIX_PATH=${CMAKE_PREFIX_PATH}:/opt/ros/humble /usr/bin/cmake --build /home/louisdinhh/camera_stereo_ws/build/camera_calibration_parsers -- -j12 -l12
[4.246s] Invoking command in '/home/louisdinhh/camera_stereo_ws/build/camera_calibration_parsers': CMAKE_PREFIX_PATH=${CMAKE_PREFIX_PATH}:/opt/ros/humble /usr/bin/cmake --install /home/louisdinhh/camera_stereo_ws/build/camera_calibration_parsers
[4.251s] -- Install configuration: ""
[4.251s] -- Installing: /home/louisdinhh/camera_stereo_ws/install/camera_calibration_parsers/lib/libcamera_calibration_parsers.so
[4.251s] -- Set runtime path of "/home/louisdinhh/camera_stereo_ws/install/camera_calibration_parsers/lib/libcamera_calibration_parsers.so" to ""
[4.251s] -- Installing: /home/louisdinhh/camera_stereo_ws/install/camera_calibration_parsers/lib/camera_calibration_parsers/convert
[4.251s] -- Set runtime path of "/home/louisdinhh/camera_stereo_ws/install/camera_calibration_parsers/lib/camera_calibration_parsers/convert" to ""
[4.251s] -- Installing: /home/louisdinhh/camera_stereo_ws/install/camera_calibration_parsers/include/camera_calibration_parsers
[4.251s] -- Installing: /home/louisdinhh/camera_stereo_ws/install/camera_calibration_parsers/include/camera_calibration_parsers/camera_calibration_parsers
[4.251s] -- Installing: /home/louisdinhh/camera_stereo_ws/install/camera_calibration_parsers/include/camera_calibration_parsers/camera_calibration_parsers/parse_ini.hpp
[4.251s] -- Installing: /home/louisdinhh/camera_stereo_ws/install/camera_calibration_parsers/include/camera_calibration_parsers/camera_calibration_parsers/parse_yml.hpp
[4.252s] -- Installing: /home/louisdinhh/camera_stereo_ws/install/camera_calibration_parsers/include/camera_calibration_parsers/camera_calibration_parsers/parse.hpp
[4.252s] -- Installing: /home/louisdinhh/camera_stereo_ws/install/camera_calibration_parsers/include/camera_calibration_parsers/camera_calibration_parsers/visibility_control.hpp
[4.252s] -- Installing: /home/louisdinhh/camera_stereo_ws/install/camera_calibration_parsers/include/camera_calibration_parsers/camera_calibration_parsers/parse_ini.h
[4.252s] -- Installing: /home/louisdinhh/camera_stereo_ws/install/camera_calibration_parsers/include/camera_calibration_parsers/camera_calibration_parsers/parse.h
[4.252s] -- Installing: /home/louisdinhh/camera_stereo_ws/install/camera_calibration_parsers/include/camera_calibration_parsers/camera_calibration_parsers/parse_yml.h
[4.252s] -- Installing: /home/louisdinhh/camera_stereo_ws/install/camera_calibration_parsers/share/ament_index/resource_index/package_run_dependencies/camera_calibration_parsers
[4.252s] -- Installing: /home/louisdinhh/camera_stereo_ws/install/camera_calibration_parsers/share/ament_index/resource_index/parent_prefix_path/camera_calibration_parsers
[4.252s] -- Installing: /home/louisdinhh/camera_stereo_ws/install/camera_calibration_parsers/share/camera_calibration_parsers/environment/ament_prefix_path.sh
[4.252s] -- Installing: /home/louisdinhh/camera_stereo_ws/install/camera_calibration_parsers/share/camera_calibration_parsers/environment/ament_prefix_path.dsv
[4.252s] -- Installing: /home/louisdinhh/camera_stereo_ws/install/camera_calibration_parsers/share/camera_calibration_parsers/environment/path.sh
[4.252s] -- Installing: /home/louisdinhh/camera_stereo_ws/install/camera_calibration_parsers/share/camera_calibration_parsers/environment/path.dsv
[4.252s] -- Installing: /home/louisdinhh/camera_stereo_ws/install/camera_calibration_parsers/share/camera_calibration_parsers/local_setup.bash
[4.252s] -- Installing: /home/louisdinhh/camera_stereo_ws/install/camera_calibration_parsers/share/camera_calibration_parsers/local_setup.sh
[4.252s] -- Installing: /home/louisdinhh/camera_stereo_ws/install/camera_calibration_parsers/share/camera_calibration_parsers/local_setup.zsh
[4.252s] -- Installing: /home/louisdinhh/camera_stereo_ws/install/camera_calibration_parsers/share/camera_calibration_parsers/local_setup.dsv
[4.252s] -- Installing: /home/louisdinhh/camera_stereo_ws/install/camera_calibration_parsers/share/camera_calibration_parsers/package.dsv
[4.252s] -- Installing: /home/louisdinhh/camera_stereo_ws/install/camera_calibration_parsers/share/ament_index/resource_index/packages/camera_calibration_parsers
[4.252s] -- Installing: /home/louisdinhh/camera_stereo_ws/install/camera_calibration_parsers/share/camera_calibration_parsers/cmake/export_camera_calibration_parsersExport.cmake
[4.252s] -- Installing: /home/louisdinhh/camera_stereo_ws/install/camera_calibration_parsers/share/camera_calibration_parsers/cmake/export_camera_calibration_parsersExport-noconfig.cmake
[4.253s] -- Installing: /home/louisdinhh/camera_stereo_ws/install/camera_calibration_parsers/share/camera_calibration_parsers/cmake/ament_cmake_export_targets-extras.cmake
[4.253s] -- Installing: /home/louisdinhh/camera_stereo_ws/install/camera_calibration_parsers/share/camera_calibration_parsers/cmake/ament_cmake_export_dependencies-extras.cmake
[4.253s] -- Installing: /home/louisdinhh/camera_stereo_ws/install/camera_calibration_parsers/share/camera_calibration_parsers/cmake/camera_calibration_parsersConfig.cmake
[4.253s] -- Installing: /home/louisdinhh/camera_stereo_ws/install/camera_calibration_parsers/share/camera_calibration_parsers/cmake/camera_calibration_parsersConfig-version.cmake
[4.253s] -- Installing: /home/louisdinhh/camera_stereo_ws/install/camera_calibration_parsers/share/camera_calibration_parsers/package.xml
[4.254s] Invoked command in '/home/louisdinhh/camera_stereo_ws/build/camera_calibration_parsers' returned '0': CMAKE_PREFIX_PATH=${CMAKE_PREFIX_PATH}:/opt/ros/humble /usr/bin/cmake --install /home/louisdinhh/camera_stereo_ws/build/camera_calibration_parsers
