[0.634s] Invoking command in '/home/louisdinhh/camera_stereo_ws/src/image_pipeline/camera_calibration': PYTHONPATH=/home/louisdinhh/camera_stereo_ws/build/camera_calibration/prefix_override:/usr/lib/python3/dist-packages/colcon_core/task/python/colcon_distutils_commands:/home/louisdinhh/camera_stereo_ws/install/camera_calibration/lib/python3.10/site-packages:${PYTHONPATH} /usr/bin/python3 -W ignore:setup.py install is deprecated setup.py egg_info --egg-base ../../../build/camera_calibration build --build-base /home/louisdinhh/camera_stereo_ws/build/camera_calibration/build install --record /home/louisdinhh/camera_stereo_ws/build/camera_calibration/install.log --single-version-externally-managed install_data
[0.798s] running egg_info
[0.799s] creating ../../../build/camera_calibration/camera_calibration.egg-info
[0.799s] writing ../../../build/camera_calibration/camera_calibration.egg-info/PKG-INFO
[0.799s] writing dependency_links to ../../../build/camera_calibration/camera_calibration.egg-info/dependency_links.txt
[0.799s] writing entry points to ../../../build/camera_calibration/camera_calibration.egg-info/entry_points.txt
[0.799s] writing requirements to ../../../build/camera_calibration/camera_calibration.egg-info/requires.txt
[0.799s] writing top-level names to ../../../build/camera_calibration/camera_calibration.egg-info/top_level.txt
[0.799s] writing manifest file '../../../build/camera_calibration/camera_calibration.egg-info/SOURCES.txt'
[0.800s] reading manifest file '../../../build/camera_calibration/camera_calibration.egg-info/SOURCES.txt'
[0.801s] writing manifest file '../../../build/camera_calibration/camera_calibration.egg-info/SOURCES.txt'
[0.801s] running build
[0.801s] running build_py
[0.801s] creating /home/louisdinhh/camera_stereo_ws/build/camera_calibration/build
[0.801s] creating /home/louisdinhh/camera_stereo_ws/build/camera_calibration/build/lib
[0.801s] creating /home/louisdinhh/camera_stereo_ws/build/camera_calibration/build/lib/camera_calibration
[0.801s] copying src/camera_calibration/mono_calibrator.py -> /home/louisdinhh/camera_stereo_ws/build/camera_calibration/build/lib/camera_calibration
[0.801s] copying src/camera_calibration/calibrator.py -> /home/louisdinhh/camera_stereo_ws/build/camera_calibration/build/lib/camera_calibration
[0.801s] copying src/camera_calibration/stereo_calibrator.py -> /home/louisdinhh/camera_stereo_ws/build/camera_calibration/build/lib/camera_calibration
[0.801s] copying src/camera_calibration/__init__.py -> /home/louisdinhh/camera_stereo_ws/build/camera_calibration/build/lib/camera_calibration
[0.801s] copying src/camera_calibration/camera_checker.py -> /home/louisdinhh/camera_stereo_ws/build/camera_calibration/build/lib/camera_calibration
[0.801s] copying src/camera_calibration/camera_calibrator.py -> /home/louisdinhh/camera_stereo_ws/build/camera_calibration/build/lib/camera_calibration
[0.802s] creating /home/louisdinhh/camera_stereo_ws/build/camera_calibration/build/lib/camera_calibration/nodes
[0.802s] copying src/camera_calibration/nodes/tarfile_calibration.py -> /home/louisdinhh/camera_stereo_ws/build/camera_calibration/build/lib/camera_calibration/nodes
[0.802s] copying src/camera_calibration/nodes/cameracheck.py -> /home/louisdinhh/camera_stereo_ws/build/camera_calibration/build/lib/camera_calibration/nodes
[0.802s] copying src/camera_calibration/nodes/__init__.py -> /home/louisdinhh/camera_stereo_ws/build/camera_calibration/build/lib/camera_calibration/nodes
[0.802s] copying src/camera_calibration/nodes/cameracalibrator.py -> /home/louisdinhh/camera_stereo_ws/build/camera_calibration/build/lib/camera_calibration/nodes
[0.802s] running install
[0.802s] running install_lib
[0.803s] creating /home/louisdinhh/camera_stereo_ws/install/camera_calibration/lib/python3.10/site-packages/camera_calibration
[0.803s] copying /home/louisdinhh/camera_stereo_ws/build/camera_calibration/build/lib/camera_calibration/mono_calibrator.py -> /home/louisdinhh/camera_stereo_ws/install/camera_calibration/lib/python3.10/site-packages/camera_calibration
[0.803s] copying /home/louisdinhh/camera_stereo_ws/build/camera_calibration/build/lib/camera_calibration/calibrator.py -> /home/louisdinhh/camera_stereo_ws/install/camera_calibration/lib/python3.10/site-packages/camera_calibration
[0.803s] copying /home/louisdinhh/camera_stereo_ws/build/camera_calibration/build/lib/camera_calibration/stereo_calibrator.py -> /home/louisdinhh/camera_stereo_ws/install/camera_calibration/lib/python3.10/site-packages/camera_calibration
[0.803s] copying /home/louisdinhh/camera_stereo_ws/build/camera_calibration/build/lib/camera_calibration/__init__.py -> /home/louisdinhh/camera_stereo_ws/install/camera_calibration/lib/python3.10/site-packages/camera_calibration
[0.803s] copying /home/louisdinhh/camera_stereo_ws/build/camera_calibration/build/lib/camera_calibration/camera_checker.py -> /home/louisdinhh/camera_stereo_ws/install/camera_calibration/lib/python3.10/site-packages/camera_calibration
[0.803s] copying /home/louisdinhh/camera_stereo_ws/build/camera_calibration/build/lib/camera_calibration/camera_calibrator.py -> /home/louisdinhh/camera_stereo_ws/install/camera_calibration/lib/python3.10/site-packages/camera_calibration
[0.803s] creating /home/louisdinhh/camera_stereo_ws/install/camera_calibration/lib/python3.10/site-packages/camera_calibration/nodes
[0.803s] copying /home/louisdinhh/camera_stereo_ws/build/camera_calibration/build/lib/camera_calibration/nodes/tarfile_calibration.py -> /home/louisdinhh/camera_stereo_ws/install/camera_calibration/lib/python3.10/site-packages/camera_calibration/nodes
[0.803s] copying /home/louisdinhh/camera_stereo_ws/build/camera_calibration/build/lib/camera_calibration/nodes/cameracheck.py -> /home/louisdinhh/camera_stereo_ws/install/camera_calibration/lib/python3.10/site-packages/camera_calibration/nodes
[0.803s] copying /home/louisdinhh/camera_stereo_ws/build/camera_calibration/build/lib/camera_calibration/nodes/__init__.py -> /home/louisdinhh/camera_stereo_ws/install/camera_calibration/lib/python3.10/site-packages/camera_calibration/nodes
[0.803s] copying /home/louisdinhh/camera_stereo_ws/build/camera_calibration/build/lib/camera_calibration/nodes/cameracalibrator.py -> /home/louisdinhh/camera_stereo_ws/install/camera_calibration/lib/python3.10/site-packages/camera_calibration/nodes
[0.803s] byte-compiling /home/louisdinhh/camera_stereo_ws/install/camera_calibration/lib/python3.10/site-packages/camera_calibration/mono_calibrator.py to mono_calibrator.cpython-310.pyc
[0.805s] byte-compiling /home/louisdinhh/camera_stereo_ws/install/camera_calibration/lib/python3.10/site-packages/camera_calibration/calibrator.py to calibrator.cpython-310.pyc
[0.809s] byte-compiling /home/louisdinhh/camera_stereo_ws/install/camera_calibration/lib/python3.10/site-packages/camera_calibration/stereo_calibrator.py to stereo_calibrator.cpython-310.pyc
[0.811s] byte-compiling /home/louisdinhh/camera_stereo_ws/install/camera_calibration/lib/python3.10/site-packages/camera_calibration/__init__.py to __init__.cpython-310.pyc
[0.811s] byte-compiling /home/louisdinhh/camera_stereo_ws/install/camera_calibration/lib/python3.10/site-packages/camera_calibration/camera_checker.py to camera_checker.cpython-310.pyc
[0.812s] byte-compiling /home/louisdinhh/camera_stereo_ws/install/camera_calibration/lib/python3.10/site-packages/camera_calibration/camera_calibrator.py to camera_calibrator.cpython-310.pyc
[0.814s] byte-compiling /home/louisdinhh/camera_stereo_ws/install/camera_calibration/lib/python3.10/site-packages/camera_calibration/nodes/tarfile_calibration.py to tarfile_calibration.cpython-310.pyc
[0.815s] byte-compiling /home/louisdinhh/camera_stereo_ws/install/camera_calibration/lib/python3.10/site-packages/camera_calibration/nodes/cameracheck.py to cameracheck.cpython-310.pyc
[0.815s] byte-compiling /home/louisdinhh/camera_stereo_ws/install/camera_calibration/lib/python3.10/site-packages/camera_calibration/nodes/__init__.py to __init__.cpython-310.pyc
[0.815s] byte-compiling /home/louisdinhh/camera_stereo_ws/install/camera_calibration/lib/python3.10/site-packages/camera_calibration/nodes/cameracalibrator.py to cameracalibrator.cpython-310.pyc
[0.816s] running install_data
[0.816s] creating /home/louisdinhh/camera_stereo_ws/install/camera_calibration/share/ament_index
[0.816s] creating /home/louisdinhh/camera_stereo_ws/install/camera_calibration/share/ament_index/resource_index
[0.816s] creating /home/louisdinhh/camera_stereo_ws/install/camera_calibration/share/ament_index/resource_index/packages
[0.816s] copying resource/camera_calibration -> /home/louisdinhh/camera_stereo_ws/install/camera_calibration/share/ament_index/resource_index/packages
[0.816s] copying package.xml -> /home/louisdinhh/camera_stereo_ws/install/camera_calibration/share/camera_calibration
[0.816s] running install_egg_info
[0.817s] Copying ../../../build/camera_calibration/camera_calibration.egg-info to /home/louisdinhh/camera_stereo_ws/install/camera_calibration/lib/python3.10/site-packages/camera_calibration-6.0.6-py3.10.egg-info
[0.818s] running install_scripts
[0.831s] Installing cameracalibrator script to /home/louisdinhh/camera_stereo_ws/install/camera_calibration/lib/camera_calibration
[0.832s] Installing cameracheck script to /home/louisdinhh/camera_stereo_ws/install/camera_calibration/lib/camera_calibration
[0.832s] Installing tarfile_calibration script to /home/louisdinhh/camera_stereo_ws/install/camera_calibration/lib/camera_calibration
[0.832s] writing list of installed files to '/home/louisdinhh/camera_stereo_ws/build/camera_calibration/install.log'
