[0.059s] DEBUG:colcon:Command line arguments: ['/usr/bin/colcon', 'build']
[0.059s] DEBUG:colcon:Parsed command line arguments: Namespace(log_base=None, log_level=None, verb_name='build', build_base='build', install_base='install', merge_install=False, symlink_install=False, test_result_base=None, continue_on_error=False, executor='parallel', parallel_workers=12, event_handlers=None, ignore_user_meta=False, metas=['./colcon.meta'], base_paths=['.'], packages_ignore=None, packages_ignore_regex=None, paths=None, packages_up_to=None, packages_up_to_regex=None, packages_above=None, packages_above_and_dependencies=None, packages_above_depth=None, packages_select_by_dep=None, packages_skip_by_dep=None, packages_skip_up_to=None, packages_select_build_failed=False, packages_skip_build_finished=False, packages_select_test_failures=False, packages_skip_test_passed=False, packages_select=None, packages_skip=None, packages_select_regex=None, packages_skip_regex=None, packages_start=None, packages_end=None, allow_overriding=[], cmake_args=None, cmake_target=None, cmake_target_skip_unavailable=False, cmake_clean_cache=False, cmake_clean_first=False, cmake_force_configure=False, ament_cmake_args=None, catkin_cmake_args=None, catkin_skip_building_tests=False, mixin_files=None, mixin=None, verb_parser=<colcon_mixin.mixin.mixin_argument.MixinArgumentDecorator object at 0x72b90ad377c0>, verb_extension=<colcon_core.verb.build.BuildVerb object at 0x72b90ae53df0>, main=<bound method BuildVerb.main of <colcon_core.verb.build.BuildVerb object at 0x72b90ae53df0>>, mixin_verb=('build',))
[0.148s] Level 1:colcon.colcon_core.package_discovery:discover_packages(colcon_meta) check parameters
[0.148s] Level 1:colcon.colcon_core.package_discovery:discover_packages(recursive) check parameters
[0.148s] Level 1:colcon.colcon_core.package_discovery:discover_packages(ignore) check parameters
[0.148s] Level 1:colcon.colcon_core.package_discovery:discover_packages(path) check parameters
[0.148s] Level 1:colcon.colcon_core.package_discovery:discover_packages(colcon_meta) discover
[0.148s] Level 1:colcon.colcon_core.package_discovery:discover_packages(recursive) discover
[0.149s] INFO:colcon.colcon_core.package_discovery:Crawling recursively for packages in '/home/louisdinhh/camera_360_ws'
[0.149s] Level 1:colcon.colcon_core.package_identification:_identify(.) by extensions ['ignore', 'ignore_ament_install']
[0.149s] Level 1:colcon.colcon_core.package_identification:_identify(.) by extension 'ignore'
[0.149s] Level 1:colcon.colcon_core.package_identification:_identify(.) by extension 'ignore_ament_install'
[0.149s] Level 1:colcon.colcon_core.package_identification:_identify(.) by extensions ['colcon_pkg']
[0.149s] Level 1:colcon.colcon_core.package_identification:_identify(.) by extension 'colcon_pkg'
[0.149s] Level 1:colcon.colcon_core.package_identification:_identify(.) by extensions ['colcon_meta']
[0.149s] Level 1:colcon.colcon_core.package_identification:_identify(.) by extension 'colcon_meta'
[0.149s] Level 1:colcon.colcon_core.package_identification:_identify(.) by extensions ['ros']
[0.149s] Level 1:colcon.colcon_core.package_identification:_identify(.) by extension 'ros'
[0.155s] Level 1:colcon.colcon_core.package_identification:_identify(.) by extensions ['cmake', 'python']
[0.155s] Level 1:colcon.colcon_core.package_identification:_identify(.) by extension 'cmake'
[0.155s] Level 1:colcon.colcon_core.package_identification:_identify(.) by extension 'python'
[0.155s] Level 1:colcon.colcon_core.package_identification:_identify(.) by extensions ['python_setup_py']
[0.155s] Level 1:colcon.colcon_core.package_identification:_identify(.) by extension 'python_setup_py'
[0.155s] Level 1:colcon.colcon_core.package_identification:_identify(build) by extensions ['ignore', 'ignore_ament_install']
[0.155s] Level 1:colcon.colcon_core.package_identification:_identify(build) by extension 'ignore'
[0.155s] Level 1:colcon.colcon_core.package_identification:_identify(build) ignored
[0.155s] Level 1:colcon.colcon_core.package_identification:_identify(install) by extensions ['ignore', 'ignore_ament_install']
[0.155s] Level 1:colcon.colcon_core.package_identification:_identify(install) by extension 'ignore'
[0.155s] Level 1:colcon.colcon_core.package_identification:_identify(install) ignored
[0.155s] Level 1:colcon.colcon_core.package_identification:_identify(log) by extensions ['ignore', 'ignore_ament_install']
[0.155s] Level 1:colcon.colcon_core.package_identification:_identify(log) by extension 'ignore'
[0.155s] Level 1:colcon.colcon_core.package_identification:_identify(log) ignored
[0.155s] Level 1:colcon.colcon_core.package_identification:_identify(src) by extensions ['ignore', 'ignore_ament_install']
[0.155s] Level 1:colcon.colcon_core.package_identification:_identify(src) by extension 'ignore'
[0.155s] Level 1:colcon.colcon_core.package_identification:_identify(src) by extension 'ignore_ament_install'
[0.155s] Level 1:colcon.colcon_core.package_identification:_identify(src) by extensions ['colcon_pkg']
[0.156s] Level 1:colcon.colcon_core.package_identification:_identify(src) by extension 'colcon_pkg'
[0.156s] Level 1:colcon.colcon_core.package_identification:_identify(src) by extensions ['colcon_meta']
[0.156s] Level 1:colcon.colcon_core.package_identification:_identify(src) by extension 'colcon_meta'
[0.156s] Level 1:colcon.colcon_core.package_identification:_identify(src) by extensions ['ros']
[0.156s] Level 1:colcon.colcon_core.package_identification:_identify(src) by extension 'ros'
[0.156s] Level 1:colcon.colcon_core.package_identification:_identify(src) by extensions ['cmake', 'python']
[0.156s] Level 1:colcon.colcon_core.package_identification:_identify(src) by extension 'cmake'
[0.156s] Level 1:colcon.colcon_core.package_identification:_identify(src) by extension 'python'
[0.156s] Level 1:colcon.colcon_core.package_identification:_identify(src) by extensions ['python_setup_py']
[0.156s] Level 1:colcon.colcon_core.package_identification:_identify(src) by extension 'python_setup_py'
[0.156s] Level 1:colcon.colcon_core.package_identification:_identify(src/hackathon-2024-main) by extensions ['ignore', 'ignore_ament_install']
[0.156s] Level 1:colcon.colcon_core.package_identification:_identify(src/hackathon-2024-main) by extension 'ignore'
[0.156s] Level 1:colcon.colcon_core.package_identification:_identify(src/hackathon-2024-main) by extension 'ignore_ament_install'
[0.156s] Level 1:colcon.colcon_core.package_identification:_identify(src/hackathon-2024-main) by extensions ['colcon_pkg']
[0.156s] Level 1:colcon.colcon_core.package_identification:_identify(src/hackathon-2024-main) by extension 'colcon_pkg'
[0.156s] Level 1:colcon.colcon_core.package_identification:_identify(src/hackathon-2024-main) by extensions ['colcon_meta']
[0.156s] Level 1:colcon.colcon_core.package_identification:_identify(src/hackathon-2024-main) by extension 'colcon_meta'
[0.156s] Level 1:colcon.colcon_core.package_identification:_identify(src/hackathon-2024-main) by extensions ['ros']
[0.156s] Level 1:colcon.colcon_core.package_identification:_identify(src/hackathon-2024-main) by extension 'ros'
[0.156s] Level 1:colcon.colcon_core.package_identification:_identify(src/hackathon-2024-main) by extensions ['cmake', 'python']
[0.156s] Level 1:colcon.colcon_core.package_identification:_identify(src/hackathon-2024-main) by extension 'cmake'
[0.156s] Level 1:colcon.colcon_core.package_identification:_identify(src/hackathon-2024-main) by extension 'python'
[0.156s] Level 1:colcon.colcon_core.package_identification:_identify(src/hackathon-2024-main) by extensions ['python_setup_py']
[0.156s] Level 1:colcon.colcon_core.package_identification:_identify(src/hackathon-2024-main) by extension 'python_setup_py'
[0.156s] Level 1:colcon.colcon_core.package_identification:_identify(src/hackathon-2024-main/workspace) by extensions ['ignore', 'ignore_ament_install']
[0.156s] Level 1:colcon.colcon_core.package_identification:_identify(src/hackathon-2024-main/workspace) by extension 'ignore'
[0.156s] Level 1:colcon.colcon_core.package_identification:_identify(src/hackathon-2024-main/workspace) by extension 'ignore_ament_install'
[0.156s] Level 1:colcon.colcon_core.package_identification:_identify(src/hackathon-2024-main/workspace) by extensions ['colcon_pkg']
[0.156s] Level 1:colcon.colcon_core.package_identification:_identify(src/hackathon-2024-main/workspace) by extension 'colcon_pkg'
[0.156s] Level 1:colcon.colcon_core.package_identification:_identify(src/hackathon-2024-main/workspace) by extensions ['colcon_meta']
[0.156s] Level 1:colcon.colcon_core.package_identification:_identify(src/hackathon-2024-main/workspace) by extension 'colcon_meta'
[0.156s] Level 1:colcon.colcon_core.package_identification:_identify(src/hackathon-2024-main/workspace) by extensions ['ros']
[0.156s] Level 1:colcon.colcon_core.package_identification:_identify(src/hackathon-2024-main/workspace) by extension 'ros'
[0.156s] Level 1:colcon.colcon_core.package_identification:_identify(src/hackathon-2024-main/workspace) by extensions ['cmake', 'python']
[0.156s] Level 1:colcon.colcon_core.package_identification:_identify(src/hackathon-2024-main/workspace) by extension 'cmake'
[0.156s] Level 1:colcon.colcon_core.package_identification:_identify(src/hackathon-2024-main/workspace) by extension 'python'
[0.156s] Level 1:colcon.colcon_core.package_identification:_identify(src/hackathon-2024-main/workspace) by extensions ['python_setup_py']
[0.156s] Level 1:colcon.colcon_core.package_identification:_identify(src/hackathon-2024-main/workspace) by extension 'python_setup_py'
[0.156s] Level 1:colcon.colcon_core.package_identification:_identify(src/hackathon-2024-main/workspace/bags) by extensions ['ignore', 'ignore_ament_install']
[0.156s] Level 1:colcon.colcon_core.package_identification:_identify(src/hackathon-2024-main/workspace/bags) by extension 'ignore'
[0.156s] Level 1:colcon.colcon_core.package_identification:_identify(src/hackathon-2024-main/workspace/bags) by extension 'ignore_ament_install'
[0.156s] Level 1:colcon.colcon_core.package_identification:_identify(src/hackathon-2024-main/workspace/bags) by extensions ['colcon_pkg']
[0.156s] Level 1:colcon.colcon_core.package_identification:_identify(src/hackathon-2024-main/workspace/bags) by extension 'colcon_pkg'
[0.156s] Level 1:colcon.colcon_core.package_identification:_identify(src/hackathon-2024-main/workspace/bags) by extensions ['colcon_meta']
[0.156s] Level 1:colcon.colcon_core.package_identification:_identify(src/hackathon-2024-main/workspace/bags) by extension 'colcon_meta'
[0.156s] Level 1:colcon.colcon_core.package_identification:_identify(src/hackathon-2024-main/workspace/bags) by extensions ['ros']
[0.156s] Level 1:colcon.colcon_core.package_identification:_identify(src/hackathon-2024-main/workspace/bags) by extension 'ros'
[0.156s] Level 1:colcon.colcon_core.package_identification:_identify(src/hackathon-2024-main/workspace/bags) by extensions ['cmake', 'python']
[0.156s] Level 1:colcon.colcon_core.package_identification:_identify(src/hackathon-2024-main/workspace/bags) by extension 'cmake'
[0.157s] Level 1:colcon.colcon_core.package_identification:_identify(src/hackathon-2024-main/workspace/bags) by extension 'python'
[0.157s] Level 1:colcon.colcon_core.package_identification:_identify(src/hackathon-2024-main/workspace/bags) by extensions ['python_setup_py']
[0.157s] Level 1:colcon.colcon_core.package_identification:_identify(src/hackathon-2024-main/workspace/bags) by extension 'python_setup_py'
[0.157s] Level 1:colcon.colcon_core.package_identification:_identify(src/hackathon-2024-main/workspace/bags/camera_bag) by extensions ['ignore', 'ignore_ament_install']
[0.157s] Level 1:colcon.colcon_core.package_identification:_identify(src/hackathon-2024-main/workspace/bags/camera_bag) by extension 'ignore'
[0.157s] Level 1:colcon.colcon_core.package_identification:_identify(src/hackathon-2024-main/workspace/bags/camera_bag) by extension 'ignore_ament_install'
[0.157s] Level 1:colcon.colcon_core.package_identification:_identify(src/hackathon-2024-main/workspace/bags/camera_bag) by extensions ['colcon_pkg']
[0.157s] Level 1:colcon.colcon_core.package_identification:_identify(src/hackathon-2024-main/workspace/bags/camera_bag) by extension 'colcon_pkg'
[0.157s] Level 1:colcon.colcon_core.package_identification:_identify(src/hackathon-2024-main/workspace/bags/camera_bag) by extensions ['colcon_meta']
[0.157s] Level 1:colcon.colcon_core.package_identification:_identify(src/hackathon-2024-main/workspace/bags/camera_bag) by extension 'colcon_meta'
[0.157s] Level 1:colcon.colcon_core.package_identification:_identify(src/hackathon-2024-main/workspace/bags/camera_bag) by extensions ['ros']
[0.157s] Level 1:colcon.colcon_core.package_identification:_identify(src/hackathon-2024-main/workspace/bags/camera_bag) by extension 'ros'
[0.157s] Level 1:colcon.colcon_core.package_identification:_identify(src/hackathon-2024-main/workspace/bags/camera_bag) by extensions ['cmake', 'python']
[0.157s] Level 1:colcon.colcon_core.package_identification:_identify(src/hackathon-2024-main/workspace/bags/camera_bag) by extension 'cmake'
[0.157s] Level 1:colcon.colcon_core.package_identification:_identify(src/hackathon-2024-main/workspace/bags/camera_bag) by extension 'python'
[0.157s] Level 1:colcon.colcon_core.package_identification:_identify(src/hackathon-2024-main/workspace/bags/camera_bag) by extensions ['python_setup_py']
[0.157s] Level 1:colcon.colcon_core.package_identification:_identify(src/hackathon-2024-main/workspace/bags/camera_bag) by extension 'python_setup_py'
[0.157s] Level 1:colcon.colcon_core.package_identification:_identify(src/hackathon-2024-main/workspace/src) by extensions ['ignore', 'ignore_ament_install']
[0.157s] Level 1:colcon.colcon_core.package_identification:_identify(src/hackathon-2024-main/workspace/src) by extension 'ignore'
[0.157s] Level 1:colcon.colcon_core.package_identification:_identify(src/hackathon-2024-main/workspace/src) by extension 'ignore_ament_install'
[0.157s] Level 1:colcon.colcon_core.package_identification:_identify(src/hackathon-2024-main/workspace/src) by extensions ['colcon_pkg']
[0.157s] Level 1:colcon.colcon_core.package_identification:_identify(src/hackathon-2024-main/workspace/src) by extension 'colcon_pkg'
[0.157s] Level 1:colcon.colcon_core.package_identification:_identify(src/hackathon-2024-main/workspace/src) by extensions ['colcon_meta']
[0.157s] Level 1:colcon.colcon_core.package_identification:_identify(src/hackathon-2024-main/workspace/src) by extension 'colcon_meta'
[0.157s] Level 1:colcon.colcon_core.package_identification:_identify(src/hackathon-2024-main/workspace/src) by extensions ['ros']
[0.157s] Level 1:colcon.colcon_core.package_identification:_identify(src/hackathon-2024-main/workspace/src) by extension 'ros'
[0.157s] Level 1:colcon.colcon_core.package_identification:_identify(src/hackathon-2024-main/workspace/src) by extensions ['cmake', 'python']
[0.157s] Level 1:colcon.colcon_core.package_identification:_identify(src/hackathon-2024-main/workspace/src) by extension 'cmake'
[0.157s] Level 1:colcon.colcon_core.package_identification:_identify(src/hackathon-2024-main/workspace/src) by extension 'python'
[0.157s] Level 1:colcon.colcon_core.package_identification:_identify(src/hackathon-2024-main/workspace/src) by extensions ['python_setup_py']
[0.157s] Level 1:colcon.colcon_core.package_identification:_identify(src/hackathon-2024-main/workspace/src) by extension 'python_setup_py'
[0.157s] Level 1:colcon.colcon_core.package_identification:_identify(src/hackathon-2024-main/workspace/src/chironix_camera) by extensions ['ignore', 'ignore_ament_install']
[0.157s] Level 1:colcon.colcon_core.package_identification:_identify(src/hackathon-2024-main/workspace/src/chironix_camera) by extension 'ignore'
[0.157s] Level 1:colcon.colcon_core.package_identification:_identify(src/hackathon-2024-main/workspace/src/chironix_camera) by extension 'ignore_ament_install'
[0.157s] Level 1:colcon.colcon_core.package_identification:_identify(src/hackathon-2024-main/workspace/src/chironix_camera) by extensions ['colcon_pkg']
[0.157s] Level 1:colcon.colcon_core.package_identification:_identify(src/hackathon-2024-main/workspace/src/chironix_camera) by extension 'colcon_pkg'
[0.157s] Level 1:colcon.colcon_core.package_identification:_identify(src/hackathon-2024-main/workspace/src/chironix_camera) by extensions ['colcon_meta']
[0.157s] Level 1:colcon.colcon_core.package_identification:_identify(src/hackathon-2024-main/workspace/src/chironix_camera) by extension 'colcon_meta'
[0.157s] Level 1:colcon.colcon_core.package_identification:_identify(src/hackathon-2024-main/workspace/src/chironix_camera) by extensions ['ros']
[0.157s] Level 1:colcon.colcon_core.package_identification:_identify(src/hackathon-2024-main/workspace/src/chironix_camera) by extension 'ros'
[0.159s] DEBUG:colcon.colcon_core.package_identification:Package 'src/hackathon-2024-main/workspace/src/chironix_camera' with type 'ros.ament_python' and name 'chironix_camera'
[0.159s] Level 1:colcon.colcon_core.package_identification:_identify(src/hackathon-2024-main/workspace/src/chironix_image_pipeline) by extensions ['ignore', 'ignore_ament_install']
[0.159s] Level 1:colcon.colcon_core.package_identification:_identify(src/hackathon-2024-main/workspace/src/chironix_image_pipeline) by extension 'ignore'
[0.159s] Level 1:colcon.colcon_core.package_identification:_identify(src/hackathon-2024-main/workspace/src/chironix_image_pipeline) by extension 'ignore_ament_install'
[0.159s] Level 1:colcon.colcon_core.package_identification:_identify(src/hackathon-2024-main/workspace/src/chironix_image_pipeline) by extensions ['colcon_pkg']
[0.159s] Level 1:colcon.colcon_core.package_identification:_identify(src/hackathon-2024-main/workspace/src/chironix_image_pipeline) by extension 'colcon_pkg'
[0.159s] Level 1:colcon.colcon_core.package_identification:_identify(src/hackathon-2024-main/workspace/src/chironix_image_pipeline) by extensions ['colcon_meta']
[0.159s] Level 1:colcon.colcon_core.package_identification:_identify(src/hackathon-2024-main/workspace/src/chironix_image_pipeline) by extension 'colcon_meta'
[0.159s] Level 1:colcon.colcon_core.package_identification:_identify(src/hackathon-2024-main/workspace/src/chironix_image_pipeline) by extensions ['ros']
[0.159s] Level 1:colcon.colcon_core.package_identification:_identify(src/hackathon-2024-main/workspace/src/chironix_image_pipeline) by extension 'ros'
[0.159s] DEBUG:colcon.colcon_core.package_identification:Package 'src/hackathon-2024-main/workspace/src/chironix_image_pipeline' with type 'ros.ament_cmake' and name 'chironix_image_pipeline'
[0.160s] Level 1:colcon.colcon_core.package_identification:_identify(src/panorama_cam) by extensions ['ignore', 'ignore_ament_install']
[0.160s] Level 1:colcon.colcon_core.package_identification:_identify(src/panorama_cam) by extension 'ignore'
[0.160s] Level 1:colcon.colcon_core.package_identification:_identify(src/panorama_cam) by extension 'ignore_ament_install'
[0.160s] Level 1:colcon.colcon_core.package_identification:_identify(src/panorama_cam) by extensions ['colcon_pkg']
[0.160s] Level 1:colcon.colcon_core.package_identification:_identify(src/panorama_cam) by extension 'colcon_pkg'
[0.160s] Level 1:colcon.colcon_core.package_identification:_identify(src/panorama_cam) by extensions ['colcon_meta']
[0.160s] Level 1:colcon.colcon_core.package_identification:_identify(src/panorama_cam) by extension 'colcon_meta'
[0.160s] Level 1:colcon.colcon_core.package_identification:_identify(src/panorama_cam) by extensions ['ros']
[0.160s] Level 1:colcon.colcon_core.package_identification:_identify(src/panorama_cam) by extension 'ros'
[0.160s] DEBUG:colcon.colcon_core.package_identification:Package 'src/panorama_cam' with type 'ros.ament_python' and name 'surround_cam'
[0.160s] Level 1:colcon.colcon_core.package_identification:_identify(src/surround_cam) by extensions ['ignore', 'ignore_ament_install']
[0.160s] Level 1:colcon.colcon_core.package_identification:_identify(src/surround_cam) by extension 'ignore'
[0.160s] Level 1:colcon.colcon_core.package_identification:_identify(src/surround_cam) by extension 'ignore_ament_install'
[0.160s] Level 1:colcon.colcon_core.package_identification:_identify(src/surround_cam) by extensions ['colcon_pkg']
[0.160s] Level 1:colcon.colcon_core.package_identification:_identify(src/surround_cam) by extension 'colcon_pkg'
[0.160s] Level 1:colcon.colcon_core.package_identification:_identify(src/surround_cam) by extensions ['colcon_meta']
[0.160s] Level 1:colcon.colcon_core.package_identification:_identify(src/surround_cam) by extension 'colcon_meta'
[0.160s] Level 1:colcon.colcon_core.package_identification:_identify(src/surround_cam) by extensions ['ros']
[0.160s] Level 1:colcon.colcon_core.package_identification:_identify(src/surround_cam) by extension 'ros'
[0.161s] DEBUG:colcon.colcon_core.package_identification:Package 'src/surround_cam' with type 'ros.ament_python' and name 'surround_cam'
[0.161s] Level 1:colcon.colcon_core.package_discovery:discover_packages(recursive) using defaults
[0.161s] Level 1:colcon.colcon_core.package_discovery:discover_packages(ignore) discover
[0.161s] Level 1:colcon.colcon_core.package_discovery:discover_packages(ignore) using defaults
[0.161s] Level 1:colcon.colcon_core.package_discovery:discover_packages(path) discover
[0.161s] Level 1:colcon.colcon_core.package_discovery:discover_packages(path) using defaults
[0.178s] Level 1:colcon.colcon_core.package_discovery:discover_packages(prefix_path) check parameters
[0.178s] Level 1:colcon.colcon_core.package_discovery:discover_packages(prefix_path) discover
[0.179s] DEBUG:colcon.colcon_installed_package_information.package_discovery:Found 1 installed packages in /home/louisdinhh/camera_360_ws/install
[0.180s] DEBUG:colcon.colcon_installed_package_information.package_discovery:Found 430 installed packages in /opt/ros/humble
[0.181s] Level 1:colcon.colcon_core.package_discovery:discover_packages(prefix_path) using defaults
[0.207s] ERROR:colcon:colcon build: Duplicate package names not supported:
- surround_cam:
  - src/panorama_cam
  - src/surround_cam
