[0.710s] Invoking command in '/home/louisdinhh/camera_stereo_ws/src/image_pipeline/camera_calibration': PYTHONPATH=/home/louisdinhh/camera_stereo_ws/build/camera_calibration/prefix_override:/usr/lib/python3/dist-packages/colcon_core/task/python/colcon_distutils_commands:/home/louisdinhh/camera_stereo_ws/install/camera_calibration/lib/python3.10/site-packages:${PYTHONPATH} /usr/bin/python3 -W ignore:setup.py install is deprecated setup.py egg_info --egg-base ../../../build/camera_calibration build --build-base /home/louisdinhh/camera_stereo_ws/build/camera_calibration/build install --record /home/louisdinhh/camera_stereo_ws/build/camera_calibration/install.log --single-version-externally-managed install_data
[0.867s] running egg_info
[0.867s] writing ../../../build/camera_calibration/camera_calibration.egg-info/PKG-INFO
[0.868s] writing dependency_links to ../../../build/camera_calibration/camera_calibration.egg-info/dependency_links.txt
[0.868s] writing entry points to ../../../build/camera_calibration/camera_calibration.egg-info/entry_points.txt
[0.868s] writing requirements to ../../../build/camera_calibration/camera_calibration.egg-info/requires.txt
[0.868s] writing top-level names to ../../../build/camera_calibration/camera_calibration.egg-info/top_level.txt
[0.869s] reading manifest file '../../../build/camera_calibration/camera_calibration.egg-info/SOURCES.txt'
[0.870s] writing manifest file '../../../build/camera_calibration/camera_calibration.egg-info/SOURCES.txt'
[0.870s] running build
[0.870s] running build_py
[0.870s] running install
[0.870s] running install_lib
[0.871s] running install_data
[0.872s] running install_egg_info
[0.873s] removing '/home/louisdinhh/camera_stereo_ws/install/camera_calibration/lib/python3.10/site-packages/camera_calibration-3.0.6-py3.10.egg-info' (and everything under it)
[0.873s] Copying ../../../build/camera_calibration/camera_calibration.egg-info to /home/louisdinhh/camera_stereo_ws/install/camera_calibration/lib/python3.10/site-packages/camera_calibration-3.0.6-py3.10.egg-info
[0.874s] running install_scripts
[0.888s] Installing cameracalibrator script to /home/louisdinhh/camera_stereo_ws/install/camera_calibration/lib/camera_calibration
[0.888s] Installing cameracheck script to /home/louisdinhh/camera_stereo_ws/install/camera_calibration/lib/camera_calibration
[0.888s] writing list of installed files to '/home/louisdinhh/camera_stereo_ws/build/camera_calibration/install.log'
[0.906s] Invoked command in '/home/louisdinhh/camera_stereo_ws/src/image_pipeline/camera_calibration' returned '0': PYTHONPATH=/home/louisdinhh/camera_stereo_ws/build/camera_calibration/prefix_override:/usr/lib/python3/dist-packages/colcon_core/task/python/colcon_distutils_commands:/home/louisdinhh/camera_stereo_ws/install/camera_calibration/lib/python3.10/site-packages:${PYTHONPATH} /usr/bin/python3 -W ignore:setup.py install is deprecated setup.py egg_info --egg-base ../../../build/camera_calibration build --build-base /home/louisdinhh/camera_stereo_ws/build/camera_calibration/build install --record /home/louisdinhh/camera_stereo_ws/build/camera_calibration/install.log --single-version-externally-managed install_data
