[0.016s] Invoking command in '/home/louisdinhh/camera_stereo_ws/build/image_proc': AMENT_PREFIX_PATH=/home/louisdinhh/camera_stereo_ws/install/tracetools_image_pipeline:/home/louisdinhh/camera_stereo_ws/install/image_transport:${AMENT_PREFIX_PATH} CMAKE_PREFIX_PATH=/home/louisdinhh/camera_stereo_ws/install/tracetools_image_pipeline:/home/louisdinhh/camera_stereo_ws/install/image_transport:/home/louisdinhh/camera_stereo_ws/install/stereo_camera:/opt/ros/humble LD_LIBRARY_PATH=/home/louisdinhh/camera_stereo_ws/install/tracetools_image_pipeline/lib:/home/louisdinhh/camera_stereo_ws/install/image_transport/lib:${LD_LIBRARY_PATH} /usr/bin/cmake /home/louisdinhh/camera_stereo_ws/src/image_pipeline/image_proc -DCMAKE_INSTALL_PREFIX=/home/louisdinhh/camera_stereo_ws/install/image_proc
[0.051s] -- The C compiler identification is GNU 11.4.0
[0.087s] -- The CXX compiler identification is GNU 11.4.0
[0.092s] -- Detecting C compiler ABI info
[0.136s] -- Detecting C compiler ABI info - done
[0.140s] -- Check for working C compiler: /usr/bin/cc - skipped
[0.140s] -- Detecting C compile features
[0.141s] -- Detecting C compile features - done
[0.143s] -- Detecting CXX compiler ABI info
[0.194s] -- Detecting CXX compiler ABI info - done
[0.201s] -- Check for working CXX compiler: /usr/bin/c++ - skipped
[0.201s] -- Detecting CXX compile features
[0.201s] -- Detecting CXX compile features - done
[0.202s] -- Found ament_cmake_auto: 1.3.10 (/opt/ros/humble/share/ament_cmake_auto/cmake)
[0.303s] -- Found Python3: /usr/bin/python3 (found version "3.10.12") found components: Interpreter 
[0.463s] -- Found rosidl_generator_c: 3.1.5 (/opt/ros/humble/share/rosidl_generator_c/cmake)
[0.465s] -- Found rosidl_adapter: 3.1.5 (/opt/ros/humble/share/rosidl_adapter/cmake)
[0.471s] -- Found rosidl_generator_cpp: 3.1.5 (/opt/ros/humble/share/rosidl_generator_cpp/cmake)
[0.479s] -- Using all available rosidl_typesupport_c: rosidl_typesupport_fastrtps_c;rosidl_typesupport_introspection_c
[0.490s] -- Using all available rosidl_typesupport_cpp: rosidl_typesupport_fastrtps_cpp;rosidl_typesupport_introspection_cpp
[0.557s] -- Found rmw_implementation_cmake: 6.1.2 (/opt/ros/humble/share/rmw_implementation_cmake/cmake)
[0.559s] -- Found rmw_fastrtps_cpp: 6.2.7 (/opt/ros/humble/share/rmw_fastrtps_cpp/cmake)
[0.610s] -- Found OpenSSL: /usr/lib/x86_64-linux-gnu/libcrypto.so (found version "3.0.2")  
[0.627s] -- Found FastRTPS: /opt/ros/humble/include  
[0.653s] -- Using RMW implementation 'rmw_fastrtps_cpp' as default
[0.659s] -- Looking for pthread.h
[0.703s] -- Looking for pthread.h - found
[0.703s] -- Performing Test CMAKE_HAVE_LIBC_PTHREAD
[0.750s] -- Performing Test CMAKE_HAVE_LIBC_PTHREAD - Success
[0.751s] -- Found Threads: TRUE  
[0.829s] -- Found OpenCV: /usr (found version "4.5.4") 
[0.841s] -- Found ament_lint_auto: 0.12.11 (/opt/ros/humble/share/ament_lint_auto/cmake)
[0.854s] -- Added test 'copyright' to check source files copyright and LICENSE
[0.855s] -- Added test 'cppcheck' to perform static code analysis on C / C++ code
[0.856s] -- Configured cppcheck include dirs: /home/louisdinhh/camera_stereo_ws/src/image_pipeline/image_proc/include
[0.856s] -- Configured cppcheck exclude dirs and/or files: 
[0.856s] -- Added test 'cpplint' to check C / C++ code against the Google style
[0.856s] -- Configured cpplint exclude dirs and/or files: 
[0.857s] -- Added test 'flake8' to check Python code syntax and style conventions
[0.857s] -- Added test 'lint_cmake' to check CMake code style
[0.857s] -- Added test 'pep257' to check Python code against some of the docstring style conventions in PEP 257
[0.858s] -- Added test 'uncrustify' to check C / C++ code style
[0.858s] -- Configured uncrustify additional arguments: 
[0.858s] -- Added test 'xmllint' to check XML markup files
[0.860s] -- Configuring done
[0.899s] -- Generating done
[0.901s] -- Build files have been written to: /home/louisdinhh/camera_stereo_ws/build/image_proc
[0.909s] Invoked command in '/home/louisdinhh/camera_stereo_ws/build/image_proc' returned '0': AMENT_PREFIX_PATH=/home/louisdinhh/camera_stereo_ws/install/tracetools_image_pipeline:/home/louisdinhh/camera_stereo_ws/install/image_transport:${AMENT_PREFIX_PATH} CMAKE_PREFIX_PATH=/home/louisdinhh/camera_stereo_ws/install/tracetools_image_pipeline:/home/louisdinhh/camera_stereo_ws/install/image_transport:/home/louisdinhh/camera_stereo_ws/install/stereo_camera:/opt/ros/humble LD_LIBRARY_PATH=/home/louisdinhh/camera_stereo_ws/install/tracetools_image_pipeline/lib:/home/louisdinhh/camera_stereo_ws/install/image_transport/lib:${LD_LIBRARY_PATH} /usr/bin/cmake /home/louisdinhh/camera_stereo_ws/src/image_pipeline/image_proc -DCMAKE_INSTALL_PREFIX=/home/louisdinhh/camera_stereo_ws/install/image_proc
[0.910s] Invoking command in '/home/louisdinhh/camera_stereo_ws/build/image_proc': AMENT_PREFIX_PATH=/home/louisdinhh/camera_stereo_ws/install/tracetools_image_pipeline:/home/louisdinhh/camera_stereo_ws/install/image_transport:${AMENT_PREFIX_PATH} CMAKE_PREFIX_PATH=/home/louisdinhh/camera_stereo_ws/install/tracetools_image_pipeline:/home/louisdinhh/camera_stereo_ws/install/image_transport:/home/louisdinhh/camera_stereo_ws/install/stereo_camera:/opt/ros/humble LD_LIBRARY_PATH=/home/louisdinhh/camera_stereo_ws/install/tracetools_image_pipeline/lib:/home/louisdinhh/camera_stereo_ws/install/image_transport/lib:${LD_LIBRARY_PATH} /usr/bin/cmake --build /home/louisdinhh/camera_stereo_ws/build/image_proc -- -j12 -l12
[0.943s] [  4%] [32mBuilding CXX object CMakeFiles/image_proc.dir/src/image_proc/processor.cpp.o[0m
[0.944s] [  8%] [32mBuilding CXX object CMakeFiles/crop_decimate_node.dir/rclcpp_components/node_main_crop_decimate_node.cpp.o[0m
[0.944s] [ 12%] [32mBuilding CXX object CMakeFiles/crop_non_zero_node.dir/rclcpp_components/node_main_crop_non_zero_node.cpp.o[0m
[0.944s] [ 16%] [32mBuilding CXX object CMakeFiles/rectify_node.dir/rclcpp_components/node_main_rectify_node.cpp.o[0m
[0.944s] [ 20%] [32mBuilding CXX object CMakeFiles/debayer_node.dir/rclcpp_components/node_main_debayer_node.cpp.o[0m
[0.944s] [ 24%] [32mBuilding CXX object CMakeFiles/resize_node.dir/rclcpp_components/node_main_resize_node.cpp.o[0m
[3.745s] [ 28%] [32m[1mLinking CXX shared library libimage_proc.so[0m
[4.143s] [ 28%] Built target image_proc
[4.199s] [ 32%] [32mBuilding CXX object CMakeFiles/rectify.dir/src/rectify.cpp.o[0m
[9.344s] [ 36%] [32m[1mLinking CXX executable rectify_node[0m
[9.725s] [ 36%] Built target rectify_node
[9.827s] [ 40%] [32m[1mLinking CXX executable resize_node[0m
[9.850s] [ 44%] [32m[1mLinking CXX executable crop_decimate_node[0m
[9.964s] [ 48%] [32m[1mLinking CXX executable crop_non_zero_node[0m
[10.178s] [ 52%] [32m[1mLinking CXX executable debayer_node[0m
[10.284s] [ 52%] Built target resize_node
[10.431s] [ 52%] Built target crop_decimate_node
[10.477s] [ 52%] Built target crop_non_zero_node
[10.529s] [ 52%] Built target debayer_node
[13.584s] [ 56%] [32m[1mLinking CXX shared library librectify.so[0m
[14.718s] [ 56%] Built target rectify
[14.769s] [ 60%] [32mBuilding CXX object CMakeFiles/debayer.dir/src/debayer.cpp.o[0m
[14.770s] [ 64%] [32mBuilding CXX object CMakeFiles/debayer.dir/src/edge_aware.cpp.o[0m
[19.983s] [ 68%] [32m[1mLinking CXX shared library libdebayer.so[0m
[20.427s] [ 68%] Built target debayer
[20.442s] [ 72%] [32mBuilding CXX object CMakeFiles/resize.dir/src/resize.cpp.o[0m
[23.061s] [ 76%] [32m[1mLinking CXX shared library libresize.so[0m
[23.367s] [ 76%] Built target resize
[23.383s] [ 80%] [32mBuilding CXX object CMakeFiles/crop_decimate.dir/src/crop_decimate.cpp.o[0m
[27.525s] [ 84%] [32m[1mLinking CXX shared library libcrop_decimate.so[0m
[27.863s] [ 84%] Built target crop_decimate
[27.882s] [ 88%] [32mBuilding CXX object CMakeFiles/crop_non_zero.dir/src/crop_non_zero.cpp.o[0m
[30.153s] [ 92%] [32m[1mLinking CXX shared library libcrop_non_zero.so[0m
[30.340s] [ 92%] Built target crop_non_zero
[30.352s] [ 96%] [32mBuilding CXX object CMakeFiles/image_proc_exe.dir/src/image_proc.cpp.o[0m
[32.128s] [100%] [32m[1mLinking CXX executable image_proc[0m
[32.371s] [100%] Built target image_proc_exe
[32.379s] Invoked command in '/home/louisdinhh/camera_stereo_ws/build/image_proc' returned '0': AMENT_PREFIX_PATH=/home/louisdinhh/camera_stereo_ws/install/tracetools_image_pipeline:/home/louisdinhh/camera_stereo_ws/install/image_transport:${AMENT_PREFIX_PATH} CMAKE_PREFIX_PATH=/home/louisdinhh/camera_stereo_ws/install/tracetools_image_pipeline:/home/louisdinhh/camera_stereo_ws/install/image_transport:/home/louisdinhh/camera_stereo_ws/install/stereo_camera:/opt/ros/humble LD_LIBRARY_PATH=/home/louisdinhh/camera_stereo_ws/install/tracetools_image_pipeline/lib:/home/louisdinhh/camera_stereo_ws/install/image_transport/lib:${LD_LIBRARY_PATH} /usr/bin/cmake --build /home/louisdinhh/camera_stereo_ws/build/image_proc -- -j12 -l12
[32.448s] Invoking command in '/home/louisdinhh/camera_stereo_ws/build/image_proc': AMENT_PREFIX_PATH=/home/louisdinhh/camera_stereo_ws/install/tracetools_image_pipeline:/home/louisdinhh/camera_stereo_ws/install/image_transport:${AMENT_PREFIX_PATH} CMAKE_PREFIX_PATH=/home/louisdinhh/camera_stereo_ws/install/tracetools_image_pipeline:/home/louisdinhh/camera_stereo_ws/install/image_transport:/home/louisdinhh/camera_stereo_ws/install/stereo_camera:/opt/ros/humble LD_LIBRARY_PATH=/home/louisdinhh/camera_stereo_ws/install/tracetools_image_pipeline/lib:/home/louisdinhh/camera_stereo_ws/install/image_transport/lib:${LD_LIBRARY_PATH} /usr/bin/cmake --install /home/louisdinhh/camera_stereo_ws/build/image_proc
[32.455s] -- Install configuration: ""
[32.455s] -- Installing: /home/louisdinhh/camera_stereo_ws/install/image_proc/lib/image_proc/rectify_node
[32.456s] -- Set runtime path of "/home/louisdinhh/camera_stereo_ws/install/image_proc/lib/image_proc/rectify_node" to ""
[32.456s] -- Installing: /home/louisdinhh/camera_stereo_ws/install/image_proc/lib/image_proc/debayer_node
[32.456s] -- Set runtime path of "/home/louisdinhh/camera_stereo_ws/install/image_proc/lib/image_proc/debayer_node" to ""
[32.456s] -- Installing: /home/louisdinhh/camera_stereo_ws/install/image_proc/lib/image_proc/resize_node
[32.456s] -- Set runtime path of "/home/louisdinhh/camera_stereo_ws/install/image_proc/lib/image_proc/resize_node" to ""
[32.456s] -- Installing: /home/louisdinhh/camera_stereo_ws/install/image_proc/lib/image_proc/crop_decimate_node
[32.456s] -- Set runtime path of "/home/louisdinhh/camera_stereo_ws/install/image_proc/lib/image_proc/crop_decimate_node" to ""
[32.456s] -- Installing: /home/louisdinhh/camera_stereo_ws/install/image_proc/lib/image_proc/crop_non_zero_node
[32.457s] -- Set runtime path of "/home/louisdinhh/camera_stereo_ws/install/image_proc/lib/image_proc/crop_non_zero_node" to ""
[32.457s] -- Installing: /home/louisdinhh/camera_stereo_ws/install/image_proc/bin/image_proc
[32.457s] -- Set runtime path of "/home/louisdinhh/camera_stereo_ws/install/image_proc/bin/image_proc" to ""
[32.457s] -- Installing: /home/louisdinhh/camera_stereo_ws/install/image_proc/include
[32.457s] -- Installing: /home/louisdinhh/camera_stereo_ws/install/image_proc/include/image_proc
[32.457s] -- Installing: /home/louisdinhh/camera_stereo_ws/install/image_proc/include/image_proc/crop_decimate.hpp
[32.457s] -- Installing: /home/louisdinhh/camera_stereo_ws/install/image_proc/include/image_proc/utils.hpp
[32.457s] -- Installing: /home/louisdinhh/camera_stereo_ws/install/image_proc/include/image_proc/resize.hpp
[32.457s] -- Installing: /home/louisdinhh/camera_stereo_ws/install/image_proc/include/image_proc/edge_aware.hpp
[32.457s] -- Installing: /home/louisdinhh/camera_stereo_ws/install/image_proc/include/image_proc/debayer.hpp
[32.457s] -- Installing: /home/louisdinhh/camera_stereo_ws/install/image_proc/include/image_proc/processor.hpp
[32.457s] -- Installing: /home/louisdinhh/camera_stereo_ws/install/image_proc/include/image_proc/rectify.hpp
[32.457s] -- Installing: /home/louisdinhh/camera_stereo_ws/install/image_proc/include/image_proc/crop_non_zero.hpp
[32.457s] -- Installing: /home/louisdinhh/camera_stereo_ws/install/image_proc/share/image_proc/environment/library_path.sh
[32.457s] -- Installing: /home/louisdinhh/camera_stereo_ws/install/image_proc/share/image_proc/environment/library_path.dsv
[32.457s] -- Installing: /home/louisdinhh/camera_stereo_ws/install/image_proc/lib/libimage_proc.so
[32.457s] -- Set runtime path of "/home/louisdinhh/camera_stereo_ws/install/image_proc/lib/libimage_proc.so" to ""
[32.458s] -- Installing: /home/louisdinhh/camera_stereo_ws/install/image_proc/lib/librectify.so
[32.458s] -- Set runtime path of "/home/louisdinhh/camera_stereo_ws/install/image_proc/lib/librectify.so" to ""
[32.458s] -- Installing: /home/louisdinhh/camera_stereo_ws/install/image_proc/lib/libdebayer.so
[32.458s] -- Set runtime path of "/home/louisdinhh/camera_stereo_ws/install/image_proc/lib/libdebayer.so" to ""
[32.458s] -- Installing: /home/louisdinhh/camera_stereo_ws/install/image_proc/lib/libresize.so
[32.458s] -- Set runtime path of "/home/louisdinhh/camera_stereo_ws/install/image_proc/lib/libresize.so" to ""
[32.459s] -- Installing: /home/louisdinhh/camera_stereo_ws/install/image_proc/lib/libcrop_decimate.so
[32.459s] -- Set runtime path of "/home/louisdinhh/camera_stereo_ws/install/image_proc/lib/libcrop_decimate.so" to ""
[32.459s] -- Installing: /home/louisdinhh/camera_stereo_ws/install/image_proc/lib/libcrop_non_zero.so
[32.459s] -- Set runtime path of "/home/louisdinhh/camera_stereo_ws/install/image_proc/lib/libcrop_non_zero.so" to ""
[32.459s] -- Installing: /home/louisdinhh/camera_stereo_ws/install/image_proc/lib/image_proc/image_proc
[32.459s] -- Set runtime path of "/home/louisdinhh/camera_stereo_ws/install/image_proc/lib/image_proc/image_proc" to ""
[32.459s] -- Installing: /home/louisdinhh/camera_stereo_ws/install/image_proc/share/image_proc/launch
[32.459s] -- Installing: /home/louisdinhh/camera_stereo_ws/install/image_proc/share/image_proc/launch/image_proc.launch.py
[32.460s] -- Installing: /home/louisdinhh/camera_stereo_ws/install/image_proc/share/ament_index/resource_index/package_run_dependencies/image_proc
[32.460s] -- Installing: /home/louisdinhh/camera_stereo_ws/install/image_proc/share/ament_index/resource_index/parent_prefix_path/image_proc
[32.460s] -- Installing: /home/louisdinhh/camera_stereo_ws/install/image_proc/share/image_proc/environment/ament_prefix_path.sh
[32.460s] -- Installing: /home/louisdinhh/camera_stereo_ws/install/image_proc/share/image_proc/environment/ament_prefix_path.dsv
[32.460s] -- Installing: /home/louisdinhh/camera_stereo_ws/install/image_proc/share/image_proc/environment/path.sh
[32.460s] -- Installing: /home/louisdinhh/camera_stereo_ws/install/image_proc/share/image_proc/environment/path.dsv
[32.460s] -- Installing: /home/louisdinhh/camera_stereo_ws/install/image_proc/share/image_proc/local_setup.bash
[32.460s] -- Installing: /home/louisdinhh/camera_stereo_ws/install/image_proc/share/image_proc/local_setup.sh
[32.460s] -- Installing: /home/louisdinhh/camera_stereo_ws/install/image_proc/share/image_proc/local_setup.zsh
[32.460s] -- Installing: /home/louisdinhh/camera_stereo_ws/install/image_proc/share/image_proc/local_setup.dsv
[32.460s] -- Installing: /home/louisdinhh/camera_stereo_ws/install/image_proc/share/image_proc/package.dsv
[32.460s] -- Installing: /home/louisdinhh/camera_stereo_ws/install/image_proc/share/ament_index/resource_index/packages/image_proc
[32.460s] -- Installing: /home/louisdinhh/camera_stereo_ws/install/image_proc/share/ament_index/resource_index/rclcpp_components/image_proc
[32.460s] -- Installing: /home/louisdinhh/camera_stereo_ws/install/image_proc/share/image_proc/cmake/ament_cmake_export_dependencies-extras.cmake
[32.460s] -- Installing: /home/louisdinhh/camera_stereo_ws/install/image_proc/share/image_proc/cmake/ament_cmake_export_include_directories-extras.cmake
[32.460s] -- Installing: /home/louisdinhh/camera_stereo_ws/install/image_proc/share/image_proc/cmake/ament_cmake_export_libraries-extras.cmake
[32.460s] -- Installing: /home/louisdinhh/camera_stereo_ws/install/image_proc/share/image_proc/cmake/image_procConfig.cmake
[32.460s] -- Installing: /home/louisdinhh/camera_stereo_ws/install/image_proc/share/image_proc/cmake/image_procConfig-version.cmake
[32.460s] -- Installing: /home/louisdinhh/camera_stereo_ws/install/image_proc/share/image_proc/package.xml
[32.462s] Invoked command in '/home/louisdinhh/camera_stereo_ws/build/image_proc' returned '0': AMENT_PREFIX_PATH=/home/louisdinhh/camera_stereo_ws/install/tracetools_image_pipeline:/home/louisdinhh/camera_stereo_ws/install/image_transport:${AMENT_PREFIX_PATH} CMAKE_PREFIX_PATH=/home/louisdinhh/camera_stereo_ws/install/tracetools_image_pipeline:/home/louisdinhh/camera_stereo_ws/install/image_transport:/home/louisdinhh/camera_stereo_ws/install/stereo_camera:/opt/ros/humble LD_LIBRARY_PATH=/home/louisdinhh/camera_stereo_ws/install/tracetools_image_pipeline/lib:/home/louisdinhh/camera_stereo_ws/install/image_transport/lib:${LD_LIBRARY_PATH} /usr/bin/cmake --install /home/louisdinhh/camera_stereo_ws/build/image_proc
