[0.019s] Invoking command in '/home/louisdinhh/camera_stereo_ws/build/image_transport': CMAKE_PREFIX_PATH=${CMAKE_PREFIX_PATH}:/opt/ros/humble /usr/bin/cmake /home/louisdinhh/camera_stereo_ws/src/image_common/image_transport -DCMAKE_INSTALL_PREFIX=/home/louisdinhh/camera_stereo_ws/install/image_transport
[0.188s] -- The C compiler identification is GNU 11.4.0
[0.188s] -- The CXX compiler identification is GNU 11.4.0
[0.188s] -- Detecting C compiler ABI info
[0.188s] -- Detecting C compiler ABI info - done
[0.188s] -- Check for working C compiler: /usr/bin/cc - skipped
[0.188s] -- Detecting C compile features
[0.188s] -- Detecting C compile features - done
[0.188s] -- Detecting CXX compiler ABI info
[0.197s] -- Detecting CXX compiler ABI info - done
[0.202s] -- Check for working CXX compiler: /usr/bin/c++ - skipped
[0.202s] -- Detecting CXX compile features
[0.203s] -- Detecting CXX compile features - done
[0.204s] -- Found ament_cmake_ros: 0.10.0 (/opt/ros/humble/share/ament_cmake_ros/cmake)
[0.307s] -- Found Python3: /usr/bin/python3 (found version "3.10.12") found components: Interpreter 
[0.366s] -- Found message_filters: 4.3.5 (/opt/ros/humble/share/message_filters/cmake)
[0.395s] -- Found rosidl_generator_c: 3.1.5 (/opt/ros/humble/share/rosidl_generator_c/cmake)
[0.398s] -- Found rosidl_adapter: 3.1.5 (/opt/ros/humble/share/rosidl_adapter/cmake)
[0.404s] -- Found rosidl_generator_cpp: 3.1.5 (/opt/ros/humble/share/rosidl_generator_cpp/cmake)
[0.412s] -- Using all available rosidl_typesupport_c: rosidl_typesupport_fastrtps_c;rosidl_typesupport_introspection_c
[0.422s] -- Using all available rosidl_typesupport_cpp: rosidl_typesupport_fastrtps_cpp;rosidl_typesupport_introspection_cpp
[0.451s] -- Found rmw_implementation_cmake: 6.1.2 (/opt/ros/humble/share/rmw_implementation_cmake/cmake)
[0.452s] -- Found rmw_fastrtps_cpp: 6.2.7 (/opt/ros/humble/share/rmw_fastrtps_cpp/cmake)
[0.509s] -- Found OpenSSL: /usr/lib/x86_64-linux-gnu/libcrypto.so (found version "3.0.2")  
[0.528s] -- Found FastRTPS: /opt/ros/humble/include  
[0.553s] -- Using RMW implementation 'rmw_fastrtps_cpp' as default
[0.559s] -- Looking for pthread.h
[0.602s] -- Looking for pthread.h - found
[0.602s] -- Performing Test CMAKE_HAVE_LIBC_PTHREAD
[0.651s] -- Performing Test CMAKE_HAVE_LIBC_PTHREAD - Success
[0.651s] -- Found Threads: TRUE  
[0.685s] -- Found pluginlib: 5.1.0 (/opt/ros/humble/share/pluginlib/cmake)
[0.701s] -- Found rclcpp_components: 16.0.10 (/opt/ros/humble/share/rclcpp_components/cmake)
[0.713s] -- Found sensor_msgs: 4.2.4 (/opt/ros/humble/share/sensor_msgs/cmake)
[0.735s] -- Found ament_lint_auto: 0.12.11 (/opt/ros/humble/share/ament_lint_auto/cmake)
[0.786s] -- Found gtest sources under '/opt/ros/humble/src/gtest_vendor': C++ tests using 'Google Test' will be built
[0.799s] -- Added test 'copyright' to check source files copyright and LICENSE
[0.800s] -- Added test 'cpplint' to check C / C++ code against the Google style
[0.800s] -- Configured cpplint exclude dirs and/or files: 
[0.800s] -- Added test 'lint_cmake' to check CMake code style
[0.801s] -- Added test 'uncrustify' to check C / C++ code style
[0.801s] -- Configured uncrustify additional arguments: 
[0.802s] -- Added test 'xmllint' to check XML markup files
[0.803s] -- Configuring done
[0.833s] -- Generating done
[0.834s] -- Build files have been written to: /home/louisdinhh/camera_stereo_ws/build/image_transport
