-- Found ament_cmake_ros: 0.10.0 (/opt/ros/humble/share/ament_cmake_ros/cmake)
-- Found message_filters: 4.3.5 (/opt/ros/humble/share/message_filters/cmake)
-- Found rosidl_generator_c: 3.1.5 (/opt/ros/humble/share/rosidl_generator_c/cmake)
-- Found rosidl_adapter: 3.1.5 (/opt/ros/humble/share/rosidl_adapter/cmake)
-- Found rosidl_generator_cpp: 3.1.5 (/opt/ros/humble/share/rosidl_generator_cpp/cmake)
-- Using all available rosidl_typesupport_c: rosidl_typesupport_fastrtps_c;rosidl_typesupport_introspection_c
-- Using all available rosidl_typesupport_cpp: rosidl_typesupport_fastrtps_cpp;rosidl_typesupport_introspection_cpp
-- Found rmw_implementation_cmake: 6.1.2 (/opt/ros/humble/share/rmw_implementation_cmake/cmake)
-- Found rmw_fastrtps_cpp: 6.2.7 (/opt/ros/humble/share/rmw_fastrtps_cpp/cmake)
-- Using RMW implementation 'rmw_fastrtps_cpp' as default
-- Found pluginlib: 5.1.0 (/opt/ros/humble/share/pluginlib/cmake)
-- Found sensor_msgs: 4.2.4 (/opt/ros/humble/share/sensor_msgs/cmake)
-- Found ament_lint_auto: 0.12.11 (/opt/ros/humble/share/ament_lint_auto/cmake)
-- Found gtest sources under '/opt/ros/humble/src/gtest_vendor': C++ tests using 'Google Test' will be built
-- Added test 'copyright' to check source files copyright and LICENSE
-- Added test 'cpplint' to check C / C++ code against the Google style
-- Configured cpplint exclude dirs and/or files: 
-- Added test 'lint_cmake' to check CMake code style
-- Added test 'uncrustify' to check C / C++ code style
-- Configured uncrustify additional arguments: 
-- Added test 'xmllint' to check XML markup files
-- Configuring done
-- Generating done
-- Build files have been written to: /home/louisdinhh/camera_stereo_ws/build/image_transport
[  3%] [32mBuilding CXX object CMakeFiles/image_transport.dir/src/camera_common.cpp.o[0m
[  6%] [32mBuilding CXX object gtest/CMakeFiles/gtest.dir/src/gtest-all.cc.o[0m
[ 10%] [32mBuilding CXX object gtest/CMakeFiles/gtest_main.dir/src/gtest_main.cc.o[0m
[ 13%] [32mBuilding CXX object CMakeFiles/image_transport.dir/src/single_subscriber_publisher.cpp.o[0m
[ 16%] [32mBuilding CXX object CMakeFiles/image_transport.dir/src/subscriber.cpp.o[0m
[ 20%] [32mBuilding CXX object CMakeFiles/image_transport.dir/src/publisher.cpp.o[0m
[ 23%] [32mBuilding CXX object CMakeFiles/image_transport.dir/src/camera_subscriber.cpp.o[0m
[ 26%] [32mBuilding CXX object CMakeFiles/image_transport.dir/src/image_transport.cpp.o[0m
[ 30%] [32mBuilding CXX object CMakeFiles/image_transport.dir/src/camera_publisher.cpp.o[0m
[ 33%] [32m[1mLinking CXX static library libgtest_main.a[0m
[ 33%] Built target gtest_main
[ 36%] [32m[1mLinking CXX static library libgtest.a[0m
[ 36%] Built target gtest
[ 40%] [32m[1mLinking CXX shared library libimage_transport.so[0m
[ 40%] Built target image_transport
[ 43%] [32mBuilding CXX object CMakeFiles/image_transport-single_subscriber_publisher.dir/test/test_single_subscriber_publisher.cpp.o[0m
[ 53%] [32mBuilding CXX object CMakeFiles/image_transport-camera_common.dir/test/test_camera_common.cpp.o[0m
[ 53%] [32mBuilding CXX object CMakeFiles/image_transport_plugins.dir/src/manifest.cpp.o[0m
[ 53%] [32mBuilding CXX object CMakeFiles/list_transports.dir/src/list_transports.cpp.o[0m
[ 56%] [32mBuilding CXX object CMakeFiles/republish.dir/src/republish.cpp.o[0m
[ 60%] [32mBuilding CXX object CMakeFiles/image_transport-publisher.dir/test/test_publisher.cpp.o[0m
[ 66%] [32mBuilding CXX object CMakeFiles/image_transport-message_passing.dir/test/test_message_passing.cpp.o[0m
[ 66%] [32mBuilding CXX object CMakeFiles/image_transport-subscriber.dir/test/test_subscriber.cpp.o[0m
[ 70%] [32mBuilding CXX object CMakeFiles/image_transport-remapping.dir/test/test_remapping.cpp.o[0m
[ 73%] [32m[1mLinking CXX executable image_transport-camera_common[0m
[ 73%] Built target image_transport-camera_common
[ 76%] [32m[1mLinking CXX executable image_transport-remapping[0m
[ 76%] Built target image_transport-remapping
[ 80%] [32m[1mLinking CXX executable image_transport-message_passing[0m
[ 80%] Built target image_transport-message_passing
[ 83%] [32m[1mLinking CXX executable image_transport-single_subscriber_publisher[0m
[ 86%] [32m[1mLinking CXX executable image_transport-publisher[0m
[ 90%] [32m[1mLinking CXX executable image_transport-subscriber[0m
[ 90%] Built target image_transport-publisher
[ 90%] Built target image_transport-single_subscriber_publisher
[ 90%] Built target image_transport-subscriber
[ 93%] [32m[1mLinking CXX executable list_transports[0m
[ 96%] [32m[1mLinking CXX executable republish[0m
[ 96%] Built target list_transports
[ 96%] Built target republish
[100%] [32m[1mLinking CXX shared library libimage_transport_plugins.so[0m
[100%] Built target image_transport_plugins
-- Install configuration: ""
-- Installing: /home/louisdinhh/camera_stereo_ws/install/image_transport/share/image_transport/default_plugins.xml
-- Installing: /home/louisdinhh/camera_stereo_ws/install/image_transport/lib/libimage_transport.so
-- Set runtime path of "/home/louisdinhh/camera_stereo_ws/install/image_transport/lib/libimage_transport.so" to ""
-- Installing: /home/louisdinhh/camera_stereo_ws/install/image_transport/lib/libimage_transport_plugins.so
-- Set runtime path of "/home/louisdinhh/camera_stereo_ws/install/image_transport/lib/libimage_transport_plugins.so" to ""
-- Up-to-date: /home/louisdinhh/camera_stereo_ws/install/image_transport/lib/libimage_transport.so
-- Installing: /home/louisdinhh/camera_stereo_ws/install/image_transport/lib/image_transport/list_transports
-- Set runtime path of "/home/louisdinhh/camera_stereo_ws/install/image_transport/lib/image_transport/list_transports" to ""
-- Installing: /home/louisdinhh/camera_stereo_ws/install/image_transport/lib/image_transport/republish
-- Set runtime path of "/home/louisdinhh/camera_stereo_ws/install/image_transport/lib/image_transport/republish" to ""
-- Installing: /home/louisdinhh/camera_stereo_ws/install/image_transport/include/image_transport
-- Installing: /home/louisdinhh/camera_stereo_ws/install/image_transport/include/image_transport/image_transport
-- Installing: /home/louisdinhh/camera_stereo_ws/install/image_transport/include/image_transport/image_transport/single_subscriber_publisher.h
-- Installing: /home/louisdinhh/camera_stereo_ws/install/image_transport/include/image_transport/image_transport/simple_subscriber_plugin.h
-- Installing: /home/louisdinhh/camera_stereo_ws/install/image_transport/include/image_transport/image_transport/camera_subscriber.h
-- Installing: /home/louisdinhh/camera_stereo_ws/install/image_transport/include/image_transport/image_transport/transport_hints.hpp
-- Installing: /home/louisdinhh/camera_stereo_ws/install/image_transport/include/image_transport/image_transport/raw_subscriber.h
-- Installing: /home/louisdinhh/camera_stereo_ws/install/image_transport/include/image_transport/image_transport/raw_subscriber.hpp
-- Installing: /home/louisdinhh/camera_stereo_ws/install/image_transport/include/image_transport/image_transport/publisher.hpp
-- Installing: /home/louisdinhh/camera_stereo_ws/install/image_transport/include/image_transport/image_transport/transport_hints.h
-- Installing: /home/louisdinhh/camera_stereo_ws/install/image_transport/include/image_transport/image_transport/subscriber_plugin.hpp
-- Installing: /home/louisdinhh/camera_stereo_ws/install/image_transport/include/image_transport/image_transport/raw_publisher.hpp
-- Installing: /home/louisdinhh/camera_stereo_ws/install/image_transport/include/image_transport/image_transport/exception.hpp
-- Installing: /home/louisdinhh/camera_stereo_ws/install/image_transport/include/image_transport/image_transport/raw_publisher.h
-- Installing: /home/louisdinhh/camera_stereo_ws/install/image_transport/include/image_transport/image_transport/subscriber_plugin.h
-- Installing: /home/louisdinhh/camera_stereo_ws/install/image_transport/include/image_transport/image_transport/simple_publisher_plugin.hpp
-- Installing: /home/louisdinhh/camera_stereo_ws/install/image_transport/include/image_transport/image_transport/simple_publisher_plugin.h
-- Installing: /home/louisdinhh/camera_stereo_ws/install/image_transport/include/image_transport/image_transport/visibility_control.hpp
-- Installing: /home/louisdinhh/camera_stereo_ws/install/image_transport/include/image_transport/image_transport/camera_common.hpp
-- Installing: /home/louisdinhh/camera_stereo_ws/install/image_transport/include/image_transport/image_transport/loader_fwds.hpp
-- Installing: /home/louisdinhh/camera_stereo_ws/install/image_transport/include/image_transport/image_transport/publisher_plugin.hpp
-- Installing: /home/louisdinhh/camera_stereo_ws/install/image_transport/include/image_transport/image_transport/subscriber_filter.hpp
-- Installing: /home/louisdinhh/camera_stereo_ws/install/image_transport/include/image_transport/image_transport/simple_subscriber_plugin.hpp
-- Installing: /home/louisdinhh/camera_stereo_ws/install/image_transport/include/image_transport/image_transport/subscriber_filter.h
-- Installing: /home/louisdinhh/camera_stereo_ws/install/image_transport/include/image_transport/image_transport/publisher_plugin.h
-- Installing: /home/louisdinhh/camera_stereo_ws/install/image_transport/include/image_transport/image_transport/subscriber.hpp
-- Installing: /home/louisdinhh/camera_stereo_ws/install/image_transport/include/image_transport/image_transport/camera_common.h
-- Installing: /home/louisdinhh/camera_stereo_ws/install/image_transport/include/image_transport/image_transport/camera_publisher.hpp
-- Installing: /home/louisdinhh/camera_stereo_ws/install/image_transport/include/image_transport/image_transport/image_transport.h
-- Installing: /home/louisdinhh/camera_stereo_ws/install/image_transport/include/image_transport/image_transport/loader_fwds.h
-- Installing: /home/louisdinhh/camera_stereo_ws/install/image_transport/include/image_transport/image_transport/subscriber.h
-- Installing: /home/louisdinhh/camera_stereo_ws/install/image_transport/include/image_transport/image_transport/single_subscriber_publisher.hpp
-- Installing: /home/louisdinhh/camera_stereo_ws/install/image_transport/include/image_transport/image_transport/image_transport.hpp
-- Installing: /home/louisdinhh/camera_stereo_ws/install/image_transport/include/image_transport/image_transport/camera_subscriber.hpp
-- Installing: /home/louisdinhh/camera_stereo_ws/install/image_transport/include/image_transport/image_transport/publisher.h
-- Installing: /home/louisdinhh/camera_stereo_ws/install/image_transport/include/image_transport/image_transport/camera_publisher.h
-- Installing: /home/louisdinhh/camera_stereo_ws/install/image_transport/include/image_transport/image_transport/exception.h
-- Installing: /home/louisdinhh/camera_stereo_ws/install/image_transport/share/ament_index/resource_index/package_run_dependencies/image_transport
-- Installing: /home/louisdinhh/camera_stereo_ws/install/image_transport/share/ament_index/resource_index/parent_prefix_path/image_transport
-- Installing: /home/louisdinhh/camera_stereo_ws/install/image_transport/share/image_transport/environment/ament_prefix_path.sh
-- Installing: /home/louisdinhh/camera_stereo_ws/install/image_transport/share/image_transport/environment/ament_prefix_path.dsv
-- Installing: /home/louisdinhh/camera_stereo_ws/install/image_transport/share/image_transport/environment/path.sh
-- Installing: /home/louisdinhh/camera_stereo_ws/install/image_transport/share/image_transport/environment/path.dsv
-- Installing: /home/louisdinhh/camera_stereo_ws/install/image_transport/share/image_transport/local_setup.bash
-- Installing: /home/louisdinhh/camera_stereo_ws/install/image_transport/share/image_transport/local_setup.sh
-- Installing: /home/louisdinhh/camera_stereo_ws/install/image_transport/share/image_transport/local_setup.zsh
-- Installing: /home/louisdinhh/camera_stereo_ws/install/image_transport/share/image_transport/local_setup.dsv
-- Installing: /home/louisdinhh/camera_stereo_ws/install/image_transport/share/image_transport/package.dsv
-- Installing: /home/louisdinhh/camera_stereo_ws/install/image_transport/share/ament_index/resource_index/packages/image_transport
-- Installing: /home/louisdinhh/camera_stereo_ws/install/image_transport/share/ament_index/resource_index/image_transport__pluginlib__plugin/image_transport
-- Installing: /home/louisdinhh/camera_stereo_ws/install/image_transport/share/image_transport/cmake/export_image_transportExport.cmake
-- Installing: /home/louisdinhh/camera_stereo_ws/install/image_transport/share/image_transport/cmake/export_image_transportExport-noconfig.cmake
-- Installing: /home/louisdinhh/camera_stereo_ws/install/image_transport/share/image_transport/cmake/ament_cmake_export_targets-extras.cmake
-- Installing: /home/louisdinhh/camera_stereo_ws/install/image_transport/share/image_transport/cmake/ament_cmake_export_dependencies-extras.cmake
-- Installing: /home/louisdinhh/camera_stereo_ws/install/image_transport/share/image_transport/cmake/image_transportConfig.cmake
-- Installing: /home/louisdinhh/camera_stereo_ws/install/image_transport/share/image_transport/cmake/image_transportConfig-version.cmake
-- Installing: /home/louisdinhh/camera_stereo_ws/install/image_transport/share/image_transport/package.xml
