[0.018s] Invoking command in '/home/louisdinhh/camera_stereo_ws/build/image_transport': CMAKE_PREFIX_PATH=${CMAKE_PREFIX_PATH}:/opt/ros/humble /usr/bin/cmake --build /home/louisdinhh/camera_stereo_ws/build/image_transport -- -j12 -l12
[0.194s] -- Found ament_cmake_ros: 0.10.0 (/opt/ros/humble/share/ament_cmake_ros/cmake)
[0.195s] -- Found message_filters: 4.3.5 (/opt/ros/humble/share/message_filters/cmake)
[0.195s] -- Found rosidl_generator_c: 3.1.5 (/opt/ros/humble/share/rosidl_generator_c/cmake)
[0.195s] -- Found rosidl_adapter: 3.1.5 (/opt/ros/humble/share/rosidl_adapter/cmake)
[0.195s] -- Found rosidl_generator_cpp: 3.1.5 (/opt/ros/humble/share/rosidl_generator_cpp/cmake)
[0.195s] -- Using all available rosidl_typesupport_c: rosidl_typesupport_fastrtps_c;rosidl_typesupport_introspection_c
[0.195s] -- Using all available rosidl_typesupport_cpp: rosidl_typesupport_fastrtps_cpp;rosidl_typesupport_introspection_cpp
[0.195s] -- Found rmw_implementation_cmake: 6.1.2 (/opt/ros/humble/share/rmw_implementation_cmake/cmake)
[0.195s] -- Found rmw_fastrtps_cpp: 6.2.7 (/opt/ros/humble/share/rmw_fastrtps_cpp/cmake)
[0.252s] -- Using RMW implementation 'rmw_fastrtps_cpp' as default
[0.283s] -- Found pluginlib: 5.1.0 (/opt/ros/humble/share/pluginlib/cmake)
[0.292s] -- Found sensor_msgs: 4.2.4 (/opt/ros/humble/share/sensor_msgs/cmake)
[0.311s] -- Found ament_lint_auto: 0.12.11 (/opt/ros/humble/share/ament_lint_auto/cmake)
[0.355s] -- Found gtest sources under '/opt/ros/humble/src/gtest_vendor': C++ tests using 'Google Test' will be built
[0.366s] -- Added test 'copyright' to check source files copyright and LICENSE
[0.367s] -- Added test 'cpplint' to check C / C++ code against the Google style
[0.367s] -- Configured cpplint exclude dirs and/or files: 
[0.368s] -- Added test 'lint_cmake' to check CMake code style
[0.369s] -- Added test 'uncrustify' to check C / C++ code style
[0.369s] -- Configured uncrustify additional arguments: 
[0.369s] -- Added test 'xmllint' to check XML markup files
[0.370s] -- Configuring done
[0.400s] -- Generating done
[0.401s] -- Build files have been written to: /home/louisdinhh/camera_stereo_ws/build/image_transport
[0.436s] [  3%] [32mBuilding CXX object CMakeFiles/image_transport.dir/src/camera_common.cpp.o[0m
[0.437s] [  6%] [32mBuilding CXX object gtest/CMakeFiles/gtest.dir/src/gtest-all.cc.o[0m
[0.437s] [ 10%] [32mBuilding CXX object gtest/CMakeFiles/gtest_main.dir/src/gtest_main.cc.o[0m
[0.437s] [ 13%] [32mBuilding CXX object CMakeFiles/image_transport.dir/src/single_subscriber_publisher.cpp.o[0m
[0.437s] [ 16%] [32mBuilding CXX object CMakeFiles/image_transport.dir/src/subscriber.cpp.o[0m
[0.438s] [ 20%] [32mBuilding CXX object CMakeFiles/image_transport.dir/src/publisher.cpp.o[0m
[0.444s] [ 23%] [32mBuilding CXX object CMakeFiles/image_transport.dir/src/camera_subscriber.cpp.o[0m
[0.444s] [ 26%] [32mBuilding CXX object CMakeFiles/image_transport.dir/src/image_transport.cpp.o[0m
[0.445s] [ 30%] [32mBuilding CXX object CMakeFiles/image_transport.dir/src/camera_publisher.cpp.o[0m
[1.406s] [ 33%] [32m[1mLinking CXX static library libgtest_main.a[0m
[1.442s] [ 33%] Built target gtest_main
[3.132s] [ 36%] [32m[1mLinking CXX static library libgtest.a[0m
[3.169s] [ 36%] Built target gtest
[7.767s] [ 40%] [32m[1mLinking CXX shared library libimage_transport.so[0m
[8.181s] [ 40%] Built target image_transport
[8.197s] [ 43%] [32mBuilding CXX object CMakeFiles/image_transport-single_subscriber_publisher.dir/test/test_single_subscriber_publisher.cpp.o[0m
[8.197s] [ 53%] [32mBuilding CXX object CMakeFiles/image_transport-camera_common.dir/test/test_camera_common.cpp.o[0m
[8.197s] [ 53%] [32mBuilding CXX object CMakeFiles/image_transport_plugins.dir/src/manifest.cpp.o[0m
[8.197s] [ 53%] [32mBuilding CXX object CMakeFiles/list_transports.dir/src/list_transports.cpp.o[0m
[8.197s] [ 56%] [32mBuilding CXX object CMakeFiles/republish.dir/src/republish.cpp.o[0m
[8.197s] [ 60%] [32mBuilding CXX object CMakeFiles/image_transport-publisher.dir/test/test_publisher.cpp.o[0m
[8.197s] [ 66%] [32mBuilding CXX object CMakeFiles/image_transport-message_passing.dir/test/test_message_passing.cpp.o[0m
[8.198s] [ 66%] [32mBuilding CXX object CMakeFiles/image_transport-subscriber.dir/test/test_subscriber.cpp.o[0m
[8.198s] [ 70%] [32mBuilding CXX object CMakeFiles/image_transport-remapping.dir/test/test_remapping.cpp.o[0m
[9.344s] [ 73%] [32m[1mLinking CXX executable image_transport-camera_common[0m
[9.817s] [ 73%] Built target image_transport-camera_common
[11.376s] [ 76%] [32m[1mLinking CXX executable image_transport-remapping[0m
[11.682s] [ 76%] Built target image_transport-remapping
[11.882s] [ 80%] [32m[1mLinking CXX executable image_transport-message_passing[0m
[12.160s] [ 80%] Built target image_transport-message_passing
[12.331s] [ 83%] [32m[1mLinking CXX executable image_transport-single_subscriber_publisher[0m
[12.378s] [ 86%] [32m[1mLinking CXX executable image_transport-publisher[0m
[12.544s] [ 90%] [32m[1mLinking CXX executable image_transport-subscriber[0m
[12.751s] [ 90%] Built target image_transport-publisher
[12.848s] [ 90%] Built target image_transport-single_subscriber_publisher
[12.896s] [ 90%] Built target image_transport-subscriber
[12.922s] [ 93%] [32m[1mLinking CXX executable list_transports[0m
[13.001s] [ 96%] [32m[1mLinking CXX executable republish[0m
[13.171s] [ 96%] Built target list_transports
[13.248s] [ 96%] Built target republish
[14.996s] [100%] [32m[1mLinking CXX shared library libimage_transport_plugins.so[0m
[15.239s] [100%] Built target image_transport_plugins
[15.247s] Invoked command in '/home/louisdinhh/camera_stereo_ws/build/image_transport' returned '0': CMAKE_PREFIX_PATH=${CMAKE_PREFIX_PATH}:/opt/ros/humble /usr/bin/cmake --build /home/louisdinhh/camera_stereo_ws/build/image_transport -- -j12 -l12
[15.311s] Invoking command in '/home/louisdinhh/camera_stereo_ws/build/image_transport': CMAKE_PREFIX_PATH=${CMAKE_PREFIX_PATH}:/opt/ros/humble /usr/bin/cmake --install /home/louisdinhh/camera_stereo_ws/build/image_transport
[15.324s] -- Install configuration: ""
[15.324s] -- Installing: /home/louisdinhh/camera_stereo_ws/install/image_transport/share/image_transport/default_plugins.xml
[15.325s] -- Installing: /home/louisdinhh/camera_stereo_ws/install/image_transport/lib/libimage_transport.so
[15.331s] -- Set runtime path of "/home/louisdinhh/camera_stereo_ws/install/image_transport/lib/libimage_transport.so" to ""
[15.331s] -- Installing: /home/louisdinhh/camera_stereo_ws/install/image_transport/lib/libimage_transport_plugins.so
[15.334s] -- Set runtime path of "/home/louisdinhh/camera_stereo_ws/install/image_transport/lib/libimage_transport_plugins.so" to ""
[15.334s] -- Up-to-date: /home/louisdinhh/camera_stereo_ws/install/image_transport/lib/libimage_transport.so
[15.334s] -- Installing: /home/louisdinhh/camera_stereo_ws/install/image_transport/lib/image_transport/list_transports
[15.335s] -- Set runtime path of "/home/louisdinhh/camera_stereo_ws/install/image_transport/lib/image_transport/list_transports" to ""
[15.335s] -- Installing: /home/louisdinhh/camera_stereo_ws/install/image_transport/lib/image_transport/republish
[15.336s] -- Set runtime path of "/home/louisdinhh/camera_stereo_ws/install/image_transport/lib/image_transport/republish" to ""
[15.336s] -- Installing: /home/louisdinhh/camera_stereo_ws/install/image_transport/include/image_transport
[15.336s] -- Installing: /home/louisdinhh/camera_stereo_ws/install/image_transport/include/image_transport/image_transport
[15.336s] -- Installing: /home/louisdinhh/camera_stereo_ws/install/image_transport/include/image_transport/image_transport/single_subscriber_publisher.h
[15.336s] -- Installing: /home/louisdinhh/camera_stereo_ws/install/image_transport/include/image_transport/image_transport/simple_subscriber_plugin.h
[15.336s] -- Installing: /home/louisdinhh/camera_stereo_ws/install/image_transport/include/image_transport/image_transport/camera_subscriber.h
[15.336s] -- Installing: /home/louisdinhh/camera_stereo_ws/install/image_transport/include/image_transport/image_transport/transport_hints.hpp
[15.336s] -- Installing: /home/louisdinhh/camera_stereo_ws/install/image_transport/include/image_transport/image_transport/raw_subscriber.h
[15.336s] -- Installing: /home/louisdinhh/camera_stereo_ws/install/image_transport/include/image_transport/image_transport/raw_subscriber.hpp
[15.336s] -- Installing: /home/louisdinhh/camera_stereo_ws/install/image_transport/include/image_transport/image_transport/publisher.hpp
[15.336s] -- Installing: /home/louisdinhh/camera_stereo_ws/install/image_transport/include/image_transport/image_transport/transport_hints.h
[15.336s] -- Installing: /home/louisdinhh/camera_stereo_ws/install/image_transport/include/image_transport/image_transport/subscriber_plugin.hpp
[15.336s] -- Installing: /home/louisdinhh/camera_stereo_ws/install/image_transport/include/image_transport/image_transport/raw_publisher.hpp
[15.336s] -- Installing: /home/louisdinhh/camera_stereo_ws/install/image_transport/include/image_transport/image_transport/exception.hpp
[15.336s] -- Installing: /home/louisdinhh/camera_stereo_ws/install/image_transport/include/image_transport/image_transport/raw_publisher.h
[15.336s] -- Installing: /home/louisdinhh/camera_stereo_ws/install/image_transport/include/image_transport/image_transport/subscriber_plugin.h
[15.336s] -- Installing: /home/louisdinhh/camera_stereo_ws/install/image_transport/include/image_transport/image_transport/simple_publisher_plugin.hpp
[15.336s] -- Installing: /home/louisdinhh/camera_stereo_ws/install/image_transport/include/image_transport/image_transport/simple_publisher_plugin.h
[15.336s] -- Installing: /home/louisdinhh/camera_stereo_ws/install/image_transport/include/image_transport/image_transport/visibility_control.hpp
[15.336s] -- Installing: /home/louisdinhh/camera_stereo_ws/install/image_transport/include/image_transport/image_transport/camera_common.hpp
[15.336s] -- Installing: /home/louisdinhh/camera_stereo_ws/install/image_transport/include/image_transport/image_transport/loader_fwds.hpp
[15.336s] -- Installing: /home/louisdinhh/camera_stereo_ws/install/image_transport/include/image_transport/image_transport/publisher_plugin.hpp
[15.336s] -- Installing: /home/louisdinhh/camera_stereo_ws/install/image_transport/include/image_transport/image_transport/subscriber_filter.hpp
[15.336s] -- Installing: /home/louisdinhh/camera_stereo_ws/install/image_transport/include/image_transport/image_transport/simple_subscriber_plugin.hpp
[15.336s] -- Installing: /home/louisdinhh/camera_stereo_ws/install/image_transport/include/image_transport/image_transport/subscriber_filter.h
[15.337s] -- Installing: /home/louisdinhh/camera_stereo_ws/install/image_transport/include/image_transport/image_transport/publisher_plugin.h
[15.337s] -- Installing: /home/louisdinhh/camera_stereo_ws/install/image_transport/include/image_transport/image_transport/subscriber.hpp
[15.337s] -- Installing: /home/louisdinhh/camera_stereo_ws/install/image_transport/include/image_transport/image_transport/camera_common.h
[15.337s] -- Installing: /home/louisdinhh/camera_stereo_ws/install/image_transport/include/image_transport/image_transport/camera_publisher.hpp
[15.337s] -- Installing: /home/louisdinhh/camera_stereo_ws/install/image_transport/include/image_transport/image_transport/image_transport.h
[15.337s] -- Installing: /home/louisdinhh/camera_stereo_ws/install/image_transport/include/image_transport/image_transport/loader_fwds.h
[15.337s] -- Installing: /home/louisdinhh/camera_stereo_ws/install/image_transport/include/image_transport/image_transport/subscriber.h
[15.337s] -- Installing: /home/louisdinhh/camera_stereo_ws/install/image_transport/include/image_transport/image_transport/single_subscriber_publisher.hpp
[15.337s] -- Installing: /home/louisdinhh/camera_stereo_ws/install/image_transport/include/image_transport/image_transport/image_transport.hpp
[15.337s] -- Installing: /home/louisdinhh/camera_stereo_ws/install/image_transport/include/image_transport/image_transport/camera_subscriber.hpp
[15.337s] -- Installing: /home/louisdinhh/camera_stereo_ws/install/image_transport/include/image_transport/image_transport/publisher.h
[15.337s] -- Installing: /home/louisdinhh/camera_stereo_ws/install/image_transport/include/image_transport/image_transport/camera_publisher.h
[15.337s] -- Installing: /home/louisdinhh/camera_stereo_ws/install/image_transport/include/image_transport/image_transport/exception.h
[15.337s] -- Installing: /home/louisdinhh/camera_stereo_ws/install/image_transport/share/ament_index/resource_index/package_run_dependencies/image_transport
[15.337s] -- Installing: /home/louisdinhh/camera_stereo_ws/install/image_transport/share/ament_index/resource_index/parent_prefix_path/image_transport
[15.337s] -- Installing: /home/louisdinhh/camera_stereo_ws/install/image_transport/share/image_transport/environment/ament_prefix_path.sh
[15.337s] -- Installing: /home/louisdinhh/camera_stereo_ws/install/image_transport/share/image_transport/environment/ament_prefix_path.dsv
[15.337s] -- Installing: /home/louisdinhh/camera_stereo_ws/install/image_transport/share/image_transport/environment/path.sh
[15.337s] -- Installing: /home/louisdinhh/camera_stereo_ws/install/image_transport/share/image_transport/environment/path.dsv
[15.337s] -- Installing: /home/louisdinhh/camera_stereo_ws/install/image_transport/share/image_transport/local_setup.bash
[15.337s] -- Installing: /home/louisdinhh/camera_stereo_ws/install/image_transport/share/image_transport/local_setup.sh
[15.337s] -- Installing: /home/louisdinhh/camera_stereo_ws/install/image_transport/share/image_transport/local_setup.zsh
[15.337s] -- Installing: /home/louisdinhh/camera_stereo_ws/install/image_transport/share/image_transport/local_setup.dsv
[15.337s] -- Installing: /home/louisdinhh/camera_stereo_ws/install/image_transport/share/image_transport/package.dsv
[15.338s] -- Installing: /home/louisdinhh/camera_stereo_ws/install/image_transport/share/ament_index/resource_index/packages/image_transport
[15.338s] -- Installing: /home/louisdinhh/camera_stereo_ws/install/image_transport/share/ament_index/resource_index/image_transport__pluginlib__plugin/image_transport
[15.338s] -- Installing: /home/louisdinhh/camera_stereo_ws/install/image_transport/share/image_transport/cmake/export_image_transportExport.cmake
[15.338s] -- Installing: /home/louisdinhh/camera_stereo_ws/install/image_transport/share/image_transport/cmake/export_image_transportExport-noconfig.cmake
[15.338s] -- Installing: /home/louisdinhh/camera_stereo_ws/install/image_transport/share/image_transport/cmake/ament_cmake_export_targets-extras.cmake
[15.338s] -- Installing: /home/louisdinhh/camera_stereo_ws/install/image_transport/share/image_transport/cmake/ament_cmake_export_dependencies-extras.cmake
[15.338s] -- Installing: /home/louisdinhh/camera_stereo_ws/install/image_transport/share/image_transport/cmake/image_transportConfig.cmake
[15.338s] -- Installing: /home/louisdinhh/camera_stereo_ws/install/image_transport/share/image_transport/cmake/image_transportConfig-version.cmake
[15.338s] -- Installing: /home/louisdinhh/camera_stereo_ws/install/image_transport/share/image_transport/package.xml
[15.339s] Invoked command in '/home/louisdinhh/camera_stereo_ws/build/image_transport' returned '0': CMAKE_PREFIX_PATH=${CMAKE_PREFIX_PATH}:/opt/ros/humble /usr/bin/cmake --install /home/louisdinhh/camera_stereo_ws/build/image_transport
