[0.010s] Invoking command in '/home/louisdinhh/camera_stereo_ws/build/dual_camera': CMAKE_PREFIX_PATH=/opt/ros/humble /usr/bin/cmake /home/louisdinhh/camera_stereo_ws/src/stereo_camera -DCMAKE_INSTALL_PREFIX=/home/louisdinhh/camera_stereo_ws/install/dual_camera
[0.082s] -- The C compiler identification is GNU 11.4.0
[0.154s] -- The CXX compiler identification is GNU 11.4.0
[0.159s] -- Detecting C compiler ABI info
[0.233s] -- Detecting C compiler ABI info - done
[0.238s] -- Check for working C compiler: /usr/bin/cc - skipped
[0.238s] -- Detecting C compile features
[0.239s] -- Detecting C compile features - done
[0.241s] -- Detecting CXX compiler ABI info
[0.293s] -- Detecting CXX compiler ABI info - done
[0.298s] -- Check for working CXX compiler: /usr/bin/c++ - skipped
[0.298s] -- Detecting CXX compile features
[0.298s] -- Detecting CXX compile features - done
[0.302s] -- Found ament_cmake: 1.3.10 (/opt/ros/humble/share/ament_cmake/cmake)
[0.400s] -- Found Python3: /usr/bin/python3 (found version "3.10.12") found components: Interpreter 
[0.460s] -- Found rclpy: 3.3.14 (/opt/ros/humble/share/rclpy/cmake)
[0.461s] -- Found v4l2_camera: 0.6.2 (/opt/ros/humble/share/v4l2_camera/cmake)
[0.496s] -- Found rosidl_generator_c: 3.1.5 (/opt/ros/humble/share/rosidl_generator_c/cmake)
[0.500s] -- Found rosidl_adapter: 3.1.5 (/opt/ros/humble/share/rosidl_adapter/cmake)
[0.505s] -- Found rosidl_generator_cpp: 3.1.5 (/opt/ros/humble/share/rosidl_generator_cpp/cmake)
[0.514s] -- Using all available rosidl_typesupport_c: rosidl_typesupport_fastrtps_c;rosidl_typesupport_introspection_c
[0.525s] -- Using all available rosidl_typesupport_cpp: rosidl_typesupport_fastrtps_cpp;rosidl_typesupport_introspection_cpp
[0.555s] -- Found rmw_implementation_cmake: 6.1.2 (/opt/ros/humble/share/rmw_implementation_cmake/cmake)
[0.557s] -- Found rmw_fastrtps_cpp: 6.2.7 (/opt/ros/humble/share/rmw_fastrtps_cpp/cmake)
[0.607s] -- Found OpenSSL: /usr/lib/x86_64-linux-gnu/libcrypto.so (found version "3.0.2")  
[0.624s] -- Found FastRTPS: /opt/ros/humble/include  
[0.648s] -- Using RMW implementation 'rmw_fastrtps_cpp' as default
[0.654s] -- Looking for pthread.h
[0.710s] -- Looking for pthread.h - found
[0.710s] -- Performing Test CMAKE_HAVE_LIBC_PTHREAD
[0.794s] -- Performing Test CMAKE_HAVE_LIBC_PTHREAD - Success
[0.794s] -- Found Threads: TRUE  
[0.860s] -- Found image_proc: 3.0.6 (/opt/ros/humble/share/image_proc/cmake)
[0.909s] -- Found ament_lint_auto: 0.12.11 (/opt/ros/humble/share/ament_lint_auto/cmake)
[0.946s] [31mCMake Error at /opt/ros/humble/share/ament_cmake_core/cmake/core/ament_package_xml.cmake:53 (message):
[0.946s]   ament_package_xml() package name 'dual_camera' in '/package.xml' does not
[0.946s]   match current PROJECT_NAME 'single_camera'.  You must call project() with
[0.946s]   the same package name before.
[0.946s] Call Stack (most recent call first):
[0.946s]   /opt/ros/humble/share/ament_lint_auto/cmake/ament_lint_auto_find_test_dependencies.cmake:31 (ament_package_xml)
[0.946s]   CMakeLists.txt:25 (ament_lint_auto_find_test_dependencies)
[0.946s] 
[0.946s] [0m
[0.946s] -- Configuring incomplete, errors occurred!
[0.946s] See also "/home/louisdinhh/camera_stereo_ws/build/dual_camera/CMakeFiles/CMakeOutput.log".
[0.953s] Invoked command in '/home/louisdinhh/camera_stereo_ws/build/dual_camera' returned '1': CMAKE_PREFIX_PATH=/opt/ros/humble /usr/bin/cmake /home/louisdinhh/camera_stereo_ws/src/stereo_camera -DCMAKE_INSTALL_PREFIX=/home/louisdinhh/camera_stereo_ws/install/dual_camera
