[0.009s] Invoking command in '/home/louisdinhh/camera_stereo_ws/build/stereo_image_proc': AMENT_PREFIX_PATH=/home/louisdinhh/camera_stereo_ws/install/image_proc:/home/louisdinhh/camera_stereo_ws/install/tracetools_image_pipeline:/home/louisdinhh/camera_stereo_ws/install/image_transport:${AMENT_PREFIX_PATH} CMAKE_PREFIX_PATH=/home/louisdinhh/camera_stereo_ws/install/image_proc:/home/louisdinhh/camera_stereo_ws/install/tracetools_image_pipeline:/home/louisdinhh/camera_stereo_ws/install/image_transport:/opt/ros/humble LD_LIBRARY_PATH=/home/louisdinhh/camera_stereo_ws/install/image_proc/lib:/home/louisdinhh/camera_stereo_ws/install/tracetools_image_pipeline/lib:/home/louisdinhh/camera_stereo_ws/install/image_transport/lib:${LD_LIBRARY_PATH} PATH=/home/louisdinhh/camera_stereo_ws/install/image_proc/bin:${PATH} /usr/bin/cmake --build /home/louisdinhh/camera_stereo_ws/build/stereo_image_proc -- -j12 -l12
[0.042s] [ 50%] Built target point_cloud_node
[0.042s] [ 50%] Built target disparity_node
[0.043s] [100%] Built target stereo_image_proc
[0.050s] Invoked command in '/home/louisdinhh/camera_stereo_ws/build/stereo_image_proc' returned '0': AMENT_PREFIX_PATH=/home/louisdinhh/camera_stereo_ws/install/image_proc:/home/louisdinhh/camera_stereo_ws/install/tracetools_image_pipeline:/home/louisdinhh/camera_stereo_ws/install/image_transport:${AMENT_PREFIX_PATH} CMAKE_PREFIX_PATH=/home/louisdinhh/camera_stereo_ws/install/image_proc:/home/louisdinhh/camera_stereo_ws/install/tracetools_image_pipeline:/home/louisdinhh/camera_stereo_ws/install/image_transport:/opt/ros/humble LD_LIBRARY_PATH=/home/louisdinhh/camera_stereo_ws/install/image_proc/lib:/home/louisdinhh/camera_stereo_ws/install/tracetools_image_pipeline/lib:/home/louisdinhh/camera_stereo_ws/install/image_transport/lib:${LD_LIBRARY_PATH} PATH=/home/louisdinhh/camera_stereo_ws/install/image_proc/bin:${PATH} /usr/bin/cmake --build /home/louisdinhh/camera_stereo_ws/build/stereo_image_proc -- -j12 -l12
[0.071s] Invoking command in '/home/louisdinhh/camera_stereo_ws/build/stereo_image_proc': AMENT_PREFIX_PATH=/home/louisdinhh/camera_stereo_ws/install/image_proc:/home/louisdinhh/camera_stereo_ws/install/tracetools_image_pipeline:/home/louisdinhh/camera_stereo_ws/install/image_transport:${AMENT_PREFIX_PATH} CMAKE_PREFIX_PATH=/home/louisdinhh/camera_stereo_ws/install/image_proc:/home/louisdinhh/camera_stereo_ws/install/tracetools_image_pipeline:/home/louisdinhh/camera_stereo_ws/install/image_transport:/opt/ros/humble LD_LIBRARY_PATH=/home/louisdinhh/camera_stereo_ws/install/image_proc/lib:/home/louisdinhh/camera_stereo_ws/install/tracetools_image_pipeline/lib:/home/louisdinhh/camera_stereo_ws/install/image_transport/lib:${LD_LIBRARY_PATH} PATH=/home/louisdinhh/camera_stereo_ws/install/image_proc/bin:${PATH} /usr/bin/cmake --install /home/louisdinhh/camera_stereo_ws/build/stereo_image_proc
[0.076s] -- Install configuration: ""
[0.076s] -- Up-to-date: /home/louisdinhh/camera_stereo_ws/install/stereo_image_proc/lib/stereo_image_proc/disparity_node
[0.077s] -- Up-to-date: /home/louisdinhh/camera_stereo_ws/install/stereo_image_proc/lib/stereo_image_proc/point_cloud_node
[0.077s] -- Up-to-date: /home/louisdinhh/camera_stereo_ws/install/stereo_image_proc/include
[0.077s] -- Up-to-date: /home/louisdinhh/camera_stereo_ws/install/stereo_image_proc/include/stereo_image_proc
[0.077s] -- Up-to-date: /home/louisdinhh/camera_stereo_ws/install/stereo_image_proc/include/stereo_image_proc/stereo_processor.hpp
[0.077s] -- Up-to-date: /home/louisdinhh/camera_stereo_ws/install/stereo_image_proc/share/stereo_image_proc/environment/library_path.sh
[0.077s] -- Up-to-date: /home/louisdinhh/camera_stereo_ws/install/stereo_image_proc/share/stereo_image_proc/environment/library_path.dsv
[0.077s] -- Up-to-date: /home/louisdinhh/camera_stereo_ws/install/stereo_image_proc/lib/libstereo_image_proc.so
[0.077s] -- Up-to-date: /home/louisdinhh/camera_stereo_ws/install/stereo_image_proc/share/stereo_image_proc/launch
[0.077s] -- Up-to-date: /home/louisdinhh/camera_stereo_ws/install/stereo_image_proc/share/stereo_image_proc/launch/stereo_image_proc.launch.py
[0.077s] -- Up-to-date: /home/louisdinhh/camera_stereo_ws/install/stereo_image_proc/share/ament_index/resource_index/package_run_dependencies/stereo_image_proc
[0.077s] -- Up-to-date: /home/louisdinhh/camera_stereo_ws/install/stereo_image_proc/share/ament_index/resource_index/parent_prefix_path/stereo_image_proc
[0.077s] -- Up-to-date: /home/louisdinhh/camera_stereo_ws/install/stereo_image_proc/share/stereo_image_proc/environment/ament_prefix_path.sh
[0.077s] -- Up-to-date: /home/louisdinhh/camera_stereo_ws/install/stereo_image_proc/share/stereo_image_proc/environment/ament_prefix_path.dsv
[0.077s] -- Up-to-date: /home/louisdinhh/camera_stereo_ws/install/stereo_image_proc/share/stereo_image_proc/environment/path.sh
[0.077s] -- Up-to-date: /home/louisdinhh/camera_stereo_ws/install/stereo_image_proc/share/stereo_image_proc/environment/path.dsv
[0.077s] -- Up-to-date: /home/louisdinhh/camera_stereo_ws/install/stereo_image_proc/share/stereo_image_proc/local_setup.bash
[0.077s] -- Up-to-date: /home/louisdinhh/camera_stereo_ws/install/stereo_image_proc/share/stereo_image_proc/local_setup.sh
[0.077s] -- Up-to-date: /home/louisdinhh/camera_stereo_ws/install/stereo_image_proc/share/stereo_image_proc/local_setup.zsh
[0.077s] -- Up-to-date: /home/louisdinhh/camera_stereo_ws/install/stereo_image_proc/share/stereo_image_proc/local_setup.dsv
[0.077s] -- Installing: /home/louisdinhh/camera_stereo_ws/install/stereo_image_proc/share/stereo_image_proc/package.dsv
[0.077s] -- Up-to-date: /home/louisdinhh/camera_stereo_ws/install/stereo_image_proc/share/ament_index/resource_index/packages/stereo_image_proc
[0.077s] -- Up-to-date: /home/louisdinhh/camera_stereo_ws/install/stereo_image_proc/share/ament_index/resource_index/rclcpp_components/stereo_image_proc
[0.078s] -- Up-to-date: /home/louisdinhh/camera_stereo_ws/install/stereo_image_proc/share/stereo_image_proc/cmake/ament_cmake_export_dependencies-extras.cmake
[0.078s] -- Up-to-date: /home/louisdinhh/camera_stereo_ws/install/stereo_image_proc/share/stereo_image_proc/cmake/ament_cmake_export_include_directories-extras.cmake
[0.078s] -- Up-to-date: /home/louisdinhh/camera_stereo_ws/install/stereo_image_proc/share/stereo_image_proc/cmake/ament_cmake_export_libraries-extras.cmake
[0.078s] -- Up-to-date: /home/louisdinhh/camera_stereo_ws/install/stereo_image_proc/share/stereo_image_proc/cmake/stereo_image_procConfig.cmake
[0.078s] -- Up-to-date: /home/louisdinhh/camera_stereo_ws/install/stereo_image_proc/share/stereo_image_proc/cmake/stereo_image_procConfig-version.cmake
[0.078s] -- Up-to-date: /home/louisdinhh/camera_stereo_ws/install/stereo_image_proc/share/stereo_image_proc/package.xml
[0.082s] Invoked command in '/home/louisdinhh/camera_stereo_ws/build/stereo_image_proc' returned '0': AMENT_PREFIX_PATH=/home/louisdinhh/camera_stereo_ws/install/image_proc:/home/louisdinhh/camera_stereo_ws/install/tracetools_image_pipeline:/home/louisdinhh/camera_stereo_ws/install/image_transport:${AMENT_PREFIX_PATH} CMAKE_PREFIX_PATH=/home/louisdinhh/camera_stereo_ws/install/image_proc:/home/louisdinhh/camera_stereo_ws/install/tracetools_image_pipeline:/home/louisdinhh/camera_stereo_ws/install/image_transport:/opt/ros/humble LD_LIBRARY_PATH=/home/louisdinhh/camera_stereo_ws/install/image_proc/lib:/home/louisdinhh/camera_stereo_ws/install/tracetools_image_pipeline/lib:/home/louisdinhh/camera_stereo_ws/install/image_transport/lib:${LD_LIBRARY_PATH} PATH=/home/louisdinhh/camera_stereo_ws/install/image_proc/bin:${PATH} /usr/bin/cmake --install /home/louisdinhh/camera_stereo_ws/build/stereo_image_proc
