[0.020s] Invoking command in '/home/louisdinhh/camera_stereo_ws/build/image_view': CMAKE_PREFIX_PATH=/home/louisdinhh/camera_stereo_ws/install/image_transport:/home/louisdinhh/camera_stereo_ws/install/camera_calibration_parsers:/home/louisdinhh/camera_stereo_ws/install/usb_cam:/home/louisdinhh/camera_stereo_ws/install/image_pipeline:/home/louisdinhh/camera_stereo_ws/install/stereo_image_proc:/home/louisdinhh/camera_stereo_ws/install/image_proc:/home/louisdinhh/camera_stereo_ws/install/tracetools_image_pipeline:/home/louisdinhh/camera_stereo_ws/install/opencv_cam:/home/louisdinhh/camera_stereo_ws/install/ros2_shared:/home/louisdinhh/camera_stereo_ws/install/image_view:/home/louisdinhh/camera_stereo_ws/install/image_rotate:/home/louisdinhh/camera_stereo_ws/install/image_publisher:/home/louisdinhh/camera_stereo_ws/install/image_common:/home/louisdinhh/camera_stereo_ws/install/depth_image_proc:/home/louisdinhh/camera_stereo_ws/install/camera_info_manager:/home/louisdinhh/camera_stereo_ws/install/stereo_camera:/home/louisdinhh/camera_stereo_ws/install/camera_info_manager_py:/home/louisdinhh/camera_stereo_ws/install/camera_calibration:/opt/ros/humble LD_LIBRARY_PATH=/home/louisdinhh/camera_stereo_ws/install/image_transport/lib:/home/louisdinhh/camera_stereo_ws/install/camera_calibration_parsers/lib:/home/louisdinhh/camera_stereo_ws/install/usb_cam/lib:/home/louisdinhh/camera_stereo_ws/install/stereo_image_proc/lib:/home/louisdinhh/camera_stereo_ws/install/image_proc/lib:/home/louisdinhh/camera_stereo_ws/install/tracetools_image_pipeline/lib:/home/louisdinhh/camera_stereo_ws/install/opencv_cam/lib:/home/louisdinhh/camera_stereo_ws/install/image_view/lib:/home/louisdinhh/camera_stereo_ws/install/image_rotate/lib:/home/louisdinhh/camera_stereo_ws/install/image_publisher/lib:/home/louisdinhh/camera_stereo_ws/install/depth_image_proc/lib:/home/louisdinhh/camera_stereo_ws/install/camera_info_manager/lib:/usr/lib/x86_64-linux-gnu/gazebo-11/plugins:/opt/ros/humble/opt/rviz_ogre_vendor/lib:/opt/ros/humble/lib/x86_64-linux-gnu:/usr/share/gurumdds/cmake/../../../lib:/opt/ros/humble/lib /usr/bin/cmake --build /home/louisdinhh/camera_stereo_ws/build/image_view -- -j12 -l12
[0.100s] [ 36%] Built target image_view_nodes
[0.137s] [ 47%] Built target stereo_view
[0.138s] [ 57%] Built target video_recorder
[0.138s] [ 68%] Built target image_view
[0.138s] [ 78%] Built target disparity_view
[0.141s] [ 89%] Built target extract_images
[0.142s] [100%] Built target image_saver
[0.164s] Invoked command in '/home/louisdinhh/camera_stereo_ws/build/image_view' returned '0': CMAKE_PREFIX_PATH=/home/louisdinhh/camera_stereo_ws/install/image_transport:/home/louisdinhh/camera_stereo_ws/install/camera_calibration_parsers:/home/louisdinhh/camera_stereo_ws/install/usb_cam:/home/louisdinhh/camera_stereo_ws/install/image_pipeline:/home/louisdinhh/camera_stereo_ws/install/stereo_image_proc:/home/louisdinhh/camera_stereo_ws/install/image_proc:/home/louisdinhh/camera_stereo_ws/install/tracetools_image_pipeline:/home/louisdinhh/camera_stereo_ws/install/opencv_cam:/home/louisdinhh/camera_stereo_ws/install/ros2_shared:/home/louisdinhh/camera_stereo_ws/install/image_view:/home/louisdinhh/camera_stereo_ws/install/image_rotate:/home/louisdinhh/camera_stereo_ws/install/image_publisher:/home/louisdinhh/camera_stereo_ws/install/image_common:/home/louisdinhh/camera_stereo_ws/install/depth_image_proc:/home/louisdinhh/camera_stereo_ws/install/camera_info_manager:/home/louisdinhh/camera_stereo_ws/install/stereo_camera:/home/louisdinhh/camera_stereo_ws/install/camera_info_manager_py:/home/louisdinhh/camera_stereo_ws/install/camera_calibration:/opt/ros/humble LD_LIBRARY_PATH=/home/louisdinhh/camera_stereo_ws/install/image_transport/lib:/home/louisdinhh/camera_stereo_ws/install/camera_calibration_parsers/lib:/home/louisdinhh/camera_stereo_ws/install/usb_cam/lib:/home/louisdinhh/camera_stereo_ws/install/stereo_image_proc/lib:/home/louisdinhh/camera_stereo_ws/install/image_proc/lib:/home/louisdinhh/camera_stereo_ws/install/tracetools_image_pipeline/lib:/home/louisdinhh/camera_stereo_ws/install/opencv_cam/lib:/home/louisdinhh/camera_stereo_ws/install/image_view/lib:/home/louisdinhh/camera_stereo_ws/install/image_rotate/lib:/home/louisdinhh/camera_stereo_ws/install/image_publisher/lib:/home/louisdinhh/camera_stereo_ws/install/depth_image_proc/lib:/home/louisdinhh/camera_stereo_ws/install/camera_info_manager/lib:/usr/lib/x86_64-linux-gnu/gazebo-11/plugins:/opt/ros/humble/opt/rviz_ogre_vendor/lib:/opt/ros/humble/lib/x86_64-linux-gnu:/usr/share/gurumdds/cmake/../../../lib:/opt/ros/humble/lib /usr/bin/cmake --build /home/louisdinhh/camera_stereo_ws/build/image_view -- -j12 -l12
[0.240s] Invoking command in '/home/louisdinhh/camera_stereo_ws/build/image_view': CMAKE_PREFIX_PATH=/home/louisdinhh/camera_stereo_ws/install/image_transport:/home/louisdinhh/camera_stereo_ws/install/camera_calibration_parsers:/home/louisdinhh/camera_stereo_ws/install/usb_cam:/home/louisdinhh/camera_stereo_ws/install/image_pipeline:/home/louisdinhh/camera_stereo_ws/install/stereo_image_proc:/home/louisdinhh/camera_stereo_ws/install/image_proc:/home/louisdinhh/camera_stereo_ws/install/tracetools_image_pipeline:/home/louisdinhh/camera_stereo_ws/install/opencv_cam:/home/louisdinhh/camera_stereo_ws/install/ros2_shared:/home/louisdinhh/camera_stereo_ws/install/image_view:/home/louisdinhh/camera_stereo_ws/install/image_rotate:/home/louisdinhh/camera_stereo_ws/install/image_publisher:/home/louisdinhh/camera_stereo_ws/install/image_common:/home/louisdinhh/camera_stereo_ws/install/depth_image_proc:/home/louisdinhh/camera_stereo_ws/install/camera_info_manager:/home/louisdinhh/camera_stereo_ws/install/stereo_camera:/home/louisdinhh/camera_stereo_ws/install/camera_info_manager_py:/home/louisdinhh/camera_stereo_ws/install/camera_calibration:/opt/ros/humble LD_LIBRARY_PATH=/home/louisdinhh/camera_stereo_ws/install/image_transport/lib:/home/louisdinhh/camera_stereo_ws/install/camera_calibration_parsers/lib:/home/louisdinhh/camera_stereo_ws/install/usb_cam/lib:/home/louisdinhh/camera_stereo_ws/install/stereo_image_proc/lib:/home/louisdinhh/camera_stereo_ws/install/image_proc/lib:/home/louisdinhh/camera_stereo_ws/install/tracetools_image_pipeline/lib:/home/louisdinhh/camera_stereo_ws/install/opencv_cam/lib:/home/louisdinhh/camera_stereo_ws/install/image_view/lib:/home/louisdinhh/camera_stereo_ws/install/image_rotate/lib:/home/louisdinhh/camera_stereo_ws/install/image_publisher/lib:/home/louisdinhh/camera_stereo_ws/install/depth_image_proc/lib:/home/louisdinhh/camera_stereo_ws/install/camera_info_manager/lib:/usr/lib/x86_64-linux-gnu/gazebo-11/plugins:/opt/ros/humble/opt/rviz_ogre_vendor/lib:/opt/ros/humble/lib/x86_64-linux-gnu:/usr/share/gurumdds/cmake/../../../lib:/opt/ros/humble/lib /usr/bin/cmake --install /home/louisdinhh/camera_stereo_ws/build/image_view
[0.243s] -- Install configuration: ""
[0.243s] -- Up-to-date: /home/louisdinhh/camera_stereo_ws/install/image_view/include
[0.243s] -- Up-to-date: /home/louisdinhh/camera_stereo_ws/install/image_view/include/image_view
[0.243s] -- Up-to-date: /home/louisdinhh/camera_stereo_ws/install/image_view/include/image_view/video_recorder_node.hpp
[0.243s] -- Up-to-date: /home/louisdinhh/camera_stereo_ws/install/image_view/include/image_view/image_view_node.hpp
[0.243s] -- Up-to-date: /home/louisdinhh/camera_stereo_ws/install/image_view/include/image_view/extract_images_node.hpp
[0.243s] -- Up-to-date: /home/louisdinhh/camera_stereo_ws/install/image_view/include/image_view/disparity_view_node.hpp
[0.243s] -- Up-to-date: /home/louisdinhh/camera_stereo_ws/install/image_view/include/image_view/image_saver_node.hpp
[0.243s] -- Up-to-date: /home/louisdinhh/camera_stereo_ws/install/image_view/include/image_view/stereo_view_node.hpp
[0.243s] -- Up-to-date: /home/louisdinhh/camera_stereo_ws/install/image_view/share/image_view/environment/library_path.sh
[0.243s] -- Up-to-date: /home/louisdinhh/camera_stereo_ws/install/image_view/share/image_view/environment/library_path.dsv
[0.243s] -- Up-to-date: /home/louisdinhh/camera_stereo_ws/install/image_view/lib/libimage_view_nodes.so
[0.243s] -- Up-to-date: /home/louisdinhh/camera_stereo_ws/install/image_view/lib/image_view/disparity_view
[0.244s] -- Up-to-date: /home/louisdinhh/camera_stereo_ws/install/image_view/lib/image_view/image_view
[0.244s] -- Up-to-date: /home/louisdinhh/camera_stereo_ws/install/image_view/lib/image_view/stereo_view
[0.244s] -- Up-to-date: /home/louisdinhh/camera_stereo_ws/install/image_view/lib/image_view/extract_images
[0.244s] -- Up-to-date: /home/louisdinhh/camera_stereo_ws/install/image_view/lib/image_view/image_saver
[0.246s] -- Up-to-date: /home/louisdinhh/camera_stereo_ws/install/image_view/lib/image_view/video_recorder
[0.246s] -- Up-to-date: /home/louisdinhh/camera_stereo_ws/install/image_view/share/ament_index/resource_index/package_run_dependencies/image_view
[0.246s] -- Up-to-date: /home/louisdinhh/camera_stereo_ws/install/image_view/share/ament_index/resource_index/parent_prefix_path/image_view
[0.246s] -- Up-to-date: /home/louisdinhh/camera_stereo_ws/install/image_view/share/image_view/environment/ament_prefix_path.sh
[0.246s] -- Up-to-date: /home/louisdinhh/camera_stereo_ws/install/image_view/share/image_view/environment/ament_prefix_path.dsv
[0.246s] -- Up-to-date: /home/louisdinhh/camera_stereo_ws/install/image_view/share/image_view/environment/path.sh
[0.246s] -- Up-to-date: /home/louisdinhh/camera_stereo_ws/install/image_view/share/image_view/environment/path.dsv
[0.246s] -- Up-to-date: /home/louisdinhh/camera_stereo_ws/install/image_view/share/image_view/local_setup.bash
[0.246s] -- Up-to-date: /home/louisdinhh/camera_stereo_ws/install/image_view/share/image_view/local_setup.sh
[0.246s] -- Up-to-date: /home/louisdinhh/camera_stereo_ws/install/image_view/share/image_view/local_setup.zsh
[0.247s] -- Up-to-date: /home/louisdinhh/camera_stereo_ws/install/image_view/share/image_view/local_setup.dsv
[0.247s] -- Installing: /home/louisdinhh/camera_stereo_ws/install/image_view/share/image_view/package.dsv
[0.247s] -- Up-to-date: /home/louisdinhh/camera_stereo_ws/install/image_view/share/ament_index/resource_index/packages/image_view
[0.247s] -- Up-to-date: /home/louisdinhh/camera_stereo_ws/install/image_view/share/ament_index/resource_index/rclcpp_components/image_view
[0.247s] -- Up-to-date: /home/louisdinhh/camera_stereo_ws/install/image_view/share/image_view/cmake/ament_cmake_export_dependencies-extras.cmake
[0.247s] -- Up-to-date: /home/louisdinhh/camera_stereo_ws/install/image_view/share/image_view/cmake/ament_cmake_export_include_directories-extras.cmake
[0.247s] -- Up-to-date: /home/louisdinhh/camera_stereo_ws/install/image_view/share/image_view/cmake/ament_cmake_export_libraries-extras.cmake
[0.247s] -- Up-to-date: /home/louisdinhh/camera_stereo_ws/install/image_view/share/image_view/cmake/image_viewConfig.cmake
[0.248s] -- Up-to-date: /home/louisdinhh/camera_stereo_ws/install/image_view/share/image_view/cmake/image_viewConfig-version.cmake
[0.248s] -- Up-to-date: /home/louisdinhh/camera_stereo_ws/install/image_view/share/image_view/package.xml
[0.261s] Invoked command in '/home/louisdinhh/camera_stereo_ws/build/image_view' returned '0': CMAKE_PREFIX_PATH=/home/louisdinhh/camera_stereo_ws/install/image_transport:/home/louisdinhh/camera_stereo_ws/install/camera_calibration_parsers:/home/louisdinhh/camera_stereo_ws/install/usb_cam:/home/louisdinhh/camera_stereo_ws/install/image_pipeline:/home/louisdinhh/camera_stereo_ws/install/stereo_image_proc:/home/louisdinhh/camera_stereo_ws/install/image_proc:/home/louisdinhh/camera_stereo_ws/install/tracetools_image_pipeline:/home/louisdinhh/camera_stereo_ws/install/opencv_cam:/home/louisdinhh/camera_stereo_ws/install/ros2_shared:/home/louisdinhh/camera_stereo_ws/install/image_view:/home/louisdinhh/camera_stereo_ws/install/image_rotate:/home/louisdinhh/camera_stereo_ws/install/image_publisher:/home/louisdinhh/camera_stereo_ws/install/image_common:/home/louisdinhh/camera_stereo_ws/install/depth_image_proc:/home/louisdinhh/camera_stereo_ws/install/camera_info_manager:/home/louisdinhh/camera_stereo_ws/install/stereo_camera:/home/louisdinhh/camera_stereo_ws/install/camera_info_manager_py:/home/louisdinhh/camera_stereo_ws/install/camera_calibration:/opt/ros/humble LD_LIBRARY_PATH=/home/louisdinhh/camera_stereo_ws/install/image_transport/lib:/home/louisdinhh/camera_stereo_ws/install/camera_calibration_parsers/lib:/home/louisdinhh/camera_stereo_ws/install/usb_cam/lib:/home/louisdinhh/camera_stereo_ws/install/stereo_image_proc/lib:/home/louisdinhh/camera_stereo_ws/install/image_proc/lib:/home/louisdinhh/camera_stereo_ws/install/tracetools_image_pipeline/lib:/home/louisdinhh/camera_stereo_ws/install/opencv_cam/lib:/home/louisdinhh/camera_stereo_ws/install/image_view/lib:/home/louisdinhh/camera_stereo_ws/install/image_rotate/lib:/home/louisdinhh/camera_stereo_ws/install/image_publisher/lib:/home/louisdinhh/camera_stereo_ws/install/depth_image_proc/lib:/home/louisdinhh/camera_stereo_ws/install/camera_info_manager/lib:/usr/lib/x86_64-linux-gnu/gazebo-11/plugins:/opt/ros/humble/opt/rviz_ogre_vendor/lib:/opt/ros/humble/lib/x86_64-linux-gnu:/usr/share/gurumdds/cmake/../../../lib:/opt/ros/humble/lib /usr/bin/cmake --install /home/louisdinhh/camera_stereo_ws/build/image_view
