[0.180s] Invoking command in '/home/louisdinhh/camera_stereo_ws/build/ros2_shared': CMAKE_PREFIX_PATH=${CMAKE_PREFIX_PATH}:/home/louisdinhh/camera_stereo_ws/install/camera_info_manager_py:/home/louisdinhh/camera_stereo_ws/install/camera_calibration:/opt/ros/humble /usr/bin/cmake --build /home/louisdinhh/camera_stereo_ws/build/ros2_shared -- -j12 -l12
[0.334s] Invoked command in '/home/louisdinhh/camera_stereo_ws/build/ros2_shared' returned '0': CMAKE_PREFIX_PATH=${CMAKE_PREFIX_PATH}:/home/louisdinhh/camera_stereo_ws/install/camera_info_manager_py:/home/louisdinhh/camera_stereo_ws/install/camera_calibration:/opt/ros/humble /usr/bin/cmake --build /home/louisdinhh/camera_stereo_ws/build/ros2_shared -- -j12 -l12
[0.354s] Invoking command in '/home/louisdinhh/camera_stereo_ws/build/ros2_shared': CMAKE_PREFIX_PATH=${CMAKE_PREFIX_PATH}:/home/louisdinhh/camera_stereo_ws/install/camera_info_manager_py:/home/louisdinhh/camera_stereo_ws/install/camera_calibration:/opt/ros/humble /usr/bin/cmake --install /home/louisdinhh/camera_stereo_ws/build/ros2_shared
[0.359s] -- Install configuration: ""
[0.359s] -- Up-to-date: /home/louisdinhh/camera_stereo_ws/install/ros2_shared/include
[0.359s] -- Up-to-date: /home/louisdinhh/camera_stereo_ws/install/ros2_shared/include/ros2_shared
[0.359s] -- Up-to-date: /home/louisdinhh/camera_stereo_ws/install/ros2_shared/include/ros2_shared/string_printf.hpp
[0.359s] -- Up-to-date: /home/louisdinhh/camera_stereo_ws/install/ros2_shared/include/ros2_shared/param_macros.hpp
[0.359s] -- Up-to-date: /home/louisdinhh/camera_stereo_ws/install/ros2_shared/include/ros2_shared/context_macros.hpp
[0.360s] -- Up-to-date: /home/louisdinhh/camera_stereo_ws/install/ros2_shared/share/ament_index/resource_index/package_run_dependencies/ros2_shared
[0.360s] -- Up-to-date: /home/louisdinhh/camera_stereo_ws/install/ros2_shared/share/ament_index/resource_index/parent_prefix_path/ros2_shared
[0.360s] -- Up-to-date: /home/louisdinhh/camera_stereo_ws/install/ros2_shared/share/ros2_shared/environment/ament_prefix_path.sh
[0.360s] -- Up-to-date: /home/louisdinhh/camera_stereo_ws/install/ros2_shared/share/ros2_shared/environment/ament_prefix_path.dsv
[0.360s] -- Up-to-date: /home/louisdinhh/camera_stereo_ws/install/ros2_shared/share/ros2_shared/environment/path.sh
[0.360s] -- Up-to-date: /home/louisdinhh/camera_stereo_ws/install/ros2_shared/share/ros2_shared/environment/path.dsv
[0.360s] -- Up-to-date: /home/louisdinhh/camera_stereo_ws/install/ros2_shared/share/ros2_shared/local_setup.bash
[0.360s] -- Up-to-date: /home/louisdinhh/camera_stereo_ws/install/ros2_shared/share/ros2_shared/local_setup.sh
[0.360s] -- Up-to-date: /home/louisdinhh/camera_stereo_ws/install/ros2_shared/share/ros2_shared/local_setup.zsh
[0.360s] -- Up-to-date: /home/louisdinhh/camera_stereo_ws/install/ros2_shared/share/ros2_shared/local_setup.dsv
[0.360s] -- Installing: /home/louisdinhh/camera_stereo_ws/install/ros2_shared/share/ros2_shared/package.dsv
[0.360s] -- Up-to-date: /home/louisdinhh/camera_stereo_ws/install/ros2_shared/share/ament_index/resource_index/packages/ros2_shared
[0.360s] -- Up-to-date: /home/louisdinhh/camera_stereo_ws/install/ros2_shared/share/ros2_shared/cmake/ros2_shared_targetsExport.cmake
[0.360s] -- Up-to-date: /home/louisdinhh/camera_stereo_ws/install/ros2_shared/share/ros2_shared/cmake/ament_cmake_export_targets-extras.cmake
[0.360s] -- Up-to-date: /home/louisdinhh/camera_stereo_ws/install/ros2_shared/share/ros2_shared/cmake/ament_cmake_export_dependencies-extras.cmake
[0.360s] -- Up-to-date: /home/louisdinhh/camera_stereo_ws/install/ros2_shared/share/ros2_shared/cmake/ros2_sharedConfig.cmake
[0.361s] -- Up-to-date: /home/louisdinhh/camera_stereo_ws/install/ros2_shared/share/ros2_shared/cmake/ros2_sharedConfig-version.cmake
[0.361s] -- Up-to-date: /home/louisdinhh/camera_stereo_ws/install/ros2_shared/share/ros2_shared/package.xml
[0.361s] Invoked command in '/home/louisdinhh/camera_stereo_ws/build/ros2_shared' returned '0': CMAKE_PREFIX_PATH=${CMAKE_PREFIX_PATH}:/home/louisdinhh/camera_stereo_ws/install/camera_info_manager_py:/home/louisdinhh/camera_stereo_ws/install/camera_calibration:/opt/ros/humble /usr/bin/cmake --install /home/louisdinhh/camera_stereo_ws/build/ros2_shared
