[0.361s] Invoking command in '/home/louisdinhh/camera_panorama_ws/src/panorama_cam': PYTHONPATH=/home/louisdinhh/camera_panorama_ws/src/panorama_cam/build/panorama_cam/prefix_override:/usr/lib/python3/dist-packages/colcon_core/task/python/colcon_distutils_commands:/home/louisdinhh/camera_panorama_ws/src/panorama_cam/install/panorama_cam/lib/python3.10/site-packages:${PYTHONPATH} /usr/bin/python3 -W ignore:setup.py install is deprecated setup.py egg_info --egg-base build/panorama_cam build --build-base /home/louisdinhh/camera_panorama_ws/src/panorama_cam/build/panorama_cam/build install --record /home/louisdinhh/camera_panorama_ws/src/panorama_cam/build/panorama_cam/install.log --single-version-externally-managed install_data
[0.500s] running egg_info
[0.500s] writing build/panorama_cam/panorama_cam.egg-info/PKG-INFO
[0.500s] writing dependency_links to build/panorama_cam/panorama_cam.egg-info/dependency_links.txt
[0.500s] writing entry points to build/panorama_cam/panorama_cam.egg-info/entry_points.txt
[0.500s] writing requirements to build/panorama_cam/panorama_cam.egg-info/requires.txt
[0.500s] writing top-level names to build/panorama_cam/panorama_cam.egg-info/top_level.txt
[0.501s] reading manifest file 'build/panorama_cam/panorama_cam.egg-info/SOURCES.txt'
[0.502s] writing manifest file 'build/panorama_cam/panorama_cam.egg-info/SOURCES.txt'
[0.502s] running build
[0.502s] running build_py
[0.502s] copying panorama_cam/panorama_node.py -> /home/louisdinhh/camera_panorama_ws/src/panorama_cam/build/panorama_cam/build/lib/panorama_cam
[0.502s] running install
[0.502s] running install_lib
[0.502s] copying /home/louisdinhh/camera_panorama_ws/src/panorama_cam/build/panorama_cam/build/lib/panorama_cam/panorama_node.py -> /home/louisdinhh/camera_panorama_ws/src/panorama_cam/install/panorama_cam/lib/python3.10/site-packages/panorama_cam
[0.503s] byte-compiling /home/louisdinhh/camera_panorama_ws/src/panorama_cam/install/panorama_cam/lib/python3.10/site-packages/panorama_cam/panorama_node.py to panorama_node.cpython-310.pyc
[0.503s] running install_data
[0.503s] copying package.xml -> /home/louisdinhh/camera_panorama_ws/src/panorama_cam/install/panorama_cam/share/panorama_cam
[0.503s] copying launch/panorama_cam.launch.py -> /home/louisdinhh/camera_panorama_ws/src/panorama_cam/install/panorama_cam/share/panorama_cam/launch
[0.503s] running install_egg_info
[0.505s] removing '/home/louisdinhh/camera_panorama_ws/src/panorama_cam/install/panorama_cam/lib/python3.10/site-packages/panorama_cam-0.0.0-py3.10.egg-info' (and everything under it)
[0.505s] Copying build/panorama_cam/panorama_cam.egg-info to /home/louisdinhh/camera_panorama_ws/src/panorama_cam/install/panorama_cam/lib/python3.10/site-packages/panorama_cam-0.0.0-py3.10.egg-info
[0.505s] running install_scripts
[0.517s] Installing panorama_node script to /home/louisdinhh/camera_panorama_ws/src/panorama_cam/install/panorama_cam/lib/panorama_cam
[0.517s] writing list of installed files to '/home/louisdinhh/camera_panorama_ws/src/panorama_cam/build/panorama_cam/install.log'
[0.531s] Invoked command in '/home/louisdinhh/camera_panorama_ws/src/panorama_cam' returned '0': PYTHONPATH=/home/louisdinhh/camera_panorama_ws/src/panorama_cam/build/panorama_cam/prefix_override:/usr/lib/python3/dist-packages/colcon_core/task/python/colcon_distutils_commands:/home/louisdinhh/camera_panorama_ws/src/panorama_cam/install/panorama_cam/lib/python3.10/site-packages:${PYTHONPATH} /usr/bin/python3 -W ignore:setup.py install is deprecated setup.py egg_info --egg-base build/panorama_cam build --build-base /home/louisdinhh/camera_panorama_ws/src/panorama_cam/build/panorama_cam/build install --record /home/louisdinhh/camera_panorama_ws/src/panorama_cam/build/panorama_cam/install.log --single-version-externally-managed install_data
