[0.019s] Invoking command in '/home/louisdinhh/camera_stereo_ws/build/depth_image_proc': CMAKE_PREFIX_PATH=/home/louisdinhh/camera_stereo_ws/install/image_transport:/home/louisdinhh/camera_stereo_ws/install/image_pipeline:/home/louisdinhh/camera_stereo_ws/install/stereo_image_proc:/home/louisdinhh/camera_stereo_ws/install/image_proc:/home/louisdinhh/camera_stereo_ws/install/tracetools_image_pipeline:/home/louisdinhh/camera_stereo_ws/install/opencv_cam:/home/louisdinhh/camera_stereo_ws/install/ros2_shared:/home/louisdinhh/camera_stereo_ws/install/image_view:/home/louisdinhh/camera_stereo_ws/install/image_rotate:/home/louisdinhh/camera_stereo_ws/install/image_publisher:/home/louisdinhh/camera_stereo_ws/install/image_common:/home/louisdinhh/camera_stereo_ws/install/depth_image_proc:/home/louisdinhh/camera_stereo_ws/install/camera_info_manager:/home/louisdinhh/camera_stereo_ws/install/camera_calibration_parsers:/home/louisdinhh/camera_stereo_ws/install/stereo_camera:/home/louisdinhh/camera_stereo_ws/install/camera_info_manager_py:/home/louisdinhh/camera_stereo_ws/install/camera_calibration:/opt/ros/humble LD_LIBRARY_PATH=/home/louisdinhh/camera_stereo_ws/install/image_transport/lib:/home/louisdinhh/camera_stereo_ws/install/stereo_image_proc/lib:/home/louisdinhh/camera_stereo_ws/install/image_proc/lib:/home/louisdinhh/camera_stereo_ws/install/tracetools_image_pipeline/lib:/home/louisdinhh/camera_stereo_ws/install/opencv_cam/lib:/home/louisdinhh/camera_stereo_ws/install/image_view/lib:/home/louisdinhh/camera_stereo_ws/install/image_rotate/lib:/home/louisdinhh/camera_stereo_ws/install/image_publisher/lib:/home/louisdinhh/camera_stereo_ws/install/depth_image_proc/lib:/home/louisdinhh/camera_stereo_ws/install/camera_info_manager/lib:/home/louisdinhh/camera_stereo_ws/install/camera_calibration_parsers/lib:/usr/lib/x86_64-linux-gnu/gazebo-11/plugins:/opt/ros/humble/opt/rviz_ogre_vendor/lib:/opt/ros/humble/lib/x86_64-linux-gnu:/usr/share/gurumdds/cmake/../../../lib:/opt/ros/humble/lib /usr/bin/cmake --build /home/louisdinhh/camera_stereo_ws/build/depth_image_proc -- -j12 -l12
[0.068s] [35m[1mConsolidate compiler generated dependencies of target depth_image_proc[0m
[0.068s] [35m[1mConsolidate compiler generated dependencies of target crop_foremost_node[0m
[0.068s] [35m[1mConsolidate compiler generated dependencies of target point_cloud_xyz_node[0m
[0.072s] [35m[1mConsolidate compiler generated dependencies of target convert_metric_node[0m
[0.073s] [35m[1mConsolidate compiler generated dependencies of target point_cloud_xyzrgb_node[0m
[0.075s] [35m[1mConsolidate compiler generated dependencies of target disparity_node[0m
[0.088s] [35m[1mConsolidate compiler generated dependencies of target point_cloud_xyzrgb_radial_node[0m
[0.094s] [35m[1mConsolidate compiler generated dependencies of target point_cloud_xyzi_radial_node[0m
[0.094s] [35m[1mConsolidate compiler generated dependencies of target point_cloud_xyzi_node[0m
[0.094s] [35m[1mConsolidate compiler generated dependencies of target point_cloud_xyz_radial_node[0m
[0.094s] [35m[1mConsolidate compiler generated dependencies of target register_node[0m
[0.119s] [  6%] Built target point_cloud_xyz_node
[0.120s] [ 12%] Built target convert_metric_node
[0.120s] [ 50%] Built target depth_image_proc
[0.121s] [ 56%] Built target point_cloud_xyz_radial_node
[0.122s] [ 62%] Built target point_cloud_xyzrgb_node
[0.123s] [ 68%] Built target crop_foremost_node
[0.126s] [ 75%] Built target disparity_node
[0.126s] [ 84%] Built target register_node
[0.127s] [ 90%] Built target point_cloud_xyzi_node
[0.127s] [ 93%] Built target point_cloud_xyzi_radial_node
[0.129s] [100%] Built target point_cloud_xyzrgb_radial_node
[0.147s] Invoked command in '/home/louisdinhh/camera_stereo_ws/build/depth_image_proc' returned '0': CMAKE_PREFIX_PATH=/home/louisdinhh/camera_stereo_ws/install/image_transport:/home/louisdinhh/camera_stereo_ws/install/image_pipeline:/home/louisdinhh/camera_stereo_ws/install/stereo_image_proc:/home/louisdinhh/camera_stereo_ws/install/image_proc:/home/louisdinhh/camera_stereo_ws/install/tracetools_image_pipeline:/home/louisdinhh/camera_stereo_ws/install/opencv_cam:/home/louisdinhh/camera_stereo_ws/install/ros2_shared:/home/louisdinhh/camera_stereo_ws/install/image_view:/home/louisdinhh/camera_stereo_ws/install/image_rotate:/home/louisdinhh/camera_stereo_ws/install/image_publisher:/home/louisdinhh/camera_stereo_ws/install/image_common:/home/louisdinhh/camera_stereo_ws/install/depth_image_proc:/home/louisdinhh/camera_stereo_ws/install/camera_info_manager:/home/louisdinhh/camera_stereo_ws/install/camera_calibration_parsers:/home/louisdinhh/camera_stereo_ws/install/stereo_camera:/home/louisdinhh/camera_stereo_ws/install/camera_info_manager_py:/home/louisdinhh/camera_stereo_ws/install/camera_calibration:/opt/ros/humble LD_LIBRARY_PATH=/home/louisdinhh/camera_stereo_ws/install/image_transport/lib:/home/louisdinhh/camera_stereo_ws/install/stereo_image_proc/lib:/home/louisdinhh/camera_stereo_ws/install/image_proc/lib:/home/louisdinhh/camera_stereo_ws/install/tracetools_image_pipeline/lib:/home/louisdinhh/camera_stereo_ws/install/opencv_cam/lib:/home/louisdinhh/camera_stereo_ws/install/image_view/lib:/home/louisdinhh/camera_stereo_ws/install/image_rotate/lib:/home/louisdinhh/camera_stereo_ws/install/image_publisher/lib:/home/louisdinhh/camera_stereo_ws/install/depth_image_proc/lib:/home/louisdinhh/camera_stereo_ws/install/camera_info_manager/lib:/home/louisdinhh/camera_stereo_ws/install/camera_calibration_parsers/lib:/usr/lib/x86_64-linux-gnu/gazebo-11/plugins:/opt/ros/humble/opt/rviz_ogre_vendor/lib:/opt/ros/humble/lib/x86_64-linux-gnu:/usr/share/gurumdds/cmake/../../../lib:/opt/ros/humble/lib /usr/bin/cmake --build /home/louisdinhh/camera_stereo_ws/build/depth_image_proc -- -j12 -l12
[0.225s] Invoking command in '/home/louisdinhh/camera_stereo_ws/build/depth_image_proc': CMAKE_PREFIX_PATH=/home/louisdinhh/camera_stereo_ws/install/image_transport:/home/louisdinhh/camera_stereo_ws/install/image_pipeline:/home/louisdinhh/camera_stereo_ws/install/stereo_image_proc:/home/louisdinhh/camera_stereo_ws/install/image_proc:/home/louisdinhh/camera_stereo_ws/install/tracetools_image_pipeline:/home/louisdinhh/camera_stereo_ws/install/opencv_cam:/home/louisdinhh/camera_stereo_ws/install/ros2_shared:/home/louisdinhh/camera_stereo_ws/install/image_view:/home/louisdinhh/camera_stereo_ws/install/image_rotate:/home/louisdinhh/camera_stereo_ws/install/image_publisher:/home/louisdinhh/camera_stereo_ws/install/image_common:/home/louisdinhh/camera_stereo_ws/install/depth_image_proc:/home/louisdinhh/camera_stereo_ws/install/camera_info_manager:/home/louisdinhh/camera_stereo_ws/install/camera_calibration_parsers:/home/louisdinhh/camera_stereo_ws/install/stereo_camera:/home/louisdinhh/camera_stereo_ws/install/camera_info_manager_py:/home/louisdinhh/camera_stereo_ws/install/camera_calibration:/opt/ros/humble LD_LIBRARY_PATH=/home/louisdinhh/camera_stereo_ws/install/image_transport/lib:/home/louisdinhh/camera_stereo_ws/install/stereo_image_proc/lib:/home/louisdinhh/camera_stereo_ws/install/image_proc/lib:/home/louisdinhh/camera_stereo_ws/install/tracetools_image_pipeline/lib:/home/louisdinhh/camera_stereo_ws/install/opencv_cam/lib:/home/louisdinhh/camera_stereo_ws/install/image_view/lib:/home/louisdinhh/camera_stereo_ws/install/image_rotate/lib:/home/louisdinhh/camera_stereo_ws/install/image_publisher/lib:/home/louisdinhh/camera_stereo_ws/install/depth_image_proc/lib:/home/louisdinhh/camera_stereo_ws/install/camera_info_manager/lib:/home/louisdinhh/camera_stereo_ws/install/camera_calibration_parsers/lib:/usr/lib/x86_64-linux-gnu/gazebo-11/plugins:/opt/ros/humble/opt/rviz_ogre_vendor/lib:/opt/ros/humble/lib/x86_64-linux-gnu:/usr/share/gurumdds/cmake/../../../lib:/opt/ros/humble/lib /usr/bin/cmake --install /home/louisdinhh/camera_stereo_ws/build/depth_image_proc
[0.233s] -- Install configuration: ""
[0.233s] -- Up-to-date: /home/louisdinhh/camera_stereo_ws/install/depth_image_proc/lib/depth_image_proc/convert_metric_node
[0.234s] -- Up-to-date: /home/louisdinhh/camera_stereo_ws/install/depth_image_proc/lib/depth_image_proc/crop_foremost_node
[0.234s] -- Up-to-date: /home/louisdinhh/camera_stereo_ws/install/depth_image_proc/lib/depth_image_proc/disparity_node
[0.234s] -- Up-to-date: /home/louisdinhh/camera_stereo_ws/install/depth_image_proc/lib/depth_image_proc/point_cloud_xyz_node
[0.234s] -- Up-to-date: /home/louisdinhh/camera_stereo_ws/install/depth_image_proc/lib/depth_image_proc/point_cloud_xyzrgb_node
[0.235s] -- Up-to-date: /home/louisdinhh/camera_stereo_ws/install/depth_image_proc/lib/depth_image_proc/point_cloud_xyzi_node
[0.235s] -- Up-to-date: /home/louisdinhh/camera_stereo_ws/install/depth_image_proc/lib/depth_image_proc/point_cloud_xyz_radial_node
[0.235s] -- Up-to-date: /home/louisdinhh/camera_stereo_ws/install/depth_image_proc/lib/depth_image_proc/point_cloud_xyzi_radial_node
[0.235s] -- Up-to-date: /home/louisdinhh/camera_stereo_ws/install/depth_image_proc/lib/depth_image_proc/point_cloud_xyzrgb_radial_node
[0.235s] -- Up-to-date: /home/louisdinhh/camera_stereo_ws/install/depth_image_proc/lib/depth_image_proc/register_node
[0.235s] -- Up-to-date: /home/louisdinhh/camera_stereo_ws/install/depth_image_proc/include
[0.235s] -- Up-to-date: /home/louisdinhh/camera_stereo_ws/install/depth_image_proc/include/depth_image_proc
[0.235s] -- Up-to-date: /home/louisdinhh/camera_stereo_ws/install/depth_image_proc/include/depth_image_proc/point_cloud_xyz.hpp
[0.235s] -- Up-to-date: /home/louisdinhh/camera_stereo_ws/install/depth_image_proc/include/depth_image_proc/point_cloud_xyzrgb.hpp
[0.235s] -- Up-to-date: /home/louisdinhh/camera_stereo_ws/install/depth_image_proc/include/depth_image_proc/point_cloud_xyzi_radial.hpp
[0.235s] -- Up-to-date: /home/louisdinhh/camera_stereo_ws/install/depth_image_proc/include/depth_image_proc/point_cloud_xyzi.hpp
[0.235s] -- Up-to-date: /home/louisdinhh/camera_stereo_ws/install/depth_image_proc/include/depth_image_proc/point_cloud_xyzrgb_radial.hpp
[0.235s] -- Up-to-date: /home/louisdinhh/camera_stereo_ws/install/depth_image_proc/include/depth_image_proc/point_cloud_xyz_radial.hpp
[0.235s] -- Up-to-date: /home/louisdinhh/camera_stereo_ws/install/depth_image_proc/include/depth_image_proc/depth_traits.hpp
[0.235s] -- Up-to-date: /home/louisdinhh/camera_stereo_ws/install/depth_image_proc/include/depth_image_proc/conversions.hpp
[0.235s] -- Up-to-date: /home/louisdinhh/camera_stereo_ws/install/depth_image_proc/include/depth_image_proc/visibility.h
[0.235s] -- Up-to-date: /home/louisdinhh/camera_stereo_ws/install/depth_image_proc/share/depth_image_proc/environment/library_path.sh
[0.236s] -- Up-to-date: /home/louisdinhh/camera_stereo_ws/install/depth_image_proc/share/depth_image_proc/environment/library_path.dsv
[0.236s] -- Up-to-date: /home/louisdinhh/camera_stereo_ws/install/depth_image_proc/lib/libdepth_image_proc.so
[0.236s] -- Up-to-date: /home/louisdinhh/camera_stereo_ws/install/depth_image_proc/share/depth_image_proc/launch
[0.236s] -- Up-to-date: /home/louisdinhh/camera_stereo_ws/install/depth_image_proc/share/depth_image_proc/launch/point_cloud_xyzrgb_radial.launch.py
[0.236s] -- Up-to-date: /home/louisdinhh/camera_stereo_ws/install/depth_image_proc/share/depth_image_proc/launch/point_cloud_xyzrgb.launch.py
[0.236s] -- Up-to-date: /home/louisdinhh/camera_stereo_ws/install/depth_image_proc/share/depth_image_proc/launch/point_cloud_xyz_radial.launch.py
[0.236s] -- Up-to-date: /home/louisdinhh/camera_stereo_ws/install/depth_image_proc/share/depth_image_proc/launch/disparity.launch.py
[0.236s] -- Up-to-date: /home/louisdinhh/camera_stereo_ws/install/depth_image_proc/share/depth_image_proc/launch/point_cloud_xyzi.launch.py
[0.236s] -- Up-to-date: /home/louisdinhh/camera_stereo_ws/install/depth_image_proc/share/depth_image_proc/launch/rviz
[0.236s] -- Up-to-date: /home/louisdinhh/camera_stereo_ws/install/depth_image_proc/share/depth_image_proc/launch/rviz/crop_formost.rviz
[0.236s] -- Up-to-date: /home/louisdinhh/camera_stereo_ws/install/depth_image_proc/share/depth_image_proc/launch/rviz/point_cloud_xyzi.rviz
[0.236s] -- Up-to-date: /home/louisdinhh/camera_stereo_ws/install/depth_image_proc/share/depth_image_proc/launch/rviz/point_cloud_xyzrgb.rviz
[0.236s] -- Up-to-date: /home/louisdinhh/camera_stereo_ws/install/depth_image_proc/share/depth_image_proc/launch/rviz/register.rviz
[0.236s] -- Up-to-date: /home/louisdinhh/camera_stereo_ws/install/depth_image_proc/share/depth_image_proc/launch/rviz/point_cloud_xyz_radial.rviz
[0.236s] -- Up-to-date: /home/louisdinhh/camera_stereo_ws/install/depth_image_proc/share/depth_image_proc/launch/rviz/convert_metric.rviz
[0.236s] -- Up-to-date: /home/louisdinhh/camera_stereo_ws/install/depth_image_proc/share/depth_image_proc/launch/rviz/disparity.rviz
[0.236s] -- Up-to-date: /home/louisdinhh/camera_stereo_ws/install/depth_image_proc/share/depth_image_proc/launch/rviz/point_cloud_xyz.rviz
[0.236s] -- Up-to-date: /home/louisdinhh/camera_stereo_ws/install/depth_image_proc/share/depth_image_proc/launch/register.launch.py
[0.236s] -- Up-to-date: /home/louisdinhh/camera_stereo_ws/install/depth_image_proc/share/depth_image_proc/launch/convert_metric.launch.py
[0.236s] -- Up-to-date: /home/louisdinhh/camera_stereo_ws/install/depth_image_proc/share/depth_image_proc/launch/point_cloud_xyz.launch.py
[0.236s] -- Up-to-date: /home/louisdinhh/camera_stereo_ws/install/depth_image_proc/share/depth_image_proc/launch/point_cloud_xyzi_radial.launch.py
[0.236s] -- Up-to-date: /home/louisdinhh/camera_stereo_ws/install/depth_image_proc/share/depth_image_proc/launch/crop_foremost.launch.py
[0.237s] -- Up-to-date: /home/louisdinhh/camera_stereo_ws/install/depth_image_proc/share/ament_index/resource_index/package_run_dependencies/depth_image_proc
[0.237s] -- Up-to-date: /home/louisdinhh/camera_stereo_ws/install/depth_image_proc/share/ament_index/resource_index/parent_prefix_path/depth_image_proc
[0.237s] -- Up-to-date: /home/louisdinhh/camera_stereo_ws/install/depth_image_proc/share/depth_image_proc/environment/ament_prefix_path.sh
[0.237s] -- Up-to-date: /home/louisdinhh/camera_stereo_ws/install/depth_image_proc/share/depth_image_proc/environment/ament_prefix_path.dsv
[0.237s] -- Up-to-date: /home/louisdinhh/camera_stereo_ws/install/depth_image_proc/share/depth_image_proc/environment/path.sh
[0.237s] -- Up-to-date: /home/louisdinhh/camera_stereo_ws/install/depth_image_proc/share/depth_image_proc/environment/path.dsv
[0.237s] -- Up-to-date: /home/louisdinhh/camera_stereo_ws/install/depth_image_proc/share/depth_image_proc/local_setup.bash
[0.237s] -- Up-to-date: /home/louisdinhh/camera_stereo_ws/install/depth_image_proc/share/depth_image_proc/local_setup.sh
[0.237s] -- Up-to-date: /home/louisdinhh/camera_stereo_ws/install/depth_image_proc/share/depth_image_proc/local_setup.zsh
[0.237s] -- Up-to-date: /home/louisdinhh/camera_stereo_ws/install/depth_image_proc/share/depth_image_proc/local_setup.dsv
[0.237s] -- Installing: /home/louisdinhh/camera_stereo_ws/install/depth_image_proc/share/depth_image_proc/package.dsv
[0.237s] -- Up-to-date: /home/louisdinhh/camera_stereo_ws/install/depth_image_proc/share/ament_index/resource_index/packages/depth_image_proc
[0.237s] -- Up-to-date: /home/louisdinhh/camera_stereo_ws/install/depth_image_proc/share/ament_index/resource_index/rclcpp_components/depth_image_proc
[0.237s] -- Up-to-date: /home/louisdinhh/camera_stereo_ws/install/depth_image_proc/share/depth_image_proc/cmake/ament_cmake_export_dependencies-extras.cmake
[0.237s] -- Up-to-date: /home/louisdinhh/camera_stereo_ws/install/depth_image_proc/share/depth_image_proc/cmake/ament_cmake_export_include_directories-extras.cmake
[0.237s] -- Up-to-date: /home/louisdinhh/camera_stereo_ws/install/depth_image_proc/share/depth_image_proc/cmake/ament_cmake_export_libraries-extras.cmake
[0.237s] -- Up-to-date: /home/louisdinhh/camera_stereo_ws/install/depth_image_proc/share/depth_image_proc/cmake/depth_image_procConfig.cmake
[0.237s] -- Up-to-date: /home/louisdinhh/camera_stereo_ws/install/depth_image_proc/share/depth_image_proc/cmake/depth_image_procConfig-version.cmake
[0.237s] -- Up-to-date: /home/louisdinhh/camera_stereo_ws/install/depth_image_proc/share/depth_image_proc/package.xml
[0.257s] Invoked command in '/home/louisdinhh/camera_stereo_ws/build/depth_image_proc' returned '0': CMAKE_PREFIX_PATH=/home/louisdinhh/camera_stereo_ws/install/image_transport:/home/louisdinhh/camera_stereo_ws/install/image_pipeline:/home/louisdinhh/camera_stereo_ws/install/stereo_image_proc:/home/louisdinhh/camera_stereo_ws/install/image_proc:/home/louisdinhh/camera_stereo_ws/install/tracetools_image_pipeline:/home/louisdinhh/camera_stereo_ws/install/opencv_cam:/home/louisdinhh/camera_stereo_ws/install/ros2_shared:/home/louisdinhh/camera_stereo_ws/install/image_view:/home/louisdinhh/camera_stereo_ws/install/image_rotate:/home/louisdinhh/camera_stereo_ws/install/image_publisher:/home/louisdinhh/camera_stereo_ws/install/image_common:/home/louisdinhh/camera_stereo_ws/install/depth_image_proc:/home/louisdinhh/camera_stereo_ws/install/camera_info_manager:/home/louisdinhh/camera_stereo_ws/install/camera_calibration_parsers:/home/louisdinhh/camera_stereo_ws/install/stereo_camera:/home/louisdinhh/camera_stereo_ws/install/camera_info_manager_py:/home/louisdinhh/camera_stereo_ws/install/camera_calibration:/opt/ros/humble LD_LIBRARY_PATH=/home/louisdinhh/camera_stereo_ws/install/image_transport/lib:/home/louisdinhh/camera_stereo_ws/install/stereo_image_proc/lib:/home/louisdinhh/camera_stereo_ws/install/image_proc/lib:/home/louisdinhh/camera_stereo_ws/install/tracetools_image_pipeline/lib:/home/louisdinhh/camera_stereo_ws/install/opencv_cam/lib:/home/louisdinhh/camera_stereo_ws/install/image_view/lib:/home/louisdinhh/camera_stereo_ws/install/image_rotate/lib:/home/louisdinhh/camera_stereo_ws/install/image_publisher/lib:/home/louisdinhh/camera_stereo_ws/install/depth_image_proc/lib:/home/louisdinhh/camera_stereo_ws/install/camera_info_manager/lib:/home/louisdinhh/camera_stereo_ws/install/camera_calibration_parsers/lib:/usr/lib/x86_64-linux-gnu/gazebo-11/plugins:/opt/ros/humble/opt/rviz_ogre_vendor/lib:/opt/ros/humble/lib/x86_64-linux-gnu:/usr/share/gurumdds/cmake/../../../lib:/opt/ros/humble/lib /usr/bin/cmake --install /home/louisdinhh/camera_stereo_ws/build/depth_image_proc
