[0.006s] Invoking command in '/home/louisdinhh/camera_stereo_ws/build/opencv_cam': AMENT_PREFIX_PATH=/home/louisdinhh/camera_stereo_ws/install/ros2_shared:/home/louisdinhh/camera_stereo_ws/install/camera_calibration_parsers:${AMENT_PREFIX_PATH} CMAKE_PREFIX_PATH=/home/louisdinhh/camera_stereo_ws/install/ros2_shared:/home/louisdinhh/camera_stereo_ws/install/camera_calibration_parsers:/opt/ros/humble LD_LIBRARY_PATH=/home/louisdinhh/camera_stereo_ws/install/camera_calibration_parsers/lib:${LD_LIBRARY_PATH} /usr/bin/cmake --build /home/louisdinhh/camera_stereo_ws/build/opencv_cam -- -j12 -l12
[0.042s] [ 25%] Built target subscriber_node
[0.042s] [ 50%] Built target opencv_cam_node
[0.064s] [ 75%] Built target opencv_cam_main
[0.064s] [100%] Built target ipc_test_main
[0.084s] Invoked command in '/home/louisdinhh/camera_stereo_ws/build/opencv_cam' returned '0': AMENT_PREFIX_PATH=/home/louisdinhh/camera_stereo_ws/install/ros2_shared:/home/louisdinhh/camera_stereo_ws/install/camera_calibration_parsers:${AMENT_PREFIX_PATH} CMAKE_PREFIX_PATH=/home/louisdinhh/camera_stereo_ws/install/ros2_shared:/home/louisdinhh/camera_stereo_ws/install/camera_calibration_parsers:/opt/ros/humble LD_LIBRARY_PATH=/home/louisdinhh/camera_stereo_ws/install/camera_calibration_parsers/lib:${LD_LIBRARY_PATH} /usr/bin/cmake --build /home/louisdinhh/camera_stereo_ws/build/opencv_cam -- -j12 -l12
[0.137s] Invoking command in '/home/louisdinhh/camera_stereo_ws/build/opencv_cam': AMENT_PREFIX_PATH=/home/louisdinhh/camera_stereo_ws/install/ros2_shared:/home/louisdinhh/camera_stereo_ws/install/camera_calibration_parsers:${AMENT_PREFIX_PATH} CMAKE_PREFIX_PATH=/home/louisdinhh/camera_stereo_ws/install/ros2_shared:/home/louisdinhh/camera_stereo_ws/install/camera_calibration_parsers:/opt/ros/humble LD_LIBRARY_PATH=/home/louisdinhh/camera_stereo_ws/install/camera_calibration_parsers/lib:${LD_LIBRARY_PATH} /usr/bin/cmake --install /home/louisdinhh/camera_stereo_ws/build/opencv_cam
[0.140s] -- Install configuration: ""
[0.140s] -- Up-to-date: /home/louisdinhh/camera_stereo_ws/install/opencv_cam/share/opencv_cam/environment/library_path.sh
[0.140s] -- Up-to-date: /home/louisdinhh/camera_stereo_ws/install/opencv_cam/share/opencv_cam/environment/library_path.dsv
[0.140s] -- Up-to-date: /home/louisdinhh/camera_stereo_ws/install/opencv_cam/share/ament_index/resource_index/package_run_dependencies/opencv_cam
[0.140s] -- Up-to-date: /home/louisdinhh/camera_stereo_ws/install/opencv_cam/share/ament_index/resource_index/parent_prefix_path/opencv_cam
[0.140s] -- Up-to-date: /home/louisdinhh/camera_stereo_ws/install/opencv_cam/share/opencv_cam/environment/ament_prefix_path.sh
[0.140s] -- Up-to-date: /home/louisdinhh/camera_stereo_ws/install/opencv_cam/share/opencv_cam/environment/ament_prefix_path.dsv
[0.140s] -- Up-to-date: /home/louisdinhh/camera_stereo_ws/install/opencv_cam/share/opencv_cam/environment/path.sh
[0.140s] -- Up-to-date: /home/louisdinhh/camera_stereo_ws/install/opencv_cam/share/opencv_cam/environment/path.dsv
[0.141s] -- Up-to-date: /home/louisdinhh/camera_stereo_ws/install/opencv_cam/share/opencv_cam/local_setup.bash
[0.141s] -- Up-to-date: /home/louisdinhh/camera_stereo_ws/install/opencv_cam/share/opencv_cam/local_setup.sh
[0.141s] -- Up-to-date: /home/louisdinhh/camera_stereo_ws/install/opencv_cam/share/opencv_cam/local_setup.zsh
[0.141s] -- Up-to-date: /home/louisdinhh/camera_stereo_ws/install/opencv_cam/share/opencv_cam/local_setup.dsv
[0.141s] -- Installing: /home/louisdinhh/camera_stereo_ws/install/opencv_cam/share/opencv_cam/package.dsv
[0.141s] -- Up-to-date: /home/louisdinhh/camera_stereo_ws/install/opencv_cam/share/ament_index/resource_index/packages/opencv_cam
[0.141s] -- Up-to-date: /home/louisdinhh/camera_stereo_ws/install/opencv_cam/share/ament_index/resource_index/rclcpp_components/opencv_cam
[0.141s] -- Up-to-date: /home/louisdinhh/camera_stereo_ws/install/opencv_cam/share/opencv_cam/cmake/export_opencv_cam_nodeExport.cmake
[0.141s] -- Up-to-date: /home/louisdinhh/camera_stereo_ws/install/opencv_cam/share/opencv_cam/cmake/export_opencv_cam_nodeExport-noconfig.cmake
[0.141s] -- Up-to-date: /home/louisdinhh/camera_stereo_ws/install/opencv_cam/share/opencv_cam/cmake/export_subscriber_nodeExport.cmake
[0.141s] -- Up-to-date: /home/louisdinhh/camera_stereo_ws/install/opencv_cam/share/opencv_cam/cmake/export_subscriber_nodeExport-noconfig.cmake
[0.141s] -- Up-to-date: /home/louisdinhh/camera_stereo_ws/install/opencv_cam/share/opencv_cam/cmake/ament_cmake_export_dependencies-extras.cmake
[0.141s] -- Up-to-date: /home/louisdinhh/camera_stereo_ws/install/opencv_cam/share/opencv_cam/cmake/ament_cmake_export_include_directories-extras.cmake
[0.141s] -- Up-to-date: /home/louisdinhh/camera_stereo_ws/install/opencv_cam/share/opencv_cam/cmake/ament_cmake_export_targets-extras.cmake
[0.141s] -- Up-to-date: /home/louisdinhh/camera_stereo_ws/install/opencv_cam/share/opencv_cam/cmake/ament_cmake_export_libraries-extras.cmake
[0.141s] -- Up-to-date: /home/louisdinhh/camera_stereo_ws/install/opencv_cam/share/opencv_cam/cmake/opencv_camConfig.cmake
[0.141s] -- Up-to-date: /home/louisdinhh/camera_stereo_ws/install/opencv_cam/share/opencv_cam/cmake/opencv_camConfig-version.cmake
[0.142s] -- Up-to-date: /home/louisdinhh/camera_stereo_ws/install/opencv_cam/share/opencv_cam/package.xml
[0.142s] -- Up-to-date: /home/louisdinhh/camera_stereo_ws/install/opencv_cam/lib/libopencv_cam_node.so
[0.142s] -- Up-to-date: /home/louisdinhh/camera_stereo_ws/install/opencv_cam/lib/libsubscriber_node.so
[0.142s] -- Up-to-date: /home/louisdinhh/camera_stereo_ws/install/opencv_cam/lib/opencv_cam/opencv_cam_main
[0.142s] -- Up-to-date: /home/louisdinhh/camera_stereo_ws/install/opencv_cam/lib/opencv_cam/ipc_test_main
[0.142s] -- Up-to-date: /home/louisdinhh/camera_stereo_ws/install/opencv_cam/share/opencv_cam/launch
[0.142s] -- Up-to-date: /home/louisdinhh/camera_stereo_ws/install/opencv_cam/share/opencv_cam/launch/composition_launch.py
[0.159s] Invoked command in '/home/louisdinhh/camera_stereo_ws/build/opencv_cam' returned '0': AMENT_PREFIX_PATH=/home/louisdinhh/camera_stereo_ws/install/ros2_shared:/home/louisdinhh/camera_stereo_ws/install/camera_calibration_parsers:${AMENT_PREFIX_PATH} CMAKE_PREFIX_PATH=/home/louisdinhh/camera_stereo_ws/install/ros2_shared:/home/louisdinhh/camera_stereo_ws/install/camera_calibration_parsers:/opt/ros/humble LD_LIBRARY_PATH=/home/louisdinhh/camera_stereo_ws/install/camera_calibration_parsers/lib:${LD_LIBRARY_PATH} /usr/bin/cmake --install /home/louisdinhh/camera_stereo_ws/build/opencv_cam
