[0.018s] Invoking command in '/home/louisdinhh/camera_stereo_ws/build/tracetools_image_pipeline': CMAKE_PREFIX_PATH=${CMAKE_PREFIX_PATH}:/home/louisdinhh/camera_stereo_ws/install/camera_info_manager_py:/home/louisdinhh/camera_stereo_ws/install/camera_calibration:/opt/ros/humble /usr/bin/cmake --build /home/louisdinhh/camera_stereo_ws/build/tracetools_image_pipeline -- -j12 -l12
[0.188s] [ 60%] Built target tracetools_image_pipeline
[0.188s] [100%] Built target status
[0.337s] Invoked command in '/home/louisdinhh/camera_stereo_ws/build/tracetools_image_pipeline' returned '0': CMAKE_PREFIX_PATH=${CMAKE_PREFIX_PATH}:/home/louisdinhh/camera_stereo_ws/install/camera_info_manager_py:/home/louisdinhh/camera_stereo_ws/install/camera_calibration:/opt/ros/humble /usr/bin/cmake --build /home/louisdinhh/camera_stereo_ws/build/tracetools_image_pipeline -- -j12 -l12
[0.362s] Invoking command in '/home/louisdinhh/camera_stereo_ws/build/tracetools_image_pipeline': CMAKE_PREFIX_PATH=${CMAKE_PREFIX_PATH}:/home/louisdinhh/camera_stereo_ws/install/camera_info_manager_py:/home/louisdinhh/camera_stereo_ws/install/camera_calibration:/opt/ros/humble /usr/bin/cmake --install /home/louisdinhh/camera_stereo_ws/build/tracetools_image_pipeline
[0.368s] -- Install configuration: ""
[0.368s] -- Up-to-date: /home/louisdinhh/camera_stereo_ws/install/tracetools_image_pipeline/share/tracetools_image_pipeline/environment/library_path.sh
[0.368s] -- Up-to-date: /home/louisdinhh/camera_stereo_ws/install/tracetools_image_pipeline/share/tracetools_image_pipeline/environment/library_path.dsv
[0.368s] -- Up-to-date: /home/louisdinhh/camera_stereo_ws/install/tracetools_image_pipeline/lib/tracetools_image_pipeline/status
[0.368s] -- Up-to-date: /home/louisdinhh/camera_stereo_ws/install/tracetools_image_pipeline/include
[0.368s] -- Up-to-date: /home/louisdinhh/camera_stereo_ws/install/tracetools_image_pipeline/include/tracetools_image_pipeline
[0.368s] -- Up-to-date: /home/louisdinhh/camera_stereo_ws/install/tracetools_image_pipeline/include/tracetools_image_pipeline/tracetools.h
[0.368s] -- Up-to-date: /home/louisdinhh/camera_stereo_ws/install/tracetools_image_pipeline/include/tracetools_image_pipeline/utils.hpp
[0.368s] -- Up-to-date: /home/louisdinhh/camera_stereo_ws/install/tracetools_image_pipeline/include/tracetools_image_pipeline/visibility_control.hpp
[0.368s] -- Up-to-date: /home/louisdinhh/camera_stereo_ws/install/tracetools_image_pipeline/include/tracetools_image_pipeline/config.h
[0.368s] -- Up-to-date: /home/louisdinhh/camera_stereo_ws/install/tracetools_image_pipeline/lib/libtracetools_image_pipeline.so
[0.368s] -- Up-to-date: /home/louisdinhh/camera_stereo_ws/install/tracetools_image_pipeline/share/ament_index/resource_index/package_run_dependencies/tracetools_image_pipeline
[0.368s] -- Up-to-date: /home/louisdinhh/camera_stereo_ws/install/tracetools_image_pipeline/share/ament_index/resource_index/parent_prefix_path/tracetools_image_pipeline
[0.368s] -- Up-to-date: /home/louisdinhh/camera_stereo_ws/install/tracetools_image_pipeline/share/tracetools_image_pipeline/environment/ament_prefix_path.sh
[0.368s] -- Up-to-date: /home/louisdinhh/camera_stereo_ws/install/tracetools_image_pipeline/share/tracetools_image_pipeline/environment/ament_prefix_path.dsv
[0.369s] -- Up-to-date: /home/louisdinhh/camera_stereo_ws/install/tracetools_image_pipeline/share/tracetools_image_pipeline/environment/path.sh
[0.369s] -- Up-to-date: /home/louisdinhh/camera_stereo_ws/install/tracetools_image_pipeline/share/tracetools_image_pipeline/environment/path.dsv
[0.369s] -- Up-to-date: /home/louisdinhh/camera_stereo_ws/install/tracetools_image_pipeline/share/tracetools_image_pipeline/local_setup.bash
[0.369s] -- Up-to-date: /home/louisdinhh/camera_stereo_ws/install/tracetools_image_pipeline/share/tracetools_image_pipeline/local_setup.sh
[0.369s] -- Up-to-date: /home/louisdinhh/camera_stereo_ws/install/tracetools_image_pipeline/share/tracetools_image_pipeline/local_setup.zsh
[0.369s] -- Up-to-date: /home/louisdinhh/camera_stereo_ws/install/tracetools_image_pipeline/share/tracetools_image_pipeline/local_setup.dsv
[0.369s] -- Installing: /home/louisdinhh/camera_stereo_ws/install/tracetools_image_pipeline/share/tracetools_image_pipeline/package.dsv
[0.369s] -- Up-to-date: /home/louisdinhh/camera_stereo_ws/install/tracetools_image_pipeline/share/ament_index/resource_index/packages/tracetools_image_pipeline
[0.369s] -- Up-to-date: /home/louisdinhh/camera_stereo_ws/install/tracetools_image_pipeline/share/tracetools_image_pipeline/cmake/tracetools_image_pipeline_exportExport.cmake
[0.369s] -- Up-to-date: /home/louisdinhh/camera_stereo_ws/install/tracetools_image_pipeline/share/tracetools_image_pipeline/cmake/tracetools_image_pipeline_exportExport-noconfig.cmake
[0.369s] -- Up-to-date: /home/louisdinhh/camera_stereo_ws/install/tracetools_image_pipeline/share/tracetools_image_pipeline/cmake/ament_cmake_export_targets-extras.cmake
[0.369s] -- Up-to-date: /home/louisdinhh/camera_stereo_ws/install/tracetools_image_pipeline/share/tracetools_image_pipeline/cmake/ament_cmake_export_include_directories-extras.cmake
[0.369s] -- Up-to-date: /home/louisdinhh/camera_stereo_ws/install/tracetools_image_pipeline/share/tracetools_image_pipeline/cmake/ament_cmake_export_libraries-extras.cmake
[0.369s] -- Up-to-date: /home/louisdinhh/camera_stereo_ws/install/tracetools_image_pipeline/share/tracetools_image_pipeline/cmake/tracetools_image_pipelineConfig.cmake
[0.369s] -- Up-to-date: /home/louisdinhh/camera_stereo_ws/install/tracetools_image_pipeline/share/tracetools_image_pipeline/cmake/tracetools_image_pipelineConfig-version.cmake
[0.369s] -- Up-to-date: /home/louisdinhh/camera_stereo_ws/install/tracetools_image_pipeline/share/tracetools_image_pipeline/package.xml
[0.377s] Invoked command in '/home/louisdinhh/camera_stereo_ws/build/tracetools_image_pipeline' returned '0': CMAKE_PREFIX_PATH=${CMAKE_PREFIX_PATH}:/home/louisdinhh/camera_stereo_ws/install/camera_info_manager_py:/home/louisdinhh/camera_stereo_ws/install/camera_calibration:/opt/ros/humble /usr/bin/cmake --install /home/louisdinhh/camera_stereo_ws/build/tracetools_image_pipeline
