[0.020s] Invoking command in '/home/louisdinhh/camera_stereo_ws/build/stereo_camera': CMAKE_PREFIX_PATH=/home/louisdinhh/camera_stereo_ws/install/image_transport:/home/louisdinhh/camera_stereo_ws/install/image_pipeline:/home/louisdinhh/camera_stereo_ws/install/stereo_image_proc:/home/louisdinhh/camera_stereo_ws/install/image_proc:/home/louisdinhh/camera_stereo_ws/install/tracetools_image_pipeline:/home/louisdinhh/camera_stereo_ws/install/opencv_cam:/home/louisdinhh/camera_stereo_ws/install/ros2_shared:/home/louisdinhh/camera_stereo_ws/install/image_view:/home/louisdinhh/camera_stereo_ws/install/image_rotate:/home/louisdinhh/camera_stereo_ws/install/image_publisher:/home/louisdinhh/camera_stereo_ws/install/image_common:/home/louisdinhh/camera_stereo_ws/install/depth_image_proc:/home/louisdinhh/camera_stereo_ws/install/camera_info_manager:/home/louisdinhh/camera_stereo_ws/install/camera_calibration_parsers:/home/louisdinhh/camera_stereo_ws/install/stereo_camera:/home/louisdinhh/camera_stereo_ws/install/camera_info_manager_py:/home/louisdinhh/camera_stereo_ws/install/camera_calibration:/opt/ros/humble LD_LIBRARY_PATH=/home/louisdinhh/camera_stereo_ws/install/image_transport/lib:/home/louisdinhh/camera_stereo_ws/install/stereo_image_proc/lib:/home/louisdinhh/camera_stereo_ws/install/image_proc/lib:/home/louisdinhh/camera_stereo_ws/install/tracetools_image_pipeline/lib:/home/louisdinhh/camera_stereo_ws/install/opencv_cam/lib:/home/louisdinhh/camera_stereo_ws/install/image_view/lib:/home/louisdinhh/camera_stereo_ws/install/image_rotate/lib:/home/louisdinhh/camera_stereo_ws/install/image_publisher/lib:/home/louisdinhh/camera_stereo_ws/install/depth_image_proc/lib:/home/louisdinhh/camera_stereo_ws/install/camera_info_manager/lib:/home/louisdinhh/camera_stereo_ws/install/camera_calibration_parsers/lib:/usr/lib/x86_64-linux-gnu/gazebo-11/plugins:/opt/ros/humble/opt/rviz_ogre_vendor/lib:/opt/ros/humble/lib/x86_64-linux-gnu:/usr/share/gurumdds/cmake/../../../lib:/opt/ros/humble/lib /usr/bin/cmake --build /home/louisdinhh/camera_stereo_ws/build/stereo_camera -- -j12 -l12
[0.039s] -- Found ament_cmake: 1.3.10 (/opt/ros/humble/share/ament_cmake/cmake)
[0.181s] -- Found rclpy: 3.3.14 (/opt/ros/humble/share/rclpy/cmake)
[0.181s] -- Found rclcpp: 16.0.11 (/opt/ros/humble/share/rclcpp/cmake)
[0.203s] -- Found rosidl_generator_c: 3.1.5 (/opt/ros/humble/share/rosidl_generator_c/cmake)
[0.204s] -- Found rosidl_adapter: 3.1.5 (/opt/ros/humble/share/rosidl_adapter/cmake)
[0.209s] -- Found rosidl_generator_cpp: 3.1.5 (/opt/ros/humble/share/rosidl_generator_cpp/cmake)
[0.217s] -- Using all available rosidl_typesupport_c: rosidl_typesupport_fastrtps_c;rosidl_typesupport_introspection_c
[0.229s] -- Using all available rosidl_typesupport_cpp: rosidl_typesupport_fastrtps_cpp;rosidl_typesupport_introspection_cpp
[0.251s] -- Found rmw_implementation_cmake: 6.1.2 (/opt/ros/humble/share/rmw_implementation_cmake/cmake)
[0.252s] -- Found rmw_fastrtps_cpp: 6.2.7 (/opt/ros/humble/share/rmw_fastrtps_cpp/cmake)
[0.330s] -- Using RMW implementation 'rmw_fastrtps_cpp' as default
[0.363s] -- Found sensor_msgs: 4.2.4 (/opt/ros/humble/share/sensor_msgs/cmake)
[0.383s] -- Found message_filters: 4.3.5 (/opt/ros/humble/share/message_filters/cmake)
[0.384s] -- Found stereo_image_proc: 3.0.6 (/home/louisdinhh/camera_stereo_ws/install/stereo_image_proc/share/stereo_image_proc/cmake)
[0.439s] -- Found image_pipeline: 3.0.6 (/home/louisdinhh/camera_stereo_ws/install/image_pipeline/share/image_pipeline/cmake)
[0.439s] -- Found ament_lint_auto: 0.12.11 (/opt/ros/humble/share/ament_lint_auto/cmake)
[0.479s] [31mCMake Error at /opt/ros/humble/share/ament_cmake_core/cmake/core/ament_package_xml.cmake:53 (message):
[0.480s]   ament_package_xml() package name 'stereo_camera' in '/package.xml' does not
[0.480s]   match current PROJECT_NAME 'my_stereo_pipeline'.  You must call project()
[0.480s]   with the same package name before.
[0.480s] Call Stack (most recent call first):
[0.480s]   /opt/ros/humble/share/ament_lint_auto/cmake/ament_lint_auto_find_test_dependencies.cmake:31 (ament_package_xml)
[0.480s]   CMakeLists.txt:40 (ament_lint_auto_find_test_dependencies)
[0.480s] 
[0.480s] [0m
[0.480s] -- Configuring incomplete, errors occurred!
[0.480s] See also "/home/louisdinhh/camera_stereo_ws/build/stereo_camera/CMakeFiles/CMakeOutput.log".
[0.485s] gmake: *** [Makefile:226: cmake_check_build_system] Error 1
[0.487s] Invoked command in '/home/louisdinhh/camera_stereo_ws/build/stereo_camera' returned '2': CMAKE_PREFIX_PATH=/home/louisdinhh/camera_stereo_ws/install/image_transport:/home/louisdinhh/camera_stereo_ws/install/image_pipeline:/home/louisdinhh/camera_stereo_ws/install/stereo_image_proc:/home/louisdinhh/camera_stereo_ws/install/image_proc:/home/louisdinhh/camera_stereo_ws/install/tracetools_image_pipeline:/home/louisdinhh/camera_stereo_ws/install/opencv_cam:/home/louisdinhh/camera_stereo_ws/install/ros2_shared:/home/louisdinhh/camera_stereo_ws/install/image_view:/home/louisdinhh/camera_stereo_ws/install/image_rotate:/home/louisdinhh/camera_stereo_ws/install/image_publisher:/home/louisdinhh/camera_stereo_ws/install/image_common:/home/louisdinhh/camera_stereo_ws/install/depth_image_proc:/home/louisdinhh/camera_stereo_ws/install/camera_info_manager:/home/louisdinhh/camera_stereo_ws/install/camera_calibration_parsers:/home/louisdinhh/camera_stereo_ws/install/stereo_camera:/home/louisdinhh/camera_stereo_ws/install/camera_info_manager_py:/home/louisdinhh/camera_stereo_ws/install/camera_calibration:/opt/ros/humble LD_LIBRARY_PATH=/home/louisdinhh/camera_stereo_ws/install/image_transport/lib:/home/louisdinhh/camera_stereo_ws/install/stereo_image_proc/lib:/home/louisdinhh/camera_stereo_ws/install/image_proc/lib:/home/louisdinhh/camera_stereo_ws/install/tracetools_image_pipeline/lib:/home/louisdinhh/camera_stereo_ws/install/opencv_cam/lib:/home/louisdinhh/camera_stereo_ws/install/image_view/lib:/home/louisdinhh/camera_stereo_ws/install/image_rotate/lib:/home/louisdinhh/camera_stereo_ws/install/image_publisher/lib:/home/louisdinhh/camera_stereo_ws/install/depth_image_proc/lib:/home/louisdinhh/camera_stereo_ws/install/camera_info_manager/lib:/home/louisdinhh/camera_stereo_ws/install/camera_calibration_parsers/lib:/usr/lib/x86_64-linux-gnu/gazebo-11/plugins:/opt/ros/humble/opt/rviz_ogre_vendor/lib:/opt/ros/humble/lib/x86_64-linux-gnu:/usr/share/gurumdds/cmake/../../../lib:/opt/ros/humble/lib /usr/bin/cmake --build /home/louisdinhh/camera_stereo_ws/build/stereo_camera -- -j12 -l12
