/home/louisdinhh/.local/lib/python3.10/site-packages/setuptools/_distutils/dist.py:270: UserWarning: Unknown distribution option: 'tests_require'
  warnings.warn(msg)
running egg_info
writing ../../build/ros2_camera_lidar_fusion/ros2_camera_lidar_fusion.egg-info/PKG-INFO
writing dependency_links to ../../build/ros2_camera_lidar_fusion/ros2_camera_lidar_fusion.egg-info/dependency_links.txt
writing entry points to ../../build/ros2_camera_lidar_fusion/ros2_camera_lidar_fusion.egg-info/entry_points.txt
writing requirements to ../../build/ros2_camera_lidar_fusion/ros2_camera_lidar_fusion.egg-info/requires.txt
writing top-level names to ../../build/ros2_camera_lidar_fusion/ros2_camera_lidar_fusion.egg-info/top_level.txt
reading manifest file '../../build/ros2_camera_lidar_fusion/ros2_camera_lidar_fusion.egg-info/SOURCES.txt'
Traceback (most recent call last):
  File "/home/louisdinhh/camera_lidar_ws/src/ros2_camera_lidar_fusion/setup.py", line 5, in <module>
    setup(
  File "/home/louisdinhh/.local/lib/python3.10/site-packages/setuptools/__init__.py", line 117, in setup
    return distutils.core.setup(**attrs)
  File "/home/louisdinhh/.local/lib/python3.10/site-packages/setuptools/_distutils/core.py", line 186, in setup
adding license file 'LICENSE'
    return run_commands(dist)
  File "/home/louisdinhh/.local/lib/python3.10/site-packages/setuptools/_distutils/core.py", line 202, in run_commands
    dist.run_commands()
  File "/home/louisdinhh/.local/lib/python3.10/site-packages/setuptools/_distutils/dist.py", line 983, in run_commands
    self.run_command(cmd)
  File "/home/louisdinhh/.local/lib/python3.10/site-packages/setuptools/dist.py", line 999, in run_command
    super().run_command(command)
  File "/home/louisdinhh/.local/lib/python3.10/site-packages/setuptools/_distutils/dist.py", line 1002, in run_command
    cmd_obj.run()
  File "/home/louisdinhh/.local/lib/python3.10/site-packages/setuptools/command/egg_info.py", line 312, in run
    self.find_sources()
  File "/home/louisdinhh/.local/lib/python3.10/site-packages/setuptools/command/egg_info.py", line 320, in find_sources
    mm.run()
  File "/home/louisdinhh/.local/lib/python3.10/site-packages/setuptools/command/egg_info.py", line 548, in run
    self.prune_file_list()
  File "/home/louisdinhh/.local/lib/python3.10/site-packages/setuptools/command/sdist.py", line 162, in prune_file_list
    super().prune_file_list()
  File "/home/louisdinhh/.local/lib/python3.10/site-packages/setuptools/_distutils/command/sdist.py", line 380, in prune_file_list
    base_dir = self.distribution.get_fullname()
  File "/home/louisdinhh/.local/lib/python3.10/site-packages/setuptools/_core_metadata.py", line 272, in get_fullname
    return _distribution_fullname(self.get_name(), self.get_version())
  File "/home/louisdinhh/.local/lib/python3.10/site-packages/setuptools/_core_metadata.py", line 290, in _distribution_fullname
    canonicalize_version(version, strip_trailing_zero=False),
TypeError: canonicalize_version() got an unexpected keyword argument 'strip_trailing_zero'
