[0.421s] Invoking command in '/home/louisdinhh/camera_panorama_ws/src/panorama_cam': PYTHONPATH=/home/louisdinhh/camera_panorama_ws/src/panorama_cam/build/panorama_cam/prefix_override:/usr/lib/python3/dist-packages/colcon_core/task/python/colcon_distutils_commands:/home/louisdinhh/camera_panorama_ws/src/panorama_cam/install/panorama_cam/lib/python3.10/site-packages:${PYTHONPATH} /usr/bin/python3 -W ignore:setup.py install is deprecated setup.py egg_info --egg-base build/panorama_cam build --build-base /home/louisdinhh/camera_panorama_ws/src/panorama_cam/build/panorama_cam/build install --record /home/louisdinhh/camera_panorama_ws/src/panorama_cam/build/panorama_cam/install.log --single-version-externally-managed install_data
[0.561s] running egg_info
[0.561s] creating build/panorama_cam/panorama_cam.egg-info
[0.562s] writing build/panorama_cam/panorama_cam.egg-info/PKG-INFO
[0.562s] writing dependency_links to build/panorama_cam/panorama_cam.egg-info/dependency_links.txt
[0.562s] writing entry points to build/panorama_cam/panorama_cam.egg-info/entry_points.txt
[0.562s] writing requirements to build/panorama_cam/panorama_cam.egg-info/requires.txt
[0.562s] writing top-level names to build/panorama_cam/panorama_cam.egg-info/top_level.txt
[0.562s] writing manifest file 'build/panorama_cam/panorama_cam.egg-info/SOURCES.txt'
[0.563s] reading manifest file 'build/panorama_cam/panorama_cam.egg-info/SOURCES.txt'
[0.563s] writing manifest file 'build/panorama_cam/panorama_cam.egg-info/SOURCES.txt'
[0.563s] running build
[0.563s] running build_py
[0.563s] creating /home/louisdinhh/camera_panorama_ws/src/panorama_cam/build/panorama_cam/build
[0.563s] creating /home/louisdinhh/camera_panorama_ws/src/panorama_cam/build/panorama_cam/build/lib
[0.563s] creating /home/louisdinhh/camera_panorama_ws/src/panorama_cam/build/panorama_cam/build/lib/panorama_cam
[0.563s] copying panorama_cam/__init__.py -> /home/louisdinhh/camera_panorama_ws/src/panorama_cam/build/panorama_cam/build/lib/panorama_cam
[0.563s] running install
[0.564s] running install_lib
[0.564s] creating /home/louisdinhh/camera_panorama_ws/src/panorama_cam/install/panorama_cam/lib/python3.10/site-packages/panorama_cam
[0.564s] copying /home/louisdinhh/camera_panorama_ws/src/panorama_cam/build/panorama_cam/build/lib/panorama_cam/__init__.py -> /home/louisdinhh/camera_panorama_ws/src/panorama_cam/install/panorama_cam/lib/python3.10/site-packages/panorama_cam
[0.564s] byte-compiling /home/louisdinhh/camera_panorama_ws/src/panorama_cam/install/panorama_cam/lib/python3.10/site-packages/panorama_cam/__init__.py to __init__.cpython-310.pyc
[0.564s] running install_data
[0.564s] creating /home/louisdinhh/camera_panorama_ws/src/panorama_cam/install/panorama_cam/share/ament_index
[0.564s] creating /home/louisdinhh/camera_panorama_ws/src/panorama_cam/install/panorama_cam/share/ament_index/resource_index
[0.565s] creating /home/louisdinhh/camera_panorama_ws/src/panorama_cam/install/panorama_cam/share/ament_index/resource_index/packages
[0.565s] copying resource/panorama_cam -> /home/louisdinhh/camera_panorama_ws/src/panorama_cam/install/panorama_cam/share/ament_index/resource_index/packages
[0.565s] copying package.xml -> /home/louisdinhh/camera_panorama_ws/src/panorama_cam/install/panorama_cam/share/panorama_cam
[0.565s] creating /home/louisdinhh/camera_panorama_ws/src/panorama_cam/install/panorama_cam/share/panorama_cam/launch
[0.565s] copying launch/panorama_cam.launch.py -> /home/louisdinhh/camera_panorama_ws/src/panorama_cam/install/panorama_cam/share/panorama_cam/launch
[0.565s] running install_egg_info
[0.566s] Copying build/panorama_cam/panorama_cam.egg-info to /home/louisdinhh/camera_panorama_ws/src/panorama_cam/install/panorama_cam/lib/python3.10/site-packages/panorama_cam-0.0.0-py3.10.egg-info
[0.566s] running install_scripts
[0.578s] writing list of installed files to '/home/louisdinhh/camera_panorama_ws/src/panorama_cam/build/panorama_cam/install.log'
[0.592s] Invoked command in '/home/louisdinhh/camera_panorama_ws/src/panorama_cam' returned '0': PYTHONPATH=/home/louisdinhh/camera_panorama_ws/src/panorama_cam/build/panorama_cam/prefix_override:/usr/lib/python3/dist-packages/colcon_core/task/python/colcon_distutils_commands:/home/louisdinhh/camera_panorama_ws/src/panorama_cam/install/panorama_cam/lib/python3.10/site-packages:${PYTHONPATH} /usr/bin/python3 -W ignore:setup.py install is deprecated setup.py egg_info --egg-base build/panorama_cam build --build-base /home/louisdinhh/camera_panorama_ws/src/panorama_cam/build/panorama_cam/build install --record /home/louisdinhh/camera_panorama_ws/src/panorama_cam/build/panorama_cam/install.log --single-version-externally-managed install_data
