[0.450s] Invoking command in '/home/louisdinhh/camera_lidar_ws/src/ros2_camera_lidar_fusion': PYTHONPATH=/home/louisdinhh/camera_lidar_ws/build/ros2_camera_lidar_fusion/prefix_override:/usr/lib/python3/dist-packages/colcon_core/task/python/colcon_distutils_commands:/home/louisdinhh/camera_lidar_ws/install/ros2_camera_lidar_fusion/lib/python3.10/site-packages:${PYTHONPATH} /usr/bin/python3 -W ignore:setup.py install is deprecated setup.py egg_info --egg-base ../../build/ros2_camera_lidar_fusion build --build-base /home/louisdinhh/camera_lidar_ws/build/ros2_camera_lidar_fusion/build install --record /home/louisdinhh/camera_lidar_ws/build/ros2_camera_lidar_fusion/install.log --single-version-externally-managed install_data
[0.546s] /home/louisdinhh/.local/lib/python3.10/site-packages/setuptools/_distutils/dist.py:270: UserWarning: Unknown distribution option: 'tests_require'
[0.546s]   warnings.warn(msg)
[0.604s] running egg_info
[0.613s] creating ../../build/ros2_camera_lidar_fusion/ros2_camera_lidar_fusion.egg-info
[0.613s] writing ../../build/ros2_camera_lidar_fusion/ros2_camera_lidar_fusion.egg-info/PKG-INFO
[0.613s] writing dependency_links to ../../build/ros2_camera_lidar_fusion/ros2_camera_lidar_fusion.egg-info/dependency_links.txt
[0.613s] writing entry points to ../../build/ros2_camera_lidar_fusion/ros2_camera_lidar_fusion.egg-info/entry_points.txt
[0.613s] writing requirements to ../../build/ros2_camera_lidar_fusion/ros2_camera_lidar_fusion.egg-info/requires.txt
[0.613s] writing top-level names to ../../build/ros2_camera_lidar_fusion/ros2_camera_lidar_fusion.egg-info/top_level.txt
[0.613s] writing manifest file '../../build/ros2_camera_lidar_fusion/ros2_camera_lidar_fusion.egg-info/SOURCES.txt'
[0.630s] reading manifest file '../../build/ros2_camera_lidar_fusion/ros2_camera_lidar_fusion.egg-info/SOURCES.txt'
[0.630s] adding license file 'LICENSE'
[0.630s] Traceback (most recent call last):
[0.630s]   File "/home/louisdinhh/camera_lidar_ws/src/ros2_camera_lidar_fusion/setup.py", line 5, in <module>
[0.630s]     setup(
[0.630s]   File "/home/louisdinhh/.local/lib/python3.10/site-packages/setuptools/__init__.py", line 117, in setup
[0.630s]     return distutils.core.setup(**attrs)
[0.630s]   File "/home/louisdinhh/.local/lib/python3.10/site-packages/setuptools/_distutils/core.py", line 186, in setup
[0.630s]     return run_commands(dist)
[0.630s]   File "/home/louisdinhh/.local/lib/python3.10/site-packages/setuptools/_distutils/core.py", line 202, in run_commands
[0.630s]     dist.run_commands()
[0.630s]   File "/home/louisdinhh/.local/lib/python3.10/site-packages/setuptools/_distutils/dist.py", line 983, in run_commands
[0.630s]     self.run_command(cmd)
[0.630s]   File "/home/louisdinhh/.local/lib/python3.10/site-packages/setuptools/dist.py", line 999, in run_command
[0.630s]     super().run_command(command)
[0.630s]   File "/home/louisdinhh/.local/lib/python3.10/site-packages/setuptools/_distutils/dist.py", line 1002, in run_command
[0.630s]     cmd_obj.run()
[0.630s]   File "/home/louisdinhh/.local/lib/python3.10/site-packages/setuptools/command/egg_info.py", line 312, in run
[0.631s]     self.find_sources()
[0.631s]   File "/home/louisdinhh/.local/lib/python3.10/site-packages/setuptools/command/egg_info.py", line 320, in find_sources
[0.631s]     mm.run()
[0.631s]   File "/home/louisdinhh/.local/lib/python3.10/site-packages/setuptools/command/egg_info.py", line 548, in run
[0.631s]     self.prune_file_list()
[0.631s]   File "/home/louisdinhh/.local/lib/python3.10/site-packages/setuptools/command/sdist.py", line 162, in prune_file_list
[0.631s]     super().prune_file_list()
[0.631s]   File "/home/louisdinhh/.local/lib/python3.10/site-packages/setuptools/_distutils/command/sdist.py", line 380, in prune_file_list
[0.631s]     base_dir = self.distribution.get_fullname()
[0.631s]   File "/home/louisdinhh/.local/lib/python3.10/site-packages/setuptools/_core_metadata.py", line 272, in get_fullname
[0.631s]     return _distribution_fullname(self.get_name(), self.get_version())
[0.631s]   File "/home/louisdinhh/.local/lib/python3.10/site-packages/setuptools/_core_metadata.py", line 290, in _distribution_fullname
[0.631s]     canonicalize_version(version, strip_trailing_zero=False),
[0.631s] TypeError: canonicalize_version() got an unexpected keyword argument 'strip_trailing_zero'
[0.646s] Invoked command in '/home/louisdinhh/camera_lidar_ws/src/ros2_camera_lidar_fusion' returned '1': PYTHONPATH=/home/louisdinhh/camera_lidar_ws/build/ros2_camera_lidar_fusion/prefix_override:/usr/lib/python3/dist-packages/colcon_core/task/python/colcon_distutils_commands:/home/louisdinhh/camera_lidar_ws/install/ros2_camera_lidar_fusion/lib/python3.10/site-packages:${PYTHONPATH} /usr/bin/python3 -W ignore:setup.py install is deprecated setup.py egg_info --egg-base ../../build/ros2_camera_lidar_fusion build --build-base /home/louisdinhh/camera_lidar_ws/build/ros2_camera_lidar_fusion/build install --record /home/louisdinhh/camera_lidar_ws/build/ros2_camera_lidar_fusion/install.log --single-version-externally-managed install_data
