[0.355s] Invoking command in '/home/louisdinhh/camera_panorama_ws/src/panorama_cam': PYTHONPATH=/home/louisdinhh/camera_panorama_ws/src/panorama_cam/build/panorama_cam/prefix_override:/usr/lib/python3/dist-packages/colcon_core/task/python/colcon_distutils_commands:/home/louisdinhh/camera_panorama_ws/src/panorama_cam/install/panorama_cam/lib/python3.10/site-packages:${PYTHONPATH} /usr/bin/python3 -W ignore:setup.py install is deprecated setup.py egg_info --egg-base build/panorama_cam build --build-base /home/louisdinhh/camera_panorama_ws/src/panorama_cam/build/panorama_cam/build install --record /home/louisdinhh/camera_panorama_ws/src/panorama_cam/build/panorama_cam/install.log --single-version-externally-managed install_data
[0.495s] running egg_info
[0.495s] writing build/panorama_cam/panorama_cam.egg-info/PKG-INFO
[0.495s] writing dependency_links to build/panorama_cam/panorama_cam.egg-info/dependency_links.txt
[0.495s] writing entry points to build/panorama_cam/panorama_cam.egg-info/entry_points.txt
[0.495s] writing requirements to build/panorama_cam/panorama_cam.egg-info/requires.txt
[0.495s] writing top-level names to build/panorama_cam/panorama_cam.egg-info/top_level.txt
[0.497s] reading manifest file 'build/panorama_cam/panorama_cam.egg-info/SOURCES.txt'
[0.498s] writing manifest file 'build/panorama_cam/panorama_cam.egg-info/SOURCES.txt'
[0.498s] running build
[0.498s] running build_py
[0.498s] running install
[0.498s] running install_lib
[0.499s] running install_data
[0.499s] copying launch/panorama_cam.launch.py -> /home/louisdinhh/camera_panorama_ws/src/panorama_cam/install/panorama_cam/share/panorama_cam/launch
[0.499s] running install_egg_info
[0.501s] removing '/home/louisdinhh/camera_panorama_ws/src/panorama_cam/install/panorama_cam/lib/python3.10/site-packages/panorama_cam-0.0.0-py3.10.egg-info' (and everything under it)
[0.501s] Copying build/panorama_cam/panorama_cam.egg-info to /home/louisdinhh/camera_panorama_ws/src/panorama_cam/install/panorama_cam/lib/python3.10/site-packages/panorama_cam-0.0.0-py3.10.egg-info
[0.501s] running install_scripts
[0.514s] writing list of installed files to '/home/louisdinhh/camera_panorama_ws/src/panorama_cam/build/panorama_cam/install.log'
[0.528s] Invoked command in '/home/louisdinhh/camera_panorama_ws/src/panorama_cam' returned '0': PYTHONPATH=/home/louisdinhh/camera_panorama_ws/src/panorama_cam/build/panorama_cam/prefix_override:/usr/lib/python3/dist-packages/colcon_core/task/python/colcon_distutils_commands:/home/louisdinhh/camera_panorama_ws/src/panorama_cam/install/panorama_cam/lib/python3.10/site-packages:${PYTHONPATH} /usr/bin/python3 -W ignore:setup.py install is deprecated setup.py egg_info --egg-base build/panorama_cam build --build-base /home/louisdinhh/camera_panorama_ws/src/panorama_cam/build/panorama_cam/build install --record /home/louisdinhh/camera_panorama_ws/src/panorama_cam/build/panorama_cam/install.log --single-version-externally-managed install_data
