[0.700s] Invoking command in '/home/louisdinhh/camera_360_ws/src/surround_cam': PYTHONPATH=/home/louisdinhh/camera_360_ws/build/surround_cam/prefix_override:/usr/lib/python3/dist-packages/colcon_core/task/python/colcon_distutils_commands:/home/louisdinhh/camera_360_ws/install/surround_cam/lib/python3.10/site-packages:${PYTHONPATH} /usr/bin/python3 -W ignore:setup.py install is deprecated setup.py egg_info --egg-base ../../build/surround_cam build --build-base /home/louisdinhh/camera_360_ws/build/surround_cam/build install --record /home/louisdinhh/camera_360_ws/build/surround_cam/install.log --single-version-externally-managed install_data
[0.842s] running egg_info
[0.842s] writing ../../build/surround_cam/surround_cam.egg-info/PKG-INFO
[0.842s] writing dependency_links to ../../build/surround_cam/surround_cam.egg-info/dependency_links.txt
[0.843s] writing entry points to ../../build/surround_cam/surround_cam.egg-info/entry_points.txt
[0.843s] writing requirements to ../../build/surround_cam/surround_cam.egg-info/requires.txt
[0.843s] writing top-level names to ../../build/surround_cam/surround_cam.egg-info/top_level.txt
[0.844s] reading manifest file '../../build/surround_cam/surround_cam.egg-info/SOURCES.txt'
[0.844s] writing manifest file '../../build/surround_cam/surround_cam.egg-info/SOURCES.txt'
[0.844s] running build
[0.844s] running build_py
[0.844s] running install
[0.844s] running install_lib
[0.845s] running install_data
[0.845s] running install_egg_info
[0.846s] removing '/home/louisdinhh/camera_360_ws/install/surround_cam/lib/python3.10/site-packages/surround_cam-0.1.0-py3.10.egg-info' (and everything under it)
[0.847s] Copying ../../build/surround_cam/surround_cam.egg-info to /home/louisdinhh/camera_360_ws/install/surround_cam/lib/python3.10/site-packages/surround_cam-0.1.0-py3.10.egg-info
[0.847s] running install_scripts
[0.861s] Installing surround_cam script to /home/louisdinhh/camera_360_ws/install/surround_cam/lib/surround_cam
[0.861s] writing list of installed files to '/home/louisdinhh/camera_360_ws/build/surround_cam/install.log'
