[0.009s] Invoking command in '/home/louisdinhh/camera_stereo_ws/build/usb_cam': CMAKE_PREFIX_PATH=/home/louisdinhh/camera_stereo_ws/install/camera_info_manager:/home/louisdinhh/camera_stereo_ws/install/image_transport:/home/louisdinhh/camera_stereo_ws/install/camera_calibration_parsers:/home/louisdinhh/camera_stereo_ws/install/image_pipeline:/home/louisdinhh/camera_stereo_ws/install/stereo_image_proc:/home/louisdinhh/camera_stereo_ws/install/image_proc:/home/louisdinhh/camera_stereo_ws/install/tracetools_image_pipeline:/home/louisdinhh/camera_stereo_ws/install/opencv_cam:/home/louisdinhh/camera_stereo_ws/install/ros2_shared:/home/louisdinhh/camera_stereo_ws/install/image_view:/home/louisdinhh/camera_stereo_ws/install/image_rotate:/home/louisdinhh/camera_stereo_ws/install/image_publisher:/home/louisdinhh/camera_stereo_ws/install/image_common:/home/louisdinhh/camera_stereo_ws/install/depth_image_proc:/home/louisdinhh/camera_stereo_ws/install/stereo_camera:/home/louisdinhh/camera_stereo_ws/install/camera_info_manager_py:/home/louisdinhh/camera_stereo_ws/install/camera_calibration:/opt/ros/humble LD_LIBRARY_PATH=/home/louisdinhh/camera_stereo_ws/install/camera_info_manager/lib:/home/louisdinhh/camera_stereo_ws/install/image_transport/lib:/home/louisdinhh/camera_stereo_ws/install/camera_calibration_parsers/lib:/home/louisdinhh/camera_stereo_ws/install/stereo_image_proc/lib:/home/louisdinhh/camera_stereo_ws/install/image_proc/lib:/home/louisdinhh/camera_stereo_ws/install/tracetools_image_pipeline/lib:/home/louisdinhh/camera_stereo_ws/install/opencv_cam/lib:/home/louisdinhh/camera_stereo_ws/install/image_view/lib:/home/louisdinhh/camera_stereo_ws/install/image_rotate/lib:/home/louisdinhh/camera_stereo_ws/install/image_publisher/lib:/home/louisdinhh/camera_stereo_ws/install/depth_image_proc/lib:/usr/lib/x86_64-linux-gnu/gazebo-11/plugins:/opt/ros/humble/opt/rviz_ogre_vendor/lib:/opt/ros/humble/lib/x86_64-linux-gnu:/usr/share/gurumdds/cmake/../../../lib:/opt/ros/humble/lib /usr/bin/cmake /home/louisdinhh/camera_stereo_ws/src/usb_cam -DCMAKE_INSTALL_PREFIX=/home/louisdinhh/camera_stereo_ws/install/usb_cam
[0.044s] -- The C compiler identification is GNU 11.4.0
[0.089s] -- The CXX compiler identification is GNU 11.4.0
[0.093s] -- Detecting C compiler ABI info
[0.155s] -- Detecting C compiler ABI info - done
[0.159s] -- Check for working C compiler: /usr/bin/cc - skipped
[0.159s] -- Detecting C compile features
[0.160s] -- Detecting C compile features - done
[0.161s] -- Detecting CXX compiler ABI info
[0.212s] -- Detecting CXX compiler ABI info - done
[0.217s] -- Check for working CXX compiler: /usr/bin/c++ - skipped
[0.217s] -- Detecting CXX compile features
[0.217s] -- Detecting CXX compile features - done
[0.219s] -- Found ament_cmake_auto: 1.3.10 (/opt/ros/humble/share/ament_cmake_auto/cmake)
[0.320s] -- Found Python3: /usr/bin/python3 (found version "3.10.12") found components: Interpreter 
[0.462s] -- Found rosidl_generator_c: 3.1.5 (/opt/ros/humble/share/rosidl_generator_c/cmake)
[0.466s] -- Found rosidl_adapter: 3.1.5 (/opt/ros/humble/share/rosidl_adapter/cmake)
[0.472s] -- Found rosidl_generator_cpp: 3.1.5 (/opt/ros/humble/share/rosidl_generator_cpp/cmake)
[0.481s] -- Using all available rosidl_typesupport_c: rosidl_typesupport_fastrtps_c;rosidl_typesupport_introspection_c
[0.492s] -- Using all available rosidl_typesupport_cpp: rosidl_typesupport_fastrtps_cpp;rosidl_typesupport_introspection_cpp
[0.523s] -- Found rmw_implementation_cmake: 6.1.2 (/opt/ros/humble/share/rmw_implementation_cmake/cmake)
[0.525s] -- Found rmw_fastrtps_cpp: 6.2.7 (/opt/ros/humble/share/rmw_fastrtps_cpp/cmake)
[0.578s] -- Found OpenSSL: /usr/lib/x86_64-linux-gnu/libcrypto.so (found version "3.0.2")  
[0.594s] -- Found FastRTPS: /opt/ros/humble/include  
[0.618s] -- Using RMW implementation 'rmw_fastrtps_cpp' as default
[0.625s] -- Looking for pthread.h
[0.691s] -- Looking for pthread.h - found
[0.691s] -- Performing Test CMAKE_HAVE_LIBC_PTHREAD
[0.765s] -- Performing Test CMAKE_HAVE_LIBC_PTHREAD - Success
[0.765s] -- Found Threads: TRUE  
[0.906s] -- Found OpenCV: /usr (found version "4.5.4") 
[0.909s] -- Found PkgConfig: /usr/bin/pkg-config (found version "0.29.2") 
[0.909s] -- Checking for module 'libavcodec'
[0.917s] --   Found libavcodec, version 58.134.100
[0.936s] -- Checking for module 'libavutil'
[0.944s] --   Found libavutil, version 56.70.100
[0.966s] -- Checking for module 'libswscale'
[0.979s] --   Found libswscale, version 5.9.100
[1.047s] -- Found ament_lint_auto: 0.12.11 (/opt/ros/humble/share/ament_lint_auto/cmake)
[1.066s] -- Found gtest sources under '/opt/ros/humble/src/gtest_vendor': C++ tests using 'Google Test' will be built
[1.072s] -- Added test 'copyright' to check source files copyright and LICENSE
[1.074s] -- Added test 'cppcheck' to perform static code analysis on C / C++ code
[1.074s] -- Configured cppcheck include dirs: /home/louisdinhh/camera_stereo_ws/src/usb_cam/include
[1.074s] -- Configured cppcheck exclude dirs and/or files: 
[1.076s] -- Added test 'cpplint' to check C / C++ code against the Google style
[1.076s] -- Configured cpplint exclude dirs and/or files: 
[1.077s] -- Added test 'flake8' to check Python code syntax and style conventions
[1.078s] -- Added test 'lint_cmake' to check CMake code style
[1.078s] -- Added test 'pep257' to check Python code against some of the docstring style conventions in PEP 257
[1.080s] -- Added test 'uncrustify' to check C / C++ code style
[1.080s] -- Configured uncrustify additional arguments: 
[1.081s] -- Added test 'xmllint' to check XML markup files
[1.082s] -- Configuring done
[1.097s] -- Generating done
[1.098s] -- Build files have been written to: /home/louisdinhh/camera_stereo_ws/build/usb_cam
[1.105s] Invoked command in '/home/louisdinhh/camera_stereo_ws/build/usb_cam' returned '0': CMAKE_PREFIX_PATH=/home/louisdinhh/camera_stereo_ws/install/camera_info_manager:/home/louisdinhh/camera_stereo_ws/install/image_transport:/home/louisdinhh/camera_stereo_ws/install/camera_calibration_parsers:/home/louisdinhh/camera_stereo_ws/install/image_pipeline:/home/louisdinhh/camera_stereo_ws/install/stereo_image_proc:/home/louisdinhh/camera_stereo_ws/install/image_proc:/home/louisdinhh/camera_stereo_ws/install/tracetools_image_pipeline:/home/louisdinhh/camera_stereo_ws/install/opencv_cam:/home/louisdinhh/camera_stereo_ws/install/ros2_shared:/home/louisdinhh/camera_stereo_ws/install/image_view:/home/louisdinhh/camera_stereo_ws/install/image_rotate:/home/louisdinhh/camera_stereo_ws/install/image_publisher:/home/louisdinhh/camera_stereo_ws/install/image_common:/home/louisdinhh/camera_stereo_ws/install/depth_image_proc:/home/louisdinhh/camera_stereo_ws/install/stereo_camera:/home/louisdinhh/camera_stereo_ws/install/camera_info_manager_py:/home/louisdinhh/camera_stereo_ws/install/camera_calibration:/opt/ros/humble LD_LIBRARY_PATH=/home/louisdinhh/camera_stereo_ws/install/camera_info_manager/lib:/home/louisdinhh/camera_stereo_ws/install/image_transport/lib:/home/louisdinhh/camera_stereo_ws/install/camera_calibration_parsers/lib:/home/louisdinhh/camera_stereo_ws/install/stereo_image_proc/lib:/home/louisdinhh/camera_stereo_ws/install/image_proc/lib:/home/louisdinhh/camera_stereo_ws/install/tracetools_image_pipeline/lib:/home/louisdinhh/camera_stereo_ws/install/opencv_cam/lib:/home/louisdinhh/camera_stereo_ws/install/image_view/lib:/home/louisdinhh/camera_stereo_ws/install/image_rotate/lib:/home/louisdinhh/camera_stereo_ws/install/image_publisher/lib:/home/louisdinhh/camera_stereo_ws/install/depth_image_proc/lib:/usr/lib/x86_64-linux-gnu/gazebo-11/plugins:/opt/ros/humble/opt/rviz_ogre_vendor/lib:/opt/ros/humble/lib/x86_64-linux-gnu:/usr/share/gurumdds/cmake/../../../lib:/opt/ros/humble/lib /usr/bin/cmake /home/louisdinhh/camera_stereo_ws/src/usb_cam -DCMAKE_INSTALL_PREFIX=/home/louisdinhh/camera_stereo_ws/install/usb_cam
[1.106s] Invoking command in '/home/louisdinhh/camera_stereo_ws/build/usb_cam': CMAKE_PREFIX_PATH=/home/louisdinhh/camera_stereo_ws/install/camera_info_manager:/home/louisdinhh/camera_stereo_ws/install/image_transport:/home/louisdinhh/camera_stereo_ws/install/camera_calibration_parsers:/home/louisdinhh/camera_stereo_ws/install/image_pipeline:/home/louisdinhh/camera_stereo_ws/install/stereo_image_proc:/home/louisdinhh/camera_stereo_ws/install/image_proc:/home/louisdinhh/camera_stereo_ws/install/tracetools_image_pipeline:/home/louisdinhh/camera_stereo_ws/install/opencv_cam:/home/louisdinhh/camera_stereo_ws/install/ros2_shared:/home/louisdinhh/camera_stereo_ws/install/image_view:/home/louisdinhh/camera_stereo_ws/install/image_rotate:/home/louisdinhh/camera_stereo_ws/install/image_publisher:/home/louisdinhh/camera_stereo_ws/install/image_common:/home/louisdinhh/camera_stereo_ws/install/depth_image_proc:/home/louisdinhh/camera_stereo_ws/install/stereo_camera:/home/louisdinhh/camera_stereo_ws/install/camera_info_manager_py:/home/louisdinhh/camera_stereo_ws/install/camera_calibration:/opt/ros/humble LD_LIBRARY_PATH=/home/louisdinhh/camera_stereo_ws/install/camera_info_manager/lib:/home/louisdinhh/camera_stereo_ws/install/image_transport/lib:/home/louisdinhh/camera_stereo_ws/install/camera_calibration_parsers/lib:/home/louisdinhh/camera_stereo_ws/install/stereo_image_proc/lib:/home/louisdinhh/camera_stereo_ws/install/image_proc/lib:/home/louisdinhh/camera_stereo_ws/install/tracetools_image_pipeline/lib:/home/louisdinhh/camera_stereo_ws/install/opencv_cam/lib:/home/louisdinhh/camera_stereo_ws/install/image_view/lib:/home/louisdinhh/camera_stereo_ws/install/image_rotate/lib:/home/louisdinhh/camera_stereo_ws/install/image_publisher/lib:/home/louisdinhh/camera_stereo_ws/install/depth_image_proc/lib:/usr/lib/x86_64-linux-gnu/gazebo-11/plugins:/opt/ros/humble/opt/rviz_ogre_vendor/lib:/opt/ros/humble/lib/x86_64-linux-gnu:/usr/share/gurumdds/cmake/../../../lib:/opt/ros/humble/lib /usr/bin/cmake --build /home/louisdinhh/camera_stereo_ws/build/usb_cam -- -j12 -l12
[1.168s] [  7%] [32mBuilding CXX object CMakeFiles/usb_cam.dir/src/usb_cam.cpp.o[0m
[1.169s] [ 14%] [32mBuilding CXX object gtest/CMakeFiles/gtest_main.dir/src/gtest_main.cc.o[0m
[1.169s] [ 21%] [32mBuilding CXX object gtest/CMakeFiles/gtest.dir/src/gtest-all.cc.o[0m
[1.169s] [ 28%] [32mBuilding CXX object CMakeFiles/usb_cam_node_exe.dir/rclcpp_components/node_main_usb_cam_node_exe.cpp.o[0m
[1.713s] [ 35%] [32m[1mLinking CXX static library libgtest_main.a[0m
[1.735s] [ 35%] Built target gtest_main
[2.310s] [ 42%] [32m[1mLinking CXX shared library libusb_cam.so[0m
[2.437s] [ 42%] Built target usb_cam
[2.451s] [ 50%] [32mBuilding CXX object CMakeFiles/usb_cam_node.dir/src/ros2/usb_cam_node.cpp.o[0m
[3.026s] [ 57%] [32m[1mLinking CXX executable usb_cam_node_exe[0m
[3.102s] [ 64%] [32m[1mLinking CXX static library libgtest.a[0m
[3.106s] [ 64%] Built target usb_cam_node_exe
[3.136s] [ 64%] Built target gtest
[3.151s] [ 78%] [32mBuilding CXX object CMakeFiles/test_usb_cam_utils.dir/test/test_usb_cam_utils.cpp.o[0m
[3.151s] [ 78%] [32mBuilding CXX object CMakeFiles/test_pixel_formats.dir/test/test_pixel_formats.cpp.o[0m
[3.892s] [ 85%] [32m[1mLinking CXX executable test_usb_cam_utils[0m
[3.995s] [ 85%] Built target test_usb_cam_utils
[4.082s] [ 92%] [32m[1mLinking CXX executable test_pixel_formats[0m
[4.178s] [ 92%] Built target test_pixel_formats
[6.834s] [100%] [32m[1mLinking CXX shared library libusb_cam_node.so[0m
[7.198s] [100%] Built target usb_cam_node
[7.206s] Invoked command in '/home/louisdinhh/camera_stereo_ws/build/usb_cam' returned '0': CMAKE_PREFIX_PATH=/home/louisdinhh/camera_stereo_ws/install/camera_info_manager:/home/louisdinhh/camera_stereo_ws/install/image_transport:/home/louisdinhh/camera_stereo_ws/install/camera_calibration_parsers:/home/louisdinhh/camera_stereo_ws/install/image_pipeline:/home/louisdinhh/camera_stereo_ws/install/stereo_image_proc:/home/louisdinhh/camera_stereo_ws/install/image_proc:/home/louisdinhh/camera_stereo_ws/install/tracetools_image_pipeline:/home/louisdinhh/camera_stereo_ws/install/opencv_cam:/home/louisdinhh/camera_stereo_ws/install/ros2_shared:/home/louisdinhh/camera_stereo_ws/install/image_view:/home/louisdinhh/camera_stereo_ws/install/image_rotate:/home/louisdinhh/camera_stereo_ws/install/image_publisher:/home/louisdinhh/camera_stereo_ws/install/image_common:/home/louisdinhh/camera_stereo_ws/install/depth_image_proc:/home/louisdinhh/camera_stereo_ws/install/stereo_camera:/home/louisdinhh/camera_stereo_ws/install/camera_info_manager_py:/home/louisdinhh/camera_stereo_ws/install/camera_calibration:/opt/ros/humble LD_LIBRARY_PATH=/home/louisdinhh/camera_stereo_ws/install/camera_info_manager/lib:/home/louisdinhh/camera_stereo_ws/install/image_transport/lib:/home/louisdinhh/camera_stereo_ws/install/camera_calibration_parsers/lib:/home/louisdinhh/camera_stereo_ws/install/stereo_image_proc/lib:/home/louisdinhh/camera_stereo_ws/install/image_proc/lib:/home/louisdinhh/camera_stereo_ws/install/tracetools_image_pipeline/lib:/home/louisdinhh/camera_stereo_ws/install/opencv_cam/lib:/home/louisdinhh/camera_stereo_ws/install/image_view/lib:/home/louisdinhh/camera_stereo_ws/install/image_rotate/lib:/home/louisdinhh/camera_stereo_ws/install/image_publisher/lib:/home/louisdinhh/camera_stereo_ws/install/depth_image_proc/lib:/usr/lib/x86_64-linux-gnu/gazebo-11/plugins:/opt/ros/humble/opt/rviz_ogre_vendor/lib:/opt/ros/humble/lib/x86_64-linux-gnu:/usr/share/gurumdds/cmake/../../../lib:/opt/ros/humble/lib /usr/bin/cmake --build /home/louisdinhh/camera_stereo_ws/build/usb_cam -- -j12 -l12
[7.272s] Invoking command in '/home/louisdinhh/camera_stereo_ws/build/usb_cam': CMAKE_PREFIX_PATH=/home/louisdinhh/camera_stereo_ws/install/camera_info_manager:/home/louisdinhh/camera_stereo_ws/install/image_transport:/home/louisdinhh/camera_stereo_ws/install/camera_calibration_parsers:/home/louisdinhh/camera_stereo_ws/install/image_pipeline:/home/louisdinhh/camera_stereo_ws/install/stereo_image_proc:/home/louisdinhh/camera_stereo_ws/install/image_proc:/home/louisdinhh/camera_stereo_ws/install/tracetools_image_pipeline:/home/louisdinhh/camera_stereo_ws/install/opencv_cam:/home/louisdinhh/camera_stereo_ws/install/ros2_shared:/home/louisdinhh/camera_stereo_ws/install/image_view:/home/louisdinhh/camera_stereo_ws/install/image_rotate:/home/louisdinhh/camera_stereo_ws/install/image_publisher:/home/louisdinhh/camera_stereo_ws/install/image_common:/home/louisdinhh/camera_stereo_ws/install/depth_image_proc:/home/louisdinhh/camera_stereo_ws/install/stereo_camera:/home/louisdinhh/camera_stereo_ws/install/camera_info_manager_py:/home/louisdinhh/camera_stereo_ws/install/camera_calibration:/opt/ros/humble LD_LIBRARY_PATH=/home/louisdinhh/camera_stereo_ws/install/camera_info_manager/lib:/home/louisdinhh/camera_stereo_ws/install/image_transport/lib:/home/louisdinhh/camera_stereo_ws/install/camera_calibration_parsers/lib:/home/louisdinhh/camera_stereo_ws/install/stereo_image_proc/lib:/home/louisdinhh/camera_stereo_ws/install/image_proc/lib:/home/louisdinhh/camera_stereo_ws/install/tracetools_image_pipeline/lib:/home/louisdinhh/camera_stereo_ws/install/opencv_cam/lib:/home/louisdinhh/camera_stereo_ws/install/image_view/lib:/home/louisdinhh/camera_stereo_ws/install/image_rotate/lib:/home/louisdinhh/camera_stereo_ws/install/image_publisher/lib:/home/louisdinhh/camera_stereo_ws/install/depth_image_proc/lib:/usr/lib/x86_64-linux-gnu/gazebo-11/plugins:/opt/ros/humble/opt/rviz_ogre_vendor/lib:/opt/ros/humble/lib/x86_64-linux-gnu:/usr/share/gurumdds/cmake/../../../lib:/opt/ros/humble/lib /usr/bin/cmake --install /home/louisdinhh/camera_stereo_ws/build/usb_cam
[7.278s] -- Install configuration: ""
[7.278s] -- Installing: /home/louisdinhh/camera_stereo_ws/install/usb_cam/share/usb_cam/environment/library_path.sh
[7.278s] -- Installing: /home/louisdinhh/camera_stereo_ws/install/usb_cam/share/usb_cam/environment/library_path.dsv
[7.278s] -- Installing: /home/louisdinhh/camera_stereo_ws/install/usb_cam/lib/usb_cam/usb_cam_node_exe
[7.278s] -- Set runtime path of "/home/louisdinhh/camera_stereo_ws/install/usb_cam/lib/usb_cam/usb_cam_node_exe" to ""
[7.278s] -- Installing: /home/louisdinhh/camera_stereo_ws/install/usb_cam/lib/usb_cam/show_image.py
[7.278s] -- Installing: /home/louisdinhh/camera_stereo_ws/install/usb_cam/lib/libusb_cam.so
[7.279s] -- Installing: /home/louisdinhh/camera_stereo_ws/install/usb_cam/lib/libusb_cam_node.so
[7.280s] -- Set runtime path of "/home/louisdinhh/camera_stereo_ws/install/usb_cam/lib/libusb_cam_node.so" to ""
[7.280s] -- Installing: /home/louisdinhh/camera_stereo_ws/install/usb_cam/include
[7.280s] -- Installing: /home/louisdinhh/camera_stereo_ws/install/usb_cam/include/usb_cam
[7.281s] -- Installing: /home/louisdinhh/camera_stereo_ws/install/usb_cam/include/usb_cam/usb_cam.hpp
[7.281s] -- Installing: /home/louisdinhh/camera_stereo_ws/install/usb_cam/include/usb_cam/formats
[7.281s] -- Installing: /home/louisdinhh/camera_stereo_ws/install/usb_cam/include/usb_cam/formats/yuyv.hpp
[7.281s] -- Installing: /home/louisdinhh/camera_stereo_ws/install/usb_cam/include/usb_cam/formats/uyvy.hpp
[7.281s] -- Installing: /home/louisdinhh/camera_stereo_ws/install/usb_cam/include/usb_cam/formats/rgb.hpp
[7.281s] -- Installing: /home/louisdinhh/camera_stereo_ws/install/usb_cam/include/usb_cam/formats/av_pixel_format_helper.hpp
[7.281s] -- Installing: /home/louisdinhh/camera_stereo_ws/install/usb_cam/include/usb_cam/formats/mjpeg.hpp
[7.281s] -- Installing: /home/louisdinhh/camera_stereo_ws/install/usb_cam/include/usb_cam/formats/mono.hpp
[7.281s] -- Installing: /home/louisdinhh/camera_stereo_ws/install/usb_cam/include/usb_cam/formats/utils.hpp
[7.281s] -- Installing: /home/louisdinhh/camera_stereo_ws/install/usb_cam/include/usb_cam/formats/m420.hpp
[7.281s] -- Installing: /home/louisdinhh/camera_stereo_ws/install/usb_cam/include/usb_cam/formats/pixel_format_base.hpp
[7.281s] -- Installing: /home/louisdinhh/camera_stereo_ws/install/usb_cam/include/usb_cam/utils.hpp
[7.281s] -- Installing: /home/louisdinhh/camera_stereo_ws/install/usb_cam/include/usb_cam/constants.hpp
[7.281s] -- Installing: /home/louisdinhh/camera_stereo_ws/install/usb_cam/include/usb_cam/conversions.hpp
[7.281s] -- Installing: /home/louisdinhh/camera_stereo_ws/install/usb_cam/include/usb_cam/usb_cam_node.hpp
[7.281s] -- Up-to-date: /home/louisdinhh/camera_stereo_ws/install/usb_cam/lib/libusb_cam_node.so
[7.281s] -- Installing: /home/louisdinhh/camera_stereo_ws/install/usb_cam/share/usb_cam/launch
[7.281s] -- Installing: /home/louisdinhh/camera_stereo_ws/install/usb_cam/share/usb_cam/launch/camera_config.py
[7.281s] -- Installing: /home/louisdinhh/camera_stereo_ws/install/usb_cam/share/usb_cam/launch/__init__.py
[7.281s] -- Installing: /home/louisdinhh/camera_stereo_ws/install/usb_cam/share/usb_cam/launch/camera.launch.py
[7.281s] -- Installing: /home/louisdinhh/camera_stereo_ws/install/usb_cam/share/usb_cam/config
[7.281s] -- Installing: /home/louisdinhh/camera_stereo_ws/install/usb_cam/share/usb_cam/config/camera_info.yaml
[7.281s] -- Installing: /home/louisdinhh/camera_stereo_ws/install/usb_cam/share/usb_cam/config/params_1.yaml
[7.281s] -- Installing: /home/louisdinhh/camera_stereo_ws/install/usb_cam/share/usb_cam/config/params_2.yaml
[7.281s] -- Installing: /home/louisdinhh/camera_stereo_ws/install/usb_cam/share/ament_index/resource_index/package_run_dependencies/usb_cam
[7.282s] -- Installing: /home/louisdinhh/camera_stereo_ws/install/usb_cam/share/ament_index/resource_index/parent_prefix_path/usb_cam
[7.282s] -- Installing: /home/louisdinhh/camera_stereo_ws/install/usb_cam/share/usb_cam/environment/ament_prefix_path.sh
[7.282s] -- Installing: /home/louisdinhh/camera_stereo_ws/install/usb_cam/share/usb_cam/environment/ament_prefix_path.dsv
[7.282s] -- Installing: /home/louisdinhh/camera_stereo_ws/install/usb_cam/share/usb_cam/environment/path.sh
[7.282s] -- Installing: /home/louisdinhh/camera_stereo_ws/install/usb_cam/share/usb_cam/environment/path.dsv
[7.282s] -- Installing: /home/louisdinhh/camera_stereo_ws/install/usb_cam/share/usb_cam/local_setup.bash
[7.282s] -- Installing: /home/louisdinhh/camera_stereo_ws/install/usb_cam/share/usb_cam/local_setup.sh
[7.282s] -- Installing: /home/louisdinhh/camera_stereo_ws/install/usb_cam/share/usb_cam/local_setup.zsh
[7.282s] -- Installing: /home/louisdinhh/camera_stereo_ws/install/usb_cam/share/usb_cam/local_setup.dsv
[7.282s] -- Installing: /home/louisdinhh/camera_stereo_ws/install/usb_cam/share/usb_cam/package.dsv
[7.282s] -- Installing: /home/louisdinhh/camera_stereo_ws/install/usb_cam/share/ament_index/resource_index/packages/usb_cam
[7.282s] -- Installing: /home/louisdinhh/camera_stereo_ws/install/usb_cam/share/ament_index/resource_index/rclcpp_components/usb_cam
[7.282s] -- Installing: /home/louisdinhh/camera_stereo_ws/install/usb_cam/share/usb_cam/cmake/ament_cmake_export_libraries-extras.cmake
[7.282s] -- Installing: /home/louisdinhh/camera_stereo_ws/install/usb_cam/share/usb_cam/cmake/ament_cmake_export_dependencies-extras.cmake
[7.282s] -- Installing: /home/louisdinhh/camera_stereo_ws/install/usb_cam/share/usb_cam/cmake/ament_cmake_export_include_directories-extras.cmake
[7.282s] -- Installing: /home/louisdinhh/camera_stereo_ws/install/usb_cam/share/usb_cam/cmake/usb_camConfig.cmake
[7.282s] -- Installing: /home/louisdinhh/camera_stereo_ws/install/usb_cam/share/usb_cam/cmake/usb_camConfig-version.cmake
[7.282s] -- Installing: /home/louisdinhh/camera_stereo_ws/install/usb_cam/share/usb_cam/package.xml
[7.284s] Invoked command in '/home/louisdinhh/camera_stereo_ws/build/usb_cam' returned '0': CMAKE_PREFIX_PATH=/home/louisdinhh/camera_stereo_ws/install/camera_info_manager:/home/louisdinhh/camera_stereo_ws/install/image_transport:/home/louisdinhh/camera_stereo_ws/install/camera_calibration_parsers:/home/louisdinhh/camera_stereo_ws/install/image_pipeline:/home/louisdinhh/camera_stereo_ws/install/stereo_image_proc:/home/louisdinhh/camera_stereo_ws/install/image_proc:/home/louisdinhh/camera_stereo_ws/install/tracetools_image_pipeline:/home/louisdinhh/camera_stereo_ws/install/opencv_cam:/home/louisdinhh/camera_stereo_ws/install/ros2_shared:/home/louisdinhh/camera_stereo_ws/install/image_view:/home/louisdinhh/camera_stereo_ws/install/image_rotate:/home/louisdinhh/camera_stereo_ws/install/image_publisher:/home/louisdinhh/camera_stereo_ws/install/image_common:/home/louisdinhh/camera_stereo_ws/install/depth_image_proc:/home/louisdinhh/camera_stereo_ws/install/stereo_camera:/home/louisdinhh/camera_stereo_ws/install/camera_info_manager_py:/home/louisdinhh/camera_stereo_ws/install/camera_calibration:/opt/ros/humble LD_LIBRARY_PATH=/home/louisdinhh/camera_stereo_ws/install/camera_info_manager/lib:/home/louisdinhh/camera_stereo_ws/install/image_transport/lib:/home/louisdinhh/camera_stereo_ws/install/camera_calibration_parsers/lib:/home/louisdinhh/camera_stereo_ws/install/stereo_image_proc/lib:/home/louisdinhh/camera_stereo_ws/install/image_proc/lib:/home/louisdinhh/camera_stereo_ws/install/tracetools_image_pipeline/lib:/home/louisdinhh/camera_stereo_ws/install/opencv_cam/lib:/home/louisdinhh/camera_stereo_ws/install/image_view/lib:/home/louisdinhh/camera_stereo_ws/install/image_rotate/lib:/home/louisdinhh/camera_stereo_ws/install/image_publisher/lib:/home/louisdinhh/camera_stereo_ws/install/depth_image_proc/lib:/usr/lib/x86_64-linux-gnu/gazebo-11/plugins:/opt/ros/humble/opt/rviz_ogre_vendor/lib:/opt/ros/humble/lib/x86_64-linux-gnu:/usr/share/gurumdds/cmake/../../../lib:/opt/ros/humble/lib /usr/bin/cmake --install /home/louisdinhh/camera_stereo_ws/build/usb_cam
