[0.014s] Invoking command in '/home/louisdinhh/camera_stereo_ws/build/image_rotate': AMENT_PREFIX_PATH=/home/louisdinhh/camera_stereo_ws/install/image_transport:${AMENT_PREFIX_PATH} CMAKE_PREFIX_PATH=/home/louisdinhh/camera_stereo_ws/install/image_transport:/opt/ros/humble LD_LIBRARY_PATH=/home/louisdinhh/camera_stereo_ws/install/image_transport/lib:${LD_LIBRARY_PATH} /usr/bin/cmake --build /home/louisdinhh/camera_stereo_ws/build/image_rotate -- -j12 -l12
[0.077s] [ 50%] Built target image_rotate
[0.103s] [100%] Built target image_rotate_bin
[0.132s] Invoked command in '/home/louisdinhh/camera_stereo_ws/build/image_rotate' returned '0': AMENT_PREFIX_PATH=/home/louisdinhh/camera_stereo_ws/install/image_transport:${AMENT_PREFIX_PATH} CMAKE_PREFIX_PATH=/home/louisdinhh/camera_stereo_ws/install/image_transport:/opt/ros/humble LD_LIBRARY_PATH=/home/louisdinhh/camera_stereo_ws/install/image_transport/lib:${LD_LIBRARY_PATH} /usr/bin/cmake --build /home/louisdinhh/camera_stereo_ws/build/image_rotate -- -j12 -l12
[0.159s] Invoking command in '/home/louisdinhh/camera_stereo_ws/build/image_rotate': AMENT_PREFIX_PATH=/home/louisdinhh/camera_stereo_ws/install/image_transport:${AMENT_PREFIX_PATH} CMAKE_PREFIX_PATH=/home/louisdinhh/camera_stereo_ws/install/image_transport:/opt/ros/humble LD_LIBRARY_PATH=/home/louisdinhh/camera_stereo_ws/install/image_transport/lib:${LD_LIBRARY_PATH} /usr/bin/cmake --install /home/louisdinhh/camera_stereo_ws/build/image_rotate
[0.164s] -- Install configuration: ""
[0.164s] -- Up-to-date: /home/louisdinhh/camera_stereo_ws/install/image_rotate/include
[0.165s] -- Up-to-date: /home/louisdinhh/camera_stereo_ws/install/image_rotate/include/image_rotate
[0.166s] -- Up-to-date: /home/louisdinhh/camera_stereo_ws/install/image_rotate/include/image_rotate/image_rotate_node.hpp
[0.166s] -- Up-to-date: /home/louisdinhh/camera_stereo_ws/install/image_rotate/include/image_rotate/visibility.h
[0.166s] -- Up-to-date: /home/louisdinhh/camera_stereo_ws/install/image_rotate/share/image_rotate/environment/library_path.sh
[0.166s] -- Up-to-date: /home/louisdinhh/camera_stereo_ws/install/image_rotate/share/image_rotate/environment/library_path.dsv
[0.166s] -- Up-to-date: /home/louisdinhh/camera_stereo_ws/install/image_rotate/lib/libimage_rotate.so
[0.166s] -- Up-to-date: /home/louisdinhh/camera_stereo_ws/install/image_rotate/lib/image_rotate/image_rotate
[0.166s] -- Up-to-date: /home/louisdinhh/camera_stereo_ws/install/image_rotate/share/image_rotate/launch
[0.166s] -- Up-to-date: /home/louisdinhh/camera_stereo_ws/install/image_rotate/share/image_rotate/launch/image_rotate.launch.py
[0.166s] -- Up-to-date: /home/louisdinhh/camera_stereo_ws/install/image_rotate/share/ament_index/resource_index/package_run_dependencies/image_rotate
[0.166s] -- Up-to-date: /home/louisdinhh/camera_stereo_ws/install/image_rotate/share/ament_index/resource_index/parent_prefix_path/image_rotate
[0.166s] -- Up-to-date: /home/louisdinhh/camera_stereo_ws/install/image_rotate/share/image_rotate/environment/ament_prefix_path.sh
[0.166s] -- Up-to-date: /home/louisdinhh/camera_stereo_ws/install/image_rotate/share/image_rotate/environment/ament_prefix_path.dsv
[0.166s] -- Up-to-date: /home/louisdinhh/camera_stereo_ws/install/image_rotate/share/image_rotate/environment/path.sh
[0.166s] -- Up-to-date: /home/louisdinhh/camera_stereo_ws/install/image_rotate/share/image_rotate/environment/path.dsv
[0.166s] -- Up-to-date: /home/louisdinhh/camera_stereo_ws/install/image_rotate/share/image_rotate/local_setup.bash
[0.166s] -- Up-to-date: /home/louisdinhh/camera_stereo_ws/install/image_rotate/share/image_rotate/local_setup.sh
[0.166s] -- Up-to-date: /home/louisdinhh/camera_stereo_ws/install/image_rotate/share/image_rotate/local_setup.zsh
[0.166s] -- Up-to-date: /home/louisdinhh/camera_stereo_ws/install/image_rotate/share/image_rotate/local_setup.dsv
[0.166s] -- Installing: /home/louisdinhh/camera_stereo_ws/install/image_rotate/share/image_rotate/package.dsv
[0.166s] -- Up-to-date: /home/louisdinhh/camera_stereo_ws/install/image_rotate/share/ament_index/resource_index/packages/image_rotate
[0.166s] -- Up-to-date: /home/louisdinhh/camera_stereo_ws/install/image_rotate/share/ament_index/resource_index/rclcpp_components/image_rotate
[0.166s] -- Up-to-date: /home/louisdinhh/camera_stereo_ws/install/image_rotate/share/image_rotate/cmake/ament_cmake_export_dependencies-extras.cmake
[0.167s] -- Up-to-date: /home/louisdinhh/camera_stereo_ws/install/image_rotate/share/image_rotate/cmake/ament_cmake_export_include_directories-extras.cmake
[0.167s] -- Up-to-date: /home/louisdinhh/camera_stereo_ws/install/image_rotate/share/image_rotate/cmake/ament_cmake_export_libraries-extras.cmake
[0.167s] -- Up-to-date: /home/louisdinhh/camera_stereo_ws/install/image_rotate/share/image_rotate/cmake/image_rotateConfig.cmake
[0.167s] -- Up-to-date: /home/louisdinhh/camera_stereo_ws/install/image_rotate/share/image_rotate/cmake/image_rotateConfig-version.cmake
[0.167s] -- Up-to-date: /home/louisdinhh/camera_stereo_ws/install/image_rotate/share/image_rotate/package.xml
[0.180s] Invoked command in '/home/louisdinhh/camera_stereo_ws/build/image_rotate' returned '0': AMENT_PREFIX_PATH=/home/louisdinhh/camera_stereo_ws/install/image_transport:${AMENT_PREFIX_PATH} CMAKE_PREFIX_PATH=/home/louisdinhh/camera_stereo_ws/install/image_transport:/opt/ros/humble LD_LIBRARY_PATH=/home/louisdinhh/camera_stereo_ws/install/image_transport/lib:${LD_LIBRARY_PATH} /usr/bin/cmake --install /home/louisdinhh/camera_stereo_ws/build/image_rotate
