[0.014s] Invoking command in '/home/louisdinhh/camera_stereo_ws/build/image_view': AMENT_PREFIX_PATH=/home/louisdinhh/camera_stereo_ws/install/image_transport:/home/louisdinhh/camera_stereo_ws/install/camera_calibration_parsers:${AMENT_PREFIX_PATH} CMAKE_PREFIX_PATH=/home/louisdinhh/camera_stereo_ws/install/image_transport:/home/louisdinhh/camera_stereo_ws/install/camera_calibration_parsers:/opt/ros/humble LD_LIBRARY_PATH=/home/louisdinhh/camera_stereo_ws/install/image_transport/lib:/home/louisdinhh/camera_stereo_ws/install/camera_calibration_parsers/lib:${LD_LIBRARY_PATH} /usr/bin/cmake --build /home/louisdinhh/camera_stereo_ws/build/image_view -- -j12 -l12
[0.076s] [ 36%] Built target image_view_nodes
[0.111s] [ 47%] Built target image_view
[0.114s] [ 57%] Built target stereo_view
[0.114s] [ 68%] Built target extract_images
[0.114s] [ 78%] Built target video_recorder
[0.115s] [ 89%] Built target disparity_view
[0.117s] [100%] Built target image_saver
[0.140s] Invoked command in '/home/louisdinhh/camera_stereo_ws/build/image_view' returned '0': AMENT_PREFIX_PATH=/home/louisdinhh/camera_stereo_ws/install/image_transport:/home/louisdinhh/camera_stereo_ws/install/camera_calibration_parsers:${AMENT_PREFIX_PATH} CMAKE_PREFIX_PATH=/home/louisdinhh/camera_stereo_ws/install/image_transport:/home/louisdinhh/camera_stereo_ws/install/camera_calibration_parsers:/opt/ros/humble LD_LIBRARY_PATH=/home/louisdinhh/camera_stereo_ws/install/image_transport/lib:/home/louisdinhh/camera_stereo_ws/install/camera_calibration_parsers/lib:${LD_LIBRARY_PATH} /usr/bin/cmake --build /home/louisdinhh/camera_stereo_ws/build/image_view -- -j12 -l12
[0.191s] Invoking command in '/home/louisdinhh/camera_stereo_ws/build/image_view': AMENT_PREFIX_PATH=/home/louisdinhh/camera_stereo_ws/install/image_transport:/home/louisdinhh/camera_stereo_ws/install/camera_calibration_parsers:${AMENT_PREFIX_PATH} CMAKE_PREFIX_PATH=/home/louisdinhh/camera_stereo_ws/install/image_transport:/home/louisdinhh/camera_stereo_ws/install/camera_calibration_parsers:/opt/ros/humble LD_LIBRARY_PATH=/home/louisdinhh/camera_stereo_ws/install/image_transport/lib:/home/louisdinhh/camera_stereo_ws/install/camera_calibration_parsers/lib:${LD_LIBRARY_PATH} /usr/bin/cmake --install /home/louisdinhh/camera_stereo_ws/build/image_view
[0.207s] -- Install configuration: ""
[0.207s] -- Up-to-date: /home/louisdinhh/camera_stereo_ws/install/image_view/include
[0.207s] -- Up-to-date: /home/louisdinhh/camera_stereo_ws/install/image_view/include/image_view
[0.207s] -- Up-to-date: /home/louisdinhh/camera_stereo_ws/install/image_view/include/image_view/video_recorder_node.hpp
[0.207s] -- Up-to-date: /home/louisdinhh/camera_stereo_ws/install/image_view/include/image_view/image_view_node.hpp
[0.207s] -- Up-to-date: /home/louisdinhh/camera_stereo_ws/install/image_view/include/image_view/extract_images_node.hpp
[0.207s] -- Up-to-date: /home/louisdinhh/camera_stereo_ws/install/image_view/include/image_view/disparity_view_node.hpp
[0.207s] -- Up-to-date: /home/louisdinhh/camera_stereo_ws/install/image_view/include/image_view/image_saver_node.hpp
[0.207s] -- Up-to-date: /home/louisdinhh/camera_stereo_ws/install/image_view/include/image_view/stereo_view_node.hpp
[0.207s] -- Up-to-date: /home/louisdinhh/camera_stereo_ws/install/image_view/share/image_view/environment/library_path.sh
[0.207s] -- Up-to-date: /home/louisdinhh/camera_stereo_ws/install/image_view/share/image_view/environment/library_path.dsv
[0.207s] -- Up-to-date: /home/louisdinhh/camera_stereo_ws/install/image_view/lib/libimage_view_nodes.so
[0.207s] -- Up-to-date: /home/louisdinhh/camera_stereo_ws/install/image_view/lib/image_view/disparity_view
[0.207s] -- Up-to-date: /home/louisdinhh/camera_stereo_ws/install/image_view/lib/image_view/image_view
[0.207s] -- Up-to-date: /home/louisdinhh/camera_stereo_ws/install/image_view/lib/image_view/stereo_view
[0.207s] -- Up-to-date: /home/louisdinhh/camera_stereo_ws/install/image_view/lib/image_view/extract_images
[0.207s] -- Up-to-date: /home/louisdinhh/camera_stereo_ws/install/image_view/lib/image_view/image_saver
[0.207s] -- Up-to-date: /home/louisdinhh/camera_stereo_ws/install/image_view/lib/image_view/video_recorder
[0.207s] -- Up-to-date: /home/louisdinhh/camera_stereo_ws/install/image_view/share/ament_index/resource_index/package_run_dependencies/image_view
[0.208s] -- Up-to-date: /home/louisdinhh/camera_stereo_ws/install/image_view/share/ament_index/resource_index/parent_prefix_path/image_view
[0.208s] -- Up-to-date: /home/louisdinhh/camera_stereo_ws/install/image_view/share/image_view/environment/ament_prefix_path.sh
[0.208s] -- Up-to-date: /home/louisdinhh/camera_stereo_ws/install/image_view/share/image_view/environment/ament_prefix_path.dsv
[0.208s] -- Up-to-date: /home/louisdinhh/camera_stereo_ws/install/image_view/share/image_view/environment/path.sh
[0.208s] -- Up-to-date: /home/louisdinhh/camera_stereo_ws/install/image_view/share/image_view/environment/path.dsv
[0.208s] -- Up-to-date: /home/louisdinhh/camera_stereo_ws/install/image_view/share/image_view/local_setup.bash
[0.208s] -- Up-to-date: /home/louisdinhh/camera_stereo_ws/install/image_view/share/image_view/local_setup.sh
[0.208s] -- Up-to-date: /home/louisdinhh/camera_stereo_ws/install/image_view/share/image_view/local_setup.zsh
[0.208s] -- Up-to-date: /home/louisdinhh/camera_stereo_ws/install/image_view/share/image_view/local_setup.dsv
[0.208s] -- Installing: /home/louisdinhh/camera_stereo_ws/install/image_view/share/image_view/package.dsv
[0.208s] -- Up-to-date: /home/louisdinhh/camera_stereo_ws/install/image_view/share/ament_index/resource_index/packages/image_view
[0.208s] -- Up-to-date: /home/louisdinhh/camera_stereo_ws/install/image_view/share/ament_index/resource_index/rclcpp_components/image_view
[0.208s] -- Up-to-date: /home/louisdinhh/camera_stereo_ws/install/image_view/share/image_view/cmake/ament_cmake_export_dependencies-extras.cmake
[0.208s] -- Up-to-date: /home/louisdinhh/camera_stereo_ws/install/image_view/share/image_view/cmake/ament_cmake_export_include_directories-extras.cmake
[0.208s] -- Up-to-date: /home/louisdinhh/camera_stereo_ws/install/image_view/share/image_view/cmake/ament_cmake_export_libraries-extras.cmake
[0.208s] -- Up-to-date: /home/louisdinhh/camera_stereo_ws/install/image_view/share/image_view/cmake/image_viewConfig.cmake
[0.208s] -- Up-to-date: /home/louisdinhh/camera_stereo_ws/install/image_view/share/image_view/cmake/image_viewConfig-version.cmake
[0.208s] -- Up-to-date: /home/louisdinhh/camera_stereo_ws/install/image_view/share/image_view/package.xml
[0.215s] Invoked command in '/home/louisdinhh/camera_stereo_ws/build/image_view' returned '0': AMENT_PREFIX_PATH=/home/louisdinhh/camera_stereo_ws/install/image_transport:/home/louisdinhh/camera_stereo_ws/install/camera_calibration_parsers:${AMENT_PREFIX_PATH} CMAKE_PREFIX_PATH=/home/louisdinhh/camera_stereo_ws/install/image_transport:/home/louisdinhh/camera_stereo_ws/install/camera_calibration_parsers:/opt/ros/humble LD_LIBRARY_PATH=/home/louisdinhh/camera_stereo_ws/install/image_transport/lib:/home/louisdinhh/camera_stereo_ws/install/camera_calibration_parsers/lib:${LD_LIBRARY_PATH} /usr/bin/cmake --install /home/louisdinhh/camera_stereo_ws/build/image_view
