running egg_info
writing ../../../build/camera_calibration/camera_calibration.egg-info/PKG-INFO
writing dependency_links to ../../../build/camera_calibration/camera_calibration.egg-info/dependency_links.txt
writing entry points to ../../../build/camera_calibration/camera_calibration.egg-info/entry_points.txt
writing requirements to ../../../build/camera_calibration/camera_calibration.egg-info/requires.txt
writing top-level names to ../../../build/camera_calibration/camera_calibration.egg-info/top_level.txt
reading manifest file '../../../build/camera_calibration/camera_calibration.egg-info/SOURCES.txt'
writing manifest file '../../../build/camera_calibration/camera_calibration.egg-info/SOURCES.txt'
running build
running build_py
copying src/camera_calibration/calibrator.py -> /home/louisdinhh/camera_stereo_ws/build/camera_calibration/build/lib/camera_calibration
copying src/camera_calibration/camera_checker.py -> /home/louisdinhh/camera_stereo_ws/build/camera_calibration/build/lib/camera_calibration
copying src/camera_calibration/camera_calibrator.py -> /home/louisdinhh/camera_stereo_ws/build/camera_calibration/build/lib/camera_calibration
copying src/camera_calibration/nodes/cameracheck.py -> /home/louisdinhh/camera_stereo_ws/build/camera_calibration/build/lib/camera_calibration/nodes
copying src/camera_calibration/nodes/cameracalibrator.py -> /home/louisdinhh/camera_stereo_ws/build/camera_calibration/build/lib/camera_calibration/nodes
running install
running install_lib
copying /home/louisdinhh/camera_stereo_ws/build/camera_calibration/build/lib/camera_calibration/calibrator.py -> /home/louisdinhh/camera_stereo_ws/install/camera_calibration/lib/python3.10/site-packages/camera_calibration
copying /home/louisdinhh/camera_stereo_ws/build/camera_calibration/build/lib/camera_calibration/camera_checker.py -> /home/louisdinhh/camera_stereo_ws/install/camera_calibration/lib/python3.10/site-packages/camera_calibration
copying /home/louisdinhh/camera_stereo_ws/build/camera_calibration/build/lib/camera_calibration/camera_calibrator.py -> /home/louisdinhh/camera_stereo_ws/install/camera_calibration/lib/python3.10/site-packages/camera_calibration
copying /home/louisdinhh/camera_stereo_ws/build/camera_calibration/build/lib/camera_calibration/nodes/cameracheck.py -> /home/louisdinhh/camera_stereo_ws/install/camera_calibration/lib/python3.10/site-packages/camera_calibration/nodes
copying /home/louisdinhh/camera_stereo_ws/build/camera_calibration/build/lib/camera_calibration/nodes/cameracalibrator.py -> /home/louisdinhh/camera_stereo_ws/install/camera_calibration/lib/python3.10/site-packages/camera_calibration/nodes
byte-compiling /home/louisdinhh/camera_stereo_ws/install/camera_calibration/lib/python3.10/site-packages/camera_calibration/calibrator.py to calibrator.cpython-310.pyc
byte-compiling /home/louisdinhh/camera_stereo_ws/install/camera_calibration/lib/python3.10/site-packages/camera_calibration/camera_checker.py to camera_checker.cpython-310.pyc
byte-compiling /home/louisdinhh/camera_stereo_ws/install/camera_calibration/lib/python3.10/site-packages/camera_calibration/camera_calibrator.py to camera_calibrator.cpython-310.pyc
byte-compiling /home/louisdinhh/camera_stereo_ws/install/camera_calibration/lib/python3.10/site-packages/camera_calibration/nodes/cameracheck.py to cameracheck.cpython-310.pyc
byte-compiling /home/louisdinhh/camera_stereo_ws/install/camera_calibration/lib/python3.10/site-packages/camera_calibration/nodes/cameracalibrator.py to cameracalibrator.cpython-310.pyc
running install_data
copying package.xml -> /home/louisdinhh/camera_stereo_ws/install/camera_calibration/share/camera_calibration
running install_egg_info
Copying ../../../build/camera_calibration/camera_calibration.egg-info to /home/louisdinhh/camera_stereo_ws/install/camera_calibration/lib/python3.10/site-packages/camera_calibration-3.0.6-py3.10.egg-info
running install_scripts
Installing cameracalibrator script to /home/louisdinhh/camera_stereo_ws/install/camera_calibration/lib/camera_calibration
Installing cameracheck script to /home/louisdinhh/camera_stereo_ws/install/camera_calibration/lib/camera_calibration
writing list of installed files to '/home/louisdinhh/camera_stereo_ws/build/camera_calibration/install.log'
