[0.832s] Invoking command in '/home/louisdinhh/camera_stereo_ws/src/image_pipeline/camera_calibration': PYTHONPATH=/home/louisdinhh/camera_stereo_ws/build/camera_calibration/prefix_override:/usr/lib/python3/dist-packages/colcon_core/task/python/colcon_distutils_commands:/home/louisdinhh/camera_stereo_ws/install/camera_calibration/lib/python3.10/site-packages:${PYTHONPATH} /usr/bin/python3 -W ignore:setup.py install is deprecated setup.py egg_info --egg-base ../../../build/camera_calibration build --build-base /home/louisdinhh/camera_stereo_ws/build/camera_calibration/build install --record /home/louisdinhh/camera_stereo_ws/build/camera_calibration/install.log --single-version-externally-managed install_data
[1.280s] running egg_info
[1.280s] writing ../../../build/camera_calibration/camera_calibration.egg-info/PKG-INFO
[1.284s] writing dependency_links to ../../../build/camera_calibration/camera_calibration.egg-info/dependency_links.txt
[1.284s] writing entry points to ../../../build/camera_calibration/camera_calibration.egg-info/entry_points.txt
[1.284s] writing requirements to ../../../build/camera_calibration/camera_calibration.egg-info/requires.txt
[1.284s] writing top-level names to ../../../build/camera_calibration/camera_calibration.egg-info/top_level.txt
[1.284s] reading manifest file '../../../build/camera_calibration/camera_calibration.egg-info/SOURCES.txt'
[1.285s] writing manifest file '../../../build/camera_calibration/camera_calibration.egg-info/SOURCES.txt'
[1.285s] running build
[1.285s] running build_py
[1.285s] copying src/camera_calibration/calibrator.py -> /home/louisdinhh/camera_stereo_ws/build/camera_calibration/build/lib/camera_calibration
[1.286s] copying src/camera_calibration/camera_checker.py -> /home/louisdinhh/camera_stereo_ws/build/camera_calibration/build/lib/camera_calibration
[1.286s] copying src/camera_calibration/camera_calibrator.py -> /home/louisdinhh/camera_stereo_ws/build/camera_calibration/build/lib/camera_calibration
[1.286s] copying src/camera_calibration/nodes/cameracheck.py -> /home/louisdinhh/camera_stereo_ws/build/camera_calibration/build/lib/camera_calibration/nodes
[1.287s] copying src/camera_calibration/nodes/cameracalibrator.py -> /home/louisdinhh/camera_stereo_ws/build/camera_calibration/build/lib/camera_calibration/nodes
[1.287s] running install
[1.288s] running install_lib
[1.289s] copying /home/louisdinhh/camera_stereo_ws/build/camera_calibration/build/lib/camera_calibration/calibrator.py -> /home/louisdinhh/camera_stereo_ws/install/camera_calibration/lib/python3.10/site-packages/camera_calibration
[1.289s] copying /home/louisdinhh/camera_stereo_ws/build/camera_calibration/build/lib/camera_calibration/camera_checker.py -> /home/louisdinhh/camera_stereo_ws/install/camera_calibration/lib/python3.10/site-packages/camera_calibration
[1.289s] copying /home/louisdinhh/camera_stereo_ws/build/camera_calibration/build/lib/camera_calibration/camera_calibrator.py -> /home/louisdinhh/camera_stereo_ws/install/camera_calibration/lib/python3.10/site-packages/camera_calibration
[1.289s] copying /home/louisdinhh/camera_stereo_ws/build/camera_calibration/build/lib/camera_calibration/nodes/cameracheck.py -> /home/louisdinhh/camera_stereo_ws/install/camera_calibration/lib/python3.10/site-packages/camera_calibration/nodes
[1.290s] copying /home/louisdinhh/camera_stereo_ws/build/camera_calibration/build/lib/camera_calibration/nodes/cameracalibrator.py -> /home/louisdinhh/camera_stereo_ws/install/camera_calibration/lib/python3.10/site-packages/camera_calibration/nodes
[1.290s] byte-compiling /home/louisdinhh/camera_stereo_ws/install/camera_calibration/lib/python3.10/site-packages/camera_calibration/calibrator.py to calibrator.cpython-310.pyc
[1.304s] byte-compiling /home/louisdinhh/camera_stereo_ws/install/camera_calibration/lib/python3.10/site-packages/camera_calibration/camera_checker.py to camera_checker.cpython-310.pyc
[1.306s] byte-compiling /home/louisdinhh/camera_stereo_ws/install/camera_calibration/lib/python3.10/site-packages/camera_calibration/camera_calibrator.py to camera_calibrator.cpython-310.pyc
[1.310s] byte-compiling /home/louisdinhh/camera_stereo_ws/install/camera_calibration/lib/python3.10/site-packages/camera_calibration/nodes/cameracheck.py to cameracheck.cpython-310.pyc
[1.310s] byte-compiling /home/louisdinhh/camera_stereo_ws/install/camera_calibration/lib/python3.10/site-packages/camera_calibration/nodes/cameracalibrator.py to cameracalibrator.cpython-310.pyc
[1.312s] running install_data
[1.312s] copying package.xml -> /home/louisdinhh/camera_stereo_ws/install/camera_calibration/share/camera_calibration
[1.312s] running install_egg_info
[1.314s] Copying ../../../build/camera_calibration/camera_calibration.egg-info to /home/louisdinhh/camera_stereo_ws/install/camera_calibration/lib/python3.10/site-packages/camera_calibration-3.0.6-py3.10.egg-info
[1.315s] running install_scripts
[1.340s] Installing cameracalibrator script to /home/louisdinhh/camera_stereo_ws/install/camera_calibration/lib/camera_calibration
[1.340s] Installing cameracheck script to /home/louisdinhh/camera_stereo_ws/install/camera_calibration/lib/camera_calibration
[1.341s] writing list of installed files to '/home/louisdinhh/camera_stereo_ws/build/camera_calibration/install.log'
[1.398s] Invoked command in '/home/louisdinhh/camera_stereo_ws/src/image_pipeline/camera_calibration' returned '0': PYTHONPATH=/home/louisdinhh/camera_stereo_ws/build/camera_calibration/prefix_override:/usr/lib/python3/dist-packages/colcon_core/task/python/colcon_distutils_commands:/home/louisdinhh/camera_stereo_ws/install/camera_calibration/lib/python3.10/site-packages:${PYTHONPATH} /usr/bin/python3 -W ignore:setup.py install is deprecated setup.py egg_info --egg-base ../../../build/camera_calibration build --build-base /home/louisdinhh/camera_stereo_ws/build/camera_calibration/build install --record /home/louisdinhh/camera_stereo_ws/build/camera_calibration/install.log --single-version-externally-managed install_data
