[0.766s] Invoking command in '/home/louisdinhh/camera_stereo_ws/src/image_common/camera_info_manager_py': PYTHONPATH=/home/louisdinhh/camera_stereo_ws/build/camera_info_manager_py/prefix_override:/usr/lib/python3/dist-packages/colcon_core/task/python/colcon_distutils_commands:/home/louisdinhh/camera_stereo_ws/install/camera_info_manager_py/lib/python3.10/site-packages:${PYTHONPATH} /usr/bin/python3 -W ignore:setup.py install is deprecated setup.py egg_info --egg-base ../../../build/camera_info_manager_py build --build-base /home/louisdinhh/camera_stereo_ws/build/camera_info_manager_py/build install --record /home/louisdinhh/camera_stereo_ws/build/camera_info_manager_py/install.log --single-version-externally-managed install_data
[1.176s] running egg_info
[1.177s] writing ../../../build/camera_info_manager_py/camera_info_manager_py.egg-info/PKG-INFO
[1.178s] writing dependency_links to ../../../build/camera_info_manager_py/camera_info_manager_py.egg-info/dependency_links.txt
[1.178s] writing requirements to ../../../build/camera_info_manager_py/camera_info_manager_py.egg-info/requires.txt
[1.179s] writing top-level names to ../../../build/camera_info_manager_py/camera_info_manager_py.egg-info/top_level.txt
[1.187s] reading manifest file '../../../build/camera_info_manager_py/camera_info_manager_py.egg-info/SOURCES.txt'
[1.188s] adding license file 'LICENSE'
[1.189s] writing manifest file '../../../build/camera_info_manager_py/camera_info_manager_py.egg-info/SOURCES.txt'
[1.189s] running build
[1.189s] running build_py
[1.195s] copying camera_info_manager/camera_info_manager.py -> /home/louisdinhh/camera_stereo_ws/build/camera_info_manager_py/build/lib/camera_info_manager
[1.195s] copying camera_info_manager/zoom_camera_info_manager.py -> /home/louisdinhh/camera_stereo_ws/build/camera_info_manager_py/build/lib/camera_info_manager
[1.195s] running install
[1.195s] running install_lib
[1.196s] copying /home/louisdinhh/camera_stereo_ws/build/camera_info_manager_py/build/lib/camera_info_manager/camera_info_manager.py -> /home/louisdinhh/camera_stereo_ws/install/camera_info_manager_py/lib/python3.10/site-packages/camera_info_manager
[1.196s] copying /home/louisdinhh/camera_stereo_ws/build/camera_info_manager_py/build/lib/camera_info_manager/zoom_camera_info_manager.py -> /home/louisdinhh/camera_stereo_ws/install/camera_info_manager_py/lib/python3.10/site-packages/camera_info_manager
[1.203s] byte-compiling /home/louisdinhh/camera_stereo_ws/install/camera_info_manager_py/lib/python3.10/site-packages/camera_info_manager/camera_info_manager.py to camera_info_manager.cpython-310.pyc
[1.208s] byte-compiling /home/louisdinhh/camera_stereo_ws/install/camera_info_manager_py/lib/python3.10/site-packages/camera_info_manager/zoom_camera_info_manager.py to zoom_camera_info_manager.cpython-310.pyc
[1.209s] running install_data
[1.210s] copying package.xml -> /home/louisdinhh/camera_stereo_ws/install/camera_info_manager_py/share/camera_info_manager_py
[1.210s] running install_egg_info
[1.213s] Copying ../../../build/camera_info_manager_py/camera_info_manager_py.egg-info to /home/louisdinhh/camera_stereo_ws/install/camera_info_manager_py/lib/python3.10/site-packages/camera_info_manager_py-3.1.10-py3.10.egg-info
[1.213s] running install_scripts
[1.248s] writing list of installed files to '/home/louisdinhh/camera_stereo_ws/build/camera_info_manager_py/install.log'
[1.298s] Invoked command in '/home/louisdinhh/camera_stereo_ws/src/image_common/camera_info_manager_py' returned '0': PYTHONPATH=/home/louisdinhh/camera_stereo_ws/build/camera_info_manager_py/prefix_override:/usr/lib/python3/dist-packages/colcon_core/task/python/colcon_distutils_commands:/home/louisdinhh/camera_stereo_ws/install/camera_info_manager_py/lib/python3.10/site-packages:${PYTHONPATH} /usr/bin/python3 -W ignore:setup.py install is deprecated setup.py egg_info --egg-base ../../../build/camera_info_manager_py build --build-base /home/louisdinhh/camera_stereo_ws/build/camera_info_manager_py/build install --record /home/louisdinhh/camera_stereo_ws/build/camera_info_manager_py/install.log --single-version-externally-managed install_data
