[0.060s] DEBUG:colcon:Command line arguments: ['/usr/bin/colcon', 'build']
[0.060s] DEBUG:colcon:Parsed command line arguments: Namespace(log_base=None, log_level=None, verb_name='build', build_base='build', install_base='install', merge_install=False, symlink_install=False, test_result_base=None, continue_on_error=False, executor='parallel', parallel_workers=12, event_handlers=None, ignore_user_meta=False, metas=['./colcon.meta'], base_paths=['.'], packages_ignore=None, packages_ignore_regex=None, paths=None, packages_up_to=None, packages_up_to_regex=None, packages_above=None, packages_above_and_dependencies=None, packages_above_depth=None, packages_select_by_dep=None, packages_skip_by_dep=None, packages_skip_up_to=None, packages_select_build_failed=False, packages_skip_build_finished=False, packages_select_test_failures=False, packages_skip_test_passed=False, packages_select=None, packages_skip=None, packages_select_regex=None, packages_skip_regex=None, packages_start=None, packages_end=None, allow_overriding=[], cmake_args=None, cmake_target=None, cmake_target_skip_unavailable=False, cmake_clean_cache=False, cmake_clean_first=False, cmake_force_configure=False, ament_cmake_args=None, catkin_cmake_args=None, catkin_skip_building_tests=False, mixin_files=None, mixin=None, verb_parser=<colcon_mixin.mixin.mixin_argument.MixinArgumentDecorator object at 0x7806910ff7c0>, verb_extension=<colcon_core.verb.build.BuildVerb object at 0x78069125fdf0>, main=<bound method BuildVerb.main of <colcon_core.verb.build.BuildVerb object at 0x78069125fdf0>>, mixin_verb=('build',))
[0.149s] Level 1:colcon.colcon_core.package_discovery:discover_packages(colcon_meta) check parameters
[0.149s] Level 1:colcon.colcon_core.package_discovery:discover_packages(recursive) check parameters
[0.149s] Level 1:colcon.colcon_core.package_discovery:discover_packages(ignore) check parameters
[0.149s] Level 1:colcon.colcon_core.package_discovery:discover_packages(path) check parameters
[0.149s] Level 1:colcon.colcon_core.package_discovery:discover_packages(colcon_meta) discover
[0.149s] Level 1:colcon.colcon_core.package_discovery:discover_packages(recursive) discover
[0.149s] INFO:colcon.colcon_core.package_discovery:Crawling recursively for packages in '/home/louisdinhh/camera_360_ws'
[0.150s] Level 1:colcon.colcon_core.package_identification:_identify(.) by extensions ['ignore', 'ignore_ament_install']
[0.150s] Level 1:colcon.colcon_core.package_identification:_identify(.) by extension 'ignore'
[0.150s] Level 1:colcon.colcon_core.package_identification:_identify(.) by extension 'ignore_ament_install'
[0.150s] Level 1:colcon.colcon_core.package_identification:_identify(.) by extensions ['colcon_pkg']
[0.150s] Level 1:colcon.colcon_core.package_identification:_identify(.) by extension 'colcon_pkg'
[0.150s] Level 1:colcon.colcon_core.package_identification:_identify(.) by extensions ['colcon_meta']
[0.150s] Level 1:colcon.colcon_core.package_identification:_identify(.) by extension 'colcon_meta'
[0.150s] Level 1:colcon.colcon_core.package_identification:_identify(.) by extensions ['ros']
[0.150s] Level 1:colcon.colcon_core.package_identification:_identify(.) by extension 'ros'
[0.156s] Level 1:colcon.colcon_core.package_identification:_identify(.) by extensions ['cmake', 'python']
[0.156s] Level 1:colcon.colcon_core.package_identification:_identify(.) by extension 'cmake'
[0.156s] Level 1:colcon.colcon_core.package_identification:_identify(.) by extension 'python'
[0.156s] Level 1:colcon.colcon_core.package_identification:_identify(.) by extensions ['python_setup_py']
[0.156s] Level 1:colcon.colcon_core.package_identification:_identify(.) by extension 'python_setup_py'
[0.156s] Level 1:colcon.colcon_core.package_identification:_identify(build) by extensions ['ignore', 'ignore_ament_install']
[0.156s] Level 1:colcon.colcon_core.package_identification:_identify(build) by extension 'ignore'
[0.156s] Level 1:colcon.colcon_core.package_identification:_identify(build) ignored
[0.156s] Level 1:colcon.colcon_core.package_identification:_identify(install) by extensions ['ignore', 'ignore_ament_install']
[0.156s] Level 1:colcon.colcon_core.package_identification:_identify(install) by extension 'ignore'
[0.156s] Level 1:colcon.colcon_core.package_identification:_identify(install) ignored
[0.156s] Level 1:colcon.colcon_core.package_identification:_identify(log) by extensions ['ignore', 'ignore_ament_install']
[0.156s] Level 1:colcon.colcon_core.package_identification:_identify(log) by extension 'ignore'
[0.156s] Level 1:colcon.colcon_core.package_identification:_identify(log) ignored
[0.156s] Level 1:colcon.colcon_core.package_identification:_identify(src) by extensions ['ignore', 'ignore_ament_install']
[0.156s] Level 1:colcon.colcon_core.package_identification:_identify(src) by extension 'ignore'
[0.156s] Level 1:colcon.colcon_core.package_identification:_identify(src) by extension 'ignore_ament_install'
[0.156s] Level 1:colcon.colcon_core.package_identification:_identify(src) by extensions ['colcon_pkg']
[0.156s] Level 1:colcon.colcon_core.package_identification:_identify(src) by extension 'colcon_pkg'
[0.156s] Level 1:colcon.colcon_core.package_identification:_identify(src) by extensions ['colcon_meta']
[0.156s] Level 1:colcon.colcon_core.package_identification:_identify(src) by extension 'colcon_meta'
[0.157s] Level 1:colcon.colcon_core.package_identification:_identify(src) by extensions ['ros']
[0.157s] Level 1:colcon.colcon_core.package_identification:_identify(src) by extension 'ros'
[0.157s] Level 1:colcon.colcon_core.package_identification:_identify(src) by extensions ['cmake', 'python']
[0.157s] Level 1:colcon.colcon_core.package_identification:_identify(src) by extension 'cmake'
[0.157s] Level 1:colcon.colcon_core.package_identification:_identify(src) by extension 'python'
[0.157s] Level 1:colcon.colcon_core.package_identification:_identify(src) by extensions ['python_setup_py']
[0.157s] Level 1:colcon.colcon_core.package_identification:_identify(src) by extension 'python_setup_py'
[0.157s] Level 1:colcon.colcon_core.package_identification:_identify(src/hackathon-2024-main) by extensions ['ignore', 'ignore_ament_install']
[0.157s] Level 1:colcon.colcon_core.package_identification:_identify(src/hackathon-2024-main) by extension 'ignore'
[0.157s] Level 1:colcon.colcon_core.package_identification:_identify(src/hackathon-2024-main) by extension 'ignore_ament_install'
[0.157s] Level 1:colcon.colcon_core.package_identification:_identify(src/hackathon-2024-main) by extensions ['colcon_pkg']
[0.157s] Level 1:colcon.colcon_core.package_identification:_identify(src/hackathon-2024-main) by extension 'colcon_pkg'
[0.157s] Level 1:colcon.colcon_core.package_identification:_identify(src/hackathon-2024-main) by extensions ['colcon_meta']
[0.157s] Level 1:colcon.colcon_core.package_identification:_identify(src/hackathon-2024-main) by extension 'colcon_meta'
[0.157s] Level 1:colcon.colcon_core.package_identification:_identify(src/hackathon-2024-main) by extensions ['ros']
[0.157s] Level 1:colcon.colcon_core.package_identification:_identify(src/hackathon-2024-main) by extension 'ros'
[0.157s] Level 1:colcon.colcon_core.package_identification:_identify(src/hackathon-2024-main) by extensions ['cmake', 'python']
[0.157s] Level 1:colcon.colcon_core.package_identification:_identify(src/hackathon-2024-main) by extension 'cmake'
[0.157s] Level 1:colcon.colcon_core.package_identification:_identify(src/hackathon-2024-main) by extension 'python'
[0.157s] Level 1:colcon.colcon_core.package_identification:_identify(src/hackathon-2024-main) by extensions ['python_setup_py']
[0.157s] Level 1:colcon.colcon_core.package_identification:_identify(src/hackathon-2024-main) by extension 'python_setup_py'
[0.157s] Level 1:colcon.colcon_core.package_identification:_identify(src/hackathon-2024-main/workspace) by extensions ['ignore', 'ignore_ament_install']
[0.157s] Level 1:colcon.colcon_core.package_identification:_identify(src/hackathon-2024-main/workspace) by extension 'ignore'
[0.157s] Level 1:colcon.colcon_core.package_identification:_identify(src/hackathon-2024-main/workspace) by extension 'ignore_ament_install'
[0.157s] Level 1:colcon.colcon_core.package_identification:_identify(src/hackathon-2024-main/workspace) by extensions ['colcon_pkg']
[0.157s] Level 1:colcon.colcon_core.package_identification:_identify(src/hackathon-2024-main/workspace) by extension 'colcon_pkg'
[0.157s] Level 1:colcon.colcon_core.package_identification:_identify(src/hackathon-2024-main/workspace) by extensions ['colcon_meta']
[0.157s] Level 1:colcon.colcon_core.package_identification:_identify(src/hackathon-2024-main/workspace) by extension 'colcon_meta'
[0.157s] Level 1:colcon.colcon_core.package_identification:_identify(src/hackathon-2024-main/workspace) by extensions ['ros']
[0.157s] Level 1:colcon.colcon_core.package_identification:_identify(src/hackathon-2024-main/workspace) by extension 'ros'
[0.157s] Level 1:colcon.colcon_core.package_identification:_identify(src/hackathon-2024-main/workspace) by extensions ['cmake', 'python']
[0.157s] Level 1:colcon.colcon_core.package_identification:_identify(src/hackathon-2024-main/workspace) by extension 'cmake'
[0.157s] Level 1:colcon.colcon_core.package_identification:_identify(src/hackathon-2024-main/workspace) by extension 'python'
[0.157s] Level 1:colcon.colcon_core.package_identification:_identify(src/hackathon-2024-main/workspace) by extensions ['python_setup_py']
[0.157s] Level 1:colcon.colcon_core.package_identification:_identify(src/hackathon-2024-main/workspace) by extension 'python_setup_py'
[0.157s] Level 1:colcon.colcon_core.package_identification:_identify(src/hackathon-2024-main/workspace/bags) by extensions ['ignore', 'ignore_ament_install']
[0.157s] Level 1:colcon.colcon_core.package_identification:_identify(src/hackathon-2024-main/workspace/bags) by extension 'ignore'
[0.157s] Level 1:colcon.colcon_core.package_identification:_identify(src/hackathon-2024-main/workspace/bags) by extension 'ignore_ament_install'
[0.157s] Level 1:colcon.colcon_core.package_identification:_identify(src/hackathon-2024-main/workspace/bags) by extensions ['colcon_pkg']
[0.157s] Level 1:colcon.colcon_core.package_identification:_identify(src/hackathon-2024-main/workspace/bags) by extension 'colcon_pkg'
[0.157s] Level 1:colcon.colcon_core.package_identification:_identify(src/hackathon-2024-main/workspace/bags) by extensions ['colcon_meta']
[0.157s] Level 1:colcon.colcon_core.package_identification:_identify(src/hackathon-2024-main/workspace/bags) by extension 'colcon_meta'
[0.157s] Level 1:colcon.colcon_core.package_identification:_identify(src/hackathon-2024-main/workspace/bags) by extensions ['ros']
[0.157s] Level 1:colcon.colcon_core.package_identification:_identify(src/hackathon-2024-main/workspace/bags) by extension 'ros'
[0.158s] Level 1:colcon.colcon_core.package_identification:_identify(src/hackathon-2024-main/workspace/bags) by extensions ['cmake', 'python']
[0.158s] Level 1:colcon.colcon_core.package_identification:_identify(src/hackathon-2024-main/workspace/bags) by extension 'cmake'
[0.158s] Level 1:colcon.colcon_core.package_identification:_identify(src/hackathon-2024-main/workspace/bags) by extension 'python'
[0.158s] Level 1:colcon.colcon_core.package_identification:_identify(src/hackathon-2024-main/workspace/bags) by extensions ['python_setup_py']
[0.158s] Level 1:colcon.colcon_core.package_identification:_identify(src/hackathon-2024-main/workspace/bags) by extension 'python_setup_py'
[0.158s] Level 1:colcon.colcon_core.package_identification:_identify(src/hackathon-2024-main/workspace/bags/camera_bag) by extensions ['ignore', 'ignore_ament_install']
[0.158s] Level 1:colcon.colcon_core.package_identification:_identify(src/hackathon-2024-main/workspace/bags/camera_bag) by extension 'ignore'
[0.158s] Level 1:colcon.colcon_core.package_identification:_identify(src/hackathon-2024-main/workspace/bags/camera_bag) by extension 'ignore_ament_install'
[0.158s] Level 1:colcon.colcon_core.package_identification:_identify(src/hackathon-2024-main/workspace/bags/camera_bag) by extensions ['colcon_pkg']
[0.158s] Level 1:colcon.colcon_core.package_identification:_identify(src/hackathon-2024-main/workspace/bags/camera_bag) by extension 'colcon_pkg'
[0.158s] Level 1:colcon.colcon_core.package_identification:_identify(src/hackathon-2024-main/workspace/bags/camera_bag) by extensions ['colcon_meta']
[0.158s] Level 1:colcon.colcon_core.package_identification:_identify(src/hackathon-2024-main/workspace/bags/camera_bag) by extension 'colcon_meta'
[0.158s] Level 1:colcon.colcon_core.package_identification:_identify(src/hackathon-2024-main/workspace/bags/camera_bag) by extensions ['ros']
[0.158s] Level 1:colcon.colcon_core.package_identification:_identify(src/hackathon-2024-main/workspace/bags/camera_bag) by extension 'ros'
[0.158s] Level 1:colcon.colcon_core.package_identification:_identify(src/hackathon-2024-main/workspace/bags/camera_bag) by extensions ['cmake', 'python']
[0.158s] Level 1:colcon.colcon_core.package_identification:_identify(src/hackathon-2024-main/workspace/bags/camera_bag) by extension 'cmake'
[0.158s] Level 1:colcon.colcon_core.package_identification:_identify(src/hackathon-2024-main/workspace/bags/camera_bag) by extension 'python'
[0.158s] Level 1:colcon.colcon_core.package_identification:_identify(src/hackathon-2024-main/workspace/bags/camera_bag) by extensions ['python_setup_py']
[0.158s] Level 1:colcon.colcon_core.package_identification:_identify(src/hackathon-2024-main/workspace/bags/camera_bag) by extension 'python_setup_py'
[0.158s] Level 1:colcon.colcon_core.package_identification:_identify(src/hackathon-2024-main/workspace/src) by extensions ['ignore', 'ignore_ament_install']
[0.158s] Level 1:colcon.colcon_core.package_identification:_identify(src/hackathon-2024-main/workspace/src) by extension 'ignore'
[0.158s] Level 1:colcon.colcon_core.package_identification:_identify(src/hackathon-2024-main/workspace/src) by extension 'ignore_ament_install'
[0.158s] Level 1:colcon.colcon_core.package_identification:_identify(src/hackathon-2024-main/workspace/src) by extensions ['colcon_pkg']
[0.158s] Level 1:colcon.colcon_core.package_identification:_identify(src/hackathon-2024-main/workspace/src) by extension 'colcon_pkg'
[0.158s] Level 1:colcon.colcon_core.package_identification:_identify(src/hackathon-2024-main/workspace/src) by extensions ['colcon_meta']
[0.158s] Level 1:colcon.colcon_core.package_identification:_identify(src/hackathon-2024-main/workspace/src) by extension 'colcon_meta'
[0.158s] Level 1:colcon.colcon_core.package_identification:_identify(src/hackathon-2024-main/workspace/src) by extensions ['ros']
[0.158s] Level 1:colcon.colcon_core.package_identification:_identify(src/hackathon-2024-main/workspace/src) by extension 'ros'
[0.158s] Level 1:colcon.colcon_core.package_identification:_identify(src/hackathon-2024-main/workspace/src) by extensions ['cmake', 'python']
[0.158s] Level 1:colcon.colcon_core.package_identification:_identify(src/hackathon-2024-main/workspace/src) by extension 'cmake'
[0.158s] Level 1:colcon.colcon_core.package_identification:_identify(src/hackathon-2024-main/workspace/src) by extension 'python'
[0.158s] Level 1:colcon.colcon_core.package_identification:_identify(src/hackathon-2024-main/workspace/src) by extensions ['python_setup_py']
[0.158s] Level 1:colcon.colcon_core.package_identification:_identify(src/hackathon-2024-main/workspace/src) by extension 'python_setup_py'
[0.158s] Level 1:colcon.colcon_core.package_identification:_identify(src/hackathon-2024-main/workspace/src/chironix_camera) by extensions ['ignore', 'ignore_ament_install']
[0.158s] Level 1:colcon.colcon_core.package_identification:_identify(src/hackathon-2024-main/workspace/src/chironix_camera) by extension 'ignore'
[0.158s] Level 1:colcon.colcon_core.package_identification:_identify(src/hackathon-2024-main/workspace/src/chironix_camera) by extension 'ignore_ament_install'
[0.158s] Level 1:colcon.colcon_core.package_identification:_identify(src/hackathon-2024-main/workspace/src/chironix_camera) by extensions ['colcon_pkg']
[0.158s] Level 1:colcon.colcon_core.package_identification:_identify(src/hackathon-2024-main/workspace/src/chironix_camera) by extension 'colcon_pkg'
[0.158s] Level 1:colcon.colcon_core.package_identification:_identify(src/hackathon-2024-main/workspace/src/chironix_camera) by extensions ['colcon_meta']
[0.158s] Level 1:colcon.colcon_core.package_identification:_identify(src/hackathon-2024-main/workspace/src/chironix_camera) by extension 'colcon_meta'
[0.158s] Level 1:colcon.colcon_core.package_identification:_identify(src/hackathon-2024-main/workspace/src/chironix_camera) by extensions ['ros']
[0.158s] Level 1:colcon.colcon_core.package_identification:_identify(src/hackathon-2024-main/workspace/src/chironix_camera) by extension 'ros'
[0.160s] DEBUG:colcon.colcon_core.package_identification:Package 'src/hackathon-2024-main/workspace/src/chironix_camera' with type 'ros.ament_python' and name 'chironix_camera'
[0.160s] Level 1:colcon.colcon_core.package_identification:_identify(src/hackathon-2024-main/workspace/src/chironix_image_pipeline) by extensions ['ignore', 'ignore_ament_install']
[0.160s] Level 1:colcon.colcon_core.package_identification:_identify(src/hackathon-2024-main/workspace/src/chironix_image_pipeline) by extension 'ignore'
[0.160s] Level 1:colcon.colcon_core.package_identification:_identify(src/hackathon-2024-main/workspace/src/chironix_image_pipeline) by extension 'ignore_ament_install'
[0.160s] Level 1:colcon.colcon_core.package_identification:_identify(src/hackathon-2024-main/workspace/src/chironix_image_pipeline) by extensions ['colcon_pkg']
[0.160s] Level 1:colcon.colcon_core.package_identification:_identify(src/hackathon-2024-main/workspace/src/chironix_image_pipeline) by extension 'colcon_pkg'
[0.160s] Level 1:colcon.colcon_core.package_identification:_identify(src/hackathon-2024-main/workspace/src/chironix_image_pipeline) by extensions ['colcon_meta']
[0.160s] Level 1:colcon.colcon_core.package_identification:_identify(src/hackathon-2024-main/workspace/src/chironix_image_pipeline) by extension 'colcon_meta'
[0.160s] Level 1:colcon.colcon_core.package_identification:_identify(src/hackathon-2024-main/workspace/src/chironix_image_pipeline) by extensions ['ros']
[0.160s] Level 1:colcon.colcon_core.package_identification:_identify(src/hackathon-2024-main/workspace/src/chironix_image_pipeline) by extension 'ros'
[0.161s] DEBUG:colcon.colcon_core.package_identification:Package 'src/hackathon-2024-main/workspace/src/chironix_image_pipeline' with type 'ros.ament_cmake' and name 'chironix_image_pipeline'
[0.161s] Level 1:colcon.colcon_core.package_identification:_identify(src/panorama_cam) by extensions ['ignore', 'ignore_ament_install']
[0.161s] Level 1:colcon.colcon_core.package_identification:_identify(src/panorama_cam) by extension 'ignore'
[0.161s] Level 1:colcon.colcon_core.package_identification:_identify(src/panorama_cam) by extension 'ignore_ament_install'
[0.161s] Level 1:colcon.colcon_core.package_identification:_identify(src/panorama_cam) by extensions ['colcon_pkg']
[0.161s] Level 1:colcon.colcon_core.package_identification:_identify(src/panorama_cam) by extension 'colcon_pkg'
[0.161s] Level 1:colcon.colcon_core.package_identification:_identify(src/panorama_cam) by extensions ['colcon_meta']
[0.161s] Level 1:colcon.colcon_core.package_identification:_identify(src/panorama_cam) by extension 'colcon_meta'
[0.161s] Level 1:colcon.colcon_core.package_identification:_identify(src/panorama_cam) by extensions ['ros']
[0.161s] Level 1:colcon.colcon_core.package_identification:_identify(src/panorama_cam) by extension 'ros'
[0.161s] DEBUG:colcon.colcon_core.package_identification:Package 'src/panorama_cam' with type 'ros.ament_python' and name 'panorama_cam'
[0.161s] Level 1:colcon.colcon_core.package_identification:_identify(src/surround_cam) by extensions ['ignore', 'ignore_ament_install']
[0.161s] Level 1:colcon.colcon_core.package_identification:_identify(src/surround_cam) by extension 'ignore'
[0.161s] Level 1:colcon.colcon_core.package_identification:_identify(src/surround_cam) by extension 'ignore_ament_install'
[0.161s] Level 1:colcon.colcon_core.package_identification:_identify(src/surround_cam) by extensions ['colcon_pkg']
[0.161s] Level 1:colcon.colcon_core.package_identification:_identify(src/surround_cam) by extension 'colcon_pkg'
[0.161s] Level 1:colcon.colcon_core.package_identification:_identify(src/surround_cam) by extensions ['colcon_meta']
[0.161s] Level 1:colcon.colcon_core.package_identification:_identify(src/surround_cam) by extension 'colcon_meta'
[0.161s] Level 1:colcon.colcon_core.package_identification:_identify(src/surround_cam) by extensions ['ros']
[0.161s] Level 1:colcon.colcon_core.package_identification:_identify(src/surround_cam) by extension 'ros'
[0.162s] DEBUG:colcon.colcon_core.package_identification:Package 'src/surround_cam' with type 'ros.ament_python' and name 'surround_cam'
[0.162s] Level 1:colcon.colcon_core.package_discovery:discover_packages(recursive) using defaults
[0.162s] Level 1:colcon.colcon_core.package_discovery:discover_packages(ignore) discover
[0.162s] Level 1:colcon.colcon_core.package_discovery:discover_packages(ignore) using defaults
[0.163s] Level 1:colcon.colcon_core.package_discovery:discover_packages(path) discover
[0.163s] Level 1:colcon.colcon_core.package_discovery:discover_packages(path) using defaults
[0.179s] Level 1:colcon.colcon_core.package_discovery:discover_packages(prefix_path) check parameters
[0.179s] Level 1:colcon.colcon_core.package_discovery:discover_packages(prefix_path) discover
[0.180s] DEBUG:colcon.colcon_installed_package_information.package_discovery:Found 1 installed packages in /home/louisdinhh/camera_360_ws/install
[0.181s] DEBUG:colcon.colcon_installed_package_information.package_discovery:Found 430 installed packages in /opt/ros/humble
[0.182s] Level 1:colcon.colcon_core.package_discovery:discover_packages(prefix_path) using defaults
[0.209s] Level 5:colcon.colcon_core.verb:set package 'chironix_camera' build argument 'cmake_args' from command line to 'None'
[0.209s] Level 5:colcon.colcon_core.verb:set package 'chironix_camera' build argument 'cmake_target' from command line to 'None'
[0.209s] Level 5:colcon.colcon_core.verb:set package 'chironix_camera' build argument 'cmake_target_skip_unavailable' from command line to 'False'
[0.209s] Level 5:colcon.colcon_core.verb:set package 'chironix_camera' build argument 'cmake_clean_cache' from command line to 'False'
[0.209s] Level 5:colcon.colcon_core.verb:set package 'chironix_camera' build argument 'cmake_clean_first' from command line to 'False'
[0.209s] Level 5:colcon.colcon_core.verb:set package 'chironix_camera' build argument 'cmake_force_configure' from command line to 'False'
[0.209s] Level 5:colcon.colcon_core.verb:set package 'chironix_camera' build argument 'ament_cmake_args' from command line to 'None'
[0.209s] Level 5:colcon.colcon_core.verb:set package 'chironix_camera' build argument 'catkin_cmake_args' from command line to 'None'
[0.209s] Level 5:colcon.colcon_core.verb:set package 'chironix_camera' build argument 'catkin_skip_building_tests' from command line to 'False'
[0.209s] DEBUG:colcon.colcon_core.verb:Building package 'chironix_camera' with the following arguments: {'ament_cmake_args': None, 'build_base': '/home/louisdinhh/camera_360_ws/build/chironix_camera', 'catkin_cmake_args': None, 'catkin_skip_building_tests': False, 'cmake_args': None, 'cmake_clean_cache': False, 'cmake_clean_first': False, 'cmake_force_configure': False, 'cmake_target': None, 'cmake_target_skip_unavailable': False, 'install_base': '/home/louisdinhh/camera_360_ws/install/chironix_camera', 'merge_install': False, 'path': '/home/louisdinhh/camera_360_ws/src/hackathon-2024-main/workspace/src/chironix_camera', 'symlink_install': False, 'test_result_base': None}
[0.209s] Level 5:colcon.colcon_core.verb:set package 'chironix_image_pipeline' build argument 'cmake_args' from command line to 'None'
[0.209s] Level 5:colcon.colcon_core.verb:set package 'chironix_image_pipeline' build argument 'cmake_target' from command line to 'None'
[0.209s] Level 5:colcon.colcon_core.verb:set package 'chironix_image_pipeline' build argument 'cmake_target_skip_unavailable' from command line to 'False'
[0.209s] Level 5:colcon.colcon_core.verb:set package 'chironix_image_pipeline' build argument 'cmake_clean_cache' from command line to 'False'
[0.209s] Level 5:colcon.colcon_core.verb:set package 'chironix_image_pipeline' build argument 'cmake_clean_first' from command line to 'False'
[0.209s] Level 5:colcon.colcon_core.verb:set package 'chironix_image_pipeline' build argument 'cmake_force_configure' from command line to 'False'
[0.209s] Level 5:colcon.colcon_core.verb:set package 'chironix_image_pipeline' build argument 'ament_cmake_args' from command line to 'None'
[0.209s] Level 5:colcon.colcon_core.verb:set package 'chironix_image_pipeline' build argument 'catkin_cmake_args' from command line to 'None'
[0.209s] Level 5:colcon.colcon_core.verb:set package 'chironix_image_pipeline' build argument 'catkin_skip_building_tests' from command line to 'False'
[0.209s] DEBUG:colcon.colcon_core.verb:Building package 'chironix_image_pipeline' with the following arguments: {'ament_cmake_args': None, 'build_base': '/home/louisdinhh/camera_360_ws/build/chironix_image_pipeline', 'catkin_cmake_args': None, 'catkin_skip_building_tests': False, 'cmake_args': None, 'cmake_clean_cache': False, 'cmake_clean_first': False, 'cmake_force_configure': False, 'cmake_target': None, 'cmake_target_skip_unavailable': False, 'install_base': '/home/louisdinhh/camera_360_ws/install/chironix_image_pipeline', 'merge_install': False, 'path': '/home/louisdinhh/camera_360_ws/src/hackathon-2024-main/workspace/src/chironix_image_pipeline', 'symlink_install': False, 'test_result_base': None}
[0.209s] Level 5:colcon.colcon_core.verb:set package 'panorama_cam' build argument 'cmake_args' from command line to 'None'
[0.209s] Level 5:colcon.colcon_core.verb:set package 'panorama_cam' build argument 'cmake_target' from command line to 'None'
[0.209s] Level 5:colcon.colcon_core.verb:set package 'panorama_cam' build argument 'cmake_target_skip_unavailable' from command line to 'False'
[0.209s] Level 5:colcon.colcon_core.verb:set package 'panorama_cam' build argument 'cmake_clean_cache' from command line to 'False'
[0.209s] Level 5:colcon.colcon_core.verb:set package 'panorama_cam' build argument 'cmake_clean_first' from command line to 'False'
[0.209s] Level 5:colcon.colcon_core.verb:set package 'panorama_cam' build argument 'cmake_force_configure' from command line to 'False'
[0.209s] Level 5:colcon.colcon_core.verb:set package 'panorama_cam' build argument 'ament_cmake_args' from command line to 'None'
[0.209s] Level 5:colcon.colcon_core.verb:set package 'panorama_cam' build argument 'catkin_cmake_args' from command line to 'None'
[0.209s] Level 5:colcon.colcon_core.verb:set package 'panorama_cam' build argument 'catkin_skip_building_tests' from command line to 'False'
[0.209s] DEBUG:colcon.colcon_core.verb:Building package 'panorama_cam' with the following arguments: {'ament_cmake_args': None, 'build_base': '/home/louisdinhh/camera_360_ws/build/panorama_cam', 'catkin_cmake_args': None, 'catkin_skip_building_tests': False, 'cmake_args': None, 'cmake_clean_cache': False, 'cmake_clean_first': False, 'cmake_force_configure': False, 'cmake_target': None, 'cmake_target_skip_unavailable': False, 'install_base': '/home/louisdinhh/camera_360_ws/install/panorama_cam', 'merge_install': False, 'path': '/home/louisdinhh/camera_360_ws/src/panorama_cam', 'symlink_install': False, 'test_result_base': None}
[0.210s] Level 5:colcon.colcon_core.verb:set package 'surround_cam' build argument 'cmake_args' from command line to 'None'
[0.210s] Level 5:colcon.colcon_core.verb:set package 'surround_cam' build argument 'cmake_target' from command line to 'None'
[0.210s] Level 5:colcon.colcon_core.verb:set package 'surround_cam' build argument 'cmake_target_skip_unavailable' from command line to 'False'
[0.210s] Level 5:colcon.colcon_core.verb:set package 'surround_cam' build argument 'cmake_clean_cache' from command line to 'False'
[0.210s] Level 5:colcon.colcon_core.verb:set package 'surround_cam' build argument 'cmake_clean_first' from command line to 'False'
[0.210s] Level 5:colcon.colcon_core.verb:set package 'surround_cam' build argument 'cmake_force_configure' from command line to 'False'
[0.210s] Level 5:colcon.colcon_core.verb:set package 'surround_cam' build argument 'ament_cmake_args' from command line to 'None'
[0.210s] Level 5:colcon.colcon_core.verb:set package 'surround_cam' build argument 'catkin_cmake_args' from command line to 'None'
[0.210s] Level 5:colcon.colcon_core.verb:set package 'surround_cam' build argument 'catkin_skip_building_tests' from command line to 'False'
[0.210s] DEBUG:colcon.colcon_core.verb:Building package 'surround_cam' with the following arguments: {'ament_cmake_args': None, 'build_base': '/home/louisdinhh/camera_360_ws/build/surround_cam', 'catkin_cmake_args': None, 'catkin_skip_building_tests': False, 'cmake_args': None, 'cmake_clean_cache': False, 'cmake_clean_first': False, 'cmake_force_configure': False, 'cmake_target': None, 'cmake_target_skip_unavailable': False, 'install_base': '/home/louisdinhh/camera_360_ws/install/surround_cam', 'merge_install': False, 'path': '/home/louisdinhh/camera_360_ws/src/surround_cam', 'symlink_install': False, 'test_result_base': None}
[0.210s] INFO:colcon.colcon_core.executor:Executing jobs using 'parallel' executor
[0.210s] DEBUG:colcon.colcon_parallel_executor.executor.parallel:run_until_complete
[0.211s] INFO:colcon.colcon_ros.task.ament_python.build:Building ROS package in '/home/louisdinhh/camera_360_ws/src/hackathon-2024-main/workspace/src/chironix_camera' with build type 'ament_python'
[0.211s] Level 1:colcon.colcon_core.shell:create_environment_hook('chironix_camera', 'ament_prefix_path')
[0.212s] INFO:colcon.colcon_core.plugin_system:Skipping extension 'colcon_core.shell.bat': Not used on non-Windows systems
[0.212s] INFO:colcon.colcon_core.shell:Creating environment hook '/home/louisdinhh/camera_360_ws/install/chironix_camera/share/chironix_camera/hook/ament_prefix_path.ps1'
[0.212s] INFO:colcon.colcon_core.shell:Creating environment descriptor '/home/louisdinhh/camera_360_ws/install/chironix_camera/share/chironix_camera/hook/ament_prefix_path.dsv'
[0.212s] INFO:colcon.colcon_core.shell:Creating environment hook '/home/louisdinhh/camera_360_ws/install/chironix_camera/share/chironix_camera/hook/ament_prefix_path.sh'
[0.213s] INFO:colcon.colcon_core.shell:Skip shell extension 'powershell' for command environment: Not usable outside of PowerShell
[0.213s] DEBUG:colcon.colcon_core.shell:Skip shell extension 'dsv' for command environment
[0.215s] INFO:colcon.colcon_ros.task.ament_cmake.build:Building ROS package in '/home/louisdinhh/camera_360_ws/src/hackathon-2024-main/workspace/src/chironix_image_pipeline' with build type 'ament_cmake'
[0.215s] INFO:colcon.colcon_cmake.task.cmake.build:Building CMake package in '/home/louisdinhh/camera_360_ws/src/hackathon-2024-main/workspace/src/chironix_image_pipeline'
[0.215s] INFO:colcon.colcon_core.shell:Skip shell extension 'powershell' for command environment: Not usable outside of PowerShell
[0.215s] DEBUG:colcon.colcon_core.shell:Skip shell extension 'dsv' for command environment
[0.217s] INFO:colcon.colcon_ros.task.ament_python.build:Building ROS package in '/home/louisdinhh/camera_360_ws/src/panorama_cam' with build type 'ament_python'
[0.217s] Level 1:colcon.colcon_core.shell:create_environment_hook('panorama_cam', 'ament_prefix_path')
[0.217s] INFO:colcon.colcon_core.shell:Creating environment hook '/home/louisdinhh/camera_360_ws/install/panorama_cam/share/panorama_cam/hook/ament_prefix_path.ps1'
[0.217s] INFO:colcon.colcon_core.shell:Creating environment descriptor '/home/louisdinhh/camera_360_ws/install/panorama_cam/share/panorama_cam/hook/ament_prefix_path.dsv'
[0.218s] INFO:colcon.colcon_core.shell:Creating environment hook '/home/louisdinhh/camera_360_ws/install/panorama_cam/share/panorama_cam/hook/ament_prefix_path.sh'
[0.218s] INFO:colcon.colcon_core.shell:Skip shell extension 'powershell' for command environment: Not usable outside of PowerShell
[0.218s] DEBUG:colcon.colcon_core.shell:Skip shell extension 'dsv' for command environment
[0.220s] INFO:colcon.colcon_ros.task.ament_python.build:Building ROS package in '/home/louisdinhh/camera_360_ws/src/surround_cam' with build type 'ament_python'
[0.220s] Level 1:colcon.colcon_core.shell:create_environment_hook('surround_cam', 'ament_prefix_path')
[0.220s] INFO:colcon.colcon_core.shell:Creating environment hook '/home/louisdinhh/camera_360_ws/install/surround_cam/share/surround_cam/hook/ament_prefix_path.ps1'
[0.220s] INFO:colcon.colcon_core.shell:Creating environment descriptor '/home/louisdinhh/camera_360_ws/install/surround_cam/share/surround_cam/hook/ament_prefix_path.dsv'
[0.220s] INFO:colcon.colcon_core.shell:Creating environment hook '/home/louisdinhh/camera_360_ws/install/surround_cam/share/surround_cam/hook/ament_prefix_path.sh'
[0.221s] INFO:colcon.colcon_core.shell:Skip shell extension 'powershell' for command environment: Not usable outside of PowerShell
[0.221s] DEBUG:colcon.colcon_core.shell:Skip shell extension 'dsv' for command environment
[0.365s] INFO:colcon.colcon_core.task.python.build:Building Python package in '/home/louisdinhh/camera_360_ws/src/hackathon-2024-main/workspace/src/chironix_camera'
[0.365s] INFO:colcon.colcon_core.shell:Skip shell extension 'powershell' for command environment: Not usable outside of PowerShell
[0.365s] DEBUG:colcon.colcon_core.shell:Skip shell extension 'dsv' for command environment
[0.372s] DEBUG:colcon.colcon_core.event_handler.log_command:Invoking command in '/home/louisdinhh/camera_360_ws/build/chironix_image_pipeline': CMAKE_PREFIX_PATH=/home/louisdinhh/camera_360_ws/install/surround_cam:/opt/ros/humble /usr/bin/cmake /home/louisdinhh/camera_360_ws/src/hackathon-2024-main/workspace/src/chironix_image_pipeline -DCMAKE_INSTALL_PREFIX=/home/louisdinhh/camera_360_ws/install/chironix_image_pipeline
[0.524s] INFO:colcon.colcon_core.task.python.build:Building Python package in '/home/louisdinhh/camera_360_ws/src/panorama_cam'
[0.524s] INFO:colcon.colcon_core.shell:Skip shell extension 'powershell' for command environment: Not usable outside of PowerShell
[0.524s] DEBUG:colcon.colcon_core.shell:Skip shell extension 'dsv' for command environment
[0.688s] INFO:colcon.colcon_core.task.python.build:Building Python package in '/home/louisdinhh/camera_360_ws/src/surround_cam'
[0.689s] INFO:colcon.colcon_core.shell:Skip shell extension 'powershell' for command environment: Not usable outside of PowerShell
[0.689s] DEBUG:colcon.colcon_core.shell:Skip shell extension 'dsv' for command environment
[0.917s] DEBUG:colcon.colcon_core.event_handler.log_command:Invoking command in '/home/louisdinhh/camera_360_ws/src/panorama_cam': PYTHONPATH=/home/louisdinhh/camera_360_ws/build/panorama_cam/prefix_override:/usr/lib/python3/dist-packages/colcon_core/task/python/colcon_distutils_commands:/home/louisdinhh/camera_360_ws/install/panorama_cam/lib/python3.10/site-packages:${PYTHONPATH} /usr/bin/python3 -W ignore:setup.py install is deprecated setup.py egg_info --egg-base ../../build/panorama_cam build --build-base /home/louisdinhh/camera_360_ws/build/panorama_cam/build install --record /home/louisdinhh/camera_360_ws/build/panorama_cam/install.log --single-version-externally-managed install_data
[0.919s] DEBUG:colcon.colcon_core.event_handler.log_command:Invoking command in '/home/louisdinhh/camera_360_ws/src/hackathon-2024-main/workspace/src/chironix_camera': PYTHONPATH=/home/louisdinhh/camera_360_ws/build/chironix_camera/prefix_override:/usr/lib/python3/dist-packages/colcon_core/task/python/colcon_distutils_commands:/home/louisdinhh/camera_360_ws/install/chironix_camera/lib/python3.10/site-packages:${PYTHONPATH} /usr/bin/python3 -W ignore:setup.py install is deprecated setup.py egg_info --egg-base ../../../../../build/chironix_camera build --build-base /home/louisdinhh/camera_360_ws/build/chironix_camera/build install --record /home/louisdinhh/camera_360_ws/build/chironix_camera/install.log --single-version-externally-managed install_data
[0.920s] DEBUG:colcon.colcon_core.event_handler.log_command:Invoking command in '/home/louisdinhh/camera_360_ws/src/surround_cam': PYTHONPATH=/home/louisdinhh/camera_360_ws/build/surround_cam/prefix_override:/usr/lib/python3/dist-packages/colcon_core/task/python/colcon_distutils_commands:/home/louisdinhh/camera_360_ws/install/surround_cam/lib/python3.10/site-packages:${PYTHONPATH} /usr/bin/python3 -W ignore:setup.py install is deprecated setup.py egg_info --egg-base ../../build/surround_cam build --build-base /home/louisdinhh/camera_360_ws/build/surround_cam/build install --record /home/louisdinhh/camera_360_ws/build/surround_cam/install.log --single-version-externally-managed install_data
[1.080s] DEBUG:colcon.colcon_core.event_handler.log_command:Invoked command in '/home/louisdinhh/camera_360_ws/src/panorama_cam' returned '1': PYTHONPATH=/home/louisdinhh/camera_360_ws/build/panorama_cam/prefix_override:/usr/lib/python3/dist-packages/colcon_core/task/python/colcon_distutils_commands:/home/louisdinhh/camera_360_ws/install/panorama_cam/lib/python3.10/site-packages:${PYTHONPATH} /usr/bin/python3 -W ignore:setup.py install is deprecated setup.py egg_info --egg-base ../../build/panorama_cam build --build-base /home/louisdinhh/camera_360_ws/build/panorama_cam/build install --record /home/louisdinhh/camera_360_ws/build/panorama_cam/install.log --single-version-externally-managed install_data
[1.478s] DEBUG:colcon.colcon_parallel_executor.executor.parallel:closing loop
[1.478s] DEBUG:colcon.colcon_parallel_executor.executor.parallel:loop closed
[1.478s] DEBUG:colcon.colcon_parallel_executor.executor.parallel:run_until_complete finished with '1'
[1.478s] DEBUG:colcon.colcon_core.event_reactor:joining thread
[1.486s] INFO:colcon.colcon_core.plugin_system:Skipping extension 'colcon_notification.desktop_notification.terminal_notifier': Not used on non-Darwin systems
[1.486s] INFO:colcon.colcon_core.plugin_system:Skipping extension 'colcon_notification.desktop_notification.win32': Not used on non-Windows systems
[1.486s] INFO:colcon.colcon_notification.desktop_notification:Sending desktop notification using 'notify2'
[1.500s] DEBUG:colcon.colcon_core.event_reactor:joined thread
[1.501s] INFO:colcon.colcon_core.shell:Creating prefix script '/home/louisdinhh/camera_360_ws/install/local_setup.ps1'
[1.503s] INFO:colcon.colcon_core.shell:Creating prefix util module '/home/louisdinhh/camera_360_ws/install/_local_setup_util_ps1.py'
[1.505s] INFO:colcon.colcon_core.shell:Creating prefix chain script '/home/louisdinhh/camera_360_ws/install/setup.ps1'
[1.507s] INFO:colcon.colcon_core.shell:Creating prefix script '/home/louisdinhh/camera_360_ws/install/local_setup.sh'
[1.508s] INFO:colcon.colcon_core.shell:Creating prefix util module '/home/louisdinhh/camera_360_ws/install/_local_setup_util_sh.py'
[1.509s] INFO:colcon.colcon_core.shell:Creating prefix chain script '/home/louisdinhh/camera_360_ws/install/setup.sh'
[1.510s] INFO:colcon.colcon_core.shell:Creating prefix script '/home/louisdinhh/camera_360_ws/install/local_setup.bash'
[1.511s] INFO:colcon.colcon_core.shell:Creating prefix chain script '/home/louisdinhh/camera_360_ws/install/setup.bash'
[1.512s] INFO:colcon.colcon_core.shell:Creating prefix script '/home/louisdinhh/camera_360_ws/install/local_setup.zsh'
[1.512s] INFO:colcon.colcon_core.shell:Creating prefix chain script '/home/louisdinhh/camera_360_ws/install/setup.zsh'
