[0.092s] DEBUG:colcon:Command line arguments: ['/usr/bin/colcon', 'list', '-p', '--base-paths', '/home/louisdinhh/camera_stereo_ws']
[0.093s] DEBUG:colcon:Parsed command line arguments: Namespace(log_base=None, log_level=None, verb_name='list', build_base='build', ignore_user_meta=False, metas=['./colcon.meta'], base_paths=['/home/louisdinhh/camera_stereo_ws'], packages_ignore=None, packages_ignore_regex=None, paths=None, packages_up_to=None, packages_up_to_regex=None, packages_above=None, packages_above_and_dependencies=None, packages_above_depth=None, packages_select_by_dep=None, packages_skip_by_dep=None, packages_skip_up_to=None, packages_select_build_failed=False, packages_skip_build_finished=False, packages_select_test_failures=False, packages_skip_test_passed=False, packages_select=None, packages_skip=None, packages_select_regex=None, packages_skip_regex=None, packages_start=None, packages_end=None, allow_overriding=[], topological_order=False, names_only=False, paths_only=True, topological_graph=False, topological_graph_dot=False, topological_graph_density=False, topological_graph_legend=False, topological_graph_dot_cluster=False, topological_graph_dot_include_skipped=False, mixin_files=None, mixin=None, verb_parser=<colcon_mixin.mixin.mixin_argument.MixinArgumentDecorator object at 0x7cba08d7c6a0>, verb_extension=<colcon_package_information.verb.list.ListVerb object at 0x7cba08d43850>, main=<bound method ListVerb.main of <colcon_package_information.verb.list.ListVerb object at 0x7cba08d43850>>, mixin_verb=('list',))
[0.216s] Level 1:colcon.colcon_core.package_discovery:discover_packages(colcon_meta) check parameters
[0.217s] Level 1:colcon.colcon_core.package_discovery:discover_packages(recursive) check parameters
[0.217s] Level 1:colcon.colcon_core.package_discovery:discover_packages(ignore) check parameters
[0.217s] Level 1:colcon.colcon_core.package_discovery:discover_packages(path) check parameters
[0.217s] Level 1:colcon.colcon_core.package_discovery:discover_packages(recursive) discover
[0.217s] INFO:colcon.colcon_core.package_discovery:Crawling recursively for packages in '/home/louisdinhh/camera_stereo_ws'
[0.217s] Level 1:colcon.colcon_core.package_identification:_identify(/home/louisdinhh/camera_stereo_ws) by extensions ['ignore', 'ignore_ament_install']
[0.217s] Level 1:colcon.colcon_core.package_identification:_identify(/home/louisdinhh/camera_stereo_ws) by extension 'ignore'
[0.217s] Level 1:colcon.colcon_core.package_identification:_identify(/home/louisdinhh/camera_stereo_ws) by extension 'ignore_ament_install'
[0.217s] Level 1:colcon.colcon_core.package_identification:_identify(/home/louisdinhh/camera_stereo_ws) by extensions ['colcon_pkg']
[0.217s] Level 1:colcon.colcon_core.package_identification:_identify(/home/louisdinhh/camera_stereo_ws) by extension 'colcon_pkg'
[0.217s] Level 1:colcon.colcon_core.package_identification:_identify(/home/louisdinhh/camera_stereo_ws) by extensions ['colcon_meta']
[0.217s] Level 1:colcon.colcon_core.package_identification:_identify(/home/louisdinhh/camera_stereo_ws) by extension 'colcon_meta'
[0.217s] Level 1:colcon.colcon_core.package_identification:_identify(/home/louisdinhh/camera_stereo_ws) by extensions ['ros']
[0.217s] Level 1:colcon.colcon_core.package_identification:_identify(/home/louisdinhh/camera_stereo_ws) by extension 'ros'
[0.225s] Level 1:colcon.colcon_core.package_identification:_identify(/home/louisdinhh/camera_stereo_ws) by extensions ['cmake', 'python']
[0.225s] Level 1:colcon.colcon_core.package_identification:_identify(/home/louisdinhh/camera_stereo_ws) by extension 'cmake'
[0.225s] Level 1:colcon.colcon_core.package_identification:_identify(/home/louisdinhh/camera_stereo_ws) by extension 'python'
[0.225s] Level 1:colcon.colcon_core.package_identification:_identify(/home/louisdinhh/camera_stereo_ws) by extensions ['python_setup_py']
[0.225s] Level 1:colcon.colcon_core.package_identification:_identify(/home/louisdinhh/camera_stereo_ws) by extension 'python_setup_py'
[0.226s] Level 1:colcon.colcon_core.package_identification:_identify(/home/louisdinhh/camera_stereo_ws/build) by extensions ['ignore', 'ignore_ament_install']
[0.226s] Level 1:colcon.colcon_core.package_identification:_identify(/home/louisdinhh/camera_stereo_ws/build) by extension 'ignore'
[0.226s] Level 1:colcon.colcon_core.package_identification:_identify(/home/louisdinhh/camera_stereo_ws/build) ignored
[0.226s] Level 1:colcon.colcon_core.package_identification:_identify(/home/louisdinhh/camera_stereo_ws/install) by extensions ['ignore', 'ignore_ament_install']
[0.226s] Level 1:colcon.colcon_core.package_identification:_identify(/home/louisdinhh/camera_stereo_ws/install) by extension 'ignore'
[0.226s] Level 1:colcon.colcon_core.package_identification:_identify(/home/louisdinhh/camera_stereo_ws/install) ignored
[0.226s] Level 1:colcon.colcon_core.package_identification:_identify(/home/louisdinhh/camera_stereo_ws/log) by extensions ['ignore', 'ignore_ament_install']
[0.226s] Level 1:colcon.colcon_core.package_identification:_identify(/home/louisdinhh/camera_stereo_ws/log) by extension 'ignore'
[0.226s] Level 1:colcon.colcon_core.package_identification:_identify(/home/louisdinhh/camera_stereo_ws/log) ignored
[0.226s] Level 1:colcon.colcon_core.package_identification:_identify(/home/louisdinhh/camera_stereo_ws/src) by extensions ['ignore', 'ignore_ament_install']
[0.226s] Level 1:colcon.colcon_core.package_identification:_identify(/home/louisdinhh/camera_stereo_ws/src) by extension 'ignore'
[0.226s] Level 1:colcon.colcon_core.package_identification:_identify(/home/louisdinhh/camera_stereo_ws/src) by extension 'ignore_ament_install'
[0.226s] Level 1:colcon.colcon_core.package_identification:_identify(/home/louisdinhh/camera_stereo_ws/src) by extensions ['colcon_pkg']
[0.226s] Level 1:colcon.colcon_core.package_identification:_identify(/home/louisdinhh/camera_stereo_ws/src) by extension 'colcon_pkg'
[0.226s] Level 1:colcon.colcon_core.package_identification:_identify(/home/louisdinhh/camera_stereo_ws/src) by extensions ['colcon_meta']
[0.226s] Level 1:colcon.colcon_core.package_identification:_identify(/home/louisdinhh/camera_stereo_ws/src) by extension 'colcon_meta'
[0.226s] Level 1:colcon.colcon_core.package_identification:_identify(/home/louisdinhh/camera_stereo_ws/src) by extensions ['ros']
[0.226s] Level 1:colcon.colcon_core.package_identification:_identify(/home/louisdinhh/camera_stereo_ws/src) by extension 'ros'
[0.226s] Level 1:colcon.colcon_core.package_identification:_identify(/home/louisdinhh/camera_stereo_ws/src) by extensions ['cmake', 'python']
[0.226s] Level 1:colcon.colcon_core.package_identification:_identify(/home/louisdinhh/camera_stereo_ws/src) by extension 'cmake'
[0.226s] Level 1:colcon.colcon_core.package_identification:_identify(/home/louisdinhh/camera_stereo_ws/src) by extension 'python'
[0.226s] Level 1:colcon.colcon_core.package_identification:_identify(/home/louisdinhh/camera_stereo_ws/src) by extensions ['python_setup_py']
[0.227s] Level 1:colcon.colcon_core.package_identification:_identify(/home/louisdinhh/camera_stereo_ws/src) by extension 'python_setup_py'
[0.227s] Level 1:colcon.colcon_core.package_identification:_identify(/home/louisdinhh/camera_stereo_ws/src/image_common) by extensions ['ignore', 'ignore_ament_install']
[0.227s] Level 1:colcon.colcon_core.package_identification:_identify(/home/louisdinhh/camera_stereo_ws/src/image_common) by extension 'ignore'
[0.227s] Level 1:colcon.colcon_core.package_identification:_identify(/home/louisdinhh/camera_stereo_ws/src/image_common) by extension 'ignore_ament_install'
[0.227s] Level 1:colcon.colcon_core.package_identification:_identify(/home/louisdinhh/camera_stereo_ws/src/image_common) by extensions ['colcon_pkg']
[0.227s] Level 1:colcon.colcon_core.package_identification:_identify(/home/louisdinhh/camera_stereo_ws/src/image_common) by extension 'colcon_pkg'
[0.227s] Level 1:colcon.colcon_core.package_identification:_identify(/home/louisdinhh/camera_stereo_ws/src/image_common) by extensions ['colcon_meta']
[0.227s] Level 1:colcon.colcon_core.package_identification:_identify(/home/louisdinhh/camera_stereo_ws/src/image_common) by extension 'colcon_meta'
[0.227s] Level 1:colcon.colcon_core.package_identification:_identify(/home/louisdinhh/camera_stereo_ws/src/image_common) by extensions ['ros']
[0.227s] Level 1:colcon.colcon_core.package_identification:_identify(/home/louisdinhh/camera_stereo_ws/src/image_common) by extension 'ros'
[0.227s] Level 1:colcon.colcon_core.package_identification:_identify(/home/louisdinhh/camera_stereo_ws/src/image_common) by extensions ['cmake', 'python']
[0.227s] Level 1:colcon.colcon_core.package_identification:_identify(/home/louisdinhh/camera_stereo_ws/src/image_common) by extension 'cmake'
[0.227s] Level 1:colcon.colcon_core.package_identification:_identify(/home/louisdinhh/camera_stereo_ws/src/image_common) by extension 'python'
[0.227s] Level 1:colcon.colcon_core.package_identification:_identify(/home/louisdinhh/camera_stereo_ws/src/image_common) by extensions ['python_setup_py']
[0.227s] Level 1:colcon.colcon_core.package_identification:_identify(/home/louisdinhh/camera_stereo_ws/src/image_common) by extension 'python_setup_py'
[0.227s] Level 1:colcon.colcon_core.package_identification:_identify(/home/louisdinhh/camera_stereo_ws/src/image_common/camera_calibration_parsers) by extensions ['ignore', 'ignore_ament_install']
[0.227s] Level 1:colcon.colcon_core.package_identification:_identify(/home/louisdinhh/camera_stereo_ws/src/image_common/camera_calibration_parsers) by extension 'ignore'
[0.227s] Level 1:colcon.colcon_core.package_identification:_identify(/home/louisdinhh/camera_stereo_ws/src/image_common/camera_calibration_parsers) by extension 'ignore_ament_install'
[0.227s] Level 1:colcon.colcon_core.package_identification:_identify(/home/louisdinhh/camera_stereo_ws/src/image_common/camera_calibration_parsers) by extensions ['colcon_pkg']
[0.227s] Level 1:colcon.colcon_core.package_identification:_identify(/home/louisdinhh/camera_stereo_ws/src/image_common/camera_calibration_parsers) by extension 'colcon_pkg'
[0.227s] Level 1:colcon.colcon_core.package_identification:_identify(/home/louisdinhh/camera_stereo_ws/src/image_common/camera_calibration_parsers) by extensions ['colcon_meta']
[0.227s] Level 1:colcon.colcon_core.package_identification:_identify(/home/louisdinhh/camera_stereo_ws/src/image_common/camera_calibration_parsers) by extension 'colcon_meta'
[0.227s] Level 1:colcon.colcon_core.package_identification:_identify(/home/louisdinhh/camera_stereo_ws/src/image_common/camera_calibration_parsers) by extensions ['ros']
[0.227s] Level 1:colcon.colcon_core.package_identification:_identify(/home/louisdinhh/camera_stereo_ws/src/image_common/camera_calibration_parsers) by extension 'ros'
[0.229s] DEBUG:colcon.colcon_core.package_identification:Package '/home/louisdinhh/camera_stereo_ws/src/image_common/camera_calibration_parsers' with type 'ros.ament_cmake' and name 'camera_calibration_parsers'
[0.229s] Level 1:colcon.colcon_core.package_identification:_identify(/home/louisdinhh/camera_stereo_ws/src/image_common/camera_info_manager) by extensions ['ignore', 'ignore_ament_install']
[0.229s] Level 1:colcon.colcon_core.package_identification:_identify(/home/louisdinhh/camera_stereo_ws/src/image_common/camera_info_manager) by extension 'ignore'
[0.230s] Level 1:colcon.colcon_core.package_identification:_identify(/home/louisdinhh/camera_stereo_ws/src/image_common/camera_info_manager) by extension 'ignore_ament_install'
[0.230s] Level 1:colcon.colcon_core.package_identification:_identify(/home/louisdinhh/camera_stereo_ws/src/image_common/camera_info_manager) by extensions ['colcon_pkg']
[0.230s] Level 1:colcon.colcon_core.package_identification:_identify(/home/louisdinhh/camera_stereo_ws/src/image_common/camera_info_manager) by extension 'colcon_pkg'
[0.230s] Level 1:colcon.colcon_core.package_identification:_identify(/home/louisdinhh/camera_stereo_ws/src/image_common/camera_info_manager) by extensions ['colcon_meta']
[0.230s] Level 1:colcon.colcon_core.package_identification:_identify(/home/louisdinhh/camera_stereo_ws/src/image_common/camera_info_manager) by extension 'colcon_meta'
[0.230s] Level 1:colcon.colcon_core.package_identification:_identify(/home/louisdinhh/camera_stereo_ws/src/image_common/camera_info_manager) by extensions ['ros']
[0.230s] Level 1:colcon.colcon_core.package_identification:_identify(/home/louisdinhh/camera_stereo_ws/src/image_common/camera_info_manager) by extension 'ros'
[0.230s] DEBUG:colcon.colcon_core.package_identification:Package '/home/louisdinhh/camera_stereo_ws/src/image_common/camera_info_manager' with type 'ros.ament_cmake' and name 'camera_info_manager'
[0.231s] Level 1:colcon.colcon_core.package_identification:_identify(/home/louisdinhh/camera_stereo_ws/src/image_common/camera_info_manager_py) by extensions ['ignore', 'ignore_ament_install']
[0.231s] Level 1:colcon.colcon_core.package_identification:_identify(/home/louisdinhh/camera_stereo_ws/src/image_common/camera_info_manager_py) by extension 'ignore'
[0.231s] Level 1:colcon.colcon_core.package_identification:_identify(/home/louisdinhh/camera_stereo_ws/src/image_common/camera_info_manager_py) by extension 'ignore_ament_install'
[0.231s] Level 1:colcon.colcon_core.package_identification:_identify(/home/louisdinhh/camera_stereo_ws/src/image_common/camera_info_manager_py) by extensions ['colcon_pkg']
[0.231s] Level 1:colcon.colcon_core.package_identification:_identify(/home/louisdinhh/camera_stereo_ws/src/image_common/camera_info_manager_py) by extension 'colcon_pkg'
[0.231s] Level 1:colcon.colcon_core.package_identification:_identify(/home/louisdinhh/camera_stereo_ws/src/image_common/camera_info_manager_py) by extensions ['colcon_meta']
[0.231s] Level 1:colcon.colcon_core.package_identification:_identify(/home/louisdinhh/camera_stereo_ws/src/image_common/camera_info_manager_py) by extension 'colcon_meta'
[0.231s] Level 1:colcon.colcon_core.package_identification:_identify(/home/louisdinhh/camera_stereo_ws/src/image_common/camera_info_manager_py) by extensions ['ros']
[0.231s] Level 1:colcon.colcon_core.package_identification:_identify(/home/louisdinhh/camera_stereo_ws/src/image_common/camera_info_manager_py) by extension 'ros'
[0.232s] DEBUG:colcon.colcon_core.package_identification:Package '/home/louisdinhh/camera_stereo_ws/src/image_common/camera_info_manager_py' with type 'ros.ament_python' and name 'camera_info_manager_py'
[0.232s] Level 1:colcon.colcon_core.package_identification:_identify(/home/louisdinhh/camera_stereo_ws/src/image_common/image_common) by extensions ['ignore', 'ignore_ament_install']
[0.232s] Level 1:colcon.colcon_core.package_identification:_identify(/home/louisdinhh/camera_stereo_ws/src/image_common/image_common) by extension 'ignore'
[0.232s] Level 1:colcon.colcon_core.package_identification:_identify(/home/louisdinhh/camera_stereo_ws/src/image_common/image_common) by extension 'ignore_ament_install'
[0.232s] Level 1:colcon.colcon_core.package_identification:_identify(/home/louisdinhh/camera_stereo_ws/src/image_common/image_common) by extensions ['colcon_pkg']
[0.232s] Level 1:colcon.colcon_core.package_identification:_identify(/home/louisdinhh/camera_stereo_ws/src/image_common/image_common) by extension 'colcon_pkg'
[0.232s] Level 1:colcon.colcon_core.package_identification:_identify(/home/louisdinhh/camera_stereo_ws/src/image_common/image_common) by extensions ['colcon_meta']
[0.232s] Level 1:colcon.colcon_core.package_identification:_identify(/home/louisdinhh/camera_stereo_ws/src/image_common/image_common) by extension 'colcon_meta'
[0.232s] Level 1:colcon.colcon_core.package_identification:_identify(/home/louisdinhh/camera_stereo_ws/src/image_common/image_common) by extensions ['ros']
[0.232s] Level 1:colcon.colcon_core.package_identification:_identify(/home/louisdinhh/camera_stereo_ws/src/image_common/image_common) by extension 'ros'
[0.232s] DEBUG:colcon.colcon_core.package_identification:Package '/home/louisdinhh/camera_stereo_ws/src/image_common/image_common' with type 'ros.ament_cmake' and name 'image_common'
[0.233s] Level 1:colcon.colcon_core.package_identification:_identify(/home/louisdinhh/camera_stereo_ws/src/image_common/image_transport) by extensions ['ignore', 'ignore_ament_install']
[0.233s] Level 1:colcon.colcon_core.package_identification:_identify(/home/louisdinhh/camera_stereo_ws/src/image_common/image_transport) by extension 'ignore'
[0.233s] Level 1:colcon.colcon_core.package_identification:_identify(/home/louisdinhh/camera_stereo_ws/src/image_common/image_transport) by extension 'ignore_ament_install'
[0.233s] Level 1:colcon.colcon_core.package_identification:_identify(/home/louisdinhh/camera_stereo_ws/src/image_common/image_transport) by extensions ['colcon_pkg']
[0.233s] Level 1:colcon.colcon_core.package_identification:_identify(/home/louisdinhh/camera_stereo_ws/src/image_common/image_transport) by extension 'colcon_pkg'
[0.233s] Level 1:colcon.colcon_core.package_identification:_identify(/home/louisdinhh/camera_stereo_ws/src/image_common/image_transport) by extensions ['colcon_meta']
[0.233s] Level 1:colcon.colcon_core.package_identification:_identify(/home/louisdinhh/camera_stereo_ws/src/image_common/image_transport) by extension 'colcon_meta'
[0.233s] Level 1:colcon.colcon_core.package_identification:_identify(/home/louisdinhh/camera_stereo_ws/src/image_common/image_transport) by extensions ['ros']
[0.233s] Level 1:colcon.colcon_core.package_identification:_identify(/home/louisdinhh/camera_stereo_ws/src/image_common/image_transport) by extension 'ros'
[0.233s] DEBUG:colcon.colcon_core.package_identification:Package '/home/louisdinhh/camera_stereo_ws/src/image_common/image_transport' with type 'ros.ament_cmake' and name 'image_transport'
[0.234s] Level 1:colcon.colcon_core.package_identification:_identify(/home/louisdinhh/camera_stereo_ws/src/image_common/polled_camera) by extensions ['ignore', 'ignore_ament_install']
[0.234s] Level 1:colcon.colcon_core.package_identification:_identify(/home/louisdinhh/camera_stereo_ws/src/image_common/polled_camera) by extension 'ignore'
[0.234s] Level 1:colcon.colcon_core.package_identification:_identify(/home/louisdinhh/camera_stereo_ws/src/image_common/polled_camera) ignored
[0.234s] Level 1:colcon.colcon_core.package_identification:_identify(/home/louisdinhh/camera_stereo_ws/src/image_pipeline) by extensions ['ignore', 'ignore_ament_install']
[0.234s] Level 1:colcon.colcon_core.package_identification:_identify(/home/louisdinhh/camera_stereo_ws/src/image_pipeline) by extension 'ignore'
[0.234s] Level 1:colcon.colcon_core.package_identification:_identify(/home/louisdinhh/camera_stereo_ws/src/image_pipeline) by extension 'ignore_ament_install'
[0.234s] Level 1:colcon.colcon_core.package_identification:_identify(/home/louisdinhh/camera_stereo_ws/src/image_pipeline) by extensions ['colcon_pkg']
[0.234s] Level 1:colcon.colcon_core.package_identification:_identify(/home/louisdinhh/camera_stereo_ws/src/image_pipeline) by extension 'colcon_pkg'
[0.234s] Level 1:colcon.colcon_core.package_identification:_identify(/home/louisdinhh/camera_stereo_ws/src/image_pipeline) by extensions ['colcon_meta']
[0.234s] Level 1:colcon.colcon_core.package_identification:_identify(/home/louisdinhh/camera_stereo_ws/src/image_pipeline) by extension 'colcon_meta'
[0.234s] Level 1:colcon.colcon_core.package_identification:_identify(/home/louisdinhh/camera_stereo_ws/src/image_pipeline) by extensions ['ros']
[0.234s] Level 1:colcon.colcon_core.package_identification:_identify(/home/louisdinhh/camera_stereo_ws/src/image_pipeline) by extension 'ros'
[0.234s] Level 1:colcon.colcon_core.package_identification:_identify(/home/louisdinhh/camera_stereo_ws/src/image_pipeline) by extensions ['cmake', 'python']
[0.234s] Level 1:colcon.colcon_core.package_identification:_identify(/home/louisdinhh/camera_stereo_ws/src/image_pipeline) by extension 'cmake'
[0.234s] Level 1:colcon.colcon_core.package_identification:_identify(/home/louisdinhh/camera_stereo_ws/src/image_pipeline) by extension 'python'
[0.234s] Level 1:colcon.colcon_core.package_identification:_identify(/home/louisdinhh/camera_stereo_ws/src/image_pipeline) by extensions ['python_setup_py']
[0.234s] Level 1:colcon.colcon_core.package_identification:_identify(/home/louisdinhh/camera_stereo_ws/src/image_pipeline) by extension 'python_setup_py'
[0.234s] Level 1:colcon.colcon_core.package_identification:_identify(/home/louisdinhh/camera_stereo_ws/src/image_pipeline/camera_calibration) by extensions ['ignore', 'ignore_ament_install']
[0.234s] Level 1:colcon.colcon_core.package_identification:_identify(/home/louisdinhh/camera_stereo_ws/src/image_pipeline/camera_calibration) by extension 'ignore'
[0.234s] Level 1:colcon.colcon_core.package_identification:_identify(/home/louisdinhh/camera_stereo_ws/src/image_pipeline/camera_calibration) by extension 'ignore_ament_install'
[0.234s] Level 1:colcon.colcon_core.package_identification:_identify(/home/louisdinhh/camera_stereo_ws/src/image_pipeline/camera_calibration) by extensions ['colcon_pkg']
[0.234s] Level 1:colcon.colcon_core.package_identification:_identify(/home/louisdinhh/camera_stereo_ws/src/image_pipeline/camera_calibration) by extension 'colcon_pkg'
[0.234s] Level 1:colcon.colcon_core.package_identification:_identify(/home/louisdinhh/camera_stereo_ws/src/image_pipeline/camera_calibration) by extensions ['colcon_meta']
[0.234s] Level 1:colcon.colcon_core.package_identification:_identify(/home/louisdinhh/camera_stereo_ws/src/image_pipeline/camera_calibration) by extension 'colcon_meta'
[0.234s] Level 1:colcon.colcon_core.package_identification:_identify(/home/louisdinhh/camera_stereo_ws/src/image_pipeline/camera_calibration) by extensions ['ros']
[0.234s] Level 1:colcon.colcon_core.package_identification:_identify(/home/louisdinhh/camera_stereo_ws/src/image_pipeline/camera_calibration) by extension 'ros'
[0.235s] DEBUG:colcon.colcon_core.package_identification:Package '/home/louisdinhh/camera_stereo_ws/src/image_pipeline/camera_calibration' with type 'ros.ament_python' and name 'camera_calibration'
[0.235s] Level 1:colcon.colcon_core.package_identification:_identify(/home/louisdinhh/camera_stereo_ws/src/image_pipeline/depth_image_proc) by extensions ['ignore', 'ignore_ament_install']
[0.235s] Level 1:colcon.colcon_core.package_identification:_identify(/home/louisdinhh/camera_stereo_ws/src/image_pipeline/depth_image_proc) by extension 'ignore'
[0.236s] Level 1:colcon.colcon_core.package_identification:_identify(/home/louisdinhh/camera_stereo_ws/src/image_pipeline/depth_image_proc) by extension 'ignore_ament_install'
[0.236s] Level 1:colcon.colcon_core.package_identification:_identify(/home/louisdinhh/camera_stereo_ws/src/image_pipeline/depth_image_proc) by extensions ['colcon_pkg']
[0.236s] Level 1:colcon.colcon_core.package_identification:_identify(/home/louisdinhh/camera_stereo_ws/src/image_pipeline/depth_image_proc) by extension 'colcon_pkg'
[0.236s] Level 1:colcon.colcon_core.package_identification:_identify(/home/louisdinhh/camera_stereo_ws/src/image_pipeline/depth_image_proc) by extensions ['colcon_meta']
[0.236s] Level 1:colcon.colcon_core.package_identification:_identify(/home/louisdinhh/camera_stereo_ws/src/image_pipeline/depth_image_proc) by extension 'colcon_meta'
[0.236s] Level 1:colcon.colcon_core.package_identification:_identify(/home/louisdinhh/camera_stereo_ws/src/image_pipeline/depth_image_proc) by extensions ['ros']
[0.236s] Level 1:colcon.colcon_core.package_identification:_identify(/home/louisdinhh/camera_stereo_ws/src/image_pipeline/depth_image_proc) by extension 'ros'
[0.237s] DEBUG:colcon.colcon_core.package_identification:Package '/home/louisdinhh/camera_stereo_ws/src/image_pipeline/depth_image_proc' with type 'ros.ament_cmake' and name 'depth_image_proc'
[0.237s] Level 1:colcon.colcon_core.package_identification:_identify(/home/louisdinhh/camera_stereo_ws/src/image_pipeline/image_pipeline) by extensions ['ignore', 'ignore_ament_install']
[0.237s] Level 1:colcon.colcon_core.package_identification:_identify(/home/louisdinhh/camera_stereo_ws/src/image_pipeline/image_pipeline) by extension 'ignore'
[0.237s] Level 1:colcon.colcon_core.package_identification:_identify(/home/louisdinhh/camera_stereo_ws/src/image_pipeline/image_pipeline) by extension 'ignore_ament_install'
[0.237s] Level 1:colcon.colcon_core.package_identification:_identify(/home/louisdinhh/camera_stereo_ws/src/image_pipeline/image_pipeline) by extensions ['colcon_pkg']
[0.237s] Level 1:colcon.colcon_core.package_identification:_identify(/home/louisdinhh/camera_stereo_ws/src/image_pipeline/image_pipeline) by extension 'colcon_pkg'
[0.237s] Level 1:colcon.colcon_core.package_identification:_identify(/home/louisdinhh/camera_stereo_ws/src/image_pipeline/image_pipeline) by extensions ['colcon_meta']
[0.237s] Level 1:colcon.colcon_core.package_identification:_identify(/home/louisdinhh/camera_stereo_ws/src/image_pipeline/image_pipeline) by extension 'colcon_meta'
[0.237s] Level 1:colcon.colcon_core.package_identification:_identify(/home/louisdinhh/camera_stereo_ws/src/image_pipeline/image_pipeline) by extensions ['ros']
[0.237s] Level 1:colcon.colcon_core.package_identification:_identify(/home/louisdinhh/camera_stereo_ws/src/image_pipeline/image_pipeline) by extension 'ros'
[0.237s] DEBUG:colcon.colcon_core.package_identification:Package '/home/louisdinhh/camera_stereo_ws/src/image_pipeline/image_pipeline' with type 'ros.ament_cmake' and name 'image_pipeline'
[0.238s] Level 1:colcon.colcon_core.package_identification:_identify(/home/louisdinhh/camera_stereo_ws/src/image_pipeline/image_proc) by extensions ['ignore', 'ignore_ament_install']
[0.238s] Level 1:colcon.colcon_core.package_identification:_identify(/home/louisdinhh/camera_stereo_ws/src/image_pipeline/image_proc) by extension 'ignore'
[0.238s] Level 1:colcon.colcon_core.package_identification:_identify(/home/louisdinhh/camera_stereo_ws/src/image_pipeline/image_proc) by extension 'ignore_ament_install'
[0.238s] Level 1:colcon.colcon_core.package_identification:_identify(/home/louisdinhh/camera_stereo_ws/src/image_pipeline/image_proc) by extensions ['colcon_pkg']
[0.238s] Level 1:colcon.colcon_core.package_identification:_identify(/home/louisdinhh/camera_stereo_ws/src/image_pipeline/image_proc) by extension 'colcon_pkg'
[0.238s] Level 1:colcon.colcon_core.package_identification:_identify(/home/louisdinhh/camera_stereo_ws/src/image_pipeline/image_proc) by extensions ['colcon_meta']
[0.238s] Level 1:colcon.colcon_core.package_identification:_identify(/home/louisdinhh/camera_stereo_ws/src/image_pipeline/image_proc) by extension 'colcon_meta'
[0.238s] Level 1:colcon.colcon_core.package_identification:_identify(/home/louisdinhh/camera_stereo_ws/src/image_pipeline/image_proc) by extensions ['ros']
[0.238s] Level 1:colcon.colcon_core.package_identification:_identify(/home/louisdinhh/camera_stereo_ws/src/image_pipeline/image_proc) by extension 'ros'
[0.240s] DEBUG:colcon.colcon_core.package_identification:Package '/home/louisdinhh/camera_stereo_ws/src/image_pipeline/image_proc' with type 'ros.ament_cmake' and name 'image_proc'
[0.240s] Level 1:colcon.colcon_core.package_identification:_identify(/home/louisdinhh/camera_stereo_ws/src/image_pipeline/image_publisher) by extensions ['ignore', 'ignore_ament_install']
[0.240s] Level 1:colcon.colcon_core.package_identification:_identify(/home/louisdinhh/camera_stereo_ws/src/image_pipeline/image_publisher) by extension 'ignore'
[0.240s] Level 1:colcon.colcon_core.package_identification:_identify(/home/louisdinhh/camera_stereo_ws/src/image_pipeline/image_publisher) by extension 'ignore_ament_install'
[0.240s] Level 1:colcon.colcon_core.package_identification:_identify(/home/louisdinhh/camera_stereo_ws/src/image_pipeline/image_publisher) by extensions ['colcon_pkg']
[0.240s] Level 1:colcon.colcon_core.package_identification:_identify(/home/louisdinhh/camera_stereo_ws/src/image_pipeline/image_publisher) by extension 'colcon_pkg'
[0.240s] Level 1:colcon.colcon_core.package_identification:_identify(/home/louisdinhh/camera_stereo_ws/src/image_pipeline/image_publisher) by extensions ['colcon_meta']
[0.240s] Level 1:colcon.colcon_core.package_identification:_identify(/home/louisdinhh/camera_stereo_ws/src/image_pipeline/image_publisher) by extension 'colcon_meta'
[0.240s] Level 1:colcon.colcon_core.package_identification:_identify(/home/louisdinhh/camera_stereo_ws/src/image_pipeline/image_publisher) by extensions ['ros']
[0.240s] Level 1:colcon.colcon_core.package_identification:_identify(/home/louisdinhh/camera_stereo_ws/src/image_pipeline/image_publisher) by extension 'ros'
[0.241s] DEBUG:colcon.colcon_core.package_identification:Package '/home/louisdinhh/camera_stereo_ws/src/image_pipeline/image_publisher' with type 'ros.ament_cmake' and name 'image_publisher'
[0.241s] Level 1:colcon.colcon_core.package_identification:_identify(/home/louisdinhh/camera_stereo_ws/src/image_pipeline/image_rotate) by extensions ['ignore', 'ignore_ament_install']
[0.241s] Level 1:colcon.colcon_core.package_identification:_identify(/home/louisdinhh/camera_stereo_ws/src/image_pipeline/image_rotate) by extension 'ignore'
[0.241s] Level 1:colcon.colcon_core.package_identification:_identify(/home/louisdinhh/camera_stereo_ws/src/image_pipeline/image_rotate) by extension 'ignore_ament_install'
[0.241s] Level 1:colcon.colcon_core.package_identification:_identify(/home/louisdinhh/camera_stereo_ws/src/image_pipeline/image_rotate) by extensions ['colcon_pkg']
[0.241s] Level 1:colcon.colcon_core.package_identification:_identify(/home/louisdinhh/camera_stereo_ws/src/image_pipeline/image_rotate) by extension 'colcon_pkg'
[0.241s] Level 1:colcon.colcon_core.package_identification:_identify(/home/louisdinhh/camera_stereo_ws/src/image_pipeline/image_rotate) by extensions ['colcon_meta']
[0.241s] Level 1:colcon.colcon_core.package_identification:_identify(/home/louisdinhh/camera_stereo_ws/src/image_pipeline/image_rotate) by extension 'colcon_meta'
[0.241s] Level 1:colcon.colcon_core.package_identification:_identify(/home/louisdinhh/camera_stereo_ws/src/image_pipeline/image_rotate) by extensions ['ros']
[0.241s] Level 1:colcon.colcon_core.package_identification:_identify(/home/louisdinhh/camera_stereo_ws/src/image_pipeline/image_rotate) by extension 'ros'
[0.242s] DEBUG:colcon.colcon_core.package_identification:Package '/home/louisdinhh/camera_stereo_ws/src/image_pipeline/image_rotate' with type 'ros.ament_cmake' and name 'image_rotate'
[0.242s] Level 1:colcon.colcon_core.package_identification:_identify(/home/louisdinhh/camera_stereo_ws/src/image_pipeline/image_view) by extensions ['ignore', 'ignore_ament_install']
[0.242s] Level 1:colcon.colcon_core.package_identification:_identify(/home/louisdinhh/camera_stereo_ws/src/image_pipeline/image_view) by extension 'ignore'
[0.242s] Level 1:colcon.colcon_core.package_identification:_identify(/home/louisdinhh/camera_stereo_ws/src/image_pipeline/image_view) by extension 'ignore_ament_install'
[0.242s] Level 1:colcon.colcon_core.package_identification:_identify(/home/louisdinhh/camera_stereo_ws/src/image_pipeline/image_view) by extensions ['colcon_pkg']
[0.242s] Level 1:colcon.colcon_core.package_identification:_identify(/home/louisdinhh/camera_stereo_ws/src/image_pipeline/image_view) by extension 'colcon_pkg'
[0.242s] Level 1:colcon.colcon_core.package_identification:_identify(/home/louisdinhh/camera_stereo_ws/src/image_pipeline/image_view) by extensions ['colcon_meta']
[0.242s] Level 1:colcon.colcon_core.package_identification:_identify(/home/louisdinhh/camera_stereo_ws/src/image_pipeline/image_view) by extension 'colcon_meta'
[0.242s] Level 1:colcon.colcon_core.package_identification:_identify(/home/louisdinhh/camera_stereo_ws/src/image_pipeline/image_view) by extensions ['ros']
[0.242s] Level 1:colcon.colcon_core.package_identification:_identify(/home/louisdinhh/camera_stereo_ws/src/image_pipeline/image_view) by extension 'ros'
[0.252s] DEBUG:colcon.colcon_core.package_identification:Package '/home/louisdinhh/camera_stereo_ws/src/image_pipeline/image_view' with type 'ros.ament_cmake' and name 'image_view'
[0.252s] Level 1:colcon.colcon_core.package_identification:_identify(/home/louisdinhh/camera_stereo_ws/src/image_pipeline/stereo_image_proc) by extensions ['ignore', 'ignore_ament_install']
[0.252s] Level 1:colcon.colcon_core.package_identification:_identify(/home/louisdinhh/camera_stereo_ws/src/image_pipeline/stereo_image_proc) by extension 'ignore'
[0.252s] Level 1:colcon.colcon_core.package_identification:_identify(/home/louisdinhh/camera_stereo_ws/src/image_pipeline/stereo_image_proc) by extension 'ignore_ament_install'
[0.252s] Level 1:colcon.colcon_core.package_identification:_identify(/home/louisdinhh/camera_stereo_ws/src/image_pipeline/stereo_image_proc) by extensions ['colcon_pkg']
[0.252s] Level 1:colcon.colcon_core.package_identification:_identify(/home/louisdinhh/camera_stereo_ws/src/image_pipeline/stereo_image_proc) by extension 'colcon_pkg'
[0.253s] Level 1:colcon.colcon_core.package_identification:_identify(/home/louisdinhh/camera_stereo_ws/src/image_pipeline/stereo_image_proc) by extensions ['colcon_meta']
[0.253s] Level 1:colcon.colcon_core.package_identification:_identify(/home/louisdinhh/camera_stereo_ws/src/image_pipeline/stereo_image_proc) by extension 'colcon_meta'
[0.253s] Level 1:colcon.colcon_core.package_identification:_identify(/home/louisdinhh/camera_stereo_ws/src/image_pipeline/stereo_image_proc) by extensions ['ros']
[0.253s] Level 1:colcon.colcon_core.package_identification:_identify(/home/louisdinhh/camera_stereo_ws/src/image_pipeline/stereo_image_proc) by extension 'ros'
[0.254s] DEBUG:colcon.colcon_core.package_identification:Package '/home/louisdinhh/camera_stereo_ws/src/image_pipeline/stereo_image_proc' with type 'ros.ament_cmake' and name 'stereo_image_proc'
[0.254s] Level 1:colcon.colcon_core.package_identification:_identify(/home/louisdinhh/camera_stereo_ws/src/image_pipeline/tools) by extensions ['ignore', 'ignore_ament_install']
[0.254s] Level 1:colcon.colcon_core.package_identification:_identify(/home/louisdinhh/camera_stereo_ws/src/image_pipeline/tools) by extension 'ignore'
[0.254s] Level 1:colcon.colcon_core.package_identification:_identify(/home/louisdinhh/camera_stereo_ws/src/image_pipeline/tools) by extension 'ignore_ament_install'
[0.254s] Level 1:colcon.colcon_core.package_identification:_identify(/home/louisdinhh/camera_stereo_ws/src/image_pipeline/tools) by extensions ['colcon_pkg']
[0.254s] Level 1:colcon.colcon_core.package_identification:_identify(/home/louisdinhh/camera_stereo_ws/src/image_pipeline/tools) by extension 'colcon_pkg'
[0.254s] Level 1:colcon.colcon_core.package_identification:_identify(/home/louisdinhh/camera_stereo_ws/src/image_pipeline/tools) by extensions ['colcon_meta']
[0.254s] Level 1:colcon.colcon_core.package_identification:_identify(/home/louisdinhh/camera_stereo_ws/src/image_pipeline/tools) by extension 'colcon_meta'
[0.254s] Level 1:colcon.colcon_core.package_identification:_identify(/home/louisdinhh/camera_stereo_ws/src/image_pipeline/tools) by extensions ['ros']
[0.254s] Level 1:colcon.colcon_core.package_identification:_identify(/home/louisdinhh/camera_stereo_ws/src/image_pipeline/tools) by extension 'ros'
[0.254s] Level 1:colcon.colcon_core.package_identification:_identify(/home/louisdinhh/camera_stereo_ws/src/image_pipeline/tools) by extensions ['cmake', 'python']
[0.254s] Level 1:colcon.colcon_core.package_identification:_identify(/home/louisdinhh/camera_stereo_ws/src/image_pipeline/tools) by extension 'cmake'
[0.254s] Level 1:colcon.colcon_core.package_identification:_identify(/home/louisdinhh/camera_stereo_ws/src/image_pipeline/tools) by extension 'python'
[0.254s] Level 1:colcon.colcon_core.package_identification:_identify(/home/louisdinhh/camera_stereo_ws/src/image_pipeline/tools) by extensions ['python_setup_py']
[0.254s] Level 1:colcon.colcon_core.package_identification:_identify(/home/louisdinhh/camera_stereo_ws/src/image_pipeline/tools) by extension 'python_setup_py'
[0.254s] Level 1:colcon.colcon_core.package_identification:_identify(/home/louisdinhh/camera_stereo_ws/src/image_pipeline/tracetools_image_pipeline) by extensions ['ignore', 'ignore_ament_install']
[0.254s] Level 1:colcon.colcon_core.package_identification:_identify(/home/louisdinhh/camera_stereo_ws/src/image_pipeline/tracetools_image_pipeline) by extension 'ignore'
[0.254s] Level 1:colcon.colcon_core.package_identification:_identify(/home/louisdinhh/camera_stereo_ws/src/image_pipeline/tracetools_image_pipeline) by extension 'ignore_ament_install'
[0.254s] Level 1:colcon.colcon_core.package_identification:_identify(/home/louisdinhh/camera_stereo_ws/src/image_pipeline/tracetools_image_pipeline) by extensions ['colcon_pkg']
[0.254s] Level 1:colcon.colcon_core.package_identification:_identify(/home/louisdinhh/camera_stereo_ws/src/image_pipeline/tracetools_image_pipeline) by extension 'colcon_pkg'
[0.254s] Level 1:colcon.colcon_core.package_identification:_identify(/home/louisdinhh/camera_stereo_ws/src/image_pipeline/tracetools_image_pipeline) by extensions ['colcon_meta']
[0.254s] Level 1:colcon.colcon_core.package_identification:_identify(/home/louisdinhh/camera_stereo_ws/src/image_pipeline/tracetools_image_pipeline) by extension 'colcon_meta'
[0.254s] Level 1:colcon.colcon_core.package_identification:_identify(/home/louisdinhh/camera_stereo_ws/src/image_pipeline/tracetools_image_pipeline) by extensions ['ros']
[0.254s] Level 1:colcon.colcon_core.package_identification:_identify(/home/louisdinhh/camera_stereo_ws/src/image_pipeline/tracetools_image_pipeline) by extension 'ros'
[0.255s] DEBUG:colcon.colcon_core.package_identification:Package '/home/louisdinhh/camera_stereo_ws/src/image_pipeline/tracetools_image_pipeline' with type 'ros.ament_cmake' and name 'tracetools_image_pipeline'
[0.255s] Level 1:colcon.colcon_core.package_identification:_identify(/home/louisdinhh/camera_stereo_ws/src/image_pipeline/wiki_files) by extensions ['ignore', 'ignore_ament_install']
[0.255s] Level 1:colcon.colcon_core.package_identification:_identify(/home/louisdinhh/camera_stereo_ws/src/image_pipeline/wiki_files) by extension 'ignore'
[0.255s] Level 1:colcon.colcon_core.package_identification:_identify(/home/louisdinhh/camera_stereo_ws/src/image_pipeline/wiki_files) by extension 'ignore_ament_install'
[0.255s] Level 1:colcon.colcon_core.package_identification:_identify(/home/louisdinhh/camera_stereo_ws/src/image_pipeline/wiki_files) by extensions ['colcon_pkg']
[0.255s] Level 1:colcon.colcon_core.package_identification:_identify(/home/louisdinhh/camera_stereo_ws/src/image_pipeline/wiki_files) by extension 'colcon_pkg'
[0.255s] Level 1:colcon.colcon_core.package_identification:_identify(/home/louisdinhh/camera_stereo_ws/src/image_pipeline/wiki_files) by extensions ['colcon_meta']
[0.255s] Level 1:colcon.colcon_core.package_identification:_identify(/home/louisdinhh/camera_stereo_ws/src/image_pipeline/wiki_files) by extension 'colcon_meta'
[0.255s] Level 1:colcon.colcon_core.package_identification:_identify(/home/louisdinhh/camera_stereo_ws/src/image_pipeline/wiki_files) by extensions ['ros']
[0.255s] Level 1:colcon.colcon_core.package_identification:_identify(/home/louisdinhh/camera_stereo_ws/src/image_pipeline/wiki_files) by extension 'ros'
[0.255s] Level 1:colcon.colcon_core.package_identification:_identify(/home/louisdinhh/camera_stereo_ws/src/image_pipeline/wiki_files) by extensions ['cmake', 'python']
[0.255s] Level 1:colcon.colcon_core.package_identification:_identify(/home/louisdinhh/camera_stereo_ws/src/image_pipeline/wiki_files) by extension 'cmake'
[0.255s] Level 1:colcon.colcon_core.package_identification:_identify(/home/louisdinhh/camera_stereo_ws/src/image_pipeline/wiki_files) by extension 'python'
[0.255s] Level 1:colcon.colcon_core.package_identification:_identify(/home/louisdinhh/camera_stereo_ws/src/image_pipeline/wiki_files) by extensions ['python_setup_py']
[0.255s] Level 1:colcon.colcon_core.package_identification:_identify(/home/louisdinhh/camera_stereo_ws/src/image_pipeline/wiki_files) by extension 'python_setup_py'
[0.255s] Level 1:colcon.colcon_core.package_identification:_identify(/home/louisdinhh/camera_stereo_ws/src/opencv_cam) by extensions ['ignore', 'ignore_ament_install']
[0.255s] Level 1:colcon.colcon_core.package_identification:_identify(/home/louisdinhh/camera_stereo_ws/src/opencv_cam) by extension 'ignore'
[0.256s] Level 1:colcon.colcon_core.package_identification:_identify(/home/louisdinhh/camera_stereo_ws/src/opencv_cam) by extension 'ignore_ament_install'
[0.256s] Level 1:colcon.colcon_core.package_identification:_identify(/home/louisdinhh/camera_stereo_ws/src/opencv_cam) by extensions ['colcon_pkg']
[0.256s] Level 1:colcon.colcon_core.package_identification:_identify(/home/louisdinhh/camera_stereo_ws/src/opencv_cam) by extension 'colcon_pkg'
[0.256s] Level 1:colcon.colcon_core.package_identification:_identify(/home/louisdinhh/camera_stereo_ws/src/opencv_cam) by extensions ['colcon_meta']
[0.256s] Level 1:colcon.colcon_core.package_identification:_identify(/home/louisdinhh/camera_stereo_ws/src/opencv_cam) by extension 'colcon_meta'
[0.256s] Level 1:colcon.colcon_core.package_identification:_identify(/home/louisdinhh/camera_stereo_ws/src/opencv_cam) by extensions ['ros']
[0.256s] Level 1:colcon.colcon_core.package_identification:_identify(/home/louisdinhh/camera_stereo_ws/src/opencv_cam) by extension 'ros'
[0.256s] DEBUG:colcon.colcon_core.package_identification:Package '/home/louisdinhh/camera_stereo_ws/src/opencv_cam' with type 'ros.ament_cmake' and name 'opencv_cam'
[0.256s] Level 1:colcon.colcon_core.package_identification:_identify(/home/louisdinhh/camera_stereo_ws/src/ros2_shared) by extensions ['ignore', 'ignore_ament_install']
[0.256s] Level 1:colcon.colcon_core.package_identification:_identify(/home/louisdinhh/camera_stereo_ws/src/ros2_shared) by extension 'ignore'
[0.256s] Level 1:colcon.colcon_core.package_identification:_identify(/home/louisdinhh/camera_stereo_ws/src/ros2_shared) by extension 'ignore_ament_install'
[0.257s] Level 1:colcon.colcon_core.package_identification:_identify(/home/louisdinhh/camera_stereo_ws/src/ros2_shared) by extensions ['colcon_pkg']
[0.257s] Level 1:colcon.colcon_core.package_identification:_identify(/home/louisdinhh/camera_stereo_ws/src/ros2_shared) by extension 'colcon_pkg'
[0.257s] Level 1:colcon.colcon_core.package_identification:_identify(/home/louisdinhh/camera_stereo_ws/src/ros2_shared) by extensions ['colcon_meta']
[0.257s] Level 1:colcon.colcon_core.package_identification:_identify(/home/louisdinhh/camera_stereo_ws/src/ros2_shared) by extension 'colcon_meta'
[0.257s] Level 1:colcon.colcon_core.package_identification:_identify(/home/louisdinhh/camera_stereo_ws/src/ros2_shared) by extensions ['ros']
[0.257s] Level 1:colcon.colcon_core.package_identification:_identify(/home/louisdinhh/camera_stereo_ws/src/ros2_shared) by extension 'ros'
[0.257s] DEBUG:colcon.colcon_core.package_identification:Package '/home/louisdinhh/camera_stereo_ws/src/ros2_shared' with type 'ros.ament_cmake' and name 'ros2_shared'
[0.257s] Level 1:colcon.colcon_core.package_identification:_identify(/home/louisdinhh/camera_stereo_ws/src/stereo_camera) by extensions ['ignore', 'ignore_ament_install']
[0.257s] Level 1:colcon.colcon_core.package_identification:_identify(/home/louisdinhh/camera_stereo_ws/src/stereo_camera) by extension 'ignore'
[0.257s] Level 1:colcon.colcon_core.package_identification:_identify(/home/louisdinhh/camera_stereo_ws/src/stereo_camera) by extension 'ignore_ament_install'
[0.257s] Level 1:colcon.colcon_core.package_identification:_identify(/home/louisdinhh/camera_stereo_ws/src/stereo_camera) by extensions ['colcon_pkg']
[0.257s] Level 1:colcon.colcon_core.package_identification:_identify(/home/louisdinhh/camera_stereo_ws/src/stereo_camera) by extension 'colcon_pkg'
[0.257s] Level 1:colcon.colcon_core.package_identification:_identify(/home/louisdinhh/camera_stereo_ws/src/stereo_camera) by extensions ['colcon_meta']
[0.257s] Level 1:colcon.colcon_core.package_identification:_identify(/home/louisdinhh/camera_stereo_ws/src/stereo_camera) by extension 'colcon_meta'
[0.258s] Level 1:colcon.colcon_core.package_identification:_identify(/home/louisdinhh/camera_stereo_ws/src/stereo_camera) by extensions ['ros']
[0.258s] Level 1:colcon.colcon_core.package_identification:_identify(/home/louisdinhh/camera_stereo_ws/src/stereo_camera) by extension 'ros'
[0.258s] DEBUG:colcon.colcon_core.package_identification:Package '/home/louisdinhh/camera_stereo_ws/src/stereo_camera' with type 'ros.ament_cmake' and name 'stereo_camera'
[0.258s] Level 1:colcon.colcon_core.package_discovery:discover_packages(recursive) using defaults
