/home/louisdinhh/camera_360_ws/install/chironix_camera/lib/python3.10/site-packages/chironix_camera/multi_camera_intrinsic.py
/home/louisdinhh/camera_360_ws/install/chironix_camera/lib/python3.10/site-packages/chironix_camera/extrinsic_results_to_transform.py
/home/louisdinhh/camera_360_ws/install/chironix_camera/lib/python3.10/site-packages/chironix_camera/__init__.py
/home/louisdinhh/camera_360_ws/install/chironix_camera/lib/python3.10/site-packages/chironix_camera/multi_camera_capture.py
/home/louisdinhh/camera_360_ws/install/chironix_camera/lib/python3.10/site-packages/chironix_camera/multi_camera_stitcher.py
/home/louisdinhh/camera_360_ws/install/chironix_camera/lib/python3.10/site-packages/chironix_camera/__pycache__/multi_camera_intrinsic.cpython-310.pyc
/home/louisdinhh/camera_360_ws/install/chironix_camera/lib/python3.10/site-packages/chironix_camera/__pycache__/extrinsic_results_to_transform.cpython-310.pyc
/home/louisdinhh/camera_360_ws/install/chironix_camera/lib/python3.10/site-packages/chironix_camera/__pycache__/__init__.cpython-310.pyc
/home/louisdinhh/camera_360_ws/install/chironix_camera/lib/python3.10/site-packages/chironix_camera/__pycache__/multi_camera_capture.cpython-310.pyc
/home/louisdinhh/camera_360_ws/install/chironix_camera/lib/python3.10/site-packages/chironix_camera/__pycache__/multi_camera_stitcher.cpython-310.pyc
/home/louisdinhh/camera_360_ws/install/chironix_camera/share/ament_index/resource_index/packages/chironix_camera
/home/louisdinhh/camera_360_ws/install/chironix_camera/share/chironix_camera/package.xml
/home/louisdinhh/camera_360_ws/install/chironix_camera/share/chironix_camera/launch/camera_launch.py
/home/louisdinhh/camera_360_ws/install/chironix_camera/share/chironix_camera/launch/intrinsic_calibrate_launch.py
/home/louisdinhh/camera_360_ws/install/chironix_camera/share/chironix_camera/launch/rectified_camera_launch.py
/home/louisdinhh/camera_360_ws/install/chironix_camera/share/chironix_camera/calibrations/left.yaml
/home/louisdinhh/camera_360_ws/install/chironix_camera/share/chironix_camera/calibrations/right.yaml
/home/louisdinhh/camera_360_ws/install/chironix_camera/share/chironix_camera/calibrations/extrinsic.yaml
/home/louisdinhh/camera_360_ws/install/chironix_camera/lib/python3.10/site-packages/chironix_camera-0.0.0-py3.10.egg-info/PKG-INFO
/home/louisdinhh/camera_360_ws/install/chironix_camera/lib/python3.10/site-packages/chironix_camera-0.0.0-py3.10.egg-info/entry_points.txt
/home/louisdinhh/camera_360_ws/install/chironix_camera/lib/python3.10/site-packages/chironix_camera-0.0.0-py3.10.egg-info/requires.txt
/home/louisdinhh/camera_360_ws/install/chironix_camera/lib/python3.10/site-packages/chironix_camera-0.0.0-py3.10.egg-info/zip-safe
/home/louisdinhh/camera_360_ws/install/chironix_camera/lib/python3.10/site-packages/chironix_camera-0.0.0-py3.10.egg-info/SOURCES.txt
/home/louisdinhh/camera_360_ws/install/chironix_camera/lib/python3.10/site-packages/chironix_camera-0.0.0-py3.10.egg-info/dependency_links.txt
/home/louisdinhh/camera_360_ws/install/chironix_camera/lib/python3.10/site-packages/chironix_camera-0.0.0-py3.10.egg-info/top_level.txt
/home/louisdinhh/camera_360_ws/install/chironix_camera/lib/chironix_camera/multi_camera_capture
/home/louisdinhh/camera_360_ws/install/chironix_camera/lib/chironix_camera/multi_camera_stitcher
