[0.006s] Invoking command in '/home/louisdinhh/camera_stereo_ws/build/stereo_camera': CMAKE_PREFIX_PATH=${CMAKE_PREFIX_PATH}:/opt/ros/humble /usr/bin/cmake --build /home/louisdinhh/camera_stereo_ws/build/stereo_camera -- -j12 -l12
[0.030s] Invoked command in '/home/louisdinhh/camera_stereo_ws/build/stereo_camera' returned '0': CMAKE_PREFIX_PATH=${CMAKE_PREFIX_PATH}:/opt/ros/humble /usr/bin/cmake --build /home/louisdinhh/camera_stereo_ws/build/stereo_camera -- -j12 -l12
[0.061s] Invoking command in '/home/louisdinhh/camera_stereo_ws/build/stereo_camera': CMAKE_PREFIX_PATH=${CMAKE_PREFIX_PATH}:/opt/ros/humble /usr/bin/cmake --install /home/louisdinhh/camera_stereo_ws/build/stereo_camera
[0.069s] -- Install configuration: ""
[0.069s] -- Up-to-date: /home/louisdinhh/camera_stereo_ws/install/stereo_camera/share/stereo_camera/launch
[0.069s] -- Up-to-date: /home/louisdinhh/camera_stereo_ws/install/stereo_camera/share/stereo_camera/launch/stereo_camera.launch.py
[0.069s] -- Up-to-date: /home/louisdinhh/camera_stereo_ws/install/stereo_camera/share/ament_index/resource_index/package_run_dependencies/stereo_camera
[0.069s] -- Up-to-date: /home/louisdinhh/camera_stereo_ws/install/stereo_camera/share/ament_index/resource_index/parent_prefix_path/stereo_camera
[0.069s] -- Up-to-date: /home/louisdinhh/camera_stereo_ws/install/stereo_camera/share/stereo_camera/environment/ament_prefix_path.sh
[0.069s] -- Up-to-date: /home/louisdinhh/camera_stereo_ws/install/stereo_camera/share/stereo_camera/environment/ament_prefix_path.dsv
[0.069s] -- Up-to-date: /home/louisdinhh/camera_stereo_ws/install/stereo_camera/share/stereo_camera/environment/path.sh
[0.069s] -- Up-to-date: /home/louisdinhh/camera_stereo_ws/install/stereo_camera/share/stereo_camera/environment/path.dsv
[0.069s] -- Up-to-date: /home/louisdinhh/camera_stereo_ws/install/stereo_camera/share/stereo_camera/local_setup.bash
[0.069s] -- Up-to-date: /home/louisdinhh/camera_stereo_ws/install/stereo_camera/share/stereo_camera/local_setup.sh
[0.069s] -- Up-to-date: /home/louisdinhh/camera_stereo_ws/install/stereo_camera/share/stereo_camera/local_setup.zsh
[0.069s] -- Up-to-date: /home/louisdinhh/camera_stereo_ws/install/stereo_camera/share/stereo_camera/local_setup.dsv
[0.069s] -- Up-to-date: /home/louisdinhh/camera_stereo_ws/install/stereo_camera/share/stereo_camera/package.dsv
[0.069s] -- Up-to-date: /home/louisdinhh/camera_stereo_ws/install/stereo_camera/share/ament_index/resource_index/packages/stereo_camera
[0.070s] -- Up-to-date: /home/louisdinhh/camera_stereo_ws/install/stereo_camera/share/stereo_camera/cmake/stereo_cameraConfig.cmake
[0.070s] -- Up-to-date: /home/louisdinhh/camera_stereo_ws/install/stereo_camera/share/stereo_camera/cmake/stereo_cameraConfig-version.cmake
[0.070s] -- Up-to-date: /home/louisdinhh/camera_stereo_ws/install/stereo_camera/share/stereo_camera/package.xml
[0.070s] Invoked command in '/home/louisdinhh/camera_stereo_ws/build/stereo_camera' returned '0': CMAKE_PREFIX_PATH=${CMAKE_PREFIX_PATH}:/opt/ros/humble /usr/bin/cmake --install /home/louisdinhh/camera_stereo_ws/build/stereo_camera
