[0.021s] Invoking command in '/home/louisdinhh/camera_stereo_ws/build/image_proc': CMAKE_PREFIX_PATH=/home/louisdinhh/camera_stereo_ws/install/tracetools_image_pipeline:/home/louisdinhh/camera_stereo_ws/install/image_transport:/home/louisdinhh/camera_stereo_ws/install/image_pipeline:/home/louisdinhh/camera_stereo_ws/install/stereo_image_proc:/home/louisdinhh/camera_stereo_ws/install/image_proc:/home/louisdinhh/camera_stereo_ws/install/opencv_cam:/home/louisdinhh/camera_stereo_ws/install/ros2_shared:/home/louisdinhh/camera_stereo_ws/install/image_view:/home/louisdinhh/camera_stereo_ws/install/image_rotate:/home/louisdinhh/camera_stereo_ws/install/image_publisher:/home/louisdinhh/camera_stereo_ws/install/image_common:/home/louisdinhh/camera_stereo_ws/install/depth_image_proc:/home/louisdinhh/camera_stereo_ws/install/camera_info_manager:/home/louisdinhh/camera_stereo_ws/install/camera_calibration_parsers:/home/louisdinhh/camera_stereo_ws/install/stereo_camera:/home/louisdinhh/camera_stereo_ws/install/camera_info_manager_py:/home/louisdinhh/camera_stereo_ws/install/camera_calibration:/opt/ros/humble LD_LIBRARY_PATH=/home/louisdinhh/camera_stereo_ws/install/tracetools_image_pipeline/lib:/home/louisdinhh/camera_stereo_ws/install/image_transport/lib:/home/louisdinhh/camera_stereo_ws/install/stereo_image_proc/lib:/home/louisdinhh/camera_stereo_ws/install/image_proc/lib:/home/louisdinhh/camera_stereo_ws/install/opencv_cam/lib:/home/louisdinhh/camera_stereo_ws/install/image_view/lib:/home/louisdinhh/camera_stereo_ws/install/image_rotate/lib:/home/louisdinhh/camera_stereo_ws/install/image_publisher/lib:/home/louisdinhh/camera_stereo_ws/install/depth_image_proc/lib:/home/louisdinhh/camera_stereo_ws/install/camera_info_manager/lib:/home/louisdinhh/camera_stereo_ws/install/camera_calibration_parsers/lib:/usr/lib/x86_64-linux-gnu/gazebo-11/plugins:/opt/ros/humble/opt/rviz_ogre_vendor/lib:/opt/ros/humble/lib/x86_64-linux-gnu:/usr/share/gurumdds/cmake/../../../lib:/opt/ros/humble/lib /usr/bin/cmake --build /home/louisdinhh/camera_stereo_ws/build/image_proc -- -j12 -l12
[0.079s] [  8%] Built target image_proc
[0.083s] [ 24%] Built target rectify_node
[0.084s] [ 24%] Built target debayer_node
[0.094s] [ 32%] Built target resize_node
[0.095s] [ 40%] Built target crop_decimate_node
[0.098s] [ 48%] Built target crop_non_zero_node
[0.120s] [ 56%] Built target rectify
[0.151s] [ 68%] Built target debayer
[0.180s] [ 76%] Built target resize
[0.203s] [ 84%] Built target crop_decimate
[0.226s] [ 92%] Built target crop_non_zero
[0.244s] [100%] Built target image_proc_exe
[0.260s] Invoked command in '/home/louisdinhh/camera_stereo_ws/build/image_proc' returned '0': CMAKE_PREFIX_PATH=/home/louisdinhh/camera_stereo_ws/install/tracetools_image_pipeline:/home/louisdinhh/camera_stereo_ws/install/image_transport:/home/louisdinhh/camera_stereo_ws/install/image_pipeline:/home/louisdinhh/camera_stereo_ws/install/stereo_image_proc:/home/louisdinhh/camera_stereo_ws/install/image_proc:/home/louisdinhh/camera_stereo_ws/install/opencv_cam:/home/louisdinhh/camera_stereo_ws/install/ros2_shared:/home/louisdinhh/camera_stereo_ws/install/image_view:/home/louisdinhh/camera_stereo_ws/install/image_rotate:/home/louisdinhh/camera_stereo_ws/install/image_publisher:/home/louisdinhh/camera_stereo_ws/install/image_common:/home/louisdinhh/camera_stereo_ws/install/depth_image_proc:/home/louisdinhh/camera_stereo_ws/install/camera_info_manager:/home/louisdinhh/camera_stereo_ws/install/camera_calibration_parsers:/home/louisdinhh/camera_stereo_ws/install/stereo_camera:/home/louisdinhh/camera_stereo_ws/install/camera_info_manager_py:/home/louisdinhh/camera_stereo_ws/install/camera_calibration:/opt/ros/humble LD_LIBRARY_PATH=/home/louisdinhh/camera_stereo_ws/install/tracetools_image_pipeline/lib:/home/louisdinhh/camera_stereo_ws/install/image_transport/lib:/home/louisdinhh/camera_stereo_ws/install/stereo_image_proc/lib:/home/louisdinhh/camera_stereo_ws/install/image_proc/lib:/home/louisdinhh/camera_stereo_ws/install/opencv_cam/lib:/home/louisdinhh/camera_stereo_ws/install/image_view/lib:/home/louisdinhh/camera_stereo_ws/install/image_rotate/lib:/home/louisdinhh/camera_stereo_ws/install/image_publisher/lib:/home/louisdinhh/camera_stereo_ws/install/depth_image_proc/lib:/home/louisdinhh/camera_stereo_ws/install/camera_info_manager/lib:/home/louisdinhh/camera_stereo_ws/install/camera_calibration_parsers/lib:/usr/lib/x86_64-linux-gnu/gazebo-11/plugins:/opt/ros/humble/opt/rviz_ogre_vendor/lib:/opt/ros/humble/lib/x86_64-linux-gnu:/usr/share/gurumdds/cmake/../../../lib:/opt/ros/humble/lib /usr/bin/cmake --build /home/louisdinhh/camera_stereo_ws/build/image_proc -- -j12 -l12
[0.301s] Invoking command in '/home/louisdinhh/camera_stereo_ws/build/image_proc': CMAKE_PREFIX_PATH=/home/louisdinhh/camera_stereo_ws/install/tracetools_image_pipeline:/home/louisdinhh/camera_stereo_ws/install/image_transport:/home/louisdinhh/camera_stereo_ws/install/image_pipeline:/home/louisdinhh/camera_stereo_ws/install/stereo_image_proc:/home/louisdinhh/camera_stereo_ws/install/image_proc:/home/louisdinhh/camera_stereo_ws/install/opencv_cam:/home/louisdinhh/camera_stereo_ws/install/ros2_shared:/home/louisdinhh/camera_stereo_ws/install/image_view:/home/louisdinhh/camera_stereo_ws/install/image_rotate:/home/louisdinhh/camera_stereo_ws/install/image_publisher:/home/louisdinhh/camera_stereo_ws/install/image_common:/home/louisdinhh/camera_stereo_ws/install/depth_image_proc:/home/louisdinhh/camera_stereo_ws/install/camera_info_manager:/home/louisdinhh/camera_stereo_ws/install/camera_calibration_parsers:/home/louisdinhh/camera_stereo_ws/install/stereo_camera:/home/louisdinhh/camera_stereo_ws/install/camera_info_manager_py:/home/louisdinhh/camera_stereo_ws/install/camera_calibration:/opt/ros/humble LD_LIBRARY_PATH=/home/louisdinhh/camera_stereo_ws/install/tracetools_image_pipeline/lib:/home/louisdinhh/camera_stereo_ws/install/image_transport/lib:/home/louisdinhh/camera_stereo_ws/install/stereo_image_proc/lib:/home/louisdinhh/camera_stereo_ws/install/image_proc/lib:/home/louisdinhh/camera_stereo_ws/install/opencv_cam/lib:/home/louisdinhh/camera_stereo_ws/install/image_view/lib:/home/louisdinhh/camera_stereo_ws/install/image_rotate/lib:/home/louisdinhh/camera_stereo_ws/install/image_publisher/lib:/home/louisdinhh/camera_stereo_ws/install/depth_image_proc/lib:/home/louisdinhh/camera_stereo_ws/install/camera_info_manager/lib:/home/louisdinhh/camera_stereo_ws/install/camera_calibration_parsers/lib:/usr/lib/x86_64-linux-gnu/gazebo-11/plugins:/opt/ros/humble/opt/rviz_ogre_vendor/lib:/opt/ros/humble/lib/x86_64-linux-gnu:/usr/share/gurumdds/cmake/../../../lib:/opt/ros/humble/lib /usr/bin/cmake --install /home/louisdinhh/camera_stereo_ws/build/image_proc
[0.306s] -- Install configuration: ""
[0.306s] -- Up-to-date: /home/louisdinhh/camera_stereo_ws/install/image_proc/lib/image_proc/rectify_node
[0.306s] -- Up-to-date: /home/louisdinhh/camera_stereo_ws/install/image_proc/lib/image_proc/debayer_node
[0.306s] -- Up-to-date: /home/louisdinhh/camera_stereo_ws/install/image_proc/lib/image_proc/resize_node
[0.306s] -- Up-to-date: /home/louisdinhh/camera_stereo_ws/install/image_proc/lib/image_proc/crop_decimate_node
[0.307s] -- Up-to-date: /home/louisdinhh/camera_stereo_ws/install/image_proc/lib/image_proc/crop_non_zero_node
[0.307s] -- Up-to-date: /home/louisdinhh/camera_stereo_ws/install/image_proc/bin/image_proc
[0.307s] -- Up-to-date: /home/louisdinhh/camera_stereo_ws/install/image_proc/include
[0.307s] -- Up-to-date: /home/louisdinhh/camera_stereo_ws/install/image_proc/include/image_proc
[0.307s] -- Up-to-date: /home/louisdinhh/camera_stereo_ws/install/image_proc/include/image_proc/crop_decimate.hpp
[0.307s] -- Up-to-date: /home/louisdinhh/camera_stereo_ws/install/image_proc/include/image_proc/utils.hpp
[0.307s] -- Up-to-date: /home/louisdinhh/camera_stereo_ws/install/image_proc/include/image_proc/resize.hpp
[0.307s] -- Up-to-date: /home/louisdinhh/camera_stereo_ws/install/image_proc/include/image_proc/edge_aware.hpp
[0.307s] -- Up-to-date: /home/louisdinhh/camera_stereo_ws/install/image_proc/include/image_proc/debayer.hpp
[0.308s] -- Up-to-date: /home/louisdinhh/camera_stereo_ws/install/image_proc/include/image_proc/processor.hpp
[0.308s] -- Up-to-date: /home/louisdinhh/camera_stereo_ws/install/image_proc/include/image_proc/rectify.hpp
[0.308s] -- Up-to-date: /home/louisdinhh/camera_stereo_ws/install/image_proc/include/image_proc/crop_non_zero.hpp
[0.308s] -- Up-to-date: /home/louisdinhh/camera_stereo_ws/install/image_proc/share/image_proc/environment/library_path.sh
[0.308s] -- Up-to-date: /home/louisdinhh/camera_stereo_ws/install/image_proc/share/image_proc/environment/library_path.dsv
[0.308s] -- Up-to-date: /home/louisdinhh/camera_stereo_ws/install/image_proc/lib/libimage_proc.so
[0.308s] -- Up-to-date: /home/louisdinhh/camera_stereo_ws/install/image_proc/lib/librectify.so
[0.308s] -- Up-to-date: /home/louisdinhh/camera_stereo_ws/install/image_proc/lib/libdebayer.so
[0.308s] -- Up-to-date: /home/louisdinhh/camera_stereo_ws/install/image_proc/lib/libresize.so
[0.308s] -- Up-to-date: /home/louisdinhh/camera_stereo_ws/install/image_proc/lib/libcrop_decimate.so
[0.308s] -- Up-to-date: /home/louisdinhh/camera_stereo_ws/install/image_proc/lib/libcrop_non_zero.so
[0.308s] -- Up-to-date: /home/louisdinhh/camera_stereo_ws/install/image_proc/lib/image_proc/image_proc
[0.308s] -- Up-to-date: /home/louisdinhh/camera_stereo_ws/install/image_proc/share/image_proc/launch
[0.309s] -- Up-to-date: /home/louisdinhh/camera_stereo_ws/install/image_proc/share/image_proc/launch/image_proc.launch.py
[0.309s] -- Up-to-date: /home/louisdinhh/camera_stereo_ws/install/image_proc/share/ament_index/resource_index/package_run_dependencies/image_proc
[0.309s] -- Up-to-date: /home/louisdinhh/camera_stereo_ws/install/image_proc/share/ament_index/resource_index/parent_prefix_path/image_proc
[0.309s] -- Up-to-date: /home/louisdinhh/camera_stereo_ws/install/image_proc/share/image_proc/environment/ament_prefix_path.sh
[0.309s] -- Up-to-date: /home/louisdinhh/camera_stereo_ws/install/image_proc/share/image_proc/environment/ament_prefix_path.dsv
[0.309s] -- Up-to-date: /home/louisdinhh/camera_stereo_ws/install/image_proc/share/image_proc/environment/path.sh
[0.309s] -- Up-to-date: /home/louisdinhh/camera_stereo_ws/install/image_proc/share/image_proc/environment/path.dsv
[0.309s] -- Up-to-date: /home/louisdinhh/camera_stereo_ws/install/image_proc/share/image_proc/local_setup.bash
[0.309s] -- Up-to-date: /home/louisdinhh/camera_stereo_ws/install/image_proc/share/image_proc/local_setup.sh
[0.309s] -- Up-to-date: /home/louisdinhh/camera_stereo_ws/install/image_proc/share/image_proc/local_setup.zsh
[0.309s] -- Up-to-date: /home/louisdinhh/camera_stereo_ws/install/image_proc/share/image_proc/local_setup.dsv
[0.309s] -- Installing: /home/louisdinhh/camera_stereo_ws/install/image_proc/share/image_proc/package.dsv
[0.309s] -- Up-to-date: /home/louisdinhh/camera_stereo_ws/install/image_proc/share/ament_index/resource_index/packages/image_proc
[0.310s] -- Up-to-date: /home/louisdinhh/camera_stereo_ws/install/image_proc/share/ament_index/resource_index/rclcpp_components/image_proc
[0.310s] -- Up-to-date: /home/louisdinhh/camera_stereo_ws/install/image_proc/share/image_proc/cmake/ament_cmake_export_dependencies-extras.cmake
[0.310s] -- Up-to-date: /home/louisdinhh/camera_stereo_ws/install/image_proc/share/image_proc/cmake/ament_cmake_export_include_directories-extras.cmake
[0.310s] -- Up-to-date: /home/louisdinhh/camera_stereo_ws/install/image_proc/share/image_proc/cmake/ament_cmake_export_libraries-extras.cmake
[0.310s] -- Up-to-date: /home/louisdinhh/camera_stereo_ws/install/image_proc/share/image_proc/cmake/image_procConfig.cmake
[0.310s] -- Up-to-date: /home/louisdinhh/camera_stereo_ws/install/image_proc/share/image_proc/cmake/image_procConfig-version.cmake
[0.310s] -- Up-to-date: /home/louisdinhh/camera_stereo_ws/install/image_proc/share/image_proc/package.xml
[0.320s] Invoked command in '/home/louisdinhh/camera_stereo_ws/build/image_proc' returned '0': CMAKE_PREFIX_PATH=/home/louisdinhh/camera_stereo_ws/install/tracetools_image_pipeline:/home/louisdinhh/camera_stereo_ws/install/image_transport:/home/louisdinhh/camera_stereo_ws/install/image_pipeline:/home/louisdinhh/camera_stereo_ws/install/stereo_image_proc:/home/louisdinhh/camera_stereo_ws/install/image_proc:/home/louisdinhh/camera_stereo_ws/install/opencv_cam:/home/louisdinhh/camera_stereo_ws/install/ros2_shared:/home/louisdinhh/camera_stereo_ws/install/image_view:/home/louisdinhh/camera_stereo_ws/install/image_rotate:/home/louisdinhh/camera_stereo_ws/install/image_publisher:/home/louisdinhh/camera_stereo_ws/install/image_common:/home/louisdinhh/camera_stereo_ws/install/depth_image_proc:/home/louisdinhh/camera_stereo_ws/install/camera_info_manager:/home/louisdinhh/camera_stereo_ws/install/camera_calibration_parsers:/home/louisdinhh/camera_stereo_ws/install/stereo_camera:/home/louisdinhh/camera_stereo_ws/install/camera_info_manager_py:/home/louisdinhh/camera_stereo_ws/install/camera_calibration:/opt/ros/humble LD_LIBRARY_PATH=/home/louisdinhh/camera_stereo_ws/install/tracetools_image_pipeline/lib:/home/louisdinhh/camera_stereo_ws/install/image_transport/lib:/home/louisdinhh/camera_stereo_ws/install/stereo_image_proc/lib:/home/louisdinhh/camera_stereo_ws/install/image_proc/lib:/home/louisdinhh/camera_stereo_ws/install/opencv_cam/lib:/home/louisdinhh/camera_stereo_ws/install/image_view/lib:/home/louisdinhh/camera_stereo_ws/install/image_rotate/lib:/home/louisdinhh/camera_stereo_ws/install/image_publisher/lib:/home/louisdinhh/camera_stereo_ws/install/depth_image_proc/lib:/home/louisdinhh/camera_stereo_ws/install/camera_info_manager/lib:/home/louisdinhh/camera_stereo_ws/install/camera_calibration_parsers/lib:/usr/lib/x86_64-linux-gnu/gazebo-11/plugins:/opt/ros/humble/opt/rviz_ogre_vendor/lib:/opt/ros/humble/lib/x86_64-linux-gnu:/usr/share/gurumdds/cmake/../../../lib:/opt/ros/humble/lib /usr/bin/cmake --install /home/louisdinhh/camera_stereo_ws/build/image_proc
