[0.015s] Invoking command in '/home/louisdinhh/camera_stereo_ws/build/depth_image_proc': AMENT_PREFIX_PATH=/home/louisdinhh/camera_stereo_ws/install/image_transport:${AMENT_PREFIX_PATH} CMAKE_PREFIX_PATH=/home/louisdinhh/camera_stereo_ws/install/image_transport:/opt/ros/humble LD_LIBRARY_PATH=/home/louisdinhh/camera_stereo_ws/install/image_transport/lib:${LD_LIBRARY_PATH} /usr/bin/cmake --build /home/louisdinhh/camera_stereo_ws/build/depth_image_proc -- -j12 -l12
[0.080s] [  6%] Built target convert_metric_node
[0.095s] [ 43%] Built target depth_image_proc
[0.095s] [ 56%] Built target point_cloud_xyz_node
[0.095s] [ 56%] Built target disparity_node
[0.095s] [ 62%] Built target point_cloud_xyzrgb_node
[0.095s] [ 68%] Built target crop_foremost_node
[0.095s] [ 75%] Built target point_cloud_xyz_radial_node
[0.095s] [ 81%] Built target point_cloud_xyzi_radial_node
[0.097s] [ 87%] Built target point_cloud_xyzi_node
[0.104s] [ 93%] Built target point_cloud_xyzrgb_radial_node
[0.104s] [100%] Built target register_node
[0.134s] Invoked command in '/home/louisdinhh/camera_stereo_ws/build/depth_image_proc' returned '0': AMENT_PREFIX_PATH=/home/louisdinhh/camera_stereo_ws/install/image_transport:${AMENT_PREFIX_PATH} CMAKE_PREFIX_PATH=/home/louisdinhh/camera_stereo_ws/install/image_transport:/opt/ros/humble LD_LIBRARY_PATH=/home/louisdinhh/camera_stereo_ws/install/image_transport/lib:${LD_LIBRARY_PATH} /usr/bin/cmake --build /home/louisdinhh/camera_stereo_ws/build/depth_image_proc -- -j12 -l12
[0.191s] Invoking command in '/home/louisdinhh/camera_stereo_ws/build/depth_image_proc': AMENT_PREFIX_PATH=/home/louisdinhh/camera_stereo_ws/install/image_transport:${AMENT_PREFIX_PATH} CMAKE_PREFIX_PATH=/home/louisdinhh/camera_stereo_ws/install/image_transport:/opt/ros/humble LD_LIBRARY_PATH=/home/louisdinhh/camera_stereo_ws/install/image_transport/lib:${LD_LIBRARY_PATH} /usr/bin/cmake --install /home/louisdinhh/camera_stereo_ws/build/depth_image_proc
[0.205s] -- Install configuration: ""
[0.206s] -- Up-to-date: /home/louisdinhh/camera_stereo_ws/install/depth_image_proc/lib/depth_image_proc/convert_metric_node
[0.206s] -- Up-to-date: /home/louisdinhh/camera_stereo_ws/install/depth_image_proc/lib/depth_image_proc/crop_foremost_node
[0.206s] -- Up-to-date: /home/louisdinhh/camera_stereo_ws/install/depth_image_proc/lib/depth_image_proc/disparity_node
[0.206s] -- Up-to-date: /home/louisdinhh/camera_stereo_ws/install/depth_image_proc/lib/depth_image_proc/point_cloud_xyz_node
[0.207s] -- Up-to-date: /home/louisdinhh/camera_stereo_ws/install/depth_image_proc/lib/depth_image_proc/point_cloud_xyzrgb_node
[0.207s] -- Up-to-date: /home/louisdinhh/camera_stereo_ws/install/depth_image_proc/lib/depth_image_proc/point_cloud_xyzi_node
[0.207s] -- Up-to-date: /home/louisdinhh/camera_stereo_ws/install/depth_image_proc/lib/depth_image_proc/point_cloud_xyz_radial_node
[0.207s] -- Up-to-date: /home/louisdinhh/camera_stereo_ws/install/depth_image_proc/lib/depth_image_proc/point_cloud_xyzi_radial_node
[0.207s] -- Up-to-date: /home/louisdinhh/camera_stereo_ws/install/depth_image_proc/lib/depth_image_proc/point_cloud_xyzrgb_radial_node
[0.208s] -- Up-to-date: /home/louisdinhh/camera_stereo_ws/install/depth_image_proc/lib/depth_image_proc/register_node
[0.208s] -- Up-to-date: /home/louisdinhh/camera_stereo_ws/install/depth_image_proc/include
[0.208s] -- Up-to-date: /home/louisdinhh/camera_stereo_ws/install/depth_image_proc/include/depth_image_proc
[0.208s] -- Up-to-date: /home/louisdinhh/camera_stereo_ws/install/depth_image_proc/include/depth_image_proc/point_cloud_xyz.hpp
[0.209s] -- Up-to-date: /home/louisdinhh/camera_stereo_ws/install/depth_image_proc/include/depth_image_proc/point_cloud_xyzrgb.hpp
[0.209s] -- Up-to-date: /home/louisdinhh/camera_stereo_ws/install/depth_image_proc/include/depth_image_proc/point_cloud_xyzi_radial.hpp
[0.209s] -- Up-to-date: /home/louisdinhh/camera_stereo_ws/install/depth_image_proc/include/depth_image_proc/point_cloud_xyzi.hpp
[0.209s] -- Up-to-date: /home/louisdinhh/camera_stereo_ws/install/depth_image_proc/include/depth_image_proc/point_cloud_xyzrgb_radial.hpp
[0.209s] -- Up-to-date: /home/louisdinhh/camera_stereo_ws/install/depth_image_proc/include/depth_image_proc/point_cloud_xyz_radial.hpp
[0.210s] -- Up-to-date: /home/louisdinhh/camera_stereo_ws/install/depth_image_proc/include/depth_image_proc/depth_traits.hpp
[0.210s] -- Up-to-date: /home/louisdinhh/camera_stereo_ws/install/depth_image_proc/include/depth_image_proc/conversions.hpp
[0.210s] -- Up-to-date: /home/louisdinhh/camera_stereo_ws/install/depth_image_proc/include/depth_image_proc/visibility.h
[0.210s] -- Up-to-date: /home/louisdinhh/camera_stereo_ws/install/depth_image_proc/share/depth_image_proc/environment/library_path.sh
[0.210s] -- Up-to-date: /home/louisdinhh/camera_stereo_ws/install/depth_image_proc/share/depth_image_proc/environment/library_path.dsv
[0.210s] -- Up-to-date: /home/louisdinhh/camera_stereo_ws/install/depth_image_proc/lib/libdepth_image_proc.so
[0.210s] -- Up-to-date: /home/louisdinhh/camera_stereo_ws/install/depth_image_proc/share/depth_image_proc/launch
[0.210s] -- Up-to-date: /home/louisdinhh/camera_stereo_ws/install/depth_image_proc/share/depth_image_proc/launch/point_cloud_xyzrgb_radial.launch.py
[0.210s] -- Up-to-date: /home/louisdinhh/camera_stereo_ws/install/depth_image_proc/share/depth_image_proc/launch/point_cloud_xyzrgb.launch.py
[0.210s] -- Up-to-date: /home/louisdinhh/camera_stereo_ws/install/depth_image_proc/share/depth_image_proc/launch/point_cloud_xyz_radial.launch.py
[0.210s] -- Up-to-date: /home/louisdinhh/camera_stereo_ws/install/depth_image_proc/share/depth_image_proc/launch/disparity.launch.py
[0.210s] -- Up-to-date: /home/louisdinhh/camera_stereo_ws/install/depth_image_proc/share/depth_image_proc/launch/point_cloud_xyzi.launch.py
[0.210s] -- Up-to-date: /home/louisdinhh/camera_stereo_ws/install/depth_image_proc/share/depth_image_proc/launch/rviz
[0.210s] -- Up-to-date: /home/louisdinhh/camera_stereo_ws/install/depth_image_proc/share/depth_image_proc/launch/rviz/crop_formost.rviz
[0.210s] -- Up-to-date: /home/louisdinhh/camera_stereo_ws/install/depth_image_proc/share/depth_image_proc/launch/rviz/point_cloud_xyzi.rviz
[0.210s] -- Up-to-date: /home/louisdinhh/camera_stereo_ws/install/depth_image_proc/share/depth_image_proc/launch/rviz/point_cloud_xyzrgb.rviz
[0.210s] -- Up-to-date: /home/louisdinhh/camera_stereo_ws/install/depth_image_proc/share/depth_image_proc/launch/rviz/register.rviz
[0.210s] -- Up-to-date: /home/louisdinhh/camera_stereo_ws/install/depth_image_proc/share/depth_image_proc/launch/rviz/point_cloud_xyz_radial.rviz
[0.210s] -- Up-to-date: /home/louisdinhh/camera_stereo_ws/install/depth_image_proc/share/depth_image_proc/launch/rviz/convert_metric.rviz
[0.210s] -- Up-to-date: /home/louisdinhh/camera_stereo_ws/install/depth_image_proc/share/depth_image_proc/launch/rviz/disparity.rviz
[0.210s] -- Up-to-date: /home/louisdinhh/camera_stereo_ws/install/depth_image_proc/share/depth_image_proc/launch/rviz/point_cloud_xyz.rviz
[0.210s] -- Up-to-date: /home/louisdinhh/camera_stereo_ws/install/depth_image_proc/share/depth_image_proc/launch/register.launch.py
[0.210s] -- Up-to-date: /home/louisdinhh/camera_stereo_ws/install/depth_image_proc/share/depth_image_proc/launch/convert_metric.launch.py
[0.210s] -- Up-to-date: /home/louisdinhh/camera_stereo_ws/install/depth_image_proc/share/depth_image_proc/launch/point_cloud_xyz.launch.py
[0.211s] -- Up-to-date: /home/louisdinhh/camera_stereo_ws/install/depth_image_proc/share/depth_image_proc/launch/point_cloud_xyzi_radial.launch.py
[0.211s] -- Up-to-date: /home/louisdinhh/camera_stereo_ws/install/depth_image_proc/share/depth_image_proc/launch/crop_foremost.launch.py
[0.211s] -- Up-to-date: /home/louisdinhh/camera_stereo_ws/install/depth_image_proc/share/ament_index/resource_index/package_run_dependencies/depth_image_proc
[0.211s] -- Up-to-date: /home/louisdinhh/camera_stereo_ws/install/depth_image_proc/share/ament_index/resource_index/parent_prefix_path/depth_image_proc
[0.211s] -- Up-to-date: /home/louisdinhh/camera_stereo_ws/install/depth_image_proc/share/depth_image_proc/environment/ament_prefix_path.sh
[0.211s] -- Up-to-date: /home/louisdinhh/camera_stereo_ws/install/depth_image_proc/share/depth_image_proc/environment/ament_prefix_path.dsv
[0.211s] -- Up-to-date: /home/louisdinhh/camera_stereo_ws/install/depth_image_proc/share/depth_image_proc/environment/path.sh
[0.211s] -- Up-to-date: /home/louisdinhh/camera_stereo_ws/install/depth_image_proc/share/depth_image_proc/environment/path.dsv
[0.211s] -- Up-to-date: /home/louisdinhh/camera_stereo_ws/install/depth_image_proc/share/depth_image_proc/local_setup.bash
[0.211s] -- Up-to-date: /home/louisdinhh/camera_stereo_ws/install/depth_image_proc/share/depth_image_proc/local_setup.sh
[0.211s] -- Up-to-date: /home/louisdinhh/camera_stereo_ws/install/depth_image_proc/share/depth_image_proc/local_setup.zsh
[0.211s] -- Up-to-date: /home/louisdinhh/camera_stereo_ws/install/depth_image_proc/share/depth_image_proc/local_setup.dsv
[0.211s] -- Installing: /home/louisdinhh/camera_stereo_ws/install/depth_image_proc/share/depth_image_proc/package.dsv
[0.211s] -- Up-to-date: /home/louisdinhh/camera_stereo_ws/install/depth_image_proc/share/ament_index/resource_index/packages/depth_image_proc
[0.211s] -- Up-to-date: /home/louisdinhh/camera_stereo_ws/install/depth_image_proc/share/ament_index/resource_index/rclcpp_components/depth_image_proc
[0.211s] -- Up-to-date: /home/louisdinhh/camera_stereo_ws/install/depth_image_proc/share/depth_image_proc/cmake/ament_cmake_export_dependencies-extras.cmake
[0.211s] -- Up-to-date: /home/louisdinhh/camera_stereo_ws/install/depth_image_proc/share/depth_image_proc/cmake/ament_cmake_export_include_directories-extras.cmake
[0.211s] -- Up-to-date: /home/louisdinhh/camera_stereo_ws/install/depth_image_proc/share/depth_image_proc/cmake/ament_cmake_export_libraries-extras.cmake
[0.211s] -- Up-to-date: /home/louisdinhh/camera_stereo_ws/install/depth_image_proc/share/depth_image_proc/cmake/depth_image_procConfig.cmake
[0.211s] -- Up-to-date: /home/louisdinhh/camera_stereo_ws/install/depth_image_proc/share/depth_image_proc/cmake/depth_image_procConfig-version.cmake
[0.212s] -- Up-to-date: /home/louisdinhh/camera_stereo_ws/install/depth_image_proc/share/depth_image_proc/package.xml
[0.214s] Invoked command in '/home/louisdinhh/camera_stereo_ws/build/depth_image_proc' returned '0': AMENT_PREFIX_PATH=/home/louisdinhh/camera_stereo_ws/install/image_transport:${AMENT_PREFIX_PATH} CMAKE_PREFIX_PATH=/home/louisdinhh/camera_stereo_ws/install/image_transport:/opt/ros/humble LD_LIBRARY_PATH=/home/louisdinhh/camera_stereo_ws/install/image_transport/lib:${LD_LIBRARY_PATH} /usr/bin/cmake --install /home/louisdinhh/camera_stereo_ws/build/depth_image_proc
