[0.352s] Invoking command in '/home/louisdinhh/camera_360_ws/src/surround_cam': PYTHONPATH=/home/louisdinhh/camera_360_ws/build/surround_cam/prefix_override:/usr/lib/python3/dist-packages/colcon_core/task/python/colcon_distutils_commands:/home/louisdinhh/camera_360_ws/install/surround_cam/lib/python3.10/site-packages:${PYTHONPATH} /usr/bin/python3 -W ignore:setup.py install is deprecated setup.py egg_info --egg-base ../../build/surround_cam build --build-base /home/louisdinhh/camera_360_ws/build/surround_cam/build install --record /home/louisdinhh/camera_360_ws/build/surround_cam/install.log --single-version-externally-managed install_data
[0.485s] running egg_info
[0.485s] writing ../../build/surround_cam/surround_cam.egg-info/PKG-INFO
[0.485s] writing dependency_links to ../../build/surround_cam/surround_cam.egg-info/dependency_links.txt
[0.485s] writing entry points to ../../build/surround_cam/surround_cam.egg-info/entry_points.txt
[0.485s] writing requirements to ../../build/surround_cam/surround_cam.egg-info/requires.txt
[0.486s] writing top-level names to ../../build/surround_cam/surround_cam.egg-info/top_level.txt
[0.486s] reading manifest file '../../build/surround_cam/surround_cam.egg-info/SOURCES.txt'
[0.487s] writing manifest file '../../build/surround_cam/surround_cam.egg-info/SOURCES.txt'
[0.487s] running build
[0.487s] running build_py
[0.487s] copying surround_cam/surround_merger.py -> /home/louisdinhh/camera_360_ws/build/surround_cam/build/lib/surround_cam
[0.487s] running install
[0.487s] running install_lib
[0.488s] copying /home/louisdinhh/camera_360_ws/build/surround_cam/build/lib/surround_cam/surround_merger.py -> /home/louisdinhh/camera_360_ws/install/surround_cam/lib/python3.10/site-packages/surround_cam
[0.488s] byte-compiling /home/louisdinhh/camera_360_ws/install/surround_cam/lib/python3.10/site-packages/surround_cam/surround_merger.py to surround_merger.cpython-310.pyc
[0.489s] running install_data
[0.489s] copying launch/surround_cam.launch.py -> /home/louisdinhh/camera_360_ws/install/surround_cam/share/surround_cam/launch
[0.489s] running install_egg_info
[0.490s] removing '/home/louisdinhh/camera_360_ws/install/surround_cam/lib/python3.10/site-packages/surround_cam-0.1.0-py3.10.egg-info' (and everything under it)
[0.490s] Copying ../../build/surround_cam/surround_cam.egg-info to /home/louisdinhh/camera_360_ws/install/surround_cam/lib/python3.10/site-packages/surround_cam-0.1.0-py3.10.egg-info
[0.490s] running install_scripts
[0.503s] Installing surround_cam script to /home/louisdinhh/camera_360_ws/install/surround_cam/lib/surround_cam
[0.503s] writing list of installed files to '/home/louisdinhh/camera_360_ws/build/surround_cam/install.log'
[0.516s] Invoked command in '/home/louisdinhh/camera_360_ws/src/surround_cam' returned '0': PYTHONPATH=/home/louisdinhh/camera_360_ws/build/surround_cam/prefix_override:/usr/lib/python3/dist-packages/colcon_core/task/python/colcon_distutils_commands:/home/louisdinhh/camera_360_ws/install/surround_cam/lib/python3.10/site-packages:${PYTHONPATH} /usr/bin/python3 -W ignore:setup.py install is deprecated setup.py egg_info --egg-base ../../build/surround_cam build --build-base /home/louisdinhh/camera_360_ws/build/surround_cam/build install --record /home/louisdinhh/camera_360_ws/build/surround_cam/install.log --single-version-externally-managed install_data
