[0.008s] Invoking command in '/home/louisdinhh/camera_stereo_ws/build/camera_info_manager': AMENT_PREFIX_PATH=/home/louisdinhh/camera_stereo_ws/install/camera_calibration_parsers:${AMENT_PREFIX_PATH} CMAKE_PREFIX_PATH=/home/louisdinhh/camera_stereo_ws/install/camera_calibration_parsers:/home/louisdinhh/camera_stereo_ws/install/stereo_camera:/opt/ros/humble LD_LIBRARY_PATH=/home/louisdinhh/camera_stereo_ws/install/camera_calibration_parsers/lib:${LD_LIBRARY_PATH} /usr/bin/cmake /home/louisdinhh/camera_stereo_ws/src/image_common/camera_info_manager -DCMAKE_INSTALL_PREFIX=/home/louisdinhh/camera_stereo_ws/install/camera_info_manager
[0.040s] -- The C compiler identification is GNU 11.4.0
[0.075s] -- The CXX compiler identification is GNU 11.4.0
[0.080s] -- Detecting C compiler ABI info
[0.122s] -- Detecting C compiler ABI info - done
[0.127s] -- Check for working C compiler: /usr/bin/cc - skipped
[0.127s] -- Detecting C compile features
[0.127s] -- Detecting C compile features - done
[0.129s] -- Detecting CXX compiler ABI info
[0.178s] -- Detecting CXX compiler ABI info - done
[0.186s] -- Check for working CXX compiler: /usr/bin/c++ - skipped
[0.186s] -- Detecting CXX compile features
[0.187s] -- Detecting CXX compile features - done
[0.189s] -- Found ament_cmake_ros: 0.10.0 (/opt/ros/humble/share/ament_cmake_ros/cmake)
[0.297s] -- Found Python3: /usr/bin/python3 (found version "3.10.12") found components: Interpreter 
[0.361s] -- Found ament_index_cpp: 1.4.0 (/opt/ros/humble/share/ament_index_cpp/cmake)
[0.362s] -- Found camera_calibration_parsers: 3.1.10 (/home/louisdinhh/camera_stereo_ws/install/camera_calibration_parsers/share/camera_calibration_parsers/cmake)
[0.393s] -- Found rosidl_generator_c: 3.1.5 (/opt/ros/humble/share/rosidl_generator_c/cmake)
[0.396s] -- Found rosidl_adapter: 3.1.5 (/opt/ros/humble/share/rosidl_adapter/cmake)
[0.401s] -- Found rosidl_generator_cpp: 3.1.5 (/opt/ros/humble/share/rosidl_generator_cpp/cmake)
[0.408s] -- Using all available rosidl_typesupport_c: rosidl_typesupport_fastrtps_c;rosidl_typesupport_introspection_c
[0.418s] -- Using all available rosidl_typesupport_cpp: rosidl_typesupport_fastrtps_cpp;rosidl_typesupport_introspection_cpp
[0.445s] -- Found rmw_implementation_cmake: 6.1.2 (/opt/ros/humble/share/rmw_implementation_cmake/cmake)
[0.446s] -- Found rmw_fastrtps_cpp: 6.2.7 (/opt/ros/humble/share/rmw_fastrtps_cpp/cmake)
[0.494s] -- Found OpenSSL: /usr/lib/x86_64-linux-gnu/libcrypto.so (found version "3.0.2")  
[0.510s] -- Found FastRTPS: /opt/ros/humble/include  
[0.536s] -- Using RMW implementation 'rmw_fastrtps_cpp' as default
[0.541s] -- Looking for pthread.h
[0.585s] -- Looking for pthread.h - found
[0.585s] -- Performing Test CMAKE_HAVE_LIBC_PTHREAD
[0.629s] -- Performing Test CMAKE_HAVE_LIBC_PTHREAD - Success
[0.630s] -- Found Threads: TRUE  
[0.686s] -- Found ament_cmake_cpplint: 0.12.11 (/opt/ros/humble/share/ament_cmake_cpplint/cmake)
[0.687s] -- Found ament_cmake_lint_cmake: 0.12.11 (/opt/ros/humble/share/ament_cmake_lint_cmake/cmake)
[0.688s] -- Found ament_cmake_uncrustify: 0.12.11 (/opt/ros/humble/share/ament_cmake_uncrustify/cmake)
[0.730s] -- Configuring done
[0.735s] -- Generating done
[0.736s] -- Build files have been written to: /home/louisdinhh/camera_stereo_ws/build/camera_info_manager
[0.743s] Invoked command in '/home/louisdinhh/camera_stereo_ws/build/camera_info_manager' returned '0': AMENT_PREFIX_PATH=/home/louisdinhh/camera_stereo_ws/install/camera_calibration_parsers:${AMENT_PREFIX_PATH} CMAKE_PREFIX_PATH=/home/louisdinhh/camera_stereo_ws/install/camera_calibration_parsers:/home/louisdinhh/camera_stereo_ws/install/stereo_camera:/opt/ros/humble LD_LIBRARY_PATH=/home/louisdinhh/camera_stereo_ws/install/camera_calibration_parsers/lib:${LD_LIBRARY_PATH} /usr/bin/cmake /home/louisdinhh/camera_stereo_ws/src/image_common/camera_info_manager -DCMAKE_INSTALL_PREFIX=/home/louisdinhh/camera_stereo_ws/install/camera_info_manager
[0.744s] Invoking command in '/home/louisdinhh/camera_stereo_ws/build/camera_info_manager': AMENT_PREFIX_PATH=/home/louisdinhh/camera_stereo_ws/install/camera_calibration_parsers:${AMENT_PREFIX_PATH} CMAKE_PREFIX_PATH=/home/louisdinhh/camera_stereo_ws/install/camera_calibration_parsers:/home/louisdinhh/camera_stereo_ws/install/stereo_camera:/opt/ros/humble LD_LIBRARY_PATH=/home/louisdinhh/camera_stereo_ws/install/camera_calibration_parsers/lib:${LD_LIBRARY_PATH} /usr/bin/cmake --build /home/louisdinhh/camera_stereo_ws/build/camera_info_manager -- -j12 -l12
[0.774s] [ 50%] [32mBuilding CXX object CMakeFiles/camera_info_manager.dir/src/camera_info_manager.cpp.o[0m
[2.336s] [100%] [32m[1mLinking CXX shared library libcamera_info_manager.so[0m
[2.435s] [100%] Built target camera_info_manager
[2.442s] Invoked command in '/home/louisdinhh/camera_stereo_ws/build/camera_info_manager' returned '0': AMENT_PREFIX_PATH=/home/louisdinhh/camera_stereo_ws/install/camera_calibration_parsers:${AMENT_PREFIX_PATH} CMAKE_PREFIX_PATH=/home/louisdinhh/camera_stereo_ws/install/camera_calibration_parsers:/home/louisdinhh/camera_stereo_ws/install/stereo_camera:/opt/ros/humble LD_LIBRARY_PATH=/home/louisdinhh/camera_stereo_ws/install/camera_calibration_parsers/lib:${LD_LIBRARY_PATH} /usr/bin/cmake --build /home/louisdinhh/camera_stereo_ws/build/camera_info_manager -- -j12 -l12
[2.455s] Invoking command in '/home/louisdinhh/camera_stereo_ws/build/camera_info_manager': AMENT_PREFIX_PATH=/home/louisdinhh/camera_stereo_ws/install/camera_calibration_parsers:${AMENT_PREFIX_PATH} CMAKE_PREFIX_PATH=/home/louisdinhh/camera_stereo_ws/install/camera_calibration_parsers:/home/louisdinhh/camera_stereo_ws/install/stereo_camera:/opt/ros/humble LD_LIBRARY_PATH=/home/louisdinhh/camera_stereo_ws/install/camera_calibration_parsers/lib:${LD_LIBRARY_PATH} /usr/bin/cmake --install /home/louisdinhh/camera_stereo_ws/build/camera_info_manager
[2.461s] -- Install configuration: ""
[2.461s] -- Installing: /home/louisdinhh/camera_stereo_ws/install/camera_info_manager/lib/libcamera_info_manager.so
[2.461s] -- Set runtime path of "/home/louisdinhh/camera_stereo_ws/install/camera_info_manager/lib/libcamera_info_manager.so" to ""
[2.461s] -- Installing: /home/louisdinhh/camera_stereo_ws/install/camera_info_manager/include/camera_info_manager
[2.461s] -- Installing: /home/louisdinhh/camera_stereo_ws/install/camera_info_manager/include/camera_info_manager/camera_info_manager
[2.461s] -- Installing: /home/louisdinhh/camera_stereo_ws/install/camera_info_manager/include/camera_info_manager/camera_info_manager/visibility_control.h
[2.461s] -- Installing: /home/louisdinhh/camera_stereo_ws/install/camera_info_manager/include/camera_info_manager/camera_info_manager/camera_info_manager.hpp
[2.461s] -- Installing: /home/louisdinhh/camera_stereo_ws/install/camera_info_manager/include/camera_info_manager/camera_info_manager/camera_info_manager.h
[2.461s] -- Installing: /home/louisdinhh/camera_stereo_ws/install/camera_info_manager/share/ament_index/resource_index/package_run_dependencies/camera_info_manager
[2.462s] -- Installing: /home/louisdinhh/camera_stereo_ws/install/camera_info_manager/share/ament_index/resource_index/parent_prefix_path/camera_info_manager
[2.462s] -- Installing: /home/louisdinhh/camera_stereo_ws/install/camera_info_manager/share/camera_info_manager/environment/ament_prefix_path.sh
[2.462s] -- Installing: /home/louisdinhh/camera_stereo_ws/install/camera_info_manager/share/camera_info_manager/environment/ament_prefix_path.dsv
[2.462s] -- Installing: /home/louisdinhh/camera_stereo_ws/install/camera_info_manager/share/camera_info_manager/environment/path.sh
[2.462s] -- Installing: /home/louisdinhh/camera_stereo_ws/install/camera_info_manager/share/camera_info_manager/environment/path.dsv
[2.462s] -- Installing: /home/louisdinhh/camera_stereo_ws/install/camera_info_manager/share/camera_info_manager/local_setup.bash
[2.462s] -- Installing: /home/louisdinhh/camera_stereo_ws/install/camera_info_manager/share/camera_info_manager/local_setup.sh
[2.462s] -- Installing: /home/louisdinhh/camera_stereo_ws/install/camera_info_manager/share/camera_info_manager/local_setup.zsh
[2.462s] -- Installing: /home/louisdinhh/camera_stereo_ws/install/camera_info_manager/share/camera_info_manager/local_setup.dsv
[2.462s] -- Installing: /home/louisdinhh/camera_stereo_ws/install/camera_info_manager/share/camera_info_manager/package.dsv
[2.462s] -- Installing: /home/louisdinhh/camera_stereo_ws/install/camera_info_manager/share/ament_index/resource_index/packages/camera_info_manager
[2.462s] -- Installing: /home/louisdinhh/camera_stereo_ws/install/camera_info_manager/share/camera_info_manager/cmake/export_camera_info_managerExport.cmake
[2.462s] -- Installing: /home/louisdinhh/camera_stereo_ws/install/camera_info_manager/share/camera_info_manager/cmake/export_camera_info_managerExport-noconfig.cmake
[2.462s] -- Installing: /home/louisdinhh/camera_stereo_ws/install/camera_info_manager/share/camera_info_manager/cmake/ament_cmake_export_dependencies-extras.cmake
[2.462s] -- Installing: /home/louisdinhh/camera_stereo_ws/install/camera_info_manager/share/camera_info_manager/cmake/ament_cmake_export_targets-extras.cmake
[2.462s] -- Installing: /home/louisdinhh/camera_stereo_ws/install/camera_info_manager/share/camera_info_manager/cmake/camera_info_managerConfig.cmake
[2.462s] -- Installing: /home/louisdinhh/camera_stereo_ws/install/camera_info_manager/share/camera_info_manager/cmake/camera_info_managerConfig-version.cmake
[2.462s] -- Installing: /home/louisdinhh/camera_stereo_ws/install/camera_info_manager/share/camera_info_manager/package.xml
[2.464s] Invoked command in '/home/louisdinhh/camera_stereo_ws/build/camera_info_manager' returned '0': AMENT_PREFIX_PATH=/home/louisdinhh/camera_stereo_ws/install/camera_calibration_parsers:${AMENT_PREFIX_PATH} CMAKE_PREFIX_PATH=/home/louisdinhh/camera_stereo_ws/install/camera_calibration_parsers:/home/louisdinhh/camera_stereo_ws/install/stereo_camera:/opt/ros/humble LD_LIBRARY_PATH=/home/louisdinhh/camera_stereo_ws/install/camera_calibration_parsers/lib:${LD_LIBRARY_PATH} /usr/bin/cmake --install /home/louisdinhh/camera_stereo_ws/build/camera_info_manager
