running egg_info
creating ../../build/surround_cam/surround_cam.egg-info
writing ../../build/surround_cam/surround_cam.egg-info/PKG-INFO
writing dependency_links to ../../build/surround_cam/surround_cam.egg-info/dependency_links.txt
writing entry points to ../../build/surround_cam/surround_cam.egg-info/entry_points.txt
writing requirements to ../../build/surround_cam/surround_cam.egg-info/requires.txt
writing top-level names to ../../build/surround_cam/surround_cam.egg-info/top_level.txt
writing manifest file '../../build/surround_cam/surround_cam.egg-info/SOURCES.txt'
reading manifest file '../../build/surround_cam/surround_cam.egg-info/SOURCES.txt'
writing manifest file '../../build/surround_cam/surround_cam.egg-info/SOURCES.txt'
running build
running build_py
creating /home/louisdinhh/camera_360_ws/build/surround_cam/build
creating /home/louisdinhh/camera_360_ws/build/surround_cam/build/lib
creating /home/louisdinhh/camera_360_ws/build/surround_cam/build/lib/surround_cam
copying surround_cam/surround_merger.py -> /home/louisdinhh/camera_360_ws/build/surround_cam/build/lib/surround_cam
copying surround_cam/__init__.py -> /home/louisdinhh/camera_360_ws/build/surround_cam/build/lib/surround_cam
running install
running install_lib
creating /home/louisdinhh/camera_360_ws/install/surround_cam/lib/python3.10/site-packages/surround_cam
copying /home/louisdinhh/camera_360_ws/build/surround_cam/build/lib/surround_cam/surround_merger.py -> /home/louisdinhh/camera_360_ws/install/surround_cam/lib/python3.10/site-packages/surround_cam
copying /home/louisdinhh/camera_360_ws/build/surround_cam/build/lib/surround_cam/__init__.py -> /home/louisdinhh/camera_360_ws/install/surround_cam/lib/python3.10/site-packages/surround_cam
byte-compiling /home/louisdinhh/camera_360_ws/install/surround_cam/lib/python3.10/site-packages/surround_cam/surround_merger.py to surround_merger.cpython-310.pyc
byte-compiling /home/louisdinhh/camera_360_ws/install/surround_cam/lib/python3.10/site-packages/surround_cam/__init__.py to __init__.cpython-310.pyc
running install_data
creating /home/louisdinhh/camera_360_ws/install/surround_cam/share/ament_index
creating /home/louisdinhh/camera_360_ws/install/surround_cam/share/ament_index/resource_index
creating /home/louisdinhh/camera_360_ws/install/surround_cam/share/ament_index/resource_index/packages
copying resource/surround_cam -> /home/louisdinhh/camera_360_ws/install/surround_cam/share/ament_index/resource_index/packages
copying package.xml -> /home/louisdinhh/camera_360_ws/install/surround_cam/share/surround_cam
creating /home/louisdinhh/camera_360_ws/install/surround_cam/share/surround_cam/launch
copying launch/surround_cam.launch.py -> /home/louisdinhh/camera_360_ws/install/surround_cam/share/surround_cam/launch
error: can't copy 'launch/top_down_view.launch.py': doesn't exist or not a regular file
