[0.427s] Invoking command in '/home/louisdinhh/camera_360_ws/src/surround_cam': PYTHONPATH=/home/louisdinhh/camera_360_ws/build/surround_cam/prefix_override:/usr/lib/python3/dist-packages/colcon_core/task/python/colcon_distutils_commands:/home/louisdinhh/camera_360_ws/install/surround_cam/lib/python3.10/site-packages:${PYTHONPATH} /usr/bin/python3 -W ignore:setup.py install is deprecated setup.py egg_info --egg-base ../../build/surround_cam build --build-base /home/louisdinhh/camera_360_ws/build/surround_cam/build install --record /home/louisdinhh/camera_360_ws/build/surround_cam/install.log --single-version-externally-managed install_data
[0.563s] running egg_info
[0.563s] creating ../../build/surround_cam/surround_cam.egg-info
[0.563s] writing ../../build/surround_cam/surround_cam.egg-info/PKG-INFO
[0.563s] writing dependency_links to ../../build/surround_cam/surround_cam.egg-info/dependency_links.txt
[0.563s] writing entry points to ../../build/surround_cam/surround_cam.egg-info/entry_points.txt
[0.563s] writing requirements to ../../build/surround_cam/surround_cam.egg-info/requires.txt
[0.563s] writing top-level names to ../../build/surround_cam/surround_cam.egg-info/top_level.txt
[0.564s] writing manifest file '../../build/surround_cam/surround_cam.egg-info/SOURCES.txt'
[0.564s] reading manifest file '../../build/surround_cam/surround_cam.egg-info/SOURCES.txt'
[0.565s] writing manifest file '../../build/surround_cam/surround_cam.egg-info/SOURCES.txt'
[0.565s] running build
[0.565s] running build_py
[0.565s] creating /home/louisdinhh/camera_360_ws/build/surround_cam/build
[0.565s] creating /home/louisdinhh/camera_360_ws/build/surround_cam/build/lib
[0.565s] creating /home/louisdinhh/camera_360_ws/build/surround_cam/build/lib/surround_cam
[0.565s] copying surround_cam/surround_merger.py -> /home/louisdinhh/camera_360_ws/build/surround_cam/build/lib/surround_cam
[0.565s] copying surround_cam/__init__.py -> /home/louisdinhh/camera_360_ws/build/surround_cam/build/lib/surround_cam
[0.565s] running install
[0.565s] running install_lib
[0.566s] creating /home/louisdinhh/camera_360_ws/install/surround_cam/lib/python3.10/site-packages/surround_cam
[0.566s] copying /home/louisdinhh/camera_360_ws/build/surround_cam/build/lib/surround_cam/surround_merger.py -> /home/louisdinhh/camera_360_ws/install/surround_cam/lib/python3.10/site-packages/surround_cam
[0.566s] copying /home/louisdinhh/camera_360_ws/build/surround_cam/build/lib/surround_cam/__init__.py -> /home/louisdinhh/camera_360_ws/install/surround_cam/lib/python3.10/site-packages/surround_cam
[0.566s] byte-compiling /home/louisdinhh/camera_360_ws/install/surround_cam/lib/python3.10/site-packages/surround_cam/surround_merger.py to surround_merger.cpython-310.pyc
[0.567s] byte-compiling /home/louisdinhh/camera_360_ws/install/surround_cam/lib/python3.10/site-packages/surround_cam/__init__.py to __init__.cpython-310.pyc
[0.567s] running install_data
[0.567s] creating /home/louisdinhh/camera_360_ws/install/surround_cam/share/ament_index
[0.567s] creating /home/louisdinhh/camera_360_ws/install/surround_cam/share/ament_index/resource_index
[0.567s] creating /home/louisdinhh/camera_360_ws/install/surround_cam/share/ament_index/resource_index/packages
[0.567s] copying resource/surround_cam -> /home/louisdinhh/camera_360_ws/install/surround_cam/share/ament_index/resource_index/packages
[0.567s] copying package.xml -> /home/louisdinhh/camera_360_ws/install/surround_cam/share/surround_cam
[0.567s] creating /home/louisdinhh/camera_360_ws/install/surround_cam/share/surround_cam/launch
[0.567s] copying launch/surround_cam.launch.py -> /home/louisdinhh/camera_360_ws/install/surround_cam/share/surround_cam/launch
[0.567s] error: can't copy 'launch/top_down_view.launch.py': doesn't exist or not a regular file
[0.578s] Invoked command in '/home/louisdinhh/camera_360_ws/src/surround_cam' returned '1': PYTHONPATH=/home/louisdinhh/camera_360_ws/build/surround_cam/prefix_override:/usr/lib/python3/dist-packages/colcon_core/task/python/colcon_distutils_commands:/home/louisdinhh/camera_360_ws/install/surround_cam/lib/python3.10/site-packages:${PYTHONPATH} /usr/bin/python3 -W ignore:setup.py install is deprecated setup.py egg_info --egg-base ../../build/surround_cam build --build-base /home/louisdinhh/camera_360_ws/build/surround_cam/build install --record /home/louisdinhh/camera_360_ws/build/surround_cam/install.log --single-version-externally-managed install_data
