[0.377s] Invoking command in '/home/louisdinhh/camera_panorama_ws/src/panorama_cam': PYTHONPATH=/home/louisdinhh/camera_panorama_ws/src/build/panorama_cam/prefix_override:/usr/lib/python3/dist-packages/colcon_core/task/python/colcon_distutils_commands:/home/louisdinhh/camera_panorama_ws/src/install/panorama_cam/lib/python3.10/site-packages:${PYTHONPATH} /usr/bin/python3 -W ignore:setup.py install is deprecated setup.py egg_info --egg-base ../build/panorama_cam build --build-base /home/louisdinhh/camera_panorama_ws/src/build/panorama_cam/build install --record /home/louisdinhh/camera_panorama_ws/src/build/panorama_cam/install.log --single-version-externally-managed install_data
[0.518s] running egg_info
[0.518s] creating ../build/panorama_cam/panorama_cam.egg-info
[0.518s] writing ../build/panorama_cam/panorama_cam.egg-info/PKG-INFO
[0.518s] writing dependency_links to ../build/panorama_cam/panorama_cam.egg-info/dependency_links.txt
[0.518s] writing entry points to ../build/panorama_cam/panorama_cam.egg-info/entry_points.txt
[0.518s] writing requirements to ../build/panorama_cam/panorama_cam.egg-info/requires.txt
[0.518s] writing top-level names to ../build/panorama_cam/panorama_cam.egg-info/top_level.txt
[0.519s] writing manifest file '../build/panorama_cam/panorama_cam.egg-info/SOURCES.txt'
[0.519s] reading manifest file '../build/panorama_cam/panorama_cam.egg-info/SOURCES.txt'
[0.520s] writing manifest file '../build/panorama_cam/panorama_cam.egg-info/SOURCES.txt'
[0.520s] running build
[0.520s] running build_py
[0.520s] creating /home/louisdinhh/camera_panorama_ws/src/build/panorama_cam/build
[0.520s] creating /home/louisdinhh/camera_panorama_ws/src/build/panorama_cam/build/lib
[0.520s] creating /home/louisdinhh/camera_panorama_ws/src/build/panorama_cam/build/lib/panorama_cam
[0.520s] copying panorama_cam/__init__.py -> /home/louisdinhh/camera_panorama_ws/src/build/panorama_cam/build/lib/panorama_cam
[0.520s] copying panorama_cam/panorama_node.py -> /home/louisdinhh/camera_panorama_ws/src/build/panorama_cam/build/lib/panorama_cam
[0.520s] running install
[0.520s] running install_lib
[0.521s] creating /home/louisdinhh/camera_panorama_ws/src/install/panorama_cam/lib/python3.10/site-packages/panorama_cam
[0.521s] copying /home/louisdinhh/camera_panorama_ws/src/build/panorama_cam/build/lib/panorama_cam/__init__.py -> /home/louisdinhh/camera_panorama_ws/src/install/panorama_cam/lib/python3.10/site-packages/panorama_cam
[0.521s] copying /home/louisdinhh/camera_panorama_ws/src/build/panorama_cam/build/lib/panorama_cam/panorama_node.py -> /home/louisdinhh/camera_panorama_ws/src/install/panorama_cam/lib/python3.10/site-packages/panorama_cam
[0.521s] byte-compiling /home/louisdinhh/camera_panorama_ws/src/install/panorama_cam/lib/python3.10/site-packages/panorama_cam/__init__.py to __init__.cpython-310.pyc
[0.521s] byte-compiling /home/louisdinhh/camera_panorama_ws/src/install/panorama_cam/lib/python3.10/site-packages/panorama_cam/panorama_node.py to panorama_node.cpython-310.pyc
[0.522s] running install_data
[0.522s] creating /home/louisdinhh/camera_panorama_ws/src/install/panorama_cam/share/ament_index
[0.522s] creating /home/louisdinhh/camera_panorama_ws/src/install/panorama_cam/share/ament_index/resource_index
[0.522s] creating /home/louisdinhh/camera_panorama_ws/src/install/panorama_cam/share/ament_index/resource_index/packages
[0.522s] copying resource/panorama_cam -> /home/louisdinhh/camera_panorama_ws/src/install/panorama_cam/share/ament_index/resource_index/packages
[0.522s] copying package.xml -> /home/louisdinhh/camera_panorama_ws/src/install/panorama_cam/share/panorama_cam
[0.522s] creating /home/louisdinhh/camera_panorama_ws/src/install/panorama_cam/share/panorama_cam/launch
[0.522s] copying launch/panorama_cam.launch.py -> /home/louisdinhh/camera_panorama_ws/src/install/panorama_cam/share/panorama_cam/launch
[0.522s] running install_egg_info
[0.523s] Copying ../build/panorama_cam/panorama_cam.egg-info to /home/louisdinhh/camera_panorama_ws/src/install/panorama_cam/lib/python3.10/site-packages/panorama_cam-0.0.0-py3.10.egg-info
[0.523s] running install_scripts
[0.537s] Installing panorama_node script to /home/louisdinhh/camera_panorama_ws/src/install/panorama_cam/lib/panorama_cam
[0.537s] writing list of installed files to '/home/louisdinhh/camera_panorama_ws/src/build/panorama_cam/install.log'
[0.551s] Invoked command in '/home/louisdinhh/camera_panorama_ws/src/panorama_cam' returned '0': PYTHONPATH=/home/louisdinhh/camera_panorama_ws/src/build/panorama_cam/prefix_override:/usr/lib/python3/dist-packages/colcon_core/task/python/colcon_distutils_commands:/home/louisdinhh/camera_panorama_ws/src/install/panorama_cam/lib/python3.10/site-packages:${PYTHONPATH} /usr/bin/python3 -W ignore:setup.py install is deprecated setup.py egg_info --egg-base ../build/panorama_cam build --build-base /home/louisdinhh/camera_panorama_ws/src/build/panorama_cam/build install --record /home/louisdinhh/camera_panorama_ws/src/build/panorama_cam/install.log --single-version-externally-managed install_data
