[0.005s] Invoking command in '/home/louisdinhh/camera_stereo_ws/build/stereo_camera': CMAKE_PREFIX_PATH=/opt/ros/humble /usr/bin/cmake /home/louisdinhh/camera_stereo_ws/src/stereo_camera -DCMAKE_INSTALL_PREFIX=/home/louisdinhh/camera_stereo_ws/install/stereo_camera
[0.038s] -- The C compiler identification is GNU 11.4.0
[0.083s] -- The CXX compiler identification is GNU 11.4.0
[0.087s] -- Detecting C compiler ABI info
[0.128s] -- Detecting C compiler ABI info - done
[0.133s] -- Check for working C compiler: /usr/bin/cc - skipped
[0.133s] -- Detecting C compile features
[0.133s] -- Detecting C compile features - done
[0.136s] -- Detecting CXX compiler ABI info
[0.197s] -- Detecting CXX compiler ABI info - done
[0.202s] -- Check for working CXX compiler: /usr/bin/c++ - skipped
[0.202s] -- Detecting CXX compile features
[0.202s] -- Detecting CXX compile features - done
[0.204s] -- Found ament_cmake: 1.3.10 (/opt/ros/humble/share/ament_cmake/cmake)
[0.302s] -- Found Python3: /usr/bin/python3 (found version "3.10.12") found components: Interpreter 
[0.353s] -- Found rclpy: 3.3.14 (/opt/ros/humble/share/rclpy/cmake)
[0.353s] -- Found v4l2_camera: 0.6.2 (/opt/ros/humble/share/v4l2_camera/cmake)
[0.381s] -- Found rosidl_generator_c: 3.1.5 (/opt/ros/humble/share/rosidl_generator_c/cmake)
[0.384s] -- Found rosidl_adapter: 3.1.5 (/opt/ros/humble/share/rosidl_adapter/cmake)
[0.388s] -- Found rosidl_generator_cpp: 3.1.5 (/opt/ros/humble/share/rosidl_generator_cpp/cmake)
[0.395s] -- Using all available rosidl_typesupport_c: rosidl_typesupport_fastrtps_c;rosidl_typesupport_introspection_c
[0.404s] -- Using all available rosidl_typesupport_cpp: rosidl_typesupport_fastrtps_cpp;rosidl_typesupport_introspection_cpp
[0.429s] -- Found rmw_implementation_cmake: 6.1.2 (/opt/ros/humble/share/rmw_implementation_cmake/cmake)
[0.431s] -- Found rmw_fastrtps_cpp: 6.2.7 (/opt/ros/humble/share/rmw_fastrtps_cpp/cmake)
[0.475s] -- Found OpenSSL: /usr/lib/x86_64-linux-gnu/libcrypto.so (found version "3.0.2")  
[0.491s] -- Found FastRTPS: /opt/ros/humble/include  
[0.513s] -- Using RMW implementation 'rmw_fastrtps_cpp' as default
[0.518s] -- Looking for pthread.h
[0.570s] -- Looking for pthread.h - found
[0.570s] -- Performing Test CMAKE_HAVE_LIBC_PTHREAD
[0.652s] -- Performing Test CMAKE_HAVE_LIBC_PTHREAD - Success
[0.653s] -- Found Threads: TRUE  
[0.708s] -- Found image_proc: 3.0.6 (/opt/ros/humble/share/image_proc/cmake)
[0.750s] -- Found ament_lint_auto: 0.12.11 (/opt/ros/humble/share/ament_lint_auto/cmake)
[0.802s] -- Added test 'flake8' to check Python code syntax and style conventions
[0.802s] -- Added test 'lint_cmake' to check CMake code style
[0.803s] -- Added test 'pep257' to check Python code against some of the docstring style conventions in PEP 257
[0.803s] -- Added test 'xmllint' to check XML markup files
[0.804s] -- Configuring done
[0.806s] -- Generating done
[0.807s] -- Build files have been written to: /home/louisdinhh/camera_stereo_ws/build/stereo_camera
[0.814s] Invoked command in '/home/louisdinhh/camera_stereo_ws/build/stereo_camera' returned '0': CMAKE_PREFIX_PATH=/opt/ros/humble /usr/bin/cmake /home/louisdinhh/camera_stereo_ws/src/stereo_camera -DCMAKE_INSTALL_PREFIX=/home/louisdinhh/camera_stereo_ws/install/stereo_camera
[0.815s] Invoking command in '/home/louisdinhh/camera_stereo_ws/build/stereo_camera': CMAKE_PREFIX_PATH=/opt/ros/humble /usr/bin/cmake --build /home/louisdinhh/camera_stereo_ws/build/stereo_camera -- -j12 -l12
[0.846s] Invoked command in '/home/louisdinhh/camera_stereo_ws/build/stereo_camera' returned '0': CMAKE_PREFIX_PATH=/opt/ros/humble /usr/bin/cmake --build /home/louisdinhh/camera_stereo_ws/build/stereo_camera -- -j12 -l12
[0.890s] Invoking command in '/home/louisdinhh/camera_stereo_ws/build/stereo_camera': CMAKE_PREFIX_PATH=/opt/ros/humble /usr/bin/cmake --install /home/louisdinhh/camera_stereo_ws/build/stereo_camera
[0.902s] -- Install configuration: ""
[0.902s] -- Installing: /home/louisdinhh/camera_stereo_ws/install/stereo_camera/share/stereo_camera/launch
[0.902s] -- Installing: /home/louisdinhh/camera_stereo_ws/install/stereo_camera/share/stereo_camera/launch/stereo_camera.launch.py
[0.902s] -- Installing: /home/louisdinhh/camera_stereo_ws/install/stereo_camera/share/ament_index/resource_index/package_run_dependencies/stereo_camera
[0.903s] -- Installing: /home/louisdinhh/camera_stereo_ws/install/stereo_camera/share/ament_index/resource_index/parent_prefix_path/stereo_camera
[0.903s] -- Installing: /home/louisdinhh/camera_stereo_ws/install/stereo_camera/share/stereo_camera/environment/ament_prefix_path.sh
[0.903s] -- Installing: /home/louisdinhh/camera_stereo_ws/install/stereo_camera/share/stereo_camera/environment/ament_prefix_path.dsv
[0.903s] -- Installing: /home/louisdinhh/camera_stereo_ws/install/stereo_camera/share/stereo_camera/environment/path.sh
[0.903s] -- Installing: /home/louisdinhh/camera_stereo_ws/install/stereo_camera/share/stereo_camera/environment/path.dsv
[0.903s] -- Installing: /home/louisdinhh/camera_stereo_ws/install/stereo_camera/share/stereo_camera/local_setup.bash
[0.903s] -- Installing: /home/louisdinhh/camera_stereo_ws/install/stereo_camera/share/stereo_camera/local_setup.sh
[0.904s] -- Installing: /home/louisdinhh/camera_stereo_ws/install/stereo_camera/share/stereo_camera/local_setup.zsh
[0.904s] -- Installing: /home/louisdinhh/camera_stereo_ws/install/stereo_camera/share/stereo_camera/local_setup.dsv
[0.904s] -- Installing: /home/louisdinhh/camera_stereo_ws/install/stereo_camera/share/stereo_camera/package.dsv
[0.904s] -- Installing: /home/louisdinhh/camera_stereo_ws/install/stereo_camera/share/ament_index/resource_index/packages/stereo_camera
[0.904s] -- Installing: /home/louisdinhh/camera_stereo_ws/install/stereo_camera/share/stereo_camera/cmake/stereo_cameraConfig.cmake
[0.904s] -- Installing: /home/louisdinhh/camera_stereo_ws/install/stereo_camera/share/stereo_camera/cmake/stereo_cameraConfig-version.cmake
[0.904s] -- Installing: /home/louisdinhh/camera_stereo_ws/install/stereo_camera/share/stereo_camera/package.xml
[0.906s] Invoked command in '/home/louisdinhh/camera_stereo_ws/build/stereo_camera' returned '0': CMAKE_PREFIX_PATH=/opt/ros/humble /usr/bin/cmake --install /home/louisdinhh/camera_stereo_ws/build/stereo_camera
