-- Found ament_cmake_ros: 0.10.0 (/opt/ros/humble/share/ament_cmake_ros/cmake)
-- Checking for module 'lttng-ust'
--   No package 'lttng-ust' found
-- Found ament_lint_auto: 0.12.11 (/opt/ros/humble/share/ament_lint_auto/cmake)
-- Added test 'copyright' to check source files copyright and LICENSE
-- Added test 'cppcheck' to perform static code analysis on C / C++ code
-- Configured cppcheck include dirs: 
-- Configured cppcheck exclude dirs and/or files: 
-- Added test 'cpplint' to check C / C++ code against the Google style
-- Configured cpplint exclude dirs and/or files: 
-- Added test 'lint_cmake' to check CMake code style
-- Added test 'uncrustify' to check C / C++ code style
-- Configured uncrustify additional arguments: 
-- Added test 'xmllint' to check XML markup files
-- Configuring done
-- Generating done
-- Build files have been written to: /home/louisdinhh/camera_stereo_ws/build/tracetools_image_pipeline
[35m[1mConsolidate compiler generated dependencies of target tracetools_image_pipeline[0m
[ 40%] [32mBuilding C object CMakeFiles/tracetools_image_pipeline.dir/src/tracetools.c.o[0m
[ 40%] [32mBuilding CXX object CMakeFiles/tracetools_image_pipeline.dir/src/utils.cpp.o[0m
[ 60%] [32m[1mLinking CXX shared library libtracetools_image_pipeline.so[0m
[ 60%] Built target tracetools_image_pipeline
[35m[1mConsolidate compiler generated dependencies of target status[0m
[ 80%] [32m[1mLinking C executable status[0m
[100%] Built target status
-- Install configuration: ""
-- Up-to-date: /home/louisdinhh/camera_stereo_ws/install/tracetools_image_pipeline/share/tracetools_image_pipeline/environment/library_path.sh
-- Installing: /home/louisdinhh/camera_stereo_ws/install/tracetools_image_pipeline/share/tracetools_image_pipeline/environment/library_path.dsv
-- Installing: /home/louisdinhh/camera_stereo_ws/install/tracetools_image_pipeline/lib/tracetools_image_pipeline/status
-- Set runtime path of "/home/louisdinhh/camera_stereo_ws/install/tracetools_image_pipeline/lib/tracetools_image_pipeline/status" to ""
-- Up-to-date: /home/louisdinhh/camera_stereo_ws/install/tracetools_image_pipeline/include
-- Up-to-date: /home/louisdinhh/camera_stereo_ws/install/tracetools_image_pipeline/include/tracetools_image_pipeline
-- Up-to-date: /home/louisdinhh/camera_stereo_ws/install/tracetools_image_pipeline/include/tracetools_image_pipeline/tracetools.h
-- Up-to-date: /home/louisdinhh/camera_stereo_ws/install/tracetools_image_pipeline/include/tracetools_image_pipeline/utils.hpp
-- Up-to-date: /home/louisdinhh/camera_stereo_ws/install/tracetools_image_pipeline/include/tracetools_image_pipeline/visibility_control.hpp
-- Up-to-date: /home/louisdinhh/camera_stereo_ws/install/tracetools_image_pipeline/include/tracetools_image_pipeline/config.h
-- Installing: /home/louisdinhh/camera_stereo_ws/install/tracetools_image_pipeline/lib/libtracetools_image_pipeline.so
-- Up-to-date: /home/louisdinhh/camera_stereo_ws/install/tracetools_image_pipeline/share/ament_index/resource_index/package_run_dependencies/tracetools_image_pipeline
-- Up-to-date: /home/louisdinhh/camera_stereo_ws/install/tracetools_image_pipeline/share/ament_index/resource_index/parent_prefix_path/tracetools_image_pipeline
-- Up-to-date: /home/louisdinhh/camera_stereo_ws/install/tracetools_image_pipeline/share/tracetools_image_pipeline/environment/ament_prefix_path.sh
-- Installing: /home/louisdinhh/camera_stereo_ws/install/tracetools_image_pipeline/share/tracetools_image_pipeline/environment/ament_prefix_path.dsv
-- Up-to-date: /home/louisdinhh/camera_stereo_ws/install/tracetools_image_pipeline/share/tracetools_image_pipeline/environment/path.sh
-- Installing: /home/louisdinhh/camera_stereo_ws/install/tracetools_image_pipeline/share/tracetools_image_pipeline/environment/path.dsv
-- Up-to-date: /home/louisdinhh/camera_stereo_ws/install/tracetools_image_pipeline/share/tracetools_image_pipeline/local_setup.bash
-- Up-to-date: /home/louisdinhh/camera_stereo_ws/install/tracetools_image_pipeline/share/tracetools_image_pipeline/local_setup.sh
-- Up-to-date: /home/louisdinhh/camera_stereo_ws/install/tracetools_image_pipeline/share/tracetools_image_pipeline/local_setup.zsh
-- Installing: /home/louisdinhh/camera_stereo_ws/install/tracetools_image_pipeline/share/tracetools_image_pipeline/local_setup.dsv
-- Installing: /home/louisdinhh/camera_stereo_ws/install/tracetools_image_pipeline/share/tracetools_image_pipeline/package.dsv
-- Up-to-date: /home/louisdinhh/camera_stereo_ws/install/tracetools_image_pipeline/share/ament_index/resource_index/packages/tracetools_image_pipeline
-- Up-to-date: /home/louisdinhh/camera_stereo_ws/install/tracetools_image_pipeline/share/tracetools_image_pipeline/cmake/tracetools_image_pipeline_exportExport.cmake
-- Up-to-date: /home/louisdinhh/camera_stereo_ws/install/tracetools_image_pipeline/share/tracetools_image_pipeline/cmake/tracetools_image_pipeline_exportExport-noconfig.cmake
-- Up-to-date: /home/louisdinhh/camera_stereo_ws/install/tracetools_image_pipeline/share/tracetools_image_pipeline/cmake/ament_cmake_export_targets-extras.cmake
-- Up-to-date: /home/louisdinhh/camera_stereo_ws/install/tracetools_image_pipeline/share/tracetools_image_pipeline/cmake/ament_cmake_export_include_directories-extras.cmake
-- Up-to-date: /home/louisdinhh/camera_stereo_ws/install/tracetools_image_pipeline/share/tracetools_image_pipeline/cmake/ament_cmake_export_libraries-extras.cmake
-- Installing: /home/louisdinhh/camera_stereo_ws/install/tracetools_image_pipeline/share/tracetools_image_pipeline/cmake/tracetools_image_pipelineConfig.cmake
-- Installing: /home/louisdinhh/camera_stereo_ws/install/tracetools_image_pipeline/share/tracetools_image_pipeline/cmake/tracetools_image_pipelineConfig-version.cmake
-- Installing: /home/louisdinhh/camera_stereo_ws/install/tracetools_image_pipeline/share/tracetools_image_pipeline/package.xml
