[0.016s] Invoking command in '/home/louisdinhh/camera_stereo_ws/build/tracetools_image_pipeline': CMAKE_PREFIX_PATH=${CMAKE_PREFIX_PATH}:/opt/ros/humble /usr/bin/cmake --build /home/louisdinhh/camera_stereo_ws/build/tracetools_image_pipeline -- -j12 -l12
[0.190s] -- Found ament_cmake_ros: 0.10.0 (/opt/ros/humble/share/ament_cmake_ros/cmake)
[0.190s] -- Checking for module 'lttng-ust'
[0.190s] --   No package 'lttng-ust' found
[0.190s] -- Found ament_lint_auto: 0.12.11 (/opt/ros/humble/share/ament_lint_auto/cmake)
[0.190s] -- Added test 'copyright' to check source files copyright and LICENSE
[0.190s] -- Added test 'cppcheck' to perform static code analysis on C / C++ code
[0.191s] -- Configured cppcheck include dirs: 
[0.191s] -- Configured cppcheck exclude dirs and/or files: 
[0.191s] -- Added test 'cpplint' to check C / C++ code against the Google style
[0.191s] -- Configured cpplint exclude dirs and/or files: 
[0.191s] -- Added test 'lint_cmake' to check CMake code style
[0.191s] -- Added test 'uncrustify' to check C / C++ code style
[0.191s] -- Configured uncrustify additional arguments: 
[0.191s] -- Added test 'xmllint' to check XML markup files
[0.191s] -- Configuring done
[0.191s] -- Generating done
[0.191s] -- Build files have been written to: /home/louisdinhh/camera_stereo_ws/build/tracetools_image_pipeline
[0.199s] [35m[1mConsolidate compiler generated dependencies of target tracetools_image_pipeline[0m
[0.205s] [ 40%] [32mBuilding C object CMakeFiles/tracetools_image_pipeline.dir/src/tracetools.c.o[0m
[0.205s] [ 40%] [32mBuilding CXX object CMakeFiles/tracetools_image_pipeline.dir/src/utils.cpp.o[0m
[0.257s] [ 60%] [32m[1mLinking CXX shared library libtracetools_image_pipeline.so[0m
[0.280s] [ 60%] Built target tracetools_image_pipeline
[0.286s] [35m[1mConsolidate compiler generated dependencies of target status[0m
[0.291s] [ 80%] [32m[1mLinking C executable status[0m
[0.312s] [100%] Built target status
[0.351s] Invoked command in '/home/louisdinhh/camera_stereo_ws/build/tracetools_image_pipeline' returned '0': CMAKE_PREFIX_PATH=${CMAKE_PREFIX_PATH}:/opt/ros/humble /usr/bin/cmake --build /home/louisdinhh/camera_stereo_ws/build/tracetools_image_pipeline -- -j12 -l12
[0.370s] Invoking command in '/home/louisdinhh/camera_stereo_ws/build/tracetools_image_pipeline': CMAKE_PREFIX_PATH=${CMAKE_PREFIX_PATH}:/opt/ros/humble /usr/bin/cmake --install /home/louisdinhh/camera_stereo_ws/build/tracetools_image_pipeline
[0.374s] -- Install configuration: ""
[0.375s] -- Up-to-date: /home/louisdinhh/camera_stereo_ws/install/tracetools_image_pipeline/share/tracetools_image_pipeline/environment/library_path.sh
[0.375s] -- Installing: /home/louisdinhh/camera_stereo_ws/install/tracetools_image_pipeline/share/tracetools_image_pipeline/environment/library_path.dsv
[0.375s] -- Installing: /home/louisdinhh/camera_stereo_ws/install/tracetools_image_pipeline/lib/tracetools_image_pipeline/status
[0.375s] -- Set runtime path of "/home/louisdinhh/camera_stereo_ws/install/tracetools_image_pipeline/lib/tracetools_image_pipeline/status" to ""
[0.376s] -- Up-to-date: /home/louisdinhh/camera_stereo_ws/install/tracetools_image_pipeline/include
[0.376s] -- Up-to-date: /home/louisdinhh/camera_stereo_ws/install/tracetools_image_pipeline/include/tracetools_image_pipeline
[0.376s] -- Up-to-date: /home/louisdinhh/camera_stereo_ws/install/tracetools_image_pipeline/include/tracetools_image_pipeline/tracetools.h
[0.376s] -- Up-to-date: /home/louisdinhh/camera_stereo_ws/install/tracetools_image_pipeline/include/tracetools_image_pipeline/utils.hpp
[0.376s] -- Up-to-date: /home/louisdinhh/camera_stereo_ws/install/tracetools_image_pipeline/include/tracetools_image_pipeline/visibility_control.hpp
[0.376s] -- Up-to-date: /home/louisdinhh/camera_stereo_ws/install/tracetools_image_pipeline/include/tracetools_image_pipeline/config.h
[0.376s] -- Installing: /home/louisdinhh/camera_stereo_ws/install/tracetools_image_pipeline/lib/libtracetools_image_pipeline.so
[0.376s] -- Up-to-date: /home/louisdinhh/camera_stereo_ws/install/tracetools_image_pipeline/share/ament_index/resource_index/package_run_dependencies/tracetools_image_pipeline
[0.377s] -- Up-to-date: /home/louisdinhh/camera_stereo_ws/install/tracetools_image_pipeline/share/ament_index/resource_index/parent_prefix_path/tracetools_image_pipeline
[0.377s] -- Up-to-date: /home/louisdinhh/camera_stereo_ws/install/tracetools_image_pipeline/share/tracetools_image_pipeline/environment/ament_prefix_path.sh
[0.377s] -- Installing: /home/louisdinhh/camera_stereo_ws/install/tracetools_image_pipeline/share/tracetools_image_pipeline/environment/ament_prefix_path.dsv
[0.377s] -- Up-to-date: /home/louisdinhh/camera_stereo_ws/install/tracetools_image_pipeline/share/tracetools_image_pipeline/environment/path.sh
[0.377s] -- Installing: /home/louisdinhh/camera_stereo_ws/install/tracetools_image_pipeline/share/tracetools_image_pipeline/environment/path.dsv
[0.377s] -- Up-to-date: /home/louisdinhh/camera_stereo_ws/install/tracetools_image_pipeline/share/tracetools_image_pipeline/local_setup.bash
[0.377s] -- Up-to-date: /home/louisdinhh/camera_stereo_ws/install/tracetools_image_pipeline/share/tracetools_image_pipeline/local_setup.sh
[0.377s] -- Up-to-date: /home/louisdinhh/camera_stereo_ws/install/tracetools_image_pipeline/share/tracetools_image_pipeline/local_setup.zsh
[0.377s] -- Installing: /home/louisdinhh/camera_stereo_ws/install/tracetools_image_pipeline/share/tracetools_image_pipeline/local_setup.dsv
[0.377s] -- Installing: /home/louisdinhh/camera_stereo_ws/install/tracetools_image_pipeline/share/tracetools_image_pipeline/package.dsv
[0.377s] -- Up-to-date: /home/louisdinhh/camera_stereo_ws/install/tracetools_image_pipeline/share/ament_index/resource_index/packages/tracetools_image_pipeline
[0.377s] -- Up-to-date: /home/louisdinhh/camera_stereo_ws/install/tracetools_image_pipeline/share/tracetools_image_pipeline/cmake/tracetools_image_pipeline_exportExport.cmake
[0.377s] -- Up-to-date: /home/louisdinhh/camera_stereo_ws/install/tracetools_image_pipeline/share/tracetools_image_pipeline/cmake/tracetools_image_pipeline_exportExport-noconfig.cmake
[0.377s] -- Up-to-date: /home/louisdinhh/camera_stereo_ws/install/tracetools_image_pipeline/share/tracetools_image_pipeline/cmake/ament_cmake_export_targets-extras.cmake
[0.377s] -- Up-to-date: /home/louisdinhh/camera_stereo_ws/install/tracetools_image_pipeline/share/tracetools_image_pipeline/cmake/ament_cmake_export_include_directories-extras.cmake
[0.378s] -- Up-to-date: /home/louisdinhh/camera_stereo_ws/install/tracetools_image_pipeline/share/tracetools_image_pipeline/cmake/ament_cmake_export_libraries-extras.cmake
[0.378s] -- Installing: /home/louisdinhh/camera_stereo_ws/install/tracetools_image_pipeline/share/tracetools_image_pipeline/cmake/tracetools_image_pipelineConfig.cmake
[0.378s] -- Installing: /home/louisdinhh/camera_stereo_ws/install/tracetools_image_pipeline/share/tracetools_image_pipeline/cmake/tracetools_image_pipelineConfig-version.cmake
[0.378s] -- Installing: /home/louisdinhh/camera_stereo_ws/install/tracetools_image_pipeline/share/tracetools_image_pipeline/package.xml
[0.388s] Invoked command in '/home/louisdinhh/camera_stereo_ws/build/tracetools_image_pipeline' returned '0': CMAKE_PREFIX_PATH=${CMAKE_PREFIX_PATH}:/opt/ros/humble /usr/bin/cmake --install /home/louisdinhh/camera_stereo_ws/build/tracetools_image_pipeline
