running egg_info
writing build/panorama_cam/panorama_cam.egg-info/PKG-INFO
writing dependency_links to build/panorama_cam/panorama_cam.egg-info/dependency_links.txt
writing entry points to build/panorama_cam/panorama_cam.egg-info/entry_points.txt
writing requirements to build/panorama_cam/panorama_cam.egg-info/requires.txt
writing top-level names to build/panorama_cam/panorama_cam.egg-info/top_level.txt
reading manifest file 'build/panorama_cam/panorama_cam.egg-info/SOURCES.txt'
writing manifest file 'build/panorama_cam/panorama_cam.egg-info/SOURCES.txt'
running build
running build_py
copying panorama_cam/panorama_node.py -> /home/louisdinhh/camera_panorama_ws/src/panorama_cam/build/panorama_cam/build/lib/panorama_cam
running install
running install_lib
copying /home/louisdinhh/camera_panorama_ws/src/panorama_cam/build/panorama_cam/build/lib/panorama_cam/panorama_node.py -> /home/louisdinhh/camera_panorama_ws/src/panorama_cam/install/panorama_cam/lib/python3.10/site-packages/panorama_cam
byte-compiling /home/louisdinhh/camera_panorama_ws/src/panorama_cam/install/panorama_cam/lib/python3.10/site-packages/panorama_cam/panorama_node.py to panorama_node.cpython-310.pyc
running install_data
running install_egg_info
removing '/home/louisdinhh/camera_panorama_ws/src/panorama_cam/install/panorama_cam/lib/python3.10/site-packages/panorama_cam-0.0.0-py3.10.egg-info' (and everything under it)
Copying build/panorama_cam/panorama_cam.egg-info to /home/louisdinhh/camera_panorama_ws/src/panorama_cam/install/panorama_cam/lib/python3.10/site-packages/panorama_cam-0.0.0-py3.10.egg-info
running install_scripts
Installing panorama_node script to /home/louisdinhh/camera_panorama_ws/src/panorama_cam/install/panorama_cam/lib/panorama_cam
writing list of installed files to '/home/louisdinhh/camera_panorama_ws/src/panorama_cam/build/panorama_cam/install.log'
