[0.020s] Invoking command in '/home/louisdinhh/camera_stereo_ws/build/image_proc': CMAKE_PREFIX_PATH=/home/louisdinhh/camera_stereo_ws/install/tracetools_image_pipeline:/home/louisdinhh/camera_stereo_ws/install/image_transport:/home/louisdinhh/camera_stereo_ws/install/image_pipeline:/home/louisdinhh/camera_stereo_ws/install/stereo_image_proc:/home/louisdinhh/camera_stereo_ws/install/image_proc:/home/louisdinhh/camera_stereo_ws/install/opencv_cam:/home/louisdinhh/camera_stereo_ws/install/ros2_shared:/home/louisdinhh/camera_stereo_ws/install/image_view:/home/louisdinhh/camera_stereo_ws/install/image_rotate:/home/louisdinhh/camera_stereo_ws/install/image_publisher:/home/louisdinhh/camera_stereo_ws/install/image_common:/home/louisdinhh/camera_stereo_ws/install/depth_image_proc:/home/louisdinhh/camera_stereo_ws/install/camera_info_manager:/home/louisdinhh/camera_stereo_ws/install/camera_calibration_parsers:/home/louisdinhh/camera_stereo_ws/install/stereo_camera:/home/louisdinhh/camera_stereo_ws/install/camera_info_manager_py:/home/louisdinhh/camera_stereo_ws/install/camera_calibration:/opt/ros/humble LD_LIBRARY_PATH=/home/louisdinhh/camera_stereo_ws/install/tracetools_image_pipeline/lib:/home/louisdinhh/camera_stereo_ws/install/image_transport/lib:/home/louisdinhh/camera_stereo_ws/install/stereo_image_proc/lib:/home/louisdinhh/camera_stereo_ws/install/image_proc/lib:/home/louisdinhh/camera_stereo_ws/install/opencv_cam/lib:/home/louisdinhh/camera_stereo_ws/install/image_view/lib:/home/louisdinhh/camera_stereo_ws/install/image_rotate/lib:/home/louisdinhh/camera_stereo_ws/install/image_publisher/lib:/home/louisdinhh/camera_stereo_ws/install/depth_image_proc/lib:/home/louisdinhh/camera_stereo_ws/install/camera_info_manager/lib:/home/louisdinhh/camera_stereo_ws/install/camera_calibration_parsers/lib:/usr/lib/x86_64-linux-gnu/gazebo-11/plugins:/opt/ros/humble/opt/rviz_ogre_vendor/lib:/opt/ros/humble/lib/x86_64-linux-gnu:/usr/share/gurumdds/cmake/../../../lib:/opt/ros/humble/lib /usr/bin/cmake --build /home/louisdinhh/camera_stereo_ws/build/image_proc -- -j12 -l12
[0.054s] [35m[1mConsolidate compiler generated dependencies of target debayer_node[0m
[0.055s] [35m[1mConsolidate compiler generated dependencies of target image_proc[0m
[0.057s] [35m[1mConsolidate compiler generated dependencies of target resize_node[0m
[0.061s] [35m[1mConsolidate compiler generated dependencies of target rectify_node[0m
[0.061s] [35m[1mConsolidate compiler generated dependencies of target crop_non_zero_node[0m
[0.064s] [35m[1mConsolidate compiler generated dependencies of target crop_decimate_node[0m
[0.082s] [  8%] Built target image_proc
[0.091s] [ 16%] Built target rectify_node
[0.091s] [ 24%] Built target debayer_node
[0.096s] [ 32%] Built target crop_decimate_node
[0.102s] [ 40%] Built target resize_node
[0.102s] [ 48%] Built target crop_non_zero_node
[0.102s] [35m[1mConsolidate compiler generated dependencies of target rectify[0m
[0.124s] [ 56%] Built target rectify
[0.138s] [35m[1mConsolidate compiler generated dependencies of target debayer[0m
[0.159s] [ 68%] Built target debayer
[0.167s] [35m[1mConsolidate compiler generated dependencies of target resize[0m
[0.185s] [ 76%] Built target resize
[0.194s] [35m[1mConsolidate compiler generated dependencies of target crop_decimate[0m
[0.208s] [ 84%] Built target crop_decimate
[0.217s] [35m[1mConsolidate compiler generated dependencies of target crop_non_zero[0m
[0.228s] [ 92%] Built target crop_non_zero
[0.240s] [35m[1mConsolidate compiler generated dependencies of target image_proc_exe[0m
[0.250s] [100%] Built target image_proc_exe
[0.267s] Invoked command in '/home/louisdinhh/camera_stereo_ws/build/image_proc' returned '0': CMAKE_PREFIX_PATH=/home/louisdinhh/camera_stereo_ws/install/tracetools_image_pipeline:/home/louisdinhh/camera_stereo_ws/install/image_transport:/home/louisdinhh/camera_stereo_ws/install/image_pipeline:/home/louisdinhh/camera_stereo_ws/install/stereo_image_proc:/home/louisdinhh/camera_stereo_ws/install/image_proc:/home/louisdinhh/camera_stereo_ws/install/opencv_cam:/home/louisdinhh/camera_stereo_ws/install/ros2_shared:/home/louisdinhh/camera_stereo_ws/install/image_view:/home/louisdinhh/camera_stereo_ws/install/image_rotate:/home/louisdinhh/camera_stereo_ws/install/image_publisher:/home/louisdinhh/camera_stereo_ws/install/image_common:/home/louisdinhh/camera_stereo_ws/install/depth_image_proc:/home/louisdinhh/camera_stereo_ws/install/camera_info_manager:/home/louisdinhh/camera_stereo_ws/install/camera_calibration_parsers:/home/louisdinhh/camera_stereo_ws/install/stereo_camera:/home/louisdinhh/camera_stereo_ws/install/camera_info_manager_py:/home/louisdinhh/camera_stereo_ws/install/camera_calibration:/opt/ros/humble LD_LIBRARY_PATH=/home/louisdinhh/camera_stereo_ws/install/tracetools_image_pipeline/lib:/home/louisdinhh/camera_stereo_ws/install/image_transport/lib:/home/louisdinhh/camera_stereo_ws/install/stereo_image_proc/lib:/home/louisdinhh/camera_stereo_ws/install/image_proc/lib:/home/louisdinhh/camera_stereo_ws/install/opencv_cam/lib:/home/louisdinhh/camera_stereo_ws/install/image_view/lib:/home/louisdinhh/camera_stereo_ws/install/image_rotate/lib:/home/louisdinhh/camera_stereo_ws/install/image_publisher/lib:/home/louisdinhh/camera_stereo_ws/install/depth_image_proc/lib:/home/louisdinhh/camera_stereo_ws/install/camera_info_manager/lib:/home/louisdinhh/camera_stereo_ws/install/camera_calibration_parsers/lib:/usr/lib/x86_64-linux-gnu/gazebo-11/plugins:/opt/ros/humble/opt/rviz_ogre_vendor/lib:/opt/ros/humble/lib/x86_64-linux-gnu:/usr/share/gurumdds/cmake/../../../lib:/opt/ros/humble/lib /usr/bin/cmake --build /home/louisdinhh/camera_stereo_ws/build/image_proc -- -j12 -l12
[0.318s] Invoking command in '/home/louisdinhh/camera_stereo_ws/build/image_proc': CMAKE_PREFIX_PATH=/home/louisdinhh/camera_stereo_ws/install/tracetools_image_pipeline:/home/louisdinhh/camera_stereo_ws/install/image_transport:/home/louisdinhh/camera_stereo_ws/install/image_pipeline:/home/louisdinhh/camera_stereo_ws/install/stereo_image_proc:/home/louisdinhh/camera_stereo_ws/install/image_proc:/home/louisdinhh/camera_stereo_ws/install/opencv_cam:/home/louisdinhh/camera_stereo_ws/install/ros2_shared:/home/louisdinhh/camera_stereo_ws/install/image_view:/home/louisdinhh/camera_stereo_ws/install/image_rotate:/home/louisdinhh/camera_stereo_ws/install/image_publisher:/home/louisdinhh/camera_stereo_ws/install/image_common:/home/louisdinhh/camera_stereo_ws/install/depth_image_proc:/home/louisdinhh/camera_stereo_ws/install/camera_info_manager:/home/louisdinhh/camera_stereo_ws/install/camera_calibration_parsers:/home/louisdinhh/camera_stereo_ws/install/stereo_camera:/home/louisdinhh/camera_stereo_ws/install/camera_info_manager_py:/home/louisdinhh/camera_stereo_ws/install/camera_calibration:/opt/ros/humble LD_LIBRARY_PATH=/home/louisdinhh/camera_stereo_ws/install/tracetools_image_pipeline/lib:/home/louisdinhh/camera_stereo_ws/install/image_transport/lib:/home/louisdinhh/camera_stereo_ws/install/stereo_image_proc/lib:/home/louisdinhh/camera_stereo_ws/install/image_proc/lib:/home/louisdinhh/camera_stereo_ws/install/opencv_cam/lib:/home/louisdinhh/camera_stereo_ws/install/image_view/lib:/home/louisdinhh/camera_stereo_ws/install/image_rotate/lib:/home/louisdinhh/camera_stereo_ws/install/image_publisher/lib:/home/louisdinhh/camera_stereo_ws/install/depth_image_proc/lib:/home/louisdinhh/camera_stereo_ws/install/camera_info_manager/lib:/home/louisdinhh/camera_stereo_ws/install/camera_calibration_parsers/lib:/usr/lib/x86_64-linux-gnu/gazebo-11/plugins:/opt/ros/humble/opt/rviz_ogre_vendor/lib:/opt/ros/humble/lib/x86_64-linux-gnu:/usr/share/gurumdds/cmake/../../../lib:/opt/ros/humble/lib /usr/bin/cmake --install /home/louisdinhh/camera_stereo_ws/build/image_proc
[0.324s] -- Install configuration: ""
[0.324s] -- Up-to-date: /home/louisdinhh/camera_stereo_ws/install/image_proc/lib/image_proc/rectify_node
[0.324s] -- Up-to-date: /home/louisdinhh/camera_stereo_ws/install/image_proc/lib/image_proc/debayer_node
[0.324s] -- Up-to-date: /home/louisdinhh/camera_stereo_ws/install/image_proc/lib/image_proc/resize_node
[0.324s] -- Up-to-date: /home/louisdinhh/camera_stereo_ws/install/image_proc/lib/image_proc/crop_decimate_node
[0.324s] -- Up-to-date: /home/louisdinhh/camera_stereo_ws/install/image_proc/lib/image_proc/crop_non_zero_node
[0.325s] -- Up-to-date: /home/louisdinhh/camera_stereo_ws/install/image_proc/bin/image_proc
[0.325s] -- Up-to-date: /home/louisdinhh/camera_stereo_ws/install/image_proc/include
[0.325s] -- Up-to-date: /home/louisdinhh/camera_stereo_ws/install/image_proc/include/image_proc
[0.325s] -- Up-to-date: /home/louisdinhh/camera_stereo_ws/install/image_proc/include/image_proc/crop_decimate.hpp
[0.325s] -- Up-to-date: /home/louisdinhh/camera_stereo_ws/install/image_proc/include/image_proc/utils.hpp
[0.325s] -- Up-to-date: /home/louisdinhh/camera_stereo_ws/install/image_proc/include/image_proc/resize.hpp
[0.325s] -- Up-to-date: /home/louisdinhh/camera_stereo_ws/install/image_proc/include/image_proc/edge_aware.hpp
[0.325s] -- Up-to-date: /home/louisdinhh/camera_stereo_ws/install/image_proc/include/image_proc/debayer.hpp
[0.325s] -- Up-to-date: /home/louisdinhh/camera_stereo_ws/install/image_proc/include/image_proc/processor.hpp
[0.325s] -- Up-to-date: /home/louisdinhh/camera_stereo_ws/install/image_proc/include/image_proc/rectify.hpp
[0.325s] -- Up-to-date: /home/louisdinhh/camera_stereo_ws/install/image_proc/include/image_proc/crop_non_zero.hpp
[0.325s] -- Up-to-date: /home/louisdinhh/camera_stereo_ws/install/image_proc/share/image_proc/environment/library_path.sh
[0.325s] -- Up-to-date: /home/louisdinhh/camera_stereo_ws/install/image_proc/share/image_proc/environment/library_path.dsv
[0.325s] -- Up-to-date: /home/louisdinhh/camera_stereo_ws/install/image_proc/lib/libimage_proc.so
[0.325s] -- Up-to-date: /home/louisdinhh/camera_stereo_ws/install/image_proc/lib/librectify.so
[0.325s] -- Up-to-date: /home/louisdinhh/camera_stereo_ws/install/image_proc/lib/libdebayer.so
[0.325s] -- Up-to-date: /home/louisdinhh/camera_stereo_ws/install/image_proc/lib/libresize.so
[0.326s] -- Up-to-date: /home/louisdinhh/camera_stereo_ws/install/image_proc/lib/libcrop_decimate.so
[0.326s] -- Up-to-date: /home/louisdinhh/camera_stereo_ws/install/image_proc/lib/libcrop_non_zero.so
[0.326s] -- Up-to-date: /home/louisdinhh/camera_stereo_ws/install/image_proc/lib/image_proc/image_proc
[0.326s] -- Up-to-date: /home/louisdinhh/camera_stereo_ws/install/image_proc/share/image_proc/launch
[0.326s] -- Up-to-date: /home/louisdinhh/camera_stereo_ws/install/image_proc/share/image_proc/launch/image_proc.launch.py
[0.326s] -- Up-to-date: /home/louisdinhh/camera_stereo_ws/install/image_proc/share/ament_index/resource_index/package_run_dependencies/image_proc
[0.326s] -- Up-to-date: /home/louisdinhh/camera_stereo_ws/install/image_proc/share/ament_index/resource_index/parent_prefix_path/image_proc
[0.326s] -- Up-to-date: /home/louisdinhh/camera_stereo_ws/install/image_proc/share/image_proc/environment/ament_prefix_path.sh
[0.326s] -- Up-to-date: /home/louisdinhh/camera_stereo_ws/install/image_proc/share/image_proc/environment/ament_prefix_path.dsv
[0.326s] -- Up-to-date: /home/louisdinhh/camera_stereo_ws/install/image_proc/share/image_proc/environment/path.sh
[0.326s] -- Up-to-date: /home/louisdinhh/camera_stereo_ws/install/image_proc/share/image_proc/environment/path.dsv
[0.326s] -- Up-to-date: /home/louisdinhh/camera_stereo_ws/install/image_proc/share/image_proc/local_setup.bash
[0.326s] -- Up-to-date: /home/louisdinhh/camera_stereo_ws/install/image_proc/share/image_proc/local_setup.sh
[0.326s] -- Up-to-date: /home/louisdinhh/camera_stereo_ws/install/image_proc/share/image_proc/local_setup.zsh
[0.326s] -- Up-to-date: /home/louisdinhh/camera_stereo_ws/install/image_proc/share/image_proc/local_setup.dsv
[0.327s] -- Installing: /home/louisdinhh/camera_stereo_ws/install/image_proc/share/image_proc/package.dsv
[0.327s] -- Up-to-date: /home/louisdinhh/camera_stereo_ws/install/image_proc/share/ament_index/resource_index/packages/image_proc
[0.327s] -- Up-to-date: /home/louisdinhh/camera_stereo_ws/install/image_proc/share/ament_index/resource_index/rclcpp_components/image_proc
[0.327s] -- Up-to-date: /home/louisdinhh/camera_stereo_ws/install/image_proc/share/image_proc/cmake/ament_cmake_export_dependencies-extras.cmake
[0.327s] -- Up-to-date: /home/louisdinhh/camera_stereo_ws/install/image_proc/share/image_proc/cmake/ament_cmake_export_include_directories-extras.cmake
[0.327s] -- Up-to-date: /home/louisdinhh/camera_stereo_ws/install/image_proc/share/image_proc/cmake/ament_cmake_export_libraries-extras.cmake
[0.327s] -- Up-to-date: /home/louisdinhh/camera_stereo_ws/install/image_proc/share/image_proc/cmake/image_procConfig.cmake
[0.327s] -- Up-to-date: /home/louisdinhh/camera_stereo_ws/install/image_proc/share/image_proc/cmake/image_procConfig-version.cmake
[0.327s] -- Up-to-date: /home/louisdinhh/camera_stereo_ws/install/image_proc/share/image_proc/package.xml
[0.333s] Invoked command in '/home/louisdinhh/camera_stereo_ws/build/image_proc' returned '0': CMAKE_PREFIX_PATH=/home/louisdinhh/camera_stereo_ws/install/tracetools_image_pipeline:/home/louisdinhh/camera_stereo_ws/install/image_transport:/home/louisdinhh/camera_stereo_ws/install/image_pipeline:/home/louisdinhh/camera_stereo_ws/install/stereo_image_proc:/home/louisdinhh/camera_stereo_ws/install/image_proc:/home/louisdinhh/camera_stereo_ws/install/opencv_cam:/home/louisdinhh/camera_stereo_ws/install/ros2_shared:/home/louisdinhh/camera_stereo_ws/install/image_view:/home/louisdinhh/camera_stereo_ws/install/image_rotate:/home/louisdinhh/camera_stereo_ws/install/image_publisher:/home/louisdinhh/camera_stereo_ws/install/image_common:/home/louisdinhh/camera_stereo_ws/install/depth_image_proc:/home/louisdinhh/camera_stereo_ws/install/camera_info_manager:/home/louisdinhh/camera_stereo_ws/install/camera_calibration_parsers:/home/louisdinhh/camera_stereo_ws/install/stereo_camera:/home/louisdinhh/camera_stereo_ws/install/camera_info_manager_py:/home/louisdinhh/camera_stereo_ws/install/camera_calibration:/opt/ros/humble LD_LIBRARY_PATH=/home/louisdinhh/camera_stereo_ws/install/tracetools_image_pipeline/lib:/home/louisdinhh/camera_stereo_ws/install/image_transport/lib:/home/louisdinhh/camera_stereo_ws/install/stereo_image_proc/lib:/home/louisdinhh/camera_stereo_ws/install/image_proc/lib:/home/louisdinhh/camera_stereo_ws/install/opencv_cam/lib:/home/louisdinhh/camera_stereo_ws/install/image_view/lib:/home/louisdinhh/camera_stereo_ws/install/image_rotate/lib:/home/louisdinhh/camera_stereo_ws/install/image_publisher/lib:/home/louisdinhh/camera_stereo_ws/install/depth_image_proc/lib:/home/louisdinhh/camera_stereo_ws/install/camera_info_manager/lib:/home/louisdinhh/camera_stereo_ws/install/camera_calibration_parsers/lib:/usr/lib/x86_64-linux-gnu/gazebo-11/plugins:/opt/ros/humble/opt/rviz_ogre_vendor/lib:/opt/ros/humble/lib/x86_64-linux-gnu:/usr/share/gurumdds/cmake/../../../lib:/opt/ros/humble/lib /usr/bin/cmake --install /home/louisdinhh/camera_stereo_ws/build/image_proc
