running egg_info
creating ../../../../../build/chironix_camera/chironix_camera.egg-info
writing ../../../../../build/chironix_camera/chironix_camera.egg-info/PKG-INFO
writing dependency_links to ../../../../../build/chironix_camera/chironix_camera.egg-info/dependency_links.txt
writing entry points to ../../../../../build/chironix_camera/chironix_camera.egg-info/entry_points.txt
writing requirements to ../../../../../build/chironix_camera/chironix_camera.egg-info/requires.txt
writing top-level names to ../../../../../build/chironix_camera/chironix_camera.egg-info/top_level.txt
writing manifest file '../../../../../build/chironix_camera/chironix_camera.egg-info/SOURCES.txt'
reading manifest file '../../../../../build/chironix_camera/chironix_camera.egg-info/SOURCES.txt'
writing manifest file '../../../../../build/chironix_camera/chironix_camera.egg-info/SOURCES.txt'
running build
running build_py
creating /home/louisdinhh/camera_360_ws/build/chironix_camera/build
creating /home/louisdinhh/camera_360_ws/build/chironix_camera/build/lib
creating /home/louisdinhh/camera_360_ws/build/chironix_camera/build/lib/chironix_camera
copying chironix_camera/multi_camera_intrinsic.py -> /home/louisdinhh/camera_360_ws/build/chironix_camera/build/lib/chironix_camera
copying chironix_camera/extrinsic_results_to_transform.py -> /home/louisdinhh/camera_360_ws/build/chironix_camera/build/lib/chironix_camera
copying chironix_camera/__init__.py -> /home/louisdinhh/camera_360_ws/build/chironix_camera/build/lib/chironix_camera
copying chironix_camera/multi_camera_capture.py -> /home/louisdinhh/camera_360_ws/build/chironix_camera/build/lib/chironix_camera
copying chironix_camera/multi_camera_stitcher.py -> /home/louisdinhh/camera_360_ws/build/chironix_camera/build/lib/chironix_camera
running install
running install_lib
creating /home/louisdinhh/camera_360_ws/install/chironix_camera/lib/python3.10/site-packages/chironix_camera
copying /home/louisdinhh/camera_360_ws/build/chironix_camera/build/lib/chironix_camera/multi_camera_intrinsic.py -> /home/louisdinhh/camera_360_ws/install/chironix_camera/lib/python3.10/site-packages/chironix_camera
copying /home/louisdinhh/camera_360_ws/build/chironix_camera/build/lib/chironix_camera/extrinsic_results_to_transform.py -> /home/louisdinhh/camera_360_ws/install/chironix_camera/lib/python3.10/site-packages/chironix_camera
copying /home/louisdinhh/camera_360_ws/build/chironix_camera/build/lib/chironix_camera/__init__.py -> /home/louisdinhh/camera_360_ws/install/chironix_camera/lib/python3.10/site-packages/chironix_camera
copying /home/louisdinhh/camera_360_ws/build/chironix_camera/build/lib/chironix_camera/multi_camera_capture.py -> /home/louisdinhh/camera_360_ws/install/chironix_camera/lib/python3.10/site-packages/chironix_camera
copying /home/louisdinhh/camera_360_ws/build/chironix_camera/build/lib/chironix_camera/multi_camera_stitcher.py -> /home/louisdinhh/camera_360_ws/install/chironix_camera/lib/python3.10/site-packages/chironix_camera
byte-compiling /home/louisdinhh/camera_360_ws/install/chironix_camera/lib/python3.10/site-packages/chironix_camera/multi_camera_intrinsic.py to multi_camera_intrinsic.cpython-310.pyc
byte-compiling /home/louisdinhh/camera_360_ws/install/chironix_camera/lib/python3.10/site-packages/chironix_camera/extrinsic_results_to_transform.py to extrinsic_results_to_transform.cpython-310.pyc
byte-compiling /home/louisdinhh/camera_360_ws/install/chironix_camera/lib/python3.10/site-packages/chironix_camera/__init__.py to __init__.cpython-310.pyc
byte-compiling /home/louisdinhh/camera_360_ws/install/chironix_camera/lib/python3.10/site-packages/chironix_camera/multi_camera_capture.py to multi_camera_capture.cpython-310.pyc
byte-compiling /home/louisdinhh/camera_360_ws/install/chironix_camera/lib/python3.10/site-packages/chironix_camera/multi_camera_stitcher.py to multi_camera_stitcher.cpython-310.pyc
running install_data
creating /home/louisdinhh/camera_360_ws/install/chironix_camera/share/ament_index
creating /home/louisdinhh/camera_360_ws/install/chironix_camera/share/ament_index/resource_index
creating /home/louisdinhh/camera_360_ws/install/chironix_camera/share/ament_index/resource_index/packages
copying resource/chironix_camera -> /home/louisdinhh/camera_360_ws/install/chironix_camera/share/ament_index/resource_index/packages
copying package.xml -> /home/louisdinhh/camera_360_ws/install/chironix_camera/share/chironix_camera
creating /home/louisdinhh/camera_360_ws/install/chironix_camera/share/chironix_camera/launch
copying launch/camera_launch.py -> /home/louisdinhh/camera_360_ws/install/chironix_camera/share/chironix_camera/launch
copying launch/intrinsic_calibrate_launch.py -> /home/louisdinhh/camera_360_ws/install/chironix_camera/share/chironix_camera/launch
copying launch/rectified_camera_launch.py -> /home/louisdinhh/camera_360_ws/install/chironix_camera/share/chironix_camera/launch
creating /home/louisdinhh/camera_360_ws/install/chironix_camera/share/chironix_camera/calibrations
copying calibrations/left.yaml -> /home/louisdinhh/camera_360_ws/install/chironix_camera/share/chironix_camera/calibrations
copying calibrations/right.yaml -> /home/louisdinhh/camera_360_ws/install/chironix_camera/share/chironix_camera/calibrations
copying calibrations/extrinsic.yaml -> /home/louisdinhh/camera_360_ws/install/chironix_camera/share/chironix_camera/calibrations
running install_egg_info
Copying ../../../../../build/chironix_camera/chironix_camera.egg-info to /home/louisdinhh/camera_360_ws/install/chironix_camera/lib/python3.10/site-packages/chironix_camera-0.0.0-py3.10.egg-info
running install_scripts
Installing multi_camera_capture script to /home/louisdinhh/camera_360_ws/install/chironix_camera/lib/chironix_camera
Installing multi_camera_stitcher script to /home/louisdinhh/camera_360_ws/install/chironix_camera/lib/chironix_camera
writing list of installed files to '/home/louisdinhh/camera_360_ws/build/chironix_camera/install.log'
