[0.030s] Invoking command in '/home/louisdinhh/camera_stereo_ws/build/usb_cam': CMAKE_PREFIX_PATH=/home/louisdinhh/camera_stereo_ws/install/camera_info_manager:/home/louisdinhh/camera_stereo_ws/install/image_transport:/home/louisdinhh/camera_stereo_ws/install/camera_calibration_parsers:/home/louisdinhh/camera_stereo_ws/install/usb_cam:/home/louisdinhh/camera_stereo_ws/install/image_pipeline:/home/louisdinhh/camera_stereo_ws/install/stereo_image_proc:/home/louisdinhh/camera_stereo_ws/install/image_proc:/home/louisdinhh/camera_stereo_ws/install/tracetools_image_pipeline:/home/louisdinhh/camera_stereo_ws/install/opencv_cam:/home/louisdinhh/camera_stereo_ws/install/ros2_shared:/home/louisdinhh/camera_stereo_ws/install/image_view:/home/louisdinhh/camera_stereo_ws/install/image_rotate:/home/louisdinhh/camera_stereo_ws/install/image_publisher:/home/louisdinhh/camera_stereo_ws/install/image_common:/home/louisdinhh/camera_stereo_ws/install/depth_image_proc:/home/louisdinhh/camera_stereo_ws/install/stereo_camera:/home/louisdinhh/camera_stereo_ws/install/camera_info_manager_py:/home/louisdinhh/camera_stereo_ws/install/camera_calibration:/opt/ros/humble LD_LIBRARY_PATH=/home/louisdinhh/camera_stereo_ws/install/camera_info_manager/lib:/home/louisdinhh/camera_stereo_ws/install/image_transport/lib:/home/louisdinhh/camera_stereo_ws/install/camera_calibration_parsers/lib:/home/louisdinhh/camera_stereo_ws/install/usb_cam/lib:/home/louisdinhh/camera_stereo_ws/install/stereo_image_proc/lib:/home/louisdinhh/camera_stereo_ws/install/image_proc/lib:/home/louisdinhh/camera_stereo_ws/install/tracetools_image_pipeline/lib:/home/louisdinhh/camera_stereo_ws/install/opencv_cam/lib:/home/louisdinhh/camera_stereo_ws/install/image_view/lib:/home/louisdinhh/camera_stereo_ws/install/image_rotate/lib:/home/louisdinhh/camera_stereo_ws/install/image_publisher/lib:/home/louisdinhh/camera_stereo_ws/install/depth_image_proc/lib:/usr/lib/x86_64-linux-gnu/gazebo-11/plugins:/opt/ros/humble/opt/rviz_ogre_vendor/lib:/opt/ros/humble/lib/x86_64-linux-gnu:/usr/share/gurumdds/cmake/../../../lib:/opt/ros/humble/lib /usr/bin/cmake --build /home/louisdinhh/camera_stereo_ws/build/usb_cam -- -j12 -l12
[0.072s] [35m[1mConsolidate compiler generated dependencies of target usb_cam[0m
[0.072s] [35m[1mConsolidate compiler generated dependencies of target usb_cam_node_exe[0m
[0.075s] [35m[1mConsolidate compiler generated dependencies of target gtest_main[0m
[0.075s] [35m[1mConsolidate compiler generated dependencies of target gtest[0m
[0.084s] [ 14%] Built target usb_cam
[0.086s] [ 28%] Built target gtest_main
[0.087s] [ 42%] Built target usb_cam_node_exe
[0.087s] [ 57%] Built target gtest
[0.096s] [35m[1mConsolidate compiler generated dependencies of target usb_cam_node[0m
[0.099s] [35m[1mConsolidate compiler generated dependencies of target test_pixel_formats[0m
[0.100s] [35m[1mConsolidate compiler generated dependencies of target test_usb_cam_utils[0m
[0.112s] [ 71%] Built target usb_cam_node
[0.112s] [ 85%] Built target test_usb_cam_utils
[0.112s] [100%] Built target test_pixel_formats
[0.141s] Invoked command in '/home/louisdinhh/camera_stereo_ws/build/usb_cam' returned '0': CMAKE_PREFIX_PATH=/home/louisdinhh/camera_stereo_ws/install/camera_info_manager:/home/louisdinhh/camera_stereo_ws/install/image_transport:/home/louisdinhh/camera_stereo_ws/install/camera_calibration_parsers:/home/louisdinhh/camera_stereo_ws/install/usb_cam:/home/louisdinhh/camera_stereo_ws/install/image_pipeline:/home/louisdinhh/camera_stereo_ws/install/stereo_image_proc:/home/louisdinhh/camera_stereo_ws/install/image_proc:/home/louisdinhh/camera_stereo_ws/install/tracetools_image_pipeline:/home/louisdinhh/camera_stereo_ws/install/opencv_cam:/home/louisdinhh/camera_stereo_ws/install/ros2_shared:/home/louisdinhh/camera_stereo_ws/install/image_view:/home/louisdinhh/camera_stereo_ws/install/image_rotate:/home/louisdinhh/camera_stereo_ws/install/image_publisher:/home/louisdinhh/camera_stereo_ws/install/image_common:/home/louisdinhh/camera_stereo_ws/install/depth_image_proc:/home/louisdinhh/camera_stereo_ws/install/stereo_camera:/home/louisdinhh/camera_stereo_ws/install/camera_info_manager_py:/home/louisdinhh/camera_stereo_ws/install/camera_calibration:/opt/ros/humble LD_LIBRARY_PATH=/home/louisdinhh/camera_stereo_ws/install/camera_info_manager/lib:/home/louisdinhh/camera_stereo_ws/install/image_transport/lib:/home/louisdinhh/camera_stereo_ws/install/camera_calibration_parsers/lib:/home/louisdinhh/camera_stereo_ws/install/usb_cam/lib:/home/louisdinhh/camera_stereo_ws/install/stereo_image_proc/lib:/home/louisdinhh/camera_stereo_ws/install/image_proc/lib:/home/louisdinhh/camera_stereo_ws/install/tracetools_image_pipeline/lib:/home/louisdinhh/camera_stereo_ws/install/opencv_cam/lib:/home/louisdinhh/camera_stereo_ws/install/image_view/lib:/home/louisdinhh/camera_stereo_ws/install/image_rotate/lib:/home/louisdinhh/camera_stereo_ws/install/image_publisher/lib:/home/louisdinhh/camera_stereo_ws/install/depth_image_proc/lib:/usr/lib/x86_64-linux-gnu/gazebo-11/plugins:/opt/ros/humble/opt/rviz_ogre_vendor/lib:/opt/ros/humble/lib/x86_64-linux-gnu:/usr/share/gurumdds/cmake/../../../lib:/opt/ros/humble/lib /usr/bin/cmake --build /home/louisdinhh/camera_stereo_ws/build/usb_cam -- -j12 -l12
[0.170s] Invoking command in '/home/louisdinhh/camera_stereo_ws/build/usb_cam': CMAKE_PREFIX_PATH=/home/louisdinhh/camera_stereo_ws/install/camera_info_manager:/home/louisdinhh/camera_stereo_ws/install/image_transport:/home/louisdinhh/camera_stereo_ws/install/camera_calibration_parsers:/home/louisdinhh/camera_stereo_ws/install/usb_cam:/home/louisdinhh/camera_stereo_ws/install/image_pipeline:/home/louisdinhh/camera_stereo_ws/install/stereo_image_proc:/home/louisdinhh/camera_stereo_ws/install/image_proc:/home/louisdinhh/camera_stereo_ws/install/tracetools_image_pipeline:/home/louisdinhh/camera_stereo_ws/install/opencv_cam:/home/louisdinhh/camera_stereo_ws/install/ros2_shared:/home/louisdinhh/camera_stereo_ws/install/image_view:/home/louisdinhh/camera_stereo_ws/install/image_rotate:/home/louisdinhh/camera_stereo_ws/install/image_publisher:/home/louisdinhh/camera_stereo_ws/install/image_common:/home/louisdinhh/camera_stereo_ws/install/depth_image_proc:/home/louisdinhh/camera_stereo_ws/install/stereo_camera:/home/louisdinhh/camera_stereo_ws/install/camera_info_manager_py:/home/louisdinhh/camera_stereo_ws/install/camera_calibration:/opt/ros/humble LD_LIBRARY_PATH=/home/louisdinhh/camera_stereo_ws/install/camera_info_manager/lib:/home/louisdinhh/camera_stereo_ws/install/image_transport/lib:/home/louisdinhh/camera_stereo_ws/install/camera_calibration_parsers/lib:/home/louisdinhh/camera_stereo_ws/install/usb_cam/lib:/home/louisdinhh/camera_stereo_ws/install/stereo_image_proc/lib:/home/louisdinhh/camera_stereo_ws/install/image_proc/lib:/home/louisdinhh/camera_stereo_ws/install/tracetools_image_pipeline/lib:/home/louisdinhh/camera_stereo_ws/install/opencv_cam/lib:/home/louisdinhh/camera_stereo_ws/install/image_view/lib:/home/louisdinhh/camera_stereo_ws/install/image_rotate/lib:/home/louisdinhh/camera_stereo_ws/install/image_publisher/lib:/home/louisdinhh/camera_stereo_ws/install/depth_image_proc/lib:/usr/lib/x86_64-linux-gnu/gazebo-11/plugins:/opt/ros/humble/opt/rviz_ogre_vendor/lib:/opt/ros/humble/lib/x86_64-linux-gnu:/usr/share/gurumdds/cmake/../../../lib:/opt/ros/humble/lib /usr/bin/cmake --install /home/louisdinhh/camera_stereo_ws/build/usb_cam
[0.175s] -- Install configuration: ""
[0.175s] -- Up-to-date: /home/louisdinhh/camera_stereo_ws/install/usb_cam/share/usb_cam/environment/library_path.sh
[0.175s] -- Up-to-date: /home/louisdinhh/camera_stereo_ws/install/usb_cam/share/usb_cam/environment/library_path.dsv
[0.175s] -- Up-to-date: /home/louisdinhh/camera_stereo_ws/install/usb_cam/lib/usb_cam/usb_cam_node_exe
[0.176s] -- Up-to-date: /home/louisdinhh/camera_stereo_ws/install/usb_cam/lib/usb_cam/show_image.py
[0.176s] -- Up-to-date: /home/louisdinhh/camera_stereo_ws/install/usb_cam/lib/libusb_cam.so
[0.176s] -- Up-to-date: /home/louisdinhh/camera_stereo_ws/install/usb_cam/lib/libusb_cam_node.so
[0.176s] -- Up-to-date: /home/louisdinhh/camera_stereo_ws/install/usb_cam/include
[0.176s] -- Up-to-date: /home/louisdinhh/camera_stereo_ws/install/usb_cam/include/usb_cam
[0.176s] -- Up-to-date: /home/louisdinhh/camera_stereo_ws/install/usb_cam/include/usb_cam/usb_cam.hpp
[0.176s] -- Up-to-date: /home/louisdinhh/camera_stereo_ws/install/usb_cam/include/usb_cam/formats
[0.176s] -- Up-to-date: /home/louisdinhh/camera_stereo_ws/install/usb_cam/include/usb_cam/formats/yuyv.hpp
[0.176s] -- Up-to-date: /home/louisdinhh/camera_stereo_ws/install/usb_cam/include/usb_cam/formats/uyvy.hpp
[0.176s] -- Up-to-date: /home/louisdinhh/camera_stereo_ws/install/usb_cam/include/usb_cam/formats/rgb.hpp
[0.176s] -- Up-to-date: /home/louisdinhh/camera_stereo_ws/install/usb_cam/include/usb_cam/formats/av_pixel_format_helper.hpp
[0.177s] -- Up-to-date: /home/louisdinhh/camera_stereo_ws/install/usb_cam/include/usb_cam/formats/mjpeg.hpp
[0.177s] -- Up-to-date: /home/louisdinhh/camera_stereo_ws/install/usb_cam/include/usb_cam/formats/mono.hpp
[0.177s] -- Up-to-date: /home/louisdinhh/camera_stereo_ws/install/usb_cam/include/usb_cam/formats/utils.hpp
[0.177s] -- Up-to-date: /home/louisdinhh/camera_stereo_ws/install/usb_cam/include/usb_cam/formats/m420.hpp
[0.177s] -- Up-to-date: /home/louisdinhh/camera_stereo_ws/install/usb_cam/include/usb_cam/formats/pixel_format_base.hpp
[0.177s] -- Up-to-date: /home/louisdinhh/camera_stereo_ws/install/usb_cam/include/usb_cam/utils.hpp
[0.177s] -- Up-to-date: /home/louisdinhh/camera_stereo_ws/install/usb_cam/include/usb_cam/constants.hpp
[0.177s] -- Up-to-date: /home/louisdinhh/camera_stereo_ws/install/usb_cam/include/usb_cam/conversions.hpp
[0.177s] -- Up-to-date: /home/louisdinhh/camera_stereo_ws/install/usb_cam/include/usb_cam/usb_cam_node.hpp
[0.177s] -- Up-to-date: /home/louisdinhh/camera_stereo_ws/install/usb_cam/lib/libusb_cam_node.so
[0.177s] -- Up-to-date: /home/louisdinhh/camera_stereo_ws/install/usb_cam/share/usb_cam/launch
[0.177s] -- Up-to-date: /home/louisdinhh/camera_stereo_ws/install/usb_cam/share/usb_cam/launch/camera_config.py
[0.177s] -- Up-to-date: /home/louisdinhh/camera_stereo_ws/install/usb_cam/share/usb_cam/launch/__init__.py
[0.177s] -- Up-to-date: /home/louisdinhh/camera_stereo_ws/install/usb_cam/share/usb_cam/launch/camera.launch.py
[0.177s] -- Up-to-date: /home/louisdinhh/camera_stereo_ws/install/usb_cam/share/usb_cam/config
[0.178s] -- Up-to-date: /home/louisdinhh/camera_stereo_ws/install/usb_cam/share/usb_cam/config/camera_info.yaml
[0.178s] -- Up-to-date: /home/louisdinhh/camera_stereo_ws/install/usb_cam/share/usb_cam/config/params_1.yaml
[0.178s] -- Up-to-date: /home/louisdinhh/camera_stereo_ws/install/usb_cam/share/usb_cam/config/params_2.yaml
[0.178s] -- Up-to-date: /home/louisdinhh/camera_stereo_ws/install/usb_cam/share/ament_index/resource_index/package_run_dependencies/usb_cam
[0.178s] -- Up-to-date: /home/louisdinhh/camera_stereo_ws/install/usb_cam/share/ament_index/resource_index/parent_prefix_path/usb_cam
[0.178s] -- Up-to-date: /home/louisdinhh/camera_stereo_ws/install/usb_cam/share/usb_cam/environment/ament_prefix_path.sh
[0.178s] -- Up-to-date: /home/louisdinhh/camera_stereo_ws/install/usb_cam/share/usb_cam/environment/ament_prefix_path.dsv
[0.178s] -- Up-to-date: /home/louisdinhh/camera_stereo_ws/install/usb_cam/share/usb_cam/environment/path.sh
[0.178s] -- Up-to-date: /home/louisdinhh/camera_stereo_ws/install/usb_cam/share/usb_cam/environment/path.dsv
[0.178s] -- Up-to-date: /home/louisdinhh/camera_stereo_ws/install/usb_cam/share/usb_cam/local_setup.bash
[0.178s] -- Up-to-date: /home/louisdinhh/camera_stereo_ws/install/usb_cam/share/usb_cam/local_setup.sh
[0.178s] -- Up-to-date: /home/louisdinhh/camera_stereo_ws/install/usb_cam/share/usb_cam/local_setup.zsh
[0.179s] -- Up-to-date: /home/louisdinhh/camera_stereo_ws/install/usb_cam/share/usb_cam/local_setup.dsv
[0.179s] -- Installing: /home/louisdinhh/camera_stereo_ws/install/usb_cam/share/usb_cam/package.dsv
[0.179s] -- Up-to-date: /home/louisdinhh/camera_stereo_ws/install/usb_cam/share/ament_index/resource_index/packages/usb_cam
[0.179s] -- Up-to-date: /home/louisdinhh/camera_stereo_ws/install/usb_cam/share/ament_index/resource_index/rclcpp_components/usb_cam
[0.179s] -- Up-to-date: /home/louisdinhh/camera_stereo_ws/install/usb_cam/share/usb_cam/cmake/ament_cmake_export_libraries-extras.cmake
[0.179s] -- Up-to-date: /home/louisdinhh/camera_stereo_ws/install/usb_cam/share/usb_cam/cmake/ament_cmake_export_dependencies-extras.cmake
[0.179s] -- Up-to-date: /home/louisdinhh/camera_stereo_ws/install/usb_cam/share/usb_cam/cmake/ament_cmake_export_include_directories-extras.cmake
[0.179s] -- Up-to-date: /home/louisdinhh/camera_stereo_ws/install/usb_cam/share/usb_cam/cmake/usb_camConfig.cmake
[0.179s] -- Up-to-date: /home/louisdinhh/camera_stereo_ws/install/usb_cam/share/usb_cam/cmake/usb_camConfig-version.cmake
[0.179s] -- Up-to-date: /home/louisdinhh/camera_stereo_ws/install/usb_cam/share/usb_cam/package.xml
[0.185s] Invoked command in '/home/louisdinhh/camera_stereo_ws/build/usb_cam' returned '0': CMAKE_PREFIX_PATH=/home/louisdinhh/camera_stereo_ws/install/camera_info_manager:/home/louisdinhh/camera_stereo_ws/install/image_transport:/home/louisdinhh/camera_stereo_ws/install/camera_calibration_parsers:/home/louisdinhh/camera_stereo_ws/install/usb_cam:/home/louisdinhh/camera_stereo_ws/install/image_pipeline:/home/louisdinhh/camera_stereo_ws/install/stereo_image_proc:/home/louisdinhh/camera_stereo_ws/install/image_proc:/home/louisdinhh/camera_stereo_ws/install/tracetools_image_pipeline:/home/louisdinhh/camera_stereo_ws/install/opencv_cam:/home/louisdinhh/camera_stereo_ws/install/ros2_shared:/home/louisdinhh/camera_stereo_ws/install/image_view:/home/louisdinhh/camera_stereo_ws/install/image_rotate:/home/louisdinhh/camera_stereo_ws/install/image_publisher:/home/louisdinhh/camera_stereo_ws/install/image_common:/home/louisdinhh/camera_stereo_ws/install/depth_image_proc:/home/louisdinhh/camera_stereo_ws/install/stereo_camera:/home/louisdinhh/camera_stereo_ws/install/camera_info_manager_py:/home/louisdinhh/camera_stereo_ws/install/camera_calibration:/opt/ros/humble LD_LIBRARY_PATH=/home/louisdinhh/camera_stereo_ws/install/camera_info_manager/lib:/home/louisdinhh/camera_stereo_ws/install/image_transport/lib:/home/louisdinhh/camera_stereo_ws/install/camera_calibration_parsers/lib:/home/louisdinhh/camera_stereo_ws/install/usb_cam/lib:/home/louisdinhh/camera_stereo_ws/install/stereo_image_proc/lib:/home/louisdinhh/camera_stereo_ws/install/image_proc/lib:/home/louisdinhh/camera_stereo_ws/install/tracetools_image_pipeline/lib:/home/louisdinhh/camera_stereo_ws/install/opencv_cam/lib:/home/louisdinhh/camera_stereo_ws/install/image_view/lib:/home/louisdinhh/camera_stereo_ws/install/image_rotate/lib:/home/louisdinhh/camera_stereo_ws/install/image_publisher/lib:/home/louisdinhh/camera_stereo_ws/install/depth_image_proc/lib:/usr/lib/x86_64-linux-gnu/gazebo-11/plugins:/opt/ros/humble/opt/rviz_ogre_vendor/lib:/opt/ros/humble/lib/x86_64-linux-gnu:/usr/share/gurumdds/cmake/../../../lib:/opt/ros/humble/lib /usr/bin/cmake --install /home/louisdinhh/camera_stereo_ws/build/usb_cam
