[0.655s] Invoking command in '/home/louisdinhh/camera_stereo_ws/src/image_common/camera_info_manager_py': PYTHONPATH=/home/louisdinhh/camera_stereo_ws/build/camera_info_manager_py/prefix_override:/usr/lib/python3/dist-packages/colcon_core/task/python/colcon_distutils_commands:/home/louisdinhh/camera_stereo_ws/install/camera_info_manager_py/lib/python3.10/site-packages:${PYTHONPATH} /usr/bin/python3 -W ignore:setup.py install is deprecated setup.py egg_info --egg-base ../../../build/camera_info_manager_py build --build-base /home/louisdinhh/camera_stereo_ws/build/camera_info_manager_py/build install --record /home/louisdinhh/camera_stereo_ws/build/camera_info_manager_py/install.log --single-version-externally-managed install_data
[0.824s] running egg_info
[0.824s] writing ../../../build/camera_info_manager_py/camera_info_manager_py.egg-info/PKG-INFO
[0.824s] writing dependency_links to ../../../build/camera_info_manager_py/camera_info_manager_py.egg-info/dependency_links.txt
[0.824s] writing requirements to ../../../build/camera_info_manager_py/camera_info_manager_py.egg-info/requires.txt
[0.824s] writing top-level names to ../../../build/camera_info_manager_py/camera_info_manager_py.egg-info/top_level.txt
[0.825s] reading manifest file '../../../build/camera_info_manager_py/camera_info_manager_py.egg-info/SOURCES.txt'
[0.825s] adding license file 'LICENSE'
[0.827s] writing manifest file '../../../build/camera_info_manager_py/camera_info_manager_py.egg-info/SOURCES.txt'
[0.827s] running build
[0.827s] running build_py
[0.827s] running install
[0.828s] running install_lib
[0.830s] running install_data
[0.830s] running install_egg_info
[0.830s] removing '/home/louisdinhh/camera_stereo_ws/install/camera_info_manager_py/lib/python3.10/site-packages/camera_info_manager_py-3.1.10-py3.10.egg-info' (and everything under it)
[0.830s] Copying ../../../build/camera_info_manager_py/camera_info_manager_py.egg-info to /home/louisdinhh/camera_stereo_ws/install/camera_info_manager_py/lib/python3.10/site-packages/camera_info_manager_py-3.1.10-py3.10.egg-info
[0.831s] running install_scripts
[0.846s] writing list of installed files to '/home/louisdinhh/camera_stereo_ws/build/camera_info_manager_py/install.log'
[0.863s] Invoked command in '/home/louisdinhh/camera_stereo_ws/src/image_common/camera_info_manager_py' returned '0': PYTHONPATH=/home/louisdinhh/camera_stereo_ws/build/camera_info_manager_py/prefix_override:/usr/lib/python3/dist-packages/colcon_core/task/python/colcon_distutils_commands:/home/louisdinhh/camera_stereo_ws/install/camera_info_manager_py/lib/python3.10/site-packages:${PYTHONPATH} /usr/bin/python3 -W ignore:setup.py install is deprecated setup.py egg_info --egg-base ../../../build/camera_info_manager_py build --build-base /home/louisdinhh/camera_stereo_ws/build/camera_info_manager_py/build install --record /home/louisdinhh/camera_stereo_ws/build/camera_info_manager_py/install.log --single-version-externally-managed install_data
